Sat Aug 24 07:39:46 EDT 2024
/home/m.maqboolbhutta/usman_ws/codes/patchnetvlad
/home/m.maqboolbhutta/.conda/envs/patchnetvlad/bin/python
Host: c1010a-s35
Other nodes: 
Starting  process(es) on each node...
==========Starting Training=============
Saving checkpoints at /home/m.maqboolbhutta/usman_ws/models/patchnetvlad/fastscnn-v3/vgg16-graphvlad-sare_joint-24-Aug
========================================
Namespace(cache_path='/home/m.maqboolbhutta/usman_ws/datasets/official/patchnetvlad/', cluster_path='/home/m.maqboolbhutta/usman_ws/datasets/official/patchnetvlad/centroids/vgg16_mapillary_16_desc_cen.hdf5', config_path='patchnetvlad/configs/train-slurm.ini', dataset_root_dir='/home/m.maqboolbhutta/usman_ws/datasets/Mapillary_Street_Level_Sequences/', fast_scnn='/home/m.maqboolbhutta/usman_ws/datasets/official/fast_scnn/official/fast_scnn_citys.pth', identifier='mapillary_nopanos', loss='sare_joint', method='graphvlad', nEpochs=30, nocuda=False, resume_path='/home/m.maqboolbhutta/usman_ws/models/patchnetvlad/fastscnn-v3/vgg16-graphvlad-sare_joint-23-Aug-lr-0_001/Aug23_08-38-26_mapillary_nopanos/checkpoints/checkpoint_epoch2.pth.tar', save_every_epoch=True, save_path='/home/m.maqboolbhutta/usman_ws/models/patchnetvlad/fastscnn-v3/vgg16-graphvlad-sare_joint-24-Aug', start_epoch=0, threads=6, vd16_offtheshelf_path='/home/m.maqboolbhutta/usman_ws/datasets/official/openibl-init/vd16_offtheshelf_conv5_3_max.pth')
===> Building model
=> loading checkpoint '/home/m.maqboolbhutta/usman_ws/models/patchnetvlad/fastscnn-v3/vgg16-graphvlad-sare_joint-23-Aug-lr-0_001/Aug23_08-38-26_mapillary_nopanos/checkpoints/checkpoint_epoch2.pth.tar'
===> Loading segmentation model
Creating model graphvlad
=> loaded checkpoint '/home/m.maqboolbhutta/usman_ws/models/patchnetvlad/fastscnn-v3/vgg16-graphvlad-sare_joint-23-Aug-lr-0_001/Aug23_08-38-26_mapillary_nopanos/checkpoints/checkpoint_epoch2.pth.tar'
===> Loading dataset(s)
Exclude panoramas: True
=====> trondheim
=====> london
=====> boston
=====> melbourne
=====> amsterdam
=====> helsinki
=====> tokyo
=====> toronto
=====> saopaulo
=====> moscow
=====> zurich
=====> paris
=====> bangkok
=====> budapest
=====> austin
=====> berlin
=====> ottawa
=====> phoenix
=====> goa
=====> amman
=====> nairobi
=====> manila
#Sideways [21262/441280]; #Night; [4666/441280]
Forward and Day weighted with 1.0000
Forward and Night weighted with 95.5735
Sideways and Day weighted with 21.7544
Sideways and Night weighted with 116.3279
Exclude panoramas: True
=====> cph
=====> sf
===> Training query set: 441280
===> Evaluating on val set, query count: 740
===> Training model
>> Searching for hard negatives...
>> Searching for hard negatives...
>> Searching for hard negatives...
==> Epoch[3](50/8826): Loss: 0.0024
Allocated: 630.81 MB
Cached:    59.89 GB
>> Searching for hard negatives...
>> Searching for hard negatives...
==> Epoch[3](100/8826): Loss: 0.0075
Allocated: 625.89 MB
Cached:    59.89 GB
>> Searching for hard negatives...
>> Searching for hard negatives...
>> Searching for hard negatives...
==> Epoch[3](150/8826): Loss: 0.0084
Allocated: 630.81 MB
Cached:    59.87 GB
>> Searching for hard negatives...
>> Searching for hard negatives...
==> Epoch[3](200/8826): Loss: 0.0103
Allocated: 625.89 MB
Cached:    59.89 GB
>> Searching for hard negatives...
>> Searching for hard negatives...
>> Searching for hard negatives...
==> Epoch[3](250/8826): Loss: 0.0026
Allocated: 630.81 MB
Cached:    59.88 GB
>> Searching for hard negatives...
>> Searching for hard negatives...
==> Epoch[3](300/8826): Loss: 0.0005
Allocated: 625.89 MB
Cached:    59.87 GB
>> Searching for hard negatives...
>> Searching for hard negatives...
>> Searching for hard negatives...
==> Epoch[3](350/8826): Loss: 0.0087
Allocated: 630.81 MB
Cached:    59.89 GB
>> Searching for hard negatives...
>> Searching for hard negatives...
==> Epoch[3](400/8826): Loss: 0.0038
Allocated: 625.89 MB
Cached:    59.88 GB
>> Searching for hard negatives...
>> Searching for hard negatives...
>> Searching for hard negatives...
==> Epoch[3](450/8826): Loss: 0.0253
Allocated: 630.81 MB
Cached:    59.89 GB
>> Searching for hard negatives...
>> Searching for hard negatives...
==> Epoch[3](500/8826): Loss: 0.0062
Allocated: 625.89 MB
Cached:    59.89 GB
>> Searching for hard negatives...
>> Searching for hard negatives...
>> Searching for hard negatives...
==> Epoch[3](550/8826): Loss: 0.0215
Allocated: 630.81 MB
Cached:    59.89 GB
>> Searching for hard negatives...
>> Searching for hard negatives...
==> Epoch[3](600/8826): Loss: 0.0096
Allocated: 625.89 MB
Cached:    59.89 GB
>> Searching for hard negatives...
>> Searching for hard negatives...
>> Searching for hard negatives...
==> Epoch[3](650/8826): Loss: 0.0027
Allocated: 630.81 MB
Cached:    59.89 GB
>> Searching for hard negatives...
>> Searching for hard negatives...
==> Epoch[3](700/8826): Loss: 0.0039
Allocated: 625.89 MB
Cached:    59.89 GB
>> Searching for hard negatives...
>> Searching for hard negatives...
>> Searching for hard negatives...
==> Epoch[3](750/8826): Loss: 0.0117
Allocated: 630.81 MB
Cached:    59.88 GB
>> Searching for hard negatives...
>> Searching for hard negatives...
==> Epoch[3](800/8826): Loss: 0.0076
Allocated: 625.89 MB
Cached:    59.88 GB
>> Searching for hard negatives...
>> Searching for hard negatives...
>> Searching for hard negatives...
==> Epoch[3](850/8826): Loss: 0.0123
Allocated: 630.81 MB
Cached:    59.88 GB
>> Searching for hard negatives...
>> Searching for hard negatives...
==> Epoch[3](900/8826): Loss: 0.0061
Allocated: 625.89 MB
Cached:    59.88 GB
>> Searching for hard negatives...
>> Searching for hard negatives...
>> Searching for hard negatives...
==> Epoch[3](950/8826): Loss: 0.0043
Allocated: 630.81 MB
Cached:    59.89 GB
>> Searching for hard negatives...
>> Searching for hard negatives...
==> Epoch[3](1000/8826): Loss: 0.0053
Allocated: 625.89 MB
Cached:    59.89 GB
>> Searching for hard negatives...
>> Searching for hard negatives...
>> Searching for hard negatives...
==> Epoch[3](1050/8826): Loss: 0.0139
Allocated: 630.81 MB
Cached:    59.88 GB
>> Searching for hard negatives...
>> Searching for hard negatives...
==> Epoch[3](1100/8826): Loss: 0.0037
Allocated: 625.89 MB
Cached:    59.88 GB
>> Searching for hard negatives...
>> Searching for hard negatives...
>> Searching for hard negatives...
==> Epoch[3](1150/8826): Loss: 0.0245
Allocated: 630.81 MB
Cached:    59.89 GB
>> Searching for hard negatives...
>> Searching for hard negatives...
==> Epoch[3](1200/8826): Loss: 0.0012
Allocated: 625.89 MB
Cached:    59.89 GB
>> Searching for hard negatives...
>> Searching for hard negatives...
>> Searching for hard negatives...
==> Epoch[3](1250/8826): Loss: 0.0169
Allocated: 630.81 MB
Cached:    59.89 GB
>> Searching for hard negatives...
>> Searching for hard negatives...
==> Epoch[3](1300/8826): Loss: 0.0053
Allocated: 625.89 MB
Cached:    59.89 GB
>> Searching for hard negatives...
>> Searching for hard negatives...
>> Searching for hard negatives...
==> Epoch[3](1350/8826): Loss: 0.0055
Allocated: 630.81 MB
Cached:    59.87 GB
>> Searching for hard negatives...
>> Searching for hard negatives...
==> Epoch[3](1400/8826): Loss: 0.0059
Allocated: 625.89 MB
Cached:    59.89 GB
>> Searching for hard negatives...
>> Searching for hard negatives...
>> Searching for hard negatives...
==> Epoch[3](1450/8826): Loss: 0.0026
Allocated: 630.81 MB
Cached:    59.87 GB
>> Searching for hard negatives...
>> Searching for hard negatives...
==> Epoch[3](1500/8826): Loss: 0.0082
Allocated: 625.89 MB
Cached:    59.88 GB
>> Searching for hard negatives...
>> Searching for hard negatives...
>> Searching for hard negatives...
==> Epoch[3](1550/8826): Loss: 0.0087
Allocated: 630.81 MB
Cached:    59.89 GB
>> Searching for hard negatives...
>> Searching for hard negatives...
==> Epoch[3](1600/8826): Loss: 0.0119
Allocated: 625.89 MB
Cached:    59.89 GB
>> Searching for hard negatives...
>> Searching for hard negatives...
>> Searching for hard negatives...
==> Epoch[3](1650/8826): Loss: 0.0124
Allocated: 630.81 MB
Cached:    59.89 GB
>> Searching for hard negatives...
>> Searching for hard negatives...
==> Epoch[3](1700/8826): Loss: 0.0060
Allocated: 625.89 MB
Cached:    59.89 GB
>> Searching for hard negatives...
>> Searching for hard negatives...
>> Searching for hard negatives...
==> Epoch[3](1750/8826): Loss: 0.0020
Allocated: 630.81 MB
Cached:    59.88 GB
>> Searching for hard negatives...
>> Searching for hard negatives...
==> Epoch[3](1800/8826): Loss: 0.0185
Allocated: 625.89 MB
Cached:    59.88 GB
>> Searching for hard negatives...
>> Searching for hard negatives...
>> Searching for hard negatives...
==> Epoch[3](1850/8826): Loss: 0.0091
Allocated: 630.81 MB
Cached:    59.89 GB
>> Searching for hard negatives...
>> Searching for hard negatives...
==> Epoch[3](1900/8826): Loss: 0.0019
Allocated: 625.89 MB
Cached:    59.89 GB
>> Searching for hard negatives...
>> Searching for hard negatives...
>> Searching for hard negatives...
==> Epoch[3](1950/8826): Loss: 0.0124
Allocated: 630.81 MB
Cached:    59.88 GB
>> Searching for hard negatives...
>> Searching for hard negatives...
==> Epoch[3](2000/8826): Loss: 0.0066
Allocated: 625.89 MB
Cached:    59.87 GB
>> Searching for hard negatives...
>> Searching for hard negatives...
>> Searching for hard negatives...
==> Epoch[3](2050/8826): Loss: 0.0107
Allocated: 630.81 MB
Cached:    59.89 GB
>> Searching for hard negatives...
>> Searching for hard negatives...
==> Epoch[3](2100/8826): Loss: 0.0089
Allocated: 625.89 MB
Cached:    59.89 GB
>> Searching for hard negatives...
>> Searching for hard negatives...
>> Searching for hard negatives...
==> Epoch[3](2150/8826): Loss: 0.0118
Allocated: 630.81 MB
Cached:    59.88 GB
>> Searching for hard negatives...
>> Searching for hard negatives...
==> Epoch[3](2200/8826): Loss: 0.0070
Allocated: 625.89 MB
Cached:    59.88 GB
>> Searching for hard negatives...
>> Searching for hard negatives...
>> Searching for hard negatives...
==> Epoch[3](2250/8826): Loss: 0.0362
Allocated: 630.81 MB
Cached:    59.89 GB
>> Searching for hard negatives...
>> Searching for hard negatives...
==> Epoch[3](2300/8826): Loss: 0.0138
Allocated: 625.89 MB
Cached:    59.88 GB
>> Searching for hard negatives...
>> Searching for hard negatives...
>> Searching for hard negatives...
==> Epoch[3](2350/8826): Loss: 0.0032
Allocated: 630.81 MB
Cached:    59.89 GB
>> Searching for hard negatives...
>> Searching for hard negatives...
==> Epoch[3](2400/8826): Loss: 0.0031
Allocated: 625.89 MB
Cached:    59.89 GB
>> Searching for hard negatives...
>> Searching for hard negatives...
>> Searching for hard negatives...
==> Epoch[3](2450/8826): Loss: 0.0070
Allocated: 630.81 MB
Cached:    59.88 GB
>> Searching for hard negatives...
>> Searching for hard negatives...
==> Epoch[3](2500/8826): Loss: 0.0095
Allocated: 625.89 MB
Cached:    59.88 GB
>> Searching for hard negatives...
>> Searching for hard negatives...
>> Searching for hard negatives...
==> Epoch[3](2550/8826): Loss: 0.0084
Allocated: 630.81 MB
Cached:    59.89 GB
>> Searching for hard negatives...
>> Searching for hard negatives...
==> Epoch[3](2600/8826): Loss: 0.0051
Allocated: 625.89 MB
Cached:    59.89 GB
>> Searching for hard negatives...
>> Searching for hard negatives...
>> Searching for hard negatives...
==> Epoch[3](2650/8826): Loss: 0.0054
Allocated: 630.81 MB
Cached:    59.87 GB
>> Searching for hard negatives...
>> Searching for hard negatives...
==> Epoch[3](2700/8826): Loss: 0.0204
Allocated: 625.89 MB
Cached:    59.88 GB
>> Searching for hard negatives...
>> Searching for hard negatives...
>> Searching for hard negatives...
==> Epoch[3](2750/8826): Loss: 0.0037
Allocated: 630.81 MB
Cached:    59.89 GB
>> Searching for hard negatives...
>> Searching for hard negatives...
==> Epoch[3](2800/8826): Loss: 0.0101
Allocated: 625.89 MB
Cached:    59.88 GB
>> Searching for hard negatives...
>> Searching for hard negatives...
>> Searching for hard negatives...
==> Epoch[3](2850/8826): Loss: 0.0098
Allocated: 630.81 MB
Cached:    59.89 GB
>> Searching for hard negatives...
>> Searching for hard negatives...
==> Epoch[3](2900/8826): Loss: 0.0034
Allocated: 625.89 MB
Cached:    59.89 GB
>> Searching for hard negatives...
>> Searching for hard negatives...
>> Searching for hard negatives...
==> Epoch[3](2950/8826): Loss: 0.0259
Allocated: 630.81 MB
Cached:    59.88 GB
>> Searching for hard negatives...
>> Searching for hard negatives...
==> Epoch[3](3000/8826): Loss: 0.0068
Allocated: 625.89 MB
Cached:    59.88 GB
>> Searching for hard negatives...
>> Searching for hard negatives...
>> Searching for hard negatives...
==> Epoch[3](3050/8826): Loss: 0.0175
Allocated: 630.81 MB
Cached:    59.89 GB
>> Searching for hard negatives...
>> Searching for hard negatives...
==> Epoch[3](3100/8826): Loss: 0.0054
Allocated: 625.89 MB
Cached:    59.89 GB
>> Searching for hard negatives...
>> Searching for hard negatives...
>> Searching for hard negatives...
==> Epoch[3](3150/8826): Loss: 0.0082
Allocated: 630.81 MB
Cached:    59.88 GB
>> Searching for hard negatives...
>> Searching for hard negatives...
==> Epoch[3](3200/8826): Loss: 0.0119
Allocated: 625.89 MB
Cached:    59.88 GB
>> Searching for hard negatives...
>> Searching for hard negatives...
>> Searching for hard negatives...
==> Epoch[3](3250/8826): Loss: 0.0125
Allocated: 630.81 MB
Cached:    59.89 GB
>> Searching for hard negatives...
>> Searching for hard negatives...
==> Epoch[3](3300/8826): Loss: 0.0062
Allocated: 620.96 MB
Cached:    59.89 GB
>> Searching for hard negatives...
>> Searching for hard negatives...
>> Searching for hard negatives...
==> Epoch[3](3350/8826): Loss: 0.0173
Allocated: 630.81 MB
Cached:    59.87 GB
>> Searching for hard negatives...
>> Searching for hard negatives...
==> Epoch[3](3400/8826): Loss: 0.0016
Allocated: 620.96 MB
Cached:    59.87 GB
>> Searching for hard negatives...
>> Searching for hard negatives...
>> Searching for hard negatives...
==> Epoch[3](3450/8826): Loss: 0.0041
Allocated: 630.81 MB
Cached:    59.87 GB
>> Searching for hard negatives...
>> Searching for hard negatives...
==> Epoch[3](3500/8826): Loss: 0.0084
Allocated: 620.96 MB
Cached:    59.87 GB
>> Searching for hard negatives...
>> Searching for hard negatives...
>> Searching for hard negatives...
==> Epoch[3](3550/8826): Loss: 0.0175
Allocated: 630.81 MB
Cached:    59.87 GB
>> Searching for hard negatives...
>> Searching for hard negatives...
==> Epoch[3](3600/8826): Loss: 0.0085
Allocated: 620.96 MB
Cached:    59.87 GB
>> Searching for hard negatives...
>> Searching for hard negatives...
>> Searching for hard negatives...
==> Epoch[3](3650/8826): Loss: 0.0100
Allocated: 630.81 MB
Cached:    59.87 GB
>> Searching for hard negatives...
>> Searching for hard negatives...
==> Epoch[3](3700/8826): Loss: 0.0320
Allocated: 620.96 MB
Cached:    59.87 GB
>> Searching for hard negatives...
>> Searching for hard negatives...
>> Searching for hard negatives...
==> Epoch[3](3750/8826): Loss: 0.0016
Allocated: 630.81 MB
Cached:    59.87 GB
>> Searching for hard negatives...
>> Searching for hard negatives...
==> Epoch[3](3800/8826): Loss: 0.0049
Allocated: 620.96 MB
Cached:    59.87 GB
>> Searching for hard negatives...
>> Searching for hard negatives...
>> Searching for hard negatives...
==> Epoch[3](3850/8826): Loss: 0.0054
Allocated: 630.81 MB
Cached:    59.87 GB
>> Searching for hard negatives...
>> Searching for hard negatives...
==> Epoch[3](3900/8826): Loss: 0.0098
Allocated: 620.96 MB
Cached:    59.87 GB
>> Searching for hard negatives...
>> Searching for hard negatives...
>> Searching for hard negatives...
==> Epoch[3](3950/8826): Loss: 0.0035
Allocated: 630.81 MB
Cached:    59.87 GB
>> Searching for hard negatives...
>> Searching for hard negatives...
==> Epoch[3](4000/8826): Loss: 0.0244
Allocated: 620.96 MB
Cached:    59.87 GB
>> Searching for hard negatives...
>> Searching for hard negatives...
>> Searching for hard negatives...
==> Epoch[3](4050/8826): Loss: 0.0084
Allocated: 630.81 MB
Cached:    59.87 GB
>> Searching for hard negatives...
>> Searching for hard negatives...
==> Epoch[3](4100/8826): Loss: 0.0053
Allocated: 620.96 MB
Cached:    59.87 GB
>> Searching for hard negatives...
>> Searching for hard negatives...
>> Searching for hard negatives...
==> Epoch[3](4150/8826): Loss: 0.0040
Allocated: 630.81 MB
Cached:    59.87 GB
>> Searching for hard negatives...
>> Searching for hard negatives...
==> Epoch[3](4200/8826): Loss: 0.0040
Allocated: 620.96 MB
Cached:    59.87 GB
>> Searching for hard negatives...
>> Searching for hard negatives...
>> Searching for hard negatives...
==> Epoch[3](4250/8826): Loss: 0.0031
Allocated: 630.81 MB
Cached:    59.87 GB
>> Searching for hard negatives...
>> Searching for hard negatives...
==> Epoch[3](4300/8826): Loss: 0.0089
Allocated: 620.96 MB
Cached:    59.87 GB
>> Searching for hard negatives...
>> Searching for hard negatives...
>> Searching for hard negatives...
==> Epoch[3](4350/8826): Loss: 0.0049
Allocated: 630.81 MB
Cached:    59.87 GB
>> Searching for hard negatives...
>> Searching for hard negatives...
==> Epoch[3](4400/8826): Loss: 0.0035
Allocated: 620.96 MB
Cached:    59.87 GB
>> Searching for hard negatives...
>> Searching for hard negatives...
>> Searching for hard negatives...
==> Epoch[3](4450/8826): Loss: 0.0046
Allocated: 630.81 MB
Cached:    59.87 GB
>> Searching for hard negatives...
>> Searching for hard negatives...
==> Epoch[3](4500/8826): Loss: 0.0162
Allocated: 620.96 MB
Cached:    59.87 GB
>> Searching for hard negatives...
>> Searching for hard negatives...
>> Searching for hard negatives...
==> Epoch[3](4550/8826): Loss: 0.0078
Allocated: 630.81 MB
Cached:    59.87 GB
>> Searching for hard negatives...
>> Searching for hard negatives...
==> Epoch[3](4600/8826): Loss: 0.0149
Allocated: 620.96 MB
Cached:    59.87 GB
>> Searching for hard negatives...
>> Searching for hard negatives...
>> Searching for hard negatives...
==> Epoch[3](4650/8826): Loss: 0.0094
Allocated: 630.81 MB
Cached:    59.87 GB
>> Searching for hard negatives...
>> Searching for hard negatives...
==> Epoch[3](4700/8826): Loss: 0.0089
Allocated: 620.96 MB
Cached:    59.87 GB
>> Searching for hard negatives...
>> Searching for hard negatives...
>> Searching for hard negatives...
==> Epoch[3](4750/8826): Loss: 0.0028
Allocated: 630.81 MB
Cached:    59.87 GB
>> Searching for hard negatives...
>> Searching for hard negatives...
==> Epoch[3](4800/8826): Loss: 0.0026
Allocated: 620.96 MB
Cached:    59.87 GB
>> Searching for hard negatives...
>> Searching for hard negatives...
>> Searching for hard negatives...
==> Epoch[3](4850/8826): Loss: 0.0017
Allocated: 630.81 MB
Cached:    59.87 GB
>> Searching for hard negatives...
>> Searching for hard negatives...
==> Epoch[3](4900/8826): Loss: 0.0117
Allocated: 620.96 MB
Cached:    59.87 GB
>> Searching for hard negatives...
>> Searching for hard negatives...
>> Searching for hard negatives...
==> Epoch[3](4950/8826): Loss: 0.0084
Allocated: 630.81 MB
Cached:    59.87 GB
>> Searching for hard negatives...
>> Searching for hard negatives...
==> Epoch[3](5000/8826): Loss: 0.0016
Allocated: 620.96 MB
Cached:    59.87 GB
>> Searching for hard negatives...
>> Searching for hard negatives...
>> Searching for hard negatives...
==> Epoch[3](5050/8826): Loss: 0.0137
Allocated: 630.81 MB
Cached:    59.87 GB
>> Searching for hard negatives...
>> Searching for hard negatives...
==> Epoch[3](5100/8826): Loss: 0.0015
Allocated: 620.96 MB
Cached:    59.87 GB
>> Searching for hard negatives...
>> Searching for hard negatives...
>> Searching for hard negatives...
==> Epoch[3](5150/8826): Loss: 0.0108
Allocated: 630.81 MB
Cached:    59.87 GB
>> Searching for hard negatives...
>> Searching for hard negatives...
==> Epoch[3](5200/8826): Loss: 0.0151
Allocated: 620.96 MB
Cached:    59.87 GB
>> Searching for hard negatives...
>> Searching for hard negatives...
>> Searching for hard negatives...
==> Epoch[3](5250/8826): Loss: 0.0044
Allocated: 630.81 MB
Cached:    59.87 GB
>> Searching for hard negatives...
>> Searching for hard negatives...
==> Epoch[3](5300/8826): Loss: 0.0085
Allocated: 620.96 MB
Cached:    59.87 GB
>> Searching for hard negatives...
>> Searching for hard negatives...
>> Searching for hard negatives...
==> Epoch[3](5350/8826): Loss: 0.0030
Allocated: 630.81 MB
Cached:    59.87 GB
>> Searching for hard negatives...
>> Searching for hard negatives...
==> Epoch[3](5400/8826): Loss: 0.0334
Allocated: 620.96 MB
Cached:    59.87 GB
>> Searching for hard negatives...
>> Searching for hard negatives...
>> Searching for hard negatives...
==> Epoch[3](5450/8826): Loss: 0.0035
Allocated: 630.81 MB
Cached:    59.87 GB
>> Searching for hard negatives...
>> Searching for hard negatives...
==> Epoch[3](5500/8826): Loss: 0.0030
Allocated: 620.96 MB
Cached:    59.87 GB
>> Searching for hard negatives...
>> Searching for hard negatives...
>> Searching for hard negatives...
==> Epoch[3](5550/8826): Loss: 0.0041
Allocated: 630.81 MB
Cached:    59.87 GB
>> Searching for hard negatives...
>> Searching for hard negatives...
==> Epoch[3](5600/8826): Loss: 0.0093
Allocated: 620.96 MB
Cached:    59.87 GB
>> Searching for hard negatives...
>> Searching for hard negatives...
>> Searching for hard negatives...
==> Epoch[3](5650/8826): Loss: 0.0064
Allocated: 630.81 MB
Cached:    59.87 GB
>> Searching for hard negatives...
>> Searching for hard negatives...
==> Epoch[3](5700/8826): Loss: 0.0047
Allocated: 620.96 MB
Cached:    59.87 GB
>> Searching for hard negatives...
>> Searching for hard negatives...
>> Searching for hard negatives...
==> Epoch[3](5750/8826): Loss: 0.0300
Allocated: 630.81 MB
Cached:    59.87 GB
>> Searching for hard negatives...
>> Searching for hard negatives...
==> Epoch[3](5800/8826): Loss: 0.0136
Allocated: 620.96 MB
Cached:    59.87 GB
>> Searching for hard negatives...
>> Searching for hard negatives...
>> Searching for hard negatives...
==> Epoch[3](5850/8826): Loss: 0.0060
Allocated: 630.81 MB
Cached:    59.87 GB
>> Searching for hard negatives...
>> Searching for hard negatives...
==> Epoch[3](5900/8826): Loss: 0.0127
Allocated: 620.96 MB
Cached:    59.87 GB
>> Searching for hard negatives...
>> Searching for hard negatives...
>> Searching for hard negatives...
==> Epoch[3](5950/8826): Loss: 0.0078
Allocated: 630.81 MB
Cached:    59.87 GB
>> Searching for hard negatives...
>> Searching for hard negatives...
==> Epoch[3](6000/8826): Loss: 0.0058
Allocated: 620.96 MB
Cached:    59.87 GB
>> Searching for hard negatives...
>> Searching for hard negatives...
>> Searching for hard negatives...
==> Epoch[3](6050/8826): Loss: 0.0157
Allocated: 630.81 MB
Cached:    59.87 GB
>> Searching for hard negatives...
>> Searching for hard negatives...
==> Epoch[3](6100/8826): Loss: 0.0027
Allocated: 620.96 MB
Cached:    59.87 GB
>> Searching for hard negatives...
>> Searching for hard negatives...
>> Searching for hard negatives...
==> Epoch[3](6150/8826): Loss: 0.0131
Allocated: 630.81 MB
Cached:    59.87 GB
>> Searching for hard negatives...
>> Searching for hard negatives...
==> Epoch[3](6200/8826): Loss: 0.0132
Allocated: 620.96 MB
Cached:    59.87 GB
>> Searching for hard negatives...
>> Searching for hard negatives...
>> Searching for hard negatives...
==> Epoch[3](6250/8826): Loss: 0.0197
Allocated: 630.81 MB
Cached:    59.87 GB
>> Searching for hard negatives...
>> Searching for hard negatives...
==> Epoch[3](6300/8826): Loss: 0.0119
Allocated: 620.96 MB
Cached:    59.87 GB
>> Searching for hard negatives...
>> Searching for hard negatives...
>> Searching for hard negatives...
==> Epoch[3](6350/8826): Loss: 0.0033
Allocated: 630.81 MB
Cached:    59.83 GB
>> Searching for hard negatives...
>> Searching for hard negatives...
==> Epoch[3](6400/8826): Loss: 0.0117
Allocated: 620.96 MB
Cached:    59.85 GB
>> Searching for hard negatives...
>> Searching for hard negatives...
>> Searching for hard negatives...
==> Epoch[3](6450/8826): Loss: 0.0113
Allocated: 630.81 MB
Cached:    59.87 GB
>> Searching for hard negatives...
>> Searching for hard negatives...
==> Epoch[3](6500/8826): Loss: 0.0055
Allocated: 620.96 MB
Cached:    59.87 GB
>> Searching for hard negatives...
>> Searching for hard negatives...
>> Searching for hard negatives...
==> Epoch[3](6550/8826): Loss: 0.0192
Allocated: 630.81 MB
Cached:    59.87 GB
>> Searching for hard negatives...
>> Searching for hard negatives...
==> Epoch[3](6600/8826): Loss: 0.0244
Allocated: 620.96 MB
Cached:    59.87 GB
>> Searching for hard negatives...
>> Searching for hard negatives...
>> Searching for hard negatives...
==> Epoch[3](6650/8826): Loss: 0.0069
Allocated: 630.81 MB
Cached:    59.87 GB
>> Searching for hard negatives...
>> Searching for hard negatives...
==> Epoch[3](6700/8826): Loss: 0.0113
Allocated: 620.96 MB
Cached:    59.87 GB
>> Searching for hard negatives...
>> Searching for hard negatives...
>> Searching for hard negatives...
==> Epoch[3](6750/8826): Loss: 0.0050
Allocated: 630.81 MB
Cached:    59.87 GB
>> Searching for hard negatives...
>> Searching for hard negatives...
==> Epoch[3](6800/8826): Loss: 0.0094
Allocated: 620.96 MB
Cached:    59.87 GB
>> Searching for hard negatives...
>> Searching for hard negatives...
>> Searching for hard negatives...
==> Epoch[3](6850/8826): Loss: 0.0094
Allocated: 630.81 MB
Cached:    59.87 GB
>> Searching for hard negatives...
>> Searching for hard negatives...
==> Epoch[3](6900/8826): Loss: 0.0078
Allocated: 620.96 MB
Cached:    59.87 GB
>> Searching for hard negatives...
>> Searching for hard negatives...
>> Searching for hard negatives...
==> Epoch[3](6950/8826): Loss: 0.0045
Allocated: 630.81 MB
Cached:    59.87 GB
>> Searching for hard negatives...
>> Searching for hard negatives...
==> Epoch[3](7000/8826): Loss: 0.0040
Allocated: 620.96 MB
Cached:    59.87 GB
>> Searching for hard negatives...
>> Searching for hard negatives...
>> Searching for hard negatives...
==> Epoch[3](7050/8826): Loss: 0.0270
Allocated: 630.81 MB
Cached:    59.87 GB
>> Searching for hard negatives...
>> Searching for hard negatives...
==> Epoch[3](7100/8826): Loss: 0.0123
Allocated: 620.96 MB
Cached:    59.87 GB
>> Searching for hard negatives...
>> Searching for hard negatives...
>> Searching for hard negatives...
==> Epoch[3](7150/8826): Loss: 0.0066
Allocated: 630.81 MB
Cached:    59.87 GB
>> Searching for hard negatives...
>> Searching for hard negatives...
==> Epoch[3](7200/8826): Loss: 0.0013
Allocated: 620.96 MB
Cached:    59.87 GB
>> Searching for hard negatives...
>> Searching for hard negatives...
>> Searching for hard negatives...
==> Epoch[3](7250/8826): Loss: 0.0104
Allocated: 630.81 MB
Cached:    59.87 GB
>> Searching for hard negatives...
>> Searching for hard negatives...
==> Epoch[3](7300/8826): Loss: 0.0047
Allocated: 620.96 MB
Cached:    59.87 GB
>> Searching for hard negatives...
>> Searching for hard negatives...
>> Searching for hard negatives...
==> Epoch[3](7350/8826): Loss: 0.0133
Allocated: 630.81 MB
Cached:    59.87 GB
>> Searching for hard negatives...
>> Searching for hard negatives...
==> Epoch[3](7400/8826): Loss: 0.0030
Allocated: 620.96 MB
Cached:    59.87 GB
>> Searching for hard negatives...
>> Searching for hard negatives...
>> Searching for hard negatives...
==> Epoch[3](7450/8826): Loss: 0.0094
Allocated: 630.81 MB
Cached:    59.87 GB
>> Searching for hard negatives...
>> Searching for hard negatives...
==> Epoch[3](7500/8826): Loss: 0.0110
Allocated: 620.96 MB
Cached:    59.87 GB
>> Searching for hard negatives...
>> Searching for hard negatives...
>> Searching for hard negatives...
==> Epoch[3](7550/8826): Loss: 0.0028
Allocated: 630.81 MB
Cached:    59.87 GB
>> Searching for hard negatives...
>> Searching for hard negatives...
==> Epoch[3](7600/8826): Loss: 0.0121
Allocated: 620.96 MB
Cached:    59.87 GB
>> Searching for hard negatives...
>> Searching for hard negatives...
>> Searching for hard negatives...
==> Epoch[3](7650/8826): Loss: 0.0193
Allocated: 630.81 MB
Cached:    59.87 GB
>> Searching for hard negatives...
>> Searching for hard negatives...
==> Epoch[3](7700/8826): Loss: 0.0058
Allocated: 620.96 MB
Cached:    59.87 GB
>> Searching for hard negatives...
>> Searching for hard negatives...
>> Searching for hard negatives...
==> Epoch[3](7750/8826): Loss: 0.0096
Allocated: 630.81 MB
Cached:    59.87 GB
>> Searching for hard negatives...
>> Searching for hard negatives...
==> Epoch[3](7800/8826): Loss: 0.0176
Allocated: 620.96 MB
Cached:    59.87 GB
>> Searching for hard negatives...
>> Searching for hard negatives...
>> Searching for hard negatives...
==> Epoch[3](7850/8826): Loss: 0.0033
Allocated: 630.81 MB
Cached:    59.87 GB
>> Searching for hard negatives...
>> Searching for hard negatives...
==> Epoch[3](7900/8826): Loss: 0.0058
Allocated: 620.96 MB
Cached:    59.87 GB
>> Searching for hard negatives...
>> Searching for hard negatives...
>> Searching for hard negatives...
==> Epoch[3](7950/8826): Loss: 0.0042
Allocated: 630.81 MB
Cached:    59.87 GB
>> Searching for hard negatives...
>> Searching for hard negatives...
==> Epoch[3](8000/8826): Loss: 0.0073
Allocated: 620.96 MB
Cached:    59.87 GB
>> Searching for hard negatives...
>> Searching for hard negatives...
>> Searching for hard negatives...
==> Epoch[3](8050/8826): Loss: 0.0113
Allocated: 630.81 MB
Cached:    59.87 GB
>> Searching for hard negatives...
>> Searching for hard negatives...
==> Epoch[3](8100/8826): Loss: 0.0110
Allocated: 620.96 MB
Cached:    59.87 GB
>> Searching for hard negatives...
>> Searching for hard negatives...
>> Searching for hard negatives...
==> Epoch[3](8150/8826): Loss: 0.0041
Allocated: 630.81 MB
Cached:    59.87 GB
>> Searching for hard negatives...
>> Searching for hard negatives...
==> Epoch[3](8200/8826): Loss: 0.0062
Allocated: 620.96 MB
Cached:    59.87 GB
>> Searching for hard negatives...
>> Searching for hard negatives...
>> Searching for hard negatives...
==> Epoch[3](8250/8826): Loss: 0.0088
Allocated: 630.81 MB
Cached:    59.87 GB
>> Searching for hard negatives...
>> Searching for hard negatives...
==> Epoch[3](8300/8826): Loss: 0.0047
Allocated: 620.96 MB
Cached:    59.87 GB
>> Searching for hard negatives...
>> Searching for hard negatives...
>> Searching for hard negatives...
==> Epoch[3](8350/8826): Loss: 0.0247
Allocated: 630.81 MB
Cached:    59.87 GB
>> Searching for hard negatives...
>> Searching for hard negatives...
==> Epoch[3](8400/8826): Loss: 0.0058
Allocated: 620.96 MB
Cached:    59.87 GB
>> Searching for hard negatives...
>> Searching for hard negatives...
>> Searching for hard negatives...
==> Epoch[3](8450/8826): Loss: 0.0073
Allocated: 630.81 MB
Cached:    59.87 GB
>> Searching for hard negatives...
>> Searching for hard negatives...
==> Epoch[3](8500/8826): Loss: 0.0058
Allocated: 620.96 MB
Cached:    59.87 GB
>> Searching for hard negatives...
>> Searching for hard negatives...
>> Searching for hard negatives...
==> Epoch[3](8550/8826): Loss: 0.0044
Allocated: 630.81 MB
Cached:    59.87 GB
>> Searching for hard negatives...
>> Searching for hard negatives...
==> Epoch[3](8600/8826): Loss: 0.0015
Allocated: 620.96 MB
Cached:    59.87 GB
>> Searching for hard negatives...
>> Searching for hard negatives...
>> Searching for hard negatives...
==> Epoch[3](8650/8826): Loss: 0.0243
Allocated: 630.81 MB
Cached:    59.87 GB
>> Searching for hard negatives...
>> Searching for hard negatives...
==> Epoch[3](8700/8826): Loss: 0.0069
Allocated: 620.96 MB
Cached:    59.87 GB
>> Searching for hard negatives...
>> Searching for hard negatives...
>> Searching for hard negatives...
==> Epoch[3](8750/8826): Loss: 0.0198
Allocated: 630.81 MB
Cached:    59.87 GB
>> Searching for hard negatives...
>> Searching for hard negatives...
==> Epoch[3](8800/8826): Loss: 0.0063
Allocated: 620.96 MB
Cached:    59.87 GB
>> Searching for hard negatives...
>> Searching for hard negatives...
===> Epoch 3 Complete: Avg. Loss: 0.0099
====> Extracting Features
