Thu Aug 22 08:19:13 EDT 2024
/home/m.maqboolbhutta/usman_ws/codes/patchnetvlad
/home/m.maqboolbhutta/.conda/envs/patchnetvlad/bin/python
Host: c1103a-s11
Other nodes: 
Starting  process(es) on each node...
==========Starting Training=============
Saving checkpoints at /home/m.maqboolbhutta/usman_ws/models/patchnetvlad/fastscnn-v3/vgg16-graphvlad-sare_joint-22-Aug
========================================
Namespace(cache_path='/home/m.maqboolbhutta/usman_ws/datasets/official/patchnetvlad/', cluster_path='/home/m.maqboolbhutta/usman_ws/datasets/official/patchnetvlad/centroids/vgg16_mapillary_16_desc_cen.hdf5', config_path='patchnetvlad/configs/train-slurm.ini', dataset_root_dir='/home/m.maqboolbhutta/usman_ws/datasets/Mapillary_Street_Level_Sequences/', fast_scnn='/home/m.maqboolbhutta/usman_ws/datasets/official/fast_scnn/official/fast_scnn_citys.pth', identifier='mapillary_nopanos', loss='sare_joint', method='graphvlad', nEpochs=30, nocuda=False, resume_path='', save_every_epoch=True, save_path='/home/m.maqboolbhutta/usman_ws/models/patchnetvlad/fastscnn-v3/vgg16-graphvlad-sare_joint-22-Aug', start_epoch=0, threads=6, vd16_offtheshelf_path='/home/m.maqboolbhutta/usman_ws/datasets/official/openibl-init/vd16_offtheshelf_conv5_3_max.pth')
===> Building model
===> Loading model
===> Loading segmentation model
Creating model graphvlad
===> Loading dataset(s)
Exclude panoramas: True
=====> trondheim
=====> london
=====> boston
=====> melbourne
=====> amsterdam
=====> helsinki
=====> tokyo
=====> toronto
=====> saopaulo
=====> moscow
=====> zurich
=====> paris
=====> bangkok
=====> budapest
=====> austin
=====> berlin
=====> ottawa
=====> phoenix
=====> goa
=====> amman
=====> nairobi
=====> manila
#Sideways [21262/441280]; #Night; [4666/441280]
Forward and Day weighted with 1.0000
Forward and Night weighted with 95.5735
Sideways and Day weighted with 21.7544
Sideways and Night weighted with 116.3279
Exclude panoramas: True
=====> cph
=====> sf
===> Training query set: 441280
===> Evaluating on val set, query count: 740
===> Training model
>> Searching for hard negatives...
>> Searching for hard negatives...
>> Searching for hard negatives...
==> Epoch[1](50/7355): Loss: 0.1554
Allocated: 674.24 MB
Cached:    71.30 GB
>> Searching for hard negatives...
>> Searching for hard negatives...
>> Searching for hard negatives...
==> Epoch[1](100/7355): Loss: 0.0468
Allocated: 674.24 MB
Cached:    71.28 GB
>> Searching for hard negatives...
>> Searching for hard negatives...
>> Searching for hard negatives...
==> Epoch[1](150/7355): Loss: 0.0521
Allocated: 674.24 MB
Cached:    71.37 GB
>> Searching for hard negatives...
>> Searching for hard negatives...
>> Searching for hard negatives...
==> Epoch[1](200/7355): Loss: 0.0565
Allocated: 674.24 MB
Cached:    71.28 GB
>> Searching for hard negatives...
>> Searching for hard negatives...
>> Searching for hard negatives...
==> Epoch[1](250/7355): Loss: 0.0298
Allocated: 674.24 MB
Cached:    71.37 GB
>> Searching for hard negatives...
>> Searching for hard negatives...
>> Searching for hard negatives...
==> Epoch[1](300/7355): Loss: 0.1098
Allocated: 674.24 MB
Cached:    71.34 GB
>> Searching for hard negatives...
>> Searching for hard negatives...
>> Searching for hard negatives...
==> Epoch[1](350/7355): Loss: 0.0252
Allocated: 674.24 MB
Cached:    71.28 GB
>> Searching for hard negatives...
>> Searching for hard negatives...
>> Searching for hard negatives...
==> Epoch[1](400/7355): Loss: 0.0469
Allocated: 674.24 MB
Cached:    71.37 GB
>> Searching for hard negatives...
>> Searching for hard negatives...
>> Searching for hard negatives...
==> Epoch[1](450/7355): Loss: 0.0324
Allocated: 674.24 MB
Cached:    71.28 GB
>> Searching for hard negatives...
>> Searching for hard negatives...
>> Searching for hard negatives...
==> Epoch[1](500/7355): Loss: 0.0296
Allocated: 674.24 MB
Cached:    71.37 GB
>> Searching for hard negatives...
>> Searching for hard negatives...
>> Searching for hard negatives...
==> Epoch[1](550/7355): Loss: 0.0450
Allocated: 674.24 MB
Cached:    71.30 GB
>> Searching for hard negatives...
>> Searching for hard negatives...
>> Searching for hard negatives...
==> Epoch[1](600/7355): Loss: 0.0618
Allocated: 674.24 MB
Cached:    71.28 GB
>> Searching for hard negatives...
>> Searching for hard negatives...
>> Searching for hard negatives...
==> Epoch[1](650/7355): Loss: 0.0291
Allocated: 674.24 MB
Cached:    71.37 GB
>> Searching for hard negatives...
>> Searching for hard negatives...
>> Searching for hard negatives...
==> Epoch[1](700/7355): Loss: 0.0352
Allocated: 674.24 MB
Cached:    71.28 GB
>> Searching for hard negatives...
>> Searching for hard negatives...
>> Searching for hard negatives...
==> Epoch[1](750/7355): Loss: 0.0262
Allocated: 674.24 MB
Cached:    71.37 GB
>> Searching for hard negatives...
>> Searching for hard negatives...
>> Searching for hard negatives...
==> Epoch[1](800/7355): Loss: 0.0481
Allocated: 674.24 MB
Cached:    55.89 GB
>> Searching for hard negatives...
>> Searching for hard negatives...
==> Epoch[1](850/7355): Loss: 0.0315
Allocated: 584.84 MB
Cached:    71.26 GB
>> Searching for hard negatives...
>> Searching for hard negatives...
>> Searching for hard negatives...
==> Epoch[1](900/7355): Loss: 0.0130
Allocated: 674.24 MB
Cached:    71.37 GB
>> Searching for hard negatives...
>> Searching for hard negatives...
>> Searching for hard negatives...
==> Epoch[1](950/7355): Loss: 0.0184
Allocated: 674.24 MB
Cached:    71.28 GB
>> Searching for hard negatives...
>> Searching for hard negatives...
>> Searching for hard negatives...
==> Epoch[1](1000/7355): Loss: 0.0172
Allocated: 674.24 MB
Cached:    71.28 GB
>> Searching for hard negatives...
>> Searching for hard negatives...
>> Searching for hard negatives...
==> Epoch[1](1050/7355): Loss: 0.0146
Allocated: 674.24 MB
Cached:    71.37 GB
>> Searching for hard negatives...
>> Searching for hard negatives...
>> Searching for hard negatives...
==> Epoch[1](1100/7355): Loss: 0.0240
Allocated: 674.24 MB
Cached:    71.28 GB
>> Searching for hard negatives...
>> Searching for hard negatives...
>> Searching for hard negatives...
==> Epoch[1](1150/7355): Loss: 0.0206
Allocated: 674.24 MB
Cached:    71.37 GB
>> Searching for hard negatives...
>> Searching for hard negatives...
>> Searching for hard negatives...
==> Epoch[1](1200/7355): Loss: 0.0661
Allocated: 674.24 MB
Cached:    71.28 GB
>> Searching for hard negatives...
>> Searching for hard negatives...
>> Searching for hard negatives...
==> Epoch[1](1250/7355): Loss: 0.0274
Allocated: 674.24 MB
Cached:    71.37 GB
>> Searching for hard negatives...
>> Searching for hard negatives...
>> Searching for hard negatives...
==> Epoch[1](1300/7355): Loss: 0.0186
Allocated: 674.24 MB
Cached:    71.37 GB
>> Searching for hard negatives...
>> Searching for hard negatives...
>> Searching for hard negatives...
==> Epoch[1](1350/7355): Loss: 0.0362
Allocated: 674.24 MB
Cached:    71.28 GB
>> Searching for hard negatives...
>> Searching for hard negatives...
>> Searching for hard negatives...
==> Epoch[1](1400/7355): Loss: 0.0212
Allocated: 674.24 MB
Cached:    71.37 GB
>> Searching for hard negatives...
>> Searching for hard negatives...
>> Searching for hard negatives...
==> Epoch[1](1450/7355): Loss: 0.0302
Allocated: 674.24 MB
Cached:    71.30 GB
>> Searching for hard negatives...
>> Searching for hard negatives...
>> Searching for hard negatives...
==> Epoch[1](1500/7355): Loss: 0.0213
Allocated: 674.24 MB
Cached:    71.28 GB
>> Searching for hard negatives...
>> Searching for hard negatives...
>> Searching for hard negatives...
==> Epoch[1](1550/7355): Loss: 0.0261
Allocated: 674.24 MB
Cached:    71.37 GB
>> Searching for hard negatives...
>> Searching for hard negatives...
>> Searching for hard negatives...
==> Epoch[1](1600/7355): Loss: 0.0095
Allocated: 674.24 MB
Cached:    71.28 GB
>> Searching for hard negatives...
>> Searching for hard negatives...
>> Searching for hard negatives...
==> Epoch[1](1650/7355): Loss: 0.0041
Allocated: 674.24 MB
Cached:    55.99 GB
>> Searching for hard negatives...
>> Searching for hard negatives...
==> Epoch[1](1700/7355): Loss: 0.0117
Allocated: 579.91 MB
Cached:    71.28 GB
>> Searching for hard negatives...
>> Searching for hard negatives...
>> Searching for hard negatives...
==> Epoch[1](1750/7355): Loss: 0.0047
Allocated: 674.24 MB
Cached:    71.28 GB
>> Searching for hard negatives...
>> Searching for hard negatives...
>> Searching for hard negatives...
==> Epoch[1](1800/7355): Loss: 0.0182
Allocated: 674.24 MB
Cached:    71.37 GB
>> Searching for hard negatives...
>> Searching for hard negatives...
>> Searching for hard negatives...
==> Epoch[1](1850/7355): Loss: 0.0354
Allocated: 674.24 MB
Cached:    71.34 GB
>> Searching for hard negatives...
>> Searching for hard negatives...
>> Searching for hard negatives...
==> Epoch[1](1900/7355): Loss: 0.0054
Allocated: 674.24 MB
Cached:    71.30 GB
>> Searching for hard negatives...
>> Searching for hard negatives...
>> Searching for hard negatives...
==> Epoch[1](1950/7355): Loss: 0.0162
Allocated: 674.24 MB
Cached:    71.30 GB
>> Searching for hard negatives...
>> Searching for hard negatives...
>> Searching for hard negatives...
==> Epoch[1](2000/7355): Loss: 0.0108
Allocated: 674.24 MB
Cached:    71.26 GB
>> Searching for hard negatives...
>> Searching for hard negatives...
>> Searching for hard negatives...
==> Epoch[1](2050/7355): Loss: 0.0040
Allocated: 674.24 MB
Cached:    71.37 GB
>> Searching for hard negatives...
>> Searching for hard negatives...
>> Searching for hard negatives...
==> Epoch[1](2100/7355): Loss: 0.0165
Allocated: 674.24 MB
Cached:    71.28 GB
>> Searching for hard negatives...
>> Searching for hard negatives...
>> Searching for hard negatives...
==> Epoch[1](2150/7355): Loss: 0.0050
Allocated: 674.24 MB
Cached:    71.37 GB
>> Searching for hard negatives...
>> Searching for hard negatives...
>> Searching for hard negatives...
==> Epoch[1](2200/7355): Loss: 0.0328
Allocated: 674.24 MB
Cached:    71.28 GB
>> Searching for hard negatives...
>> Searching for hard negatives...
>> Searching for hard negatives...
==> Epoch[1](2250/7355): Loss: 0.0175
Allocated: 674.24 MB
Cached:    71.37 GB
>> Searching for hard negatives...
>> Searching for hard negatives...
>> Searching for hard negatives...
==> Epoch[1](2300/7355): Loss: 0.0163
Allocated: 674.24 MB
Cached:    71.37 GB
>> Searching for hard negatives...
>> Searching for hard negatives...
>> Searching for hard negatives...
==> Epoch[1](2350/7355): Loss: 0.0252
Allocated: 674.24 MB
Cached:    71.30 GB
>> Searching for hard negatives...
>> Searching for hard negatives...
>> Searching for hard negatives...
==> Epoch[1](2400/7355): Loss: 0.0326
Allocated: 674.24 MB
Cached:    71.28 GB
>> Searching for hard negatives...
>> Searching for hard negatives...
>> Searching for hard negatives...
==> Epoch[1](2450/7355): Loss: 0.0295
Allocated: 674.24 MB
Cached:    71.37 GB
>> Searching for hard negatives...
>> Searching for hard negatives...
>> Searching for hard negatives...
==> Epoch[1](2500/7355): Loss: 0.0104
Allocated: 674.24 MB
Cached:    55.92 GB
>> Searching for hard negatives...
>> Searching for hard negatives...
==> Epoch[1](2550/7355): Loss: 0.0074
Allocated: 584.84 MB
Cached:    71.37 GB
>> Searching for hard negatives...
>> Searching for hard negatives...
>> Searching for hard negatives...
==> Epoch[1](2600/7355): Loss: 0.0130
Allocated: 674.24 MB
Cached:    71.28 GB
>> Searching for hard negatives...
>> Searching for hard negatives...
>> Searching for hard negatives...
==> Epoch[1](2650/7355): Loss: 0.0154
Allocated: 674.24 MB
Cached:    71.37 GB
>> Searching for hard negatives...
>> Searching for hard negatives...
>> Searching for hard negatives...
==> Epoch[1](2700/7355): Loss: 0.0049
Allocated: 674.24 MB
Cached:    71.28 GB
>> Searching for hard negatives...
>> Searching for hard negatives...
>> Searching for hard negatives...
==> Epoch[1](2750/7355): Loss: 0.0035
Allocated: 674.24 MB
Cached:    71.28 GB
>> Searching for hard negatives...
>> Searching for hard negatives...
>> Searching for hard negatives...
==> Epoch[1](2800/7355): Loss: 0.0403
Allocated: 674.24 MB
Cached:    71.37 GB
>> Searching for hard negatives...
>> Searching for hard negatives...
>> Searching for hard negatives...
==> Epoch[1](2850/7355): Loss: 0.0015
Allocated: 674.24 MB
Cached:    71.35 GB
>> Searching for hard negatives...
>> Searching for hard negatives...
>> Searching for hard negatives...
==> Epoch[1](2900/7355): Loss: 0.0077
Allocated: 674.24 MB
Cached:    71.37 GB
>> Searching for hard negatives...
>> Searching for hard negatives...
>> Searching for hard negatives...
==> Epoch[1](2950/7355): Loss: 0.0262
Allocated: 674.24 MB
Cached:    71.34 GB
>> Searching for hard negatives...
>> Searching for hard negatives...
>> Searching for hard negatives...
==> Epoch[1](3000/7355): Loss: 0.0093
Allocated: 674.24 MB
Cached:    71.35 GB
>> Searching for hard negatives...
>> Searching for hard negatives...
>> Searching for hard negatives...
==> Epoch[1](3050/7355): Loss: 0.0319
Allocated: 674.24 MB
Cached:    71.28 GB
>> Searching for hard negatives...
>> Searching for hard negatives...
>> Searching for hard negatives...
==> Epoch[1](3100/7355): Loss: 0.0434
Allocated: 674.24 MB
Cached:    71.34 GB
>> Searching for hard negatives...
>> Searching for hard negatives...
>> Searching for hard negatives...
==> Epoch[1](3150/7355): Loss: 0.0246
Allocated: 674.24 MB
Cached:    71.34 GB
>> Searching for hard negatives...
>> Searching for hard negatives...
>> Searching for hard negatives...
==> Epoch[1](3200/7355): Loss: 0.0142
Allocated: 674.24 MB
Cached:    71.35 GB
>> Searching for hard negatives...
>> Searching for hard negatives...
>> Searching for hard negatives...
==> Epoch[1](3250/7355): Loss: 0.0383
Allocated: 674.24 MB
Cached:    71.28 GB
>> Searching for hard negatives...
>> Searching for hard negatives...
>> Searching for hard negatives...
==> Epoch[1](3300/7355): Loss: 0.0091
Allocated: 674.24 MB
Cached:    71.37 GB
>> Searching for hard negatives...
>> Searching for hard negatives...
>> Searching for hard negatives...
==> Epoch[1](3350/7355): Loss: 0.0265
Allocated: 674.24 MB
Cached:    55.95 GB
>> Searching for hard negatives...
>> Searching for hard negatives...
==> Epoch[1](3400/7355): Loss: 0.0110
Allocated: 579.91 MB
Cached:    71.34 GB
>> Searching for hard negatives...
>> Searching for hard negatives...
>> Searching for hard negatives...
==> Epoch[1](3450/7355): Loss: 0.0107
Allocated: 674.24 MB
Cached:    71.28 GB
>> Searching for hard negatives...
>> Searching for hard negatives...
>> Searching for hard negatives...
==> Epoch[1](3500/7355): Loss: 0.0280
Allocated: 674.24 MB
Cached:    71.28 GB
>> Searching for hard negatives...
>> Searching for hard negatives...
>> Searching for hard negatives...
==> Epoch[1](3550/7355): Loss: 0.0032
Allocated: 674.24 MB
Cached:    71.34 GB
>> Searching for hard negatives...
>> Searching for hard negatives...
>> Searching for hard negatives...
==> Epoch[1](3600/7355): Loss: 0.0061
Allocated: 674.24 MB
Cached:    71.28 GB
>> Searching for hard negatives...
>> Searching for hard negatives...
>> Searching for hard negatives...
==> Epoch[1](3650/7355): Loss: 0.0196
Allocated: 674.24 MB
Cached:    71.37 GB
>> Searching for hard negatives...
>> Searching for hard negatives...
>> Searching for hard negatives...
==> Epoch[1](3700/7355): Loss: 0.0508
Allocated: 674.24 MB
Cached:    71.34 GB
>> Searching for hard negatives...
>> Searching for hard negatives...
>> Searching for hard negatives...
==> Epoch[1](3750/7355): Loss: 0.0134
Allocated: 674.24 MB
Cached:    71.28 GB
>> Searching for hard negatives...
>> Searching for hard negatives...
>> Searching for hard negatives...
==> Epoch[1](3800/7355): Loss: 0.0251
Allocated: 674.24 MB
Cached:    71.35 GB
>> Searching for hard negatives...
>> Searching for hard negatives...
>> Searching for hard negatives...
==> Epoch[1](3850/7355): Loss: 0.0033
Allocated: 674.24 MB
Cached:    71.35 GB
>> Searching for hard negatives...
>> Searching for hard negatives...
>> Searching for hard negatives...
==> Epoch[1](3900/7355): Loss: 0.0128
Allocated: 674.24 MB
Cached:    71.37 GB
>> Searching for hard negatives...
>> Searching for hard negatives...
>> Searching for hard negatives...
==> Epoch[1](3950/7355): Loss: 0.0164
Allocated: 674.24 MB
Cached:    71.28 GB
>> Searching for hard negatives...
>> Searching for hard negatives...
>> Searching for hard negatives...
==> Epoch[1](4000/7355): Loss: 0.0068
Allocated: 674.24 MB
Cached:    71.28 GB
>> Searching for hard negatives...
>> Searching for hard negatives...
>> Searching for hard negatives...
==> Epoch[1](4050/7355): Loss: 0.0049
Allocated: 674.24 MB
Cached:    71.34 GB
>> Searching for hard negatives...
>> Searching for hard negatives...
>> Searching for hard negatives...
==> Epoch[1](4100/7355): Loss: 0.0096
Allocated: 674.24 MB
Cached:    71.35 GB
>> Searching for hard negatives...
>> Searching for hard negatives...
>> Searching for hard negatives...
==> Epoch[1](4150/7355): Loss: 0.0048
Allocated: 674.24 MB
Cached:    71.34 GB
>> Searching for hard negatives...
>> Searching for hard negatives...
>> Searching for hard negatives...
==> Epoch[1](4200/7355): Loss: 0.0109
Allocated: 674.24 MB
Cached:    55.89 GB
>> Searching for hard negatives...
>> Searching for hard negatives...
==> Epoch[1](4250/7355): Loss: 0.0016
Allocated: 570.06 MB
Cached:    71.28 GB
>> Searching for hard negatives...
>> Searching for hard negatives...
>> Searching for hard negatives...
==> Epoch[1](4300/7355): Loss: 0.0231
Allocated: 674.24 MB
Cached:    71.28 GB
>> Searching for hard negatives...
>> Searching for hard negatives...
>> Searching for hard negatives...
==> Epoch[1](4350/7355): Loss: 0.0268
Allocated: 674.24 MB
Cached:    71.28 GB
>> Searching for hard negatives...
>> Searching for hard negatives...
>> Searching for hard negatives...
==> Epoch[1](4400/7355): Loss: 0.0190
Allocated: 674.24 MB
Cached:    71.28 GB
>> Searching for hard negatives...
>> Searching for hard negatives...
>> Searching for hard negatives...
==> Epoch[1](4450/7355): Loss: 0.0125
Allocated: 674.24 MB
Cached:    71.34 GB
>> Searching for hard negatives...
>> Searching for hard negatives...
>> Searching for hard negatives...
==> Epoch[1](4500/7355): Loss: 0.0336
Allocated: 674.24 MB
Cached:    71.37 GB
>> Searching for hard negatives...
>> Searching for hard negatives...
>> Searching for hard negatives...
==> Epoch[1](4550/7355): Loss: 0.0200
Allocated: 674.24 MB
Cached:    71.37 GB
>> Searching for hard negatives...
>> Searching for hard negatives...
>> Searching for hard negatives...
==> Epoch[1](4600/7355): Loss: 0.0085
Allocated: 674.24 MB
Cached:    71.28 GB
>> Searching for hard negatives...
>> Searching for hard negatives...
>> Searching for hard negatives...
==> Epoch[1](4650/7355): Loss: 0.0016
Allocated: 674.24 MB
Cached:    71.37 GB
>> Searching for hard negatives...
>> Searching for hard negatives...
>> Searching for hard negatives...
==> Epoch[1](4700/7355): Loss: 0.0126
Allocated: 674.24 MB
Cached:    71.37 GB
>> Searching for hard negatives...
>> Searching for hard negatives...
>> Searching for hard negatives...
==> Epoch[1](4750/7355): Loss: 0.0060
Allocated: 674.24 MB
Cached:    71.28 GB
>> Searching for hard negatives...
>> Searching for hard negatives...
>> Searching for hard negatives...
==> Epoch[1](4800/7355): Loss: 0.0499
Allocated: 674.24 MB
Cached:    71.34 GB
>> Searching for hard negatives...
>> Searching for hard negatives...
>> Searching for hard negatives...
==> Epoch[1](4850/7355): Loss: 0.0033
Allocated: 674.24 MB
Cached:    71.28 GB
>> Searching for hard negatives...
>> Searching for hard negatives...
>> Searching for hard negatives...
==> Epoch[1](4900/7355): Loss: 0.0072
Allocated: 674.24 MB
Cached:    71.37 GB
>> Searching for hard negatives...
>> Searching for hard negatives...
>> Searching for hard negatives...
==> Epoch[1](4950/7355): Loss: 0.0091
Allocated: 674.24 MB
Cached:    71.28 GB
>> Searching for hard negatives...
>> Searching for hard negatives...
>> Searching for hard negatives...
==> Epoch[1](5000/7355): Loss: 0.0308
Allocated: 674.24 MB
Cached:    71.28 GB
>> Searching for hard negatives...
>> Searching for hard negatives...
>> Searching for hard negatives...
==> Epoch[1](5050/7355): Loss: 0.0068
Allocated: 674.24 MB
Cached:    55.89 GB
>> Searching for hard negatives...
>> Searching for hard negatives...
==> Epoch[1](5100/7355): Loss: 0.0045
Allocated: 579.91 MB
Cached:    71.35 GB
>> Searching for hard negatives...
>> Searching for hard negatives...
>> Searching for hard negatives...
==> Epoch[1](5150/7355): Loss: 0.0157
Allocated: 674.24 MB
Cached:    71.33 GB
>> Searching for hard negatives...
>> Searching for hard negatives...
>> Searching for hard negatives...
==> Epoch[1](5200/7355): Loss: 0.0179
Allocated: 674.24 MB
Cached:    71.28 GB
>> Searching for hard negatives...
>> Searching for hard negatives...
>> Searching for hard negatives...
==> Epoch[1](5250/7355): Loss: 0.0048
Allocated: 674.24 MB
Cached:    71.37 GB
>> Searching for hard negatives...
>> Searching for hard negatives...
>> Searching for hard negatives...
==> Epoch[1](5300/7355): Loss: 0.0172
Allocated: 674.24 MB
Cached:    71.28 GB
>> Searching for hard negatives...
>> Searching for hard negatives...
>> Searching for hard negatives...
==> Epoch[1](5350/7355): Loss: 0.0055
Allocated: 674.24 MB
Cached:    71.37 GB
>> Searching for hard negatives...
>> Searching for hard negatives...
>> Searching for hard negatives...
==> Epoch[1](5400/7355): Loss: 0.0070
Allocated: 674.24 MB
Cached:    71.28 GB
>> Searching for hard negatives...
>> Searching for hard negatives...
>> Searching for hard negatives...
==> Epoch[1](5450/7355): Loss: 0.0090
Allocated: 674.24 MB
Cached:    71.37 GB
>> Searching for hard negatives...
>> Searching for hard negatives...
>> Searching for hard negatives...
==> Epoch[1](5500/7355): Loss: 0.0012
Allocated: 674.24 MB
Cached:    71.28 GB
>> Searching for hard negatives...
>> Searching for hard negatives...
>> Searching for hard negatives...
==> Epoch[1](5550/7355): Loss: 0.0298
Allocated: 674.24 MB
Cached:    71.34 GB
>> Searching for hard negatives...
>> Searching for hard negatives...
>> Searching for hard negatives...
==> Epoch[1](5600/7355): Loss: 0.0033
Allocated: 674.24 MB
Cached:    71.35 GB
>> Searching for hard negatives...
>> Searching for hard negatives...
>> Searching for hard negatives...
==> Epoch[1](5650/7355): Loss: 0.0154
Allocated: 674.24 MB
Cached:    71.28 GB
>> Searching for hard negatives...
>> Searching for hard negatives...
>> Searching for hard negatives...
==> Epoch[1](5700/7355): Loss: 0.0143
Allocated: 674.24 MB
Cached:    71.28 GB
>> Searching for hard negatives...
>> Searching for hard negatives...
>> Searching for hard negatives...
==> Epoch[1](5750/7355): Loss: 0.0041
Allocated: 674.24 MB
Cached:    71.37 GB
>> Searching for hard negatives...
>> Searching for hard negatives...
>> Searching for hard negatives...
==> Epoch[1](5800/7355): Loss: 0.0058
Allocated: 674.24 MB
Cached:    71.28 GB
>> Searching for hard negatives...
>> Searching for hard negatives...
>> Searching for hard negatives...
==> Epoch[1](5850/7355): Loss: 0.0188
Allocated: 674.24 MB
Cached:    71.37 GB
>> Searching for hard negatives...
>> Searching for hard negatives...
>> Searching for hard negatives...
==> Epoch[1](5900/7355): Loss: 0.0076
Allocated: 674.24 MB
Cached:    55.99 GB
>> Searching for hard negatives...
>> Searching for hard negatives...
==> Epoch[1](5950/7355): Loss: 0.0117
Allocated: 579.91 MB
Cached:    71.34 GB
>> Searching for hard negatives...
>> Searching for hard negatives...
>> Searching for hard negatives...
==> Epoch[1](6000/7355): Loss: 0.0054
Allocated: 674.24 MB
Cached:    71.28 GB
>> Searching for hard negatives...
>> Searching for hard negatives...
>> Searching for hard negatives...
==> Epoch[1](6050/7355): Loss: 0.0030
Allocated: 674.24 MB
Cached:    71.37 GB
>> Searching for hard negatives...
>> Searching for hard negatives...
>> Searching for hard negatives...
==> Epoch[1](6100/7355): Loss: 0.0145
Allocated: 674.24 MB
Cached:    71.28 GB
>> Searching for hard negatives...
>> Searching for hard negatives...
>> Searching for hard negatives...
==> Epoch[1](6150/7355): Loss: 0.0051
Allocated: 674.24 MB
Cached:    71.37 GB
>> Searching for hard negatives...
>> Searching for hard negatives...
>> Searching for hard negatives...
==> Epoch[1](6200/7355): Loss: 0.0047
Allocated: 674.24 MB
Cached:    71.28 GB
>> Searching for hard negatives...
>> Searching for hard negatives...
>> Searching for hard negatives...
==> Epoch[1](6250/7355): Loss: 0.0189
Allocated: 674.24 MB
Cached:    71.37 GB
>> Searching for hard negatives...
>> Searching for hard negatives...
>> Searching for hard negatives...
==> Epoch[1](6300/7355): Loss: 0.0025
Allocated: 674.24 MB
Cached:    71.28 GB
>> Searching for hard negatives...
>> Searching for hard negatives...
>> Searching for hard negatives...
==> Epoch[1](6350/7355): Loss: 0.0115
Allocated: 674.24 MB
Cached:    71.28 GB
>> Searching for hard negatives...
>> Searching for hard negatives...
>> Searching for hard negatives...
==> Epoch[1](6400/7355): Loss: 0.0019
Allocated: 674.24 MB
Cached:    71.28 GB
>> Searching for hard negatives...
>> Searching for hard negatives...
>> Searching for hard negatives...
==> Epoch[1](6450/7355): Loss: 0.0259
Allocated: 674.24 MB
Cached:    71.28 GB
>> Searching for hard negatives...
>> Searching for hard negatives...
>> Searching for hard negatives...
==> Epoch[1](6500/7355): Loss: 0.0036
Allocated: 674.24 MB
Cached:    71.37 GB
>> Searching for hard negatives...
>> Searching for hard negatives...
>> Searching for hard negatives...
==> Epoch[1](6550/7355): Loss: 0.0257
Allocated: 674.24 MB
Cached:    71.28 GB
>> Searching for hard negatives...
>> Searching for hard negatives...
>> Searching for hard negatives...
==> Epoch[1](6600/7355): Loss: 0.0170
Allocated: 674.24 MB
Cached:    71.37 GB
>> Searching for hard negatives...
>> Searching for hard negatives...
>> Searching for hard negatives...
==> Epoch[1](6650/7355): Loss: 0.0108
Allocated: 674.24 MB
Cached:    71.28 GB
>> Searching for hard negatives...
>> Searching for hard negatives...
>> Searching for hard negatives...
==> Epoch[1](6700/7355): Loss: 0.0010
Allocated: 674.24 MB
Cached:    71.35 GB
>> Searching for hard negatives...
>> Searching for hard negatives...
>> Searching for hard negatives...
==> Epoch[1](6750/7355): Loss: 0.0110
Allocated: 674.24 MB
Cached:    55.96 GB
>> Searching for hard negatives...
>> Searching for hard negatives...
==> Epoch[1](6800/7355): Loss: 0.0074
Allocated: 579.91 MB
Cached:    71.37 GB
>> Searching for hard negatives...
>> Searching for hard negatives...
>> Searching for hard negatives...
==> Epoch[1](6850/7355): Loss: 0.0050
Allocated: 674.24 MB
Cached:    71.28 GB
>> Searching for hard negatives...
>> Searching for hard negatives...
>> Searching for hard negatives...
==> Epoch[1](6900/7355): Loss: 0.0045
Allocated: 674.24 MB
Cached:    71.34 GB
>> Searching for hard negatives...
>> Searching for hard negatives...
>> Searching for hard negatives...
==> Epoch[1](6950/7355): Loss: 0.0175
Allocated: 674.24 MB
Cached:    71.28 GB
>> Searching for hard negatives...
>> Searching for hard negatives...
>> Searching for hard negatives...
==> Epoch[1](7000/7355): Loss: 0.0054
Allocated: 674.24 MB
Cached:    71.37 GB
>> Searching for hard negatives...
>> Searching for hard negatives...
>> Searching for hard negatives...
==> Epoch[1](7050/7355): Loss: 0.0062
Allocated: 674.24 MB
Cached:    71.28 GB
>> Searching for hard negatives...
>> Searching for hard negatives...
>> Searching for hard negatives...
==> Epoch[1](7100/7355): Loss: 0.0111
Allocated: 674.24 MB
Cached:    71.37 GB
>> Searching for hard negatives...
>> Searching for hard negatives...
>> Searching for hard negatives...
==> Epoch[1](7150/7355): Loss: 0.0092
Allocated: 674.24 MB
Cached:    71.28 GB
>> Searching for hard negatives...
>> Searching for hard negatives...
>> Searching for hard negatives...
==> Epoch[1](7200/7355): Loss: 0.0065
Allocated: 674.24 MB
Cached:    71.37 GB
>> Searching for hard negatives...
>> Searching for hard negatives...
>> Searching for hard negatives...
==> Epoch[1](7250/7355): Loss: 0.0038
Allocated: 674.24 MB
Cached:    71.28 GB
>> Searching for hard negatives...
>> Searching for hard negatives...
>> Searching for hard negatives...
==> Epoch[1](7300/7355): Loss: 0.0120
Allocated: 674.24 MB
Cached:    71.34 GB
>> Searching for hard negatives...
>> Searching for hard negatives...
>> Searching for hard negatives...
==> Epoch[1](7350/7355): Loss: 0.0096
Allocated: 674.24 MB
Cached:    71.28 GB
>> Searching for hard negatives...
>> Searching for hard negatives...
>> Searching for hard negatives...
==> Epoch[1](7400/7355): Loss: 0.0076
Allocated: 674.24 MB
Cached:    71.37 GB
>> Searching for hard negatives...
>> Searching for hard negatives...
>> Searching for hard negatives...
==> Epoch[1](7450/7355): Loss: 0.0366
Allocated: 674.24 MB
Cached:    71.28 GB
>> Searching for hard negatives...
>> Searching for hard negatives...
>> Searching for hard negatives...
==> Epoch[1](7500/7355): Loss: 0.0256
Allocated: 674.24 MB
Cached:    71.37 GB
===> Epoch 1 Complete: Avg. Loss: 0.0205
====> Extracting Features
====> Building faiss index
====> Calculating recall @ N
====> Recall@1: 0.6297
====> Recall@5: 0.7554
====> Recall@10: 0.7973
====> Recall@20: 0.8311
====> Recall@50: 0.8730
====> Recall@100: 0.9162
>> Searching for hard negatives...
>> Searching for hard negatives...
>> Searching for hard negatives...
==> Epoch[2](50/7355): Loss: 0.0339
Allocated: 674.24 MB
Cached:    71.37 GB
>> Searching for hard negatives...
>> Searching for hard negatives...
>> Searching for hard negatives...
==> Epoch[2](100/7355): Loss: 0.0104
Allocated: 674.24 MB
Cached:    71.30 GB
>> Searching for hard negatives...
>> Searching for hard negatives...
>> Searching for hard negatives...
==> Epoch[2](150/7355): Loss: 0.0214
Allocated: 674.24 MB
Cached:    71.28 GB
>> Searching for hard negatives...
>> Searching for hard negatives...
>> Searching for hard negatives...
==> Epoch[2](200/7355): Loss: 0.0063
Allocated: 674.24 MB
Cached:    71.37 GB
>> Searching for hard negatives...
>> Searching for hard negatives...
>> Searching for hard negatives...
==> Epoch[2](250/7355): Loss: 0.0125
Allocated: 674.24 MB
Cached:    71.28 GB
>> Searching for hard negatives...
>> Searching for hard negatives...
>> Searching for hard negatives...
==> Epoch[2](300/7355): Loss: 0.0051
Allocated: 674.24 MB
Cached:    71.37 GB
>> Searching for hard negatives...
>> Searching for hard negatives...
>> Searching for hard negatives...
==> Epoch[2](350/7355): Loss: 0.0201
Allocated: 674.24 MB
Cached:    71.28 GB
>> Searching for hard negatives...
>> Searching for hard negatives...
>> Searching for hard negatives...
==> Epoch[2](400/7355): Loss: 0.0229
Allocated: 674.24 MB
Cached:    71.37 GB
>> Searching for hard negatives...
>> Searching for hard negatives...
>> Searching for hard negatives...
==> Epoch[2](450/7355): Loss: 0.0144
Allocated: 674.24 MB
Cached:    71.28 GB
>> Searching for hard negatives...
>> Searching for hard negatives...
>> Searching for hard negatives...
==> Epoch[2](500/7355): Loss: 0.0031
Allocated: 674.24 MB
Cached:    71.37 GB
>> Searching for hard negatives...
>> Searching for hard negatives...
>> Searching for hard negatives...
==> Epoch[2](550/7355): Loss: 0.0015
Allocated: 674.24 MB
Cached:    71.28 GB
>> Searching for hard negatives...
>> Searching for hard negatives...
>> Searching for hard negatives...
==> Epoch[2](600/7355): Loss: 0.0197
Allocated: 674.24 MB
Cached:    71.29 GB
>> Searching for hard negatives...
>> Searching for hard negatives...
>> Searching for hard negatives...
==> Epoch[2](650/7355): Loss: 0.0140
Allocated: 674.24 MB
Cached:    71.37 GB
>> Searching for hard negatives...
>> Searching for hard negatives...
>> Searching for hard negatives...
==> Epoch[2](700/7355): Loss: 0.0025
Allocated: 674.24 MB
Cached:    71.28 GB
>> Searching for hard negatives...
>> Searching for hard negatives...
>> Searching for hard negatives...
==> Epoch[2](750/7355): Loss: 0.0077
Allocated: 674.24 MB
Cached:    71.37 GB
>> Searching for hard negatives...
>> Searching for hard negatives...
>> Searching for hard negatives...
==> Epoch[2](800/7355): Loss: 0.0021
Allocated: 674.24 MB
Cached:    55.89 GB
>> Searching for hard negatives...
>> Searching for hard negatives...
==> Epoch[2](850/7355): Loss: 0.0009
Allocated: 584.84 MB
Cached:    71.28 GB
>> Searching for hard negatives...
>> Searching for hard negatives...
>> Searching for hard negatives...
==> Epoch[2](900/7355): Loss: 0.0083
Allocated: 674.24 MB
Cached:    71.37 GB
>> Searching for hard negatives...
>> Searching for hard negatives...
>> Searching for hard negatives...
==> Epoch[2](950/7355): Loss: 0.0043
Allocated: 674.24 MB
Cached:    71.28 GB
>> Searching for hard negatives...
>> Searching for hard negatives...
>> Searching for hard negatives...
==> Epoch[2](1000/7355): Loss: 0.0009
Allocated: 674.24 MB
Cached:    71.34 GB
>> Searching for hard negatives...
>> Searching for hard negatives...
>> Searching for hard negatives...
==> Epoch[2](1050/7355): Loss: 0.0028
Allocated: 674.24 MB
Cached:    71.28 GB
>> Searching for hard negatives...
>> Searching for hard negatives...
>> Searching for hard negatives...
==> Epoch[2](1100/7355): Loss: 0.0247
Allocated: 674.24 MB
Cached:    71.37 GB
>> Searching for hard negatives...
>> Searching for hard negatives...
>> Searching for hard negatives...
==> Epoch[2](1150/7355): Loss: 0.0161
Allocated: 674.24 MB
Cached:    71.28 GB
>> Searching for hard negatives...
>> Searching for hard negatives...
>> Searching for hard negatives...
==> Epoch[2](1200/7355): Loss: 0.0057
Allocated: 674.24 MB
Cached:    71.37 GB
>> Searching for hard negatives...
>> Searching for hard negatives...
>> Searching for hard negatives...
==> Epoch[2](1250/7355): Loss: 0.0018
Allocated: 674.24 MB
Cached:    71.28 GB
>> Searching for hard negatives...
>> Searching for hard negatives...
>> Searching for hard negatives...
==> Epoch[2](1300/7355): Loss: 0.0312
Allocated: 674.24 MB
Cached:    71.37 GB
>> Searching for hard negatives...
>> Searching for hard negatives...
>> Searching for hard negatives...
==> Epoch[2](1350/7355): Loss: 0.0055
Allocated: 674.24 MB
Cached:    71.28 GB
>> Searching for hard negatives...
>> Searching for hard negatives...
>> Searching for hard negatives...
==> Epoch[2](1400/7355): Loss: 0.0264
Allocated: 674.24 MB
Cached:    71.37 GB
>> Searching for hard negatives...
>> Searching for hard negatives...
>> Searching for hard negatives...
==> Epoch[2](1450/7355): Loss: 0.0061
Allocated: 674.24 MB
Cached:    71.28 GB
>> Searching for hard negatives...
>> Searching for hard negatives...
>> Searching for hard negatives...
==> Epoch[2](1500/7355): Loss: 0.0061
Allocated: 674.24 MB
Cached:    71.37 GB
>> Searching for hard negatives...
>> Searching for hard negatives...
>> Searching for hard negatives...
==> Epoch[2](1550/7355): Loss: 0.0018
Allocated: 674.24 MB
Cached:    71.28 GB
>> Searching for hard negatives...
>> Searching for hard negatives...
>> Searching for hard negatives...
==> Epoch[2](1600/7355): Loss: 0.0178
Allocated: 674.24 MB
Cached:    71.37 GB
>> Searching for hard negatives...
>> Searching for hard negatives...
>> Searching for hard negatives...
==> Epoch[2](1650/7355): Loss: 0.0073
Allocated: 674.24 MB
Cached:    55.89 GB
>> Searching for hard negatives...
>> Searching for hard negatives...
==> Epoch[2](1700/7355): Loss: 0.0043
Allocated: 584.84 MB
Cached:    71.28 GB
>> Searching for hard negatives...
>> Searching for hard negatives...
>> Searching for hard negatives...
==> Epoch[2](1750/7355): Loss: 0.0035
Allocated: 674.24 MB
Cached:    71.37 GB
>> Searching for hard negatives...
>> Searching for hard negatives...
>> Searching for hard negatives...
==> Epoch[2](1800/7355): Loss: 0.0166
Allocated: 674.24 MB
Cached:    71.28 GB
>> Searching for hard negatives...
>> Searching for hard negatives...
>> Searching for hard negatives...
==> Epoch[2](1850/7355): Loss: 0.0141
Allocated: 674.24 MB
Cached:    71.37 GB
>> Searching for hard negatives...
>> Searching for hard negatives...
>> Searching for hard negatives...
==> Epoch[2](1900/7355): Loss: 0.0026
Allocated: 674.24 MB
Cached:    71.30 GB
>> Searching for hard negatives...
>> Searching for hard negatives...
>> Searching for hard negatives...
==> Epoch[2](1950/7355): Loss: 0.0028
Allocated: 674.24 MB
Cached:    71.28 GB
>> Searching for hard negatives...
>> Searching for hard negatives...
>> Searching for hard negatives...
==> Epoch[2](2000/7355): Loss: 0.0072
Allocated: 674.24 MB
Cached:    71.37 GB
>> Searching for hard negatives...
>> Searching for hard negatives...
>> Searching for hard negatives...
==> Epoch[2](2050/7355): Loss: 0.0105
Allocated: 674.24 MB
Cached:    71.28 GB
>> Searching for hard negatives...
>> Searching for hard negatives...
>> Searching for hard negatives...
==> Epoch[2](2100/7355): Loss: 0.0033
Allocated: 674.24 MB
Cached:    71.37 GB
>> Searching for hard negatives...
>> Searching for hard negatives...
>> Searching for hard negatives...
==> Epoch[2](2150/7355): Loss: 0.0106
Allocated: 674.24 MB
Cached:    71.28 GB
>> Searching for hard negatives...
>> Searching for hard negatives...
>> Searching for hard negatives...
==> Epoch[2](2200/7355): Loss: 0.0104
Allocated: 674.24 MB
Cached:    71.37 GB
>> Searching for hard negatives...
>> Searching for hard negatives...
>> Searching for hard negatives...
==> Epoch[2](2250/7355): Loss: 0.0127
Allocated: 674.24 MB
Cached:    71.28 GB
>> Searching for hard negatives...
>> Searching for hard negatives...
>> Searching for hard negatives...
==> Epoch[2](2300/7355): Loss: 0.0170
Allocated: 674.24 MB
Cached:    71.37 GB
>> Searching for hard negatives...
>> Searching for hard negatives...
>> Searching for hard negatives...
==> Epoch[2](2350/7355): Loss: 0.0188
Allocated: 674.24 MB
Cached:    71.28 GB
>> Searching for hard negatives...
>> Searching for hard negatives...
>> Searching for hard negatives...
==> Epoch[2](2400/7355): Loss: 0.0059
Allocated: 674.24 MB
Cached:    71.37 GB
>> Searching for hard negatives...
>> Searching for hard negatives...
>> Searching for hard negatives...
==> Epoch[2](2450/7355): Loss: 0.0147
Allocated: 674.24 MB
Cached:    71.28 GB
>> Searching for hard negatives...
>> Searching for hard negatives...
>> Searching for hard negatives...
==> Epoch[2](2500/7355): Loss: 0.0033
Allocated: 674.24 MB
Cached:    55.99 GB
>> Searching for hard negatives...
>> Searching for hard negatives...
==> Epoch[2](2550/7355): Loss: 0.0024
Allocated: 584.84 MB
Cached:    71.37 GB
>> Searching for hard negatives...
>> Searching for hard negatives...
>> Searching for hard negatives...
==> Epoch[2](2600/7355): Loss: 0.0284
Allocated: 674.24 MB
Cached:    71.28 GB
>> Searching for hard negatives...
>> Searching for hard negatives...
>> Searching for hard negatives...
==> Epoch[2](2650/7355): Loss: 0.0137
Allocated: 674.24 MB
Cached:    71.37 GB
>> Searching for hard negatives...
>> Searching for hard negatives...
>> Searching for hard negatives...
==> Epoch[2](2700/7355): Loss: 0.0039
Allocated: 674.24 MB
Cached:    71.28 GB
>> Searching for hard negatives...
>> Searching for hard negatives...
>> Searching for hard negatives...
==> Epoch[2](2750/7355): Loss: 0.0109
Allocated: 674.24 MB
Cached:    71.37 GB
>> Searching for hard negatives...
>> Searching for hard negatives...
>> Searching for hard negatives...
==> Epoch[2](2800/7355): Loss: 0.0032
Allocated: 674.24 MB
Cached:    71.28 GB
>> Searching for hard negatives...
>> Searching for hard negatives...
>> Searching for hard negatives...
==> Epoch[2](2850/7355): Loss: 0.0021
Allocated: 674.24 MB
Cached:    71.37 GB
>> Searching for hard negatives...
>> Searching for hard negatives...
>> Searching for hard negatives...
==> Epoch[2](2900/7355): Loss: 0.0207
Allocated: 674.24 MB
Cached:    71.28 GB
>> Searching for hard negatives...
>> Searching for hard negatives...
>> Searching for hard negatives...
==> Epoch[2](2950/7355): Loss: 0.0019
Allocated: 674.24 MB
Cached:    71.37 GB
>> Searching for hard negatives...
>> Searching for hard negatives...
>> Searching for hard negatives...
==> Epoch[2](3000/7355): Loss: 0.0008
Allocated: 674.24 MB
Cached:    71.28 GB
>> Searching for hard negatives...
>> Searching for hard negatives...
>> Searching for hard negatives...
==> Epoch[2](3050/7355): Loss: 0.0048
Allocated: 674.24 MB
Cached:    71.37 GB
>> Searching for hard negatives...
>> Searching for hard negatives...
>> Searching for hard negatives...
==> Epoch[2](3100/7355): Loss: 0.0111
Allocated: 674.24 MB
Cached:    71.28 GB
>> Searching for hard negatives...
>> Searching for hard negatives...
>> Searching for hard negatives...
==> Epoch[2](3150/7355): Loss: 0.0034
Allocated: 674.24 MB
Cached:    71.37 GB
>> Searching for hard negatives...
>> Searching for hard negatives...
>> Searching for hard negatives...
==> Epoch[2](3200/7355): Loss: 0.0105
Allocated: 674.24 MB
Cached:    71.28 GB
>> Searching for hard negatives...
>> Searching for hard negatives...
>> Searching for hard negatives...
==> Epoch[2](3250/7355): Loss: 0.0092
Allocated: 674.24 MB
Cached:    71.37 GB
>> Searching for hard negatives...
>> Searching for hard negatives...
>> Searching for hard negatives...
==> Epoch[2](3300/7355): Loss: 0.0067
Allocated: 674.24 MB
Cached:    71.28 GB
>> Searching for hard negatives...
>> Searching for hard negatives...
>> Searching for hard negatives...
==> Epoch[2](3350/7355): Loss: 0.0010
Allocated: 674.24 MB
Cached:    55.99 GB
>> Searching for hard negatives...
>> Searching for hard negatives...
==> Epoch[2](3400/7355): Loss: 0.0004
Allocated: 579.91 MB
Cached:    71.37 GB
>> Searching for hard negatives...
>> Searching for hard negatives...
>> Searching for hard negatives...
==> Epoch[2](3450/7355): Loss: 0.0051
Allocated: 674.24 MB
Cached:    71.28 GB
>> Searching for hard negatives...
>> Searching for hard negatives...
>> Searching for hard negatives...
==> Epoch[2](3500/7355): Loss: 0.0046
Allocated: 674.24 MB
Cached:    71.37 GB
>> Searching for hard negatives...
>> Searching for hard negatives...
>> Searching for hard negatives...
==> Epoch[2](3550/7355): Loss: 0.0046
Allocated: 674.24 MB
Cached:    71.28 GB
>> Searching for hard negatives...
>> Searching for hard negatives...
>> Searching for hard negatives...
==> Epoch[2](3600/7355): Loss: 0.0118
Allocated: 674.24 MB
Cached:    71.37 GB
>> Searching for hard negatives...
>> Searching for hard negatives...
>> Searching for hard negatives...
==> Epoch[2](3650/7355): Loss: 0.0145
Allocated: 674.24 MB
Cached:    71.28 GB
>> Searching for hard negatives...
>> Searching for hard negatives...
>> Searching for hard negatives...
==> Epoch[2](3700/7355): Loss: 0.0019
Allocated: 674.24 MB
Cached:    71.37 GB
>> Searching for hard negatives...
>> Searching for hard negatives...
>> Searching for hard negatives...
==> Epoch[2](3750/7355): Loss: 0.0035
Allocated: 674.24 MB
Cached:    71.34 GB
>> Searching for hard negatives...
>> Searching for hard negatives...
>> Searching for hard negatives...
==> Epoch[2](3800/7355): Loss: 0.0058
Allocated: 674.24 MB
Cached:    71.28 GB
>> Searching for hard negatives...
>> Searching for hard negatives...
>> Searching for hard negatives...
==> Epoch[2](3850/7355): Loss: 0.0128
Allocated: 674.24 MB
Cached:    71.37 GB
>> Searching for hard negatives...
>> Searching for hard negatives...
>> Searching for hard negatives...
==> Epoch[2](3900/7355): Loss: 0.0072
Allocated: 674.24 MB
Cached:    71.28 GB
>> Searching for hard negatives...
>> Searching for hard negatives...
>> Searching for hard negatives...
==> Epoch[2](3950/7355): Loss: 0.0143
Allocated: 674.24 MB
Cached:    71.37 GB
>> Searching for hard negatives...
>> Searching for hard negatives...
>> Searching for hard negatives...
==> Epoch[2](4000/7355): Loss: 0.0148
Allocated: 674.24 MB
Cached:    71.28 GB
>> Searching for hard negatives...
>> Searching for hard negatives...
>> Searching for hard negatives...
==> Epoch[2](4050/7355): Loss: 0.0103
Allocated: 674.24 MB
Cached:    71.37 GB
>> Searching for hard negatives...
>> Searching for hard negatives...
>> Searching for hard negatives...
==> Epoch[2](4100/7355): Loss: 0.0129
Allocated: 674.24 MB
Cached:    71.28 GB
>> Searching for hard negatives...
>> Searching for hard negatives...
>> Searching for hard negatives...
==> Epoch[2](4150/7355): Loss: 0.0064
Allocated: 674.24 MB
Cached:    71.37 GB
>> Searching for hard negatives...
>> Searching for hard negatives...
>> Searching for hard negatives...
==> Epoch[2](4200/7355): Loss: 0.0103
Allocated: 674.24 MB
Cached:    55.89 GB
>> Searching for hard negatives...
>> Searching for hard negatives...
==> Epoch[2](4250/7355): Loss: 0.0026
Allocated: 579.91 MB
Cached:    71.28 GB
>> Searching for hard negatives...
>> Searching for hard negatives...
>> Searching for hard negatives...
==> Epoch[2](4300/7355): Loss: 0.0050
Allocated: 674.24 MB
Cached:    71.37 GB
>> Searching for hard negatives...
>> Searching for hard negatives...
>> Searching for hard negatives...
==> Epoch[2](4350/7355): Loss: 0.0096
Allocated: 674.24 MB
Cached:    71.28 GB
>> Searching for hard negatives...
>> Searching for hard negatives...
>> Searching for hard negatives...
==> Epoch[2](4400/7355): Loss: 0.0117
Allocated: 674.24 MB
Cached:    71.37 GB
>> Searching for hard negatives...
>> Searching for hard negatives...
>> Searching for hard negatives...
==> Epoch[2](4450/7355): Loss: 0.0061
Allocated: 674.24 MB
Cached:    71.28 GB
>> Searching for hard negatives...
>> Searching for hard negatives...
>> Searching for hard negatives...
==> Epoch[2](4500/7355): Loss: 0.0096
Allocated: 674.24 MB
Cached:    71.37 GB
>> Searching for hard negatives...
>> Searching for hard negatives...
>> Searching for hard negatives...
==> Epoch[2](4550/7355): Loss: 0.0011
Allocated: 674.24 MB
Cached:    71.28 GB
>> Searching for hard negatives...
>> Searching for hard negatives...
>> Searching for hard negatives...
==> Epoch[2](4600/7355): Loss: 0.0020
Allocated: 674.24 MB
Cached:    71.37 GB
>> Searching for hard negatives...
>> Searching for hard negatives...
>> Searching for hard negatives...
==> Epoch[2](4650/7355): Loss: 0.0227
Allocated: 674.24 MB
Cached:    71.28 GB
>> Searching for hard negatives...
>> Searching for hard negatives...
>> Searching for hard negatives...
==> Epoch[2](4700/7355): Loss: 0.0134
Allocated: 674.24 MB
Cached:    71.37 GB
>> Searching for hard negatives...
>> Searching for hard negatives...
>> Searching for hard negatives...
==> Epoch[2](4750/7355): Loss: 0.0019
Allocated: 674.24 MB
Cached:    71.28 GB
>> Searching for hard negatives...
>> Searching for hard negatives...
>> Searching for hard negatives...
==> Epoch[2](4800/7355): Loss: 0.0075
Allocated: 674.24 MB
Cached:    71.37 GB
>> Searching for hard negatives...
>> Searching for hard negatives...
>> Searching for hard negatives...
==> Epoch[2](4850/7355): Loss: 0.0040
Allocated: 674.24 MB
Cached:    71.28 GB
>> Searching for hard negatives...
>> Searching for hard negatives...
>> Searching for hard negatives...
==> Epoch[2](4900/7355): Loss: 0.0026
Allocated: 674.24 MB
Cached:    71.37 GB
>> Searching for hard negatives...
>> Searching for hard negatives...
>> Searching for hard negatives...
==> Epoch[2](4950/7355): Loss: 0.0049
Allocated: 674.24 MB
Cached:    71.28 GB
>> Searching for hard negatives...
>> Searching for hard negatives...
>> Searching for hard negatives...
==> Epoch[2](5000/7355): Loss: 0.0043
Allocated: 674.24 MB
Cached:    71.37 GB
>> Searching for hard negatives...
>> Searching for hard negatives...
>> Searching for hard negatives...
==> Epoch[2](5050/7355): Loss: 0.0140
Allocated: 674.24 MB
Cached:    55.89 GB
>> Searching for hard negatives...
>> Searching for hard negatives...
==> Epoch[2](5100/7355): Loss: 0.0009
Allocated: 579.91 MB
Cached:    71.28 GB
>> Searching for hard negatives...
>> Searching for hard negatives...
>> Searching for hard negatives...
==> Epoch[2](5150/7355): Loss: 0.0157
Allocated: 674.24 MB
Cached:    71.37 GB
>> Searching for hard negatives...
>> Searching for hard negatives...
>> Searching for hard negatives...
==> Epoch[2](5200/7355): Loss: 0.0042
Allocated: 674.24 MB
Cached:    71.28 GB
>> Searching for hard negatives...
>> Searching for hard negatives...
>> Searching for hard negatives...
==> Epoch[2](5250/7355): Loss: 0.0047
Allocated: 674.24 MB
Cached:    71.37 GB
>> Searching for hard negatives...
>> Searching for hard negatives...
>> Searching for hard negatives...
==> Epoch[2](5300/7355): Loss: 0.0170
Allocated: 674.24 MB
Cached:    71.28 GB
>> Searching for hard negatives...
>> Searching for hard negatives...
>> Searching for hard negatives...
==> Epoch[2](5350/7355): Loss: 0.0058
Allocated: 674.24 MB
Cached:    71.37 GB
>> Searching for hard negatives...
>> Searching for hard negatives...
>> Searching for hard negatives...
==> Epoch[2](5400/7355): Loss: 0.0030
Allocated: 674.24 MB
Cached:    71.35 GB
>> Searching for hard negatives...
>> Searching for hard negatives...
>> Searching for hard negatives...
==> Epoch[2](5450/7355): Loss: 0.0133
Allocated: 674.24 MB
Cached:    71.28 GB
>> Searching for hard negatives...
>> Searching for hard negatives...
>> Searching for hard negatives...
==> Epoch[2](5500/7355): Loss: 0.0147
Allocated: 674.24 MB
Cached:    71.37 GB
>> Searching for hard negatives...
>> Searching for hard negatives...
>> Searching for hard negatives...
==> Epoch[2](5550/7355): Loss: 0.0031
Allocated: 674.24 MB
Cached:    71.28 GB
>> Searching for hard negatives...
>> Searching for hard negatives...
>> Searching for hard negatives...
==> Epoch[2](5600/7355): Loss: 0.0057
Allocated: 674.24 MB
Cached:    71.37 GB
>> Searching for hard negatives...
>> Searching for hard negatives...
>> Searching for hard negatives...
==> Epoch[2](5650/7355): Loss: 0.0091
Allocated: 674.24 MB
Cached:    71.28 GB
>> Searching for hard negatives...
>> Searching for hard negatives...
>> Searching for hard negatives...
==> Epoch[2](5700/7355): Loss: 0.0027
Allocated: 674.24 MB
Cached:    71.37 GB
>> Searching for hard negatives...
>> Searching for hard negatives...
>> Searching for hard negatives...
==> Epoch[2](5750/7355): Loss: 0.0270
Allocated: 674.24 MB
Cached:    71.28 GB
>> Searching for hard negatives...
>> Searching for hard negatives...
>> Searching for hard negatives...
==> Epoch[2](5800/7355): Loss: 0.0109
Allocated: 674.24 MB
Cached:    71.37 GB
>> Searching for hard negatives...
>> Searching for hard negatives...
>> Searching for hard negatives...
==> Epoch[2](5850/7355): Loss: 0.0069
Allocated: 674.24 MB
Cached:    71.28 GB
>> Searching for hard negatives...
>> Searching for hard negatives...
>> Searching for hard negatives...
==> Epoch[2](5900/7355): Loss: 0.0035
Allocated: 674.24 MB
Cached:    55.99 GB
>> Searching for hard negatives...
>> Searching for hard negatives...
==> Epoch[2](5950/7355): Loss: 0.0161
Allocated: 579.91 MB
Cached:    71.37 GB
>> Searching for hard negatives...
>> Searching for hard negatives...
>> Searching for hard negatives...
==> Epoch[2](6000/7355): Loss: 0.0030
Allocated: 674.24 MB
Cached:    71.28 GB
>> Searching for hard negatives...
>> Searching for hard negatives...
>> Searching for hard negatives...
==> Epoch[2](6050/7355): Loss: 0.0062
Allocated: 674.24 MB
Cached:    71.37 GB
>> Searching for hard negatives...
>> Searching for hard negatives...
>> Searching for hard negatives...
==> Epoch[2](6100/7355): Loss: 0.0069
Allocated: 674.24 MB
Cached:    71.28 GB
>> Searching for hard negatives...
>> Searching for hard negatives...
>> Searching for hard negatives...
==> Epoch[2](6150/7355): Loss: 0.0064
Allocated: 674.24 MB
Cached:    71.37 GB
>> Searching for hard negatives...
>> Searching for hard negatives...
>> Searching for hard negatives...
==> Epoch[2](6200/7355): Loss: 0.0025
Allocated: 674.24 MB
Cached:    71.28 GB
>> Searching for hard negatives...
>> Searching for hard negatives...
>> Searching for hard negatives...
==> Epoch[2](6250/7355): Loss: 0.0041
Allocated: 674.24 MB
Cached:    71.37 GB
>> Searching for hard negatives...
>> Searching for hard negatives...
>> Searching for hard negatives...
==> Epoch[2](6300/7355): Loss: 0.0033
Allocated: 674.24 MB
Cached:    71.28 GB
>> Searching for hard negatives...
>> Searching for hard negatives...
>> Searching for hard negatives...
==> Epoch[2](6350/7355): Loss: 0.0064
Allocated: 674.24 MB
Cached:    71.37 GB
>> Searching for hard negatives...
>> Searching for hard negatives...
>> Searching for hard negatives...
==> Epoch[2](6400/7355): Loss: 0.0048
Allocated: 674.24 MB
Cached:    71.28 GB
>> Searching for hard negatives...
>> Searching for hard negatives...
>> Searching for hard negatives...
==> Epoch[2](6450/7355): Loss: 0.0082
Allocated: 674.24 MB
Cached:    71.37 GB
>> Searching for hard negatives...
>> Searching for hard negatives...
>> Searching for hard negatives...
==> Epoch[2](6500/7355): Loss: 0.0085
Allocated: 674.24 MB
Cached:    71.28 GB
>> Searching for hard negatives...
>> Searching for hard negatives...
>> Searching for hard negatives...
==> Epoch[2](6550/7355): Loss: 0.0028
Allocated: 674.24 MB
Cached:    71.37 GB
>> Searching for hard negatives...
>> Searching for hard negatives...
>> Searching for hard negatives...
==> Epoch[2](6600/7355): Loss: 0.0103
Allocated: 674.24 MB
Cached:    71.28 GB
>> Searching for hard negatives...
>> Searching for hard negatives...
>> Searching for hard negatives...
==> Epoch[2](6650/7355): Loss: 0.0357
Allocated: 674.24 MB
Cached:    71.37 GB
>> Searching for hard negatives...
>> Searching for hard negatives...
>> Searching for hard negatives...
==> Epoch[2](6700/7355): Loss: 0.0128
Allocated: 674.24 MB
Cached:    71.28 GB
>> Searching for hard negatives...
>> Searching for hard negatives...
>> Searching for hard negatives...
==> Epoch[2](6750/7355): Loss: 0.0046
Allocated: 674.24 MB
Cached:    55.99 GB
>> Searching for hard negatives...
>> Searching for hard negatives...
==> Epoch[2](6800/7355): Loss: 0.0167
Allocated: 579.91 MB
Cached:    71.37 GB
>> Searching for hard negatives...
>> Searching for hard negatives...
>> Searching for hard negatives...
==> Epoch[2](6850/7355): Loss: 0.0023
Allocated: 674.24 MB
Cached:    71.28 GB
>> Searching for hard negatives...
>> Searching for hard negatives...
>> Searching for hard negatives...
==> Epoch[2](6900/7355): Loss: 0.0172
Allocated: 674.24 MB
Cached:    71.37 GB
>> Searching for hard negatives...
>> Searching for hard negatives...
>> Searching for hard negatives...
==> Epoch[2](6950/7355): Loss: 0.0140
Allocated: 674.24 MB
Cached:    71.28 GB
>> Searching for hard negatives...
>> Searching for hard negatives...
>> Searching for hard negatives...
==> Epoch[2](7000/7355): Loss: 0.0018
Allocated: 674.24 MB
Cached:    71.37 GB
>> Searching for hard negatives...
>> Searching for hard negatives...
>> Searching for hard negatives...
==> Epoch[2](7050/7355): Loss: 0.0078
Allocated: 674.24 MB
Cached:    71.28 GB
>> Searching for hard negatives...
>> Searching for hard negatives...
>> Searching for hard negatives...
==> Epoch[2](7100/7355): Loss: 0.0063
Allocated: 674.24 MB
Cached:    71.37 GB
>> Searching for hard negatives...
>> Searching for hard negatives...
>> Searching for hard negatives...
==> Epoch[2](7150/7355): Loss: 0.0072
Allocated: 674.24 MB
Cached:    71.28 GB
>> Searching for hard negatives...
>> Searching for hard negatives...
>> Searching for hard negatives...
==> Epoch[2](7200/7355): Loss: 0.0150
Allocated: 674.24 MB
Cached:    71.37 GB
>> Searching for hard negatives...
>> Searching for hard negatives...
>> Searching for hard negatives...
==> Epoch[2](7250/7355): Loss: 0.0167
Allocated: 674.24 MB
Cached:    71.28 GB
>> Searching for hard negatives...
>> Searching for hard negatives...
>> Searching for hard negatives...
==> Epoch[2](7300/7355): Loss: 0.0189
Allocated: 674.24 MB
Cached:    71.37 GB
>> Searching for hard negatives...
>> Searching for hard negatives...
>> Searching for hard negatives...
==> Epoch[2](7350/7355): Loss: 0.0068
Allocated: 674.24 MB
Cached:    71.28 GB
>> Searching for hard negatives...
>> Searching for hard negatives...
>> Searching for hard negatives...
==> Epoch[2](7400/7355): Loss: 0.0083
Allocated: 674.24 MB
Cached:    71.37 GB
>> Searching for hard negatives...
>> Searching for hard negatives...
>> Searching for hard negatives...
==> Epoch[2](7450/7355): Loss: 0.0314
Allocated: 674.24 MB
Cached:    71.28 GB
>> Searching for hard negatives...
>> Searching for hard negatives...
>> Searching for hard negatives...
==> Epoch[2](7500/7355): Loss: 0.0081
Allocated: 674.24 MB
Cached:    71.37 GB
===> Epoch 2 Complete: Avg. Loss: 0.0095
====> Extracting Features
