Wed Aug 21 14:45:54 EDT 2024
/home/m.maqboolbhutta/usman_ws/codes/patchnetvlad
/home/m.maqboolbhutta/.conda/envs/patchnetvlad/bin/python
Host: c1103a-s17
Other nodes: 
Starting  process(es) on each node...
==========Starting Training=============
Saving checkpoints at /home/m.maqboolbhutta/usman_ws/models/patchnetvlad/fastscnn-v3/vgg16-graphvlad-sare_joint-21-Aug
========================================
Namespace(cache_path='/home/m.maqboolbhutta/usman_ws/datasets/official/patchnetvlad/', cluster_path='/home/m.maqboolbhutta/usman_ws/datasets/official/patchnetvlad/centroids/vgg16_mapillary_16_desc_cen.hdf5', config_path='patchnetvlad/configs/train-slurm.ini', dataset_root_dir='/home/m.maqboolbhutta/usman_ws/datasets/Mapillary_Street_Level_Sequences/', fast_scnn='/home/m.maqboolbhutta/usman_ws/datasets/official/fast_scnn/official/fast_scnn_citys.pth', identifier='mapillary_nopanos', loss='sare_joint', method='graphvlad', nEpochs=30, nocuda=False, resume_path='', save_every_epoch=True, save_path='/home/m.maqboolbhutta/usman_ws/models/patchnetvlad/fastscnn-v3/vgg16-graphvlad-sare_joint-21-Aug', start_epoch=0, threads=6, vd16_offtheshelf_path='/home/m.maqboolbhutta/usman_ws/datasets/official/openibl-init/vd16_offtheshelf_conv5_3_max.pth')
===> Building model
===> Loading model
===> Loading segmentation model
Creating model graphvlad
===> Loading dataset(s)
Exclude panoramas: True
=====> trondheim
=====> london
=====> boston
=====> melbourne
=====> amsterdam
=====> helsinki
=====> tokyo
=====> toronto
=====> saopaulo
=====> moscow
=====> zurich
=====> paris
=====> bangkok
=====> budapest
=====> austin
=====> berlin
=====> ottawa
=====> phoenix
=====> goa
=====> amman
=====> nairobi
=====> manila
#Sideways [21262/441280]; #Night; [4666/441280]
Forward and Day weighted with 1.0000
Forward and Night weighted with 95.5735
Sideways and Day weighted with 21.7544
Sideways and Night weighted with 116.3279
Exclude panoramas: True
=====> cph
=====> sf
===> Training query set: 441280
===> Evaluating on val set, query count: 740
===> Training model
Saved image to visualization/0/image_with_heatmap.png
Saved image to visualization/0/embed_0.png
Saved image to visualization/0/embed_1.png
Saved image to visualization/0/embed_2.png
Saved image to visualization/0/embed_3.png
Saved image to visualization/0/embed_4.png
Saved image to visualization/0/embed_image.png
Saved image to visualization/0/patch_0.png
Saved image to visualization/0/patch_1.png
Saved image to visualization/0/patch_2.png
Saved image to visualization/0/patch_3.png
Saved image to visualization/1/image_with_heatmap.png
Saved image to visualization/1/embed_0.png
Saved image to visualization/1/embed_1.png
Saved image to visualization/1/embed_2.png
Saved image to visualization/1/embed_3.png
Saved image to visualization/1/embed_4.png
Saved image to visualization/1/embed_5.png
Saved image to visualization/1/embed_image.png
Saved image to visualization/1/patch_0.png
Saved image to visualization/1/patch_1.png
Saved image to visualization/1/patch_2.png
Saved image to visualization/1/patch_3.png
Saved image to visualization/2/image_with_heatmap.png
Saved image to visualization/2/embed_0.png
Saved image to visualization/2/embed_1.png
Saved image to visualization/2/embed_2.png
Saved image to visualization/2/embed_3.png
Saved image to visualization/2/embed_4.png
Saved image to visualization/2/embed_5.png
Saved image to visualization/2/embed_image.png
Saved image to visualization/2/patch_0.png
Saved image to visualization/2/patch_1.png
Saved image to visualization/2/patch_2.png
Saved image to visualization/2/patch_3.png
Saved image to visualization/3/image_with_heatmap.png
Saved image to visualization/3/embed_0.png
Saved image to visualization/3/embed_1.png
Saved image to visualization/3/embed_2.png
Saved image to visualization/3/embed_3.png
Saved image to visualization/3/embed_4.png
Saved image to visualization/3/embed_5.png
Saved image to visualization/3/embed_image.png
Saved image to visualization/3/patch_0.png
Saved image to visualization/3/patch_1.png
Saved image to visualization/3/patch_2.png
Saved image to visualization/3/patch_3.png
Saved image to visualization/4/image_with_heatmap.png
Saved image to visualization/4/embed_0.png
Saved image to visualization/4/embed_1.png
Saved image to visualization/4/embed_2.png
Saved image to visualization/4/embed_3.png
Saved image to visualization/4/embed_4.png
Saved image to visualization/4/embed_5.png
Saved image to visualization/4/embed_image.png
Saved image to visualization/4/patch_0.png
Saved image to visualization/4/patch_1.png
Saved image to visualization/4/patch_2.png
Saved image to visualization/4/patch_3.png
Saved image to visualization/5/image_with_heatmap.png
Saved image to visualization/5/embed_0.png
Saved image to visualization/5/embed_1.png
Saved image to visualization/5/embed_2.png
Saved image to visualization/5/embed_3.png
Saved image to visualization/5/embed_4.png
Saved image to visualization/5/embed_5.png
Saved image to visualization/5/embed_image.png
Saved image to visualization/5/patch_0.png
Saved image to visualization/5/patch_1.png
Saved image to visualization/5/patch_2.png
Saved image to visualization/5/patch_3.png
Saved image to visualization/6/image_with_heatmap.png
Saved image to visualization/6/embed_0.png
Saved image to visualization/6/embed_1.png
Saved image to visualization/6/embed_2.png
Saved image to visualization/6/embed_3.png
Saved image to visualization/6/embed_4.png
Saved image to visualization/6/embed_5.png
Saved image to visualization/6/embed_image.png
Saved image to visualization/6/patch_0.png
Saved image to visualization/6/patch_1.png
Saved image to visualization/6/patch_2.png
Saved image to visualization/6/patch_3.png
Saved image to visualization/7/image_with_heatmap.png
Saved image to visualization/7/embed_0.png
Saved image to visualization/7/embed_1.png
Saved image to visualization/7/embed_2.png
Saved image to visualization/7/embed_3.png
Saved image to visualization/7/embed_4.png
Saved image to visualization/7/embed_image.png
Saved image to visualization/7/patch_0.png
Saved image to visualization/7/patch_1.png
Saved image to visualization/7/patch_2.png
Saved image to visualization/7/patch_3.png
Saved image to visualization/8/image_with_heatmap.png
Saved image to visualization/8/embed_0.png
Saved image to visualization/8/embed_1.png
Saved image to visualization/8/embed_2.png
Saved image to visualization/8/embed_3.png
Saved image to visualization/8/embed_4.png
Saved image to visualization/8/embed_5.png
Saved image to visualization/8/embed_image.png
Saved image to visualization/8/patch_0.png
Saved image to visualization/8/patch_1.png
Saved image to visualization/8/patch_2.png
Saved image to visualization/8/patch_3.png
Saved image to visualization/9/image_with_heatmap.png
Saved image to visualization/9/embed_0.png
Saved image to visualization/9/embed_1.png
Saved image to visualization/9/embed_2.png
Saved image to visualization/9/embed_3.png
Saved image to visualization/9/embed_4.png
Saved image to visualization/9/embed_5.png
Saved image to visualization/9/embed_image.png
Saved image to visualization/9/patch_0.png
Saved image to visualization/9/patch_1.png
Saved image to visualization/9/patch_2.png
Saved image to visualization/9/patch_3.png
Saved image to visualization/10/image_with_heatmap.png
Saved image to visualization/10/embed_0.png
Saved image to visualization/10/embed_1.png
Saved image to visualization/10/embed_2.png
Saved image to visualization/10/embed_3.png
Saved image to visualization/10/embed_4.png
Saved image to visualization/10/embed_5.png
Saved image to visualization/10/embed_image.png
Saved image to visualization/10/patch_0.png
Saved image to visualization/10/patch_1.png
Saved image to visualization/10/patch_2.png
Saved image to visualization/10/patch_3.png
Saved image to visualization/11/image_with_heatmap.png
Saved image to visualization/11/embed_0.png
Saved image to visualization/11/embed_1.png
Saved image to visualization/11/embed_2.png
Saved image to visualization/11/embed_3.png
Saved image to visualization/11/embed_4.png
Saved image to visualization/11/embed_5.png
Saved image to visualization/11/embed_image.png
Saved image to visualization/11/patch_0.png
Saved image to visualization/11/patch_1.png
Saved image to visualization/11/patch_2.png
Saved image to visualization/11/patch_3.png
Saved image to visualization/12/image_with_heatmap.png
Saved image to visualization/12/embed_0.png
Saved image to visualization/12/embed_1.png
Saved image to visualization/12/embed_2.png
Saved image to visualization/12/embed_3.png
Saved image to visualization/12/embed_4.png
Saved image to visualization/12/embed_5.png
Saved image to visualization/12/embed_image.png
Saved image to visualization/12/patch_0.png
Saved image to visualization/12/patch_1.png
Saved image to visualization/12/patch_2.png
Saved image to visualization/12/patch_3.png
Saved image to visualization/13/image_with_heatmap.png
Saved image to visualization/13/embed_0.png
Saved image to visualization/13/embed_1.png
Saved image to visualization/13/embed_2.png
Saved image to visualization/13/embed_3.png
Saved image to visualization/13/embed_4.png
Saved image to visualization/13/embed_5.png
Saved image to visualization/13/embed_image.png
Saved image to visualization/13/patch_0.png
Saved image to visualization/13/patch_1.png
Saved image to visualization/13/patch_2.png
Saved image to visualization/13/patch_3.png
Saved image to visualization/14/image_with_heatmap.png
Saved image to visualization/14/embed_0.png
Saved image to visualization/14/embed_1.png
Saved image to visualization/14/embed_2.png
Saved image to visualization/14/embed_3.png
Saved image to visualization/14/embed_4.png
Saved image to visualization/14/embed_image.png
Saved image to visualization/14/patch_0.png
Saved image to visualization/14/patch_1.png
Saved image to visualization/14/patch_2.png
Saved image to visualization/14/patch_3.png
Saved image to visualization/15/image_with_heatmap.png
Saved image to visualization/15/embed_0.png
Saved image to visualization/15/embed_1.png
Saved image to visualization/15/embed_2.png
Saved image to visualization/15/embed_3.png
Saved image to visualization/15/embed_4.png
Saved image to visualization/15/embed_5.png
Saved image to visualization/15/embed_image.png
Saved image to visualization/15/patch_0.png
Saved image to visualization/15/patch_1.png
Saved image to visualization/15/patch_2.png
Saved image to visualization/15/patch_3.png
Saved image to visualization/16/image_with_heatmap.png
Saved image to visualization/16/embed_0.png
Saved image to visualization/16/embed_1.png
Saved image to visualization/16/embed_2.png
Saved image to visualization/16/embed_3.png
Saved image to visualization/16/embed_4.png
Saved image to visualization/16/embed_5.png
Saved image to visualization/16/embed_image.png
Saved image to visualization/16/patch_0.png
Saved image to visualization/16/patch_1.png
Saved image to visualization/16/patch_2.png
Saved image to visualization/16/patch_3.png
Saved image to visualization/17/image_with_heatmap.png
Saved image to visualization/17/embed_0.png
Saved image to visualization/17/embed_1.png
Saved image to visualization/17/embed_2.png
Saved image to visualization/17/embed_3.png
Saved image to visualization/17/embed_4.png
Saved image to visualization/17/embed_5.png
Saved image to visualization/17/embed_image.png
Saved image to visualization/17/patch_0.png
Saved image to visualization/17/patch_1.png
Saved image to visualization/17/patch_2.png
Saved image to visualization/17/patch_3.png
Saved image to visualization/18/image_with_heatmap.png
Saved image to visualization/18/embed_0.png
Saved image to visualization/18/embed_1.png
Saved image to visualization/18/embed_2.png
Saved image to visualization/18/embed_3.png
Saved image to visualization/18/embed_4.png
Saved image to visualization/18/embed_5.png
Saved image to visualization/18/embed_image.png
Saved image to visualization/18/patch_0.png
Saved image to visualization/18/patch_1.png
Saved image to visualization/18/patch_2.png
Saved image to visualization/18/patch_3.png
Saved image to visualization/19/image_with_heatmap.png
Saved image to visualization/19/embed_0.png
Saved image to visualization/19/embed_1.png
Saved image to visualization/19/embed_2.png
Saved image to visualization/19/embed_3.png
Saved image to visualization/19/embed_4.png
Saved image to visualization/19/embed_5.png
Saved image to visualization/19/embed_image.png
Saved image to visualization/19/patch_0.png
Saved image to visualization/19/patch_1.png
Saved image to visualization/19/patch_2.png
Saved image to visualization/19/patch_3.png
Saved image to visualization/20/image_with_heatmap.png
Saved image to visualization/20/embed_0.png
Saved image to visualization/20/embed_1.png
Saved image to visualization/20/embed_2.png
Saved image to visualization/20/embed_3.png
Saved image to visualization/20/embed_4.png
Saved image to visualization/20/embed_5.png
Saved image to visualization/20/embed_image.png
Saved image to visualization/20/patch_0.png
Saved image to visualization/20/patch_1.png
Saved image to visualization/20/patch_2.png
Saved image to visualization/20/patch_3.png
Saved image to visualization/21/image_with_heatmap.png
Saved image to visualization/21/embed_0.png
Saved image to visualization/21/embed_1.png
Saved image to visualization/21/embed_2.png
Saved image to visualization/21/embed_3.png
Saved image to visualization/21/embed_4.png
Saved image to visualization/21/embed_5.png
Saved image to visualization/21/embed_image.png
Saved image to visualization/21/patch_0.png
Saved image to visualization/21/patch_1.png
Saved image to visualization/21/patch_2.png
Saved image to visualization/21/patch_3.png
Saved image to visualization/22/image_with_heatmap.png
Saved image to visualization/22/embed_0.png
Saved image to visualization/22/embed_1.png
Saved image to visualization/22/embed_2.png
Saved image to visualization/22/embed_3.png
Saved image to visualization/22/embed_4.png
Saved image to visualization/22/embed_5.png
Saved image to visualization/22/embed_image.png
Saved image to visualization/22/patch_0.png
Saved image to visualization/22/patch_1.png
Saved image to visualization/22/patch_2.png
Saved image to visualization/22/patch_3.png
Saved image to visualization/23/image_with_heatmap.png
Saved image to visualization/23/embed_0.png
Saved image to visualization/23/embed_1.png
Saved image to visualization/23/embed_2.png
Saved image to visualization/23/embed_3.png
Saved image to visualization/23/embed_4.png
Saved image to visualization/23/embed_5.png
Saved image to visualization/23/embed_image.png
Saved image to visualization/23/patch_0.png
Saved image to visualization/23/patch_1.png
Saved image to visualization/23/patch_2.png
Saved image to visualization/23/patch_3.png
Saved image to visualization/24/image_with_heatmap.png
Saved image to visualization/24/embed_0.png
Saved image to visualization/24/embed_1.png
Saved image to visualization/24/embed_2.png
Saved image to visualization/24/embed_3.png
Saved image to visualization/24/embed_image.png
Saved image to visualization/24/patch_0.png
Saved image to visualization/24/patch_1.png
Saved image to visualization/24/patch_2.png
Saved image to visualization/24/patch_3.png
Saved image to visualization/25/image_with_heatmap.png
Saved image to visualization/25/embed_0.png
Saved image to visualization/25/embed_1.png
Saved image to visualization/25/embed_2.png
Saved image to visualization/25/embed_3.png
Saved image to visualization/25/embed_4.png
Saved image to visualization/25/embed_image.png
Saved image to visualization/25/patch_0.png
Saved image to visualization/25/patch_1.png
Saved image to visualization/25/patch_2.png
Saved image to visualization/25/patch_3.png
Saved image to visualization/26/image_with_heatmap.png
Saved image to visualization/26/embed_0.png
Saved image to visualization/26/embed_1.png
Saved image to visualization/26/embed_2.png
Saved image to visualization/26/embed_3.png
Saved image to visualization/26/embed_4.png
Saved image to visualization/26/embed_5.png
Saved image to visualization/26/embed_image.png
Saved image to visualization/26/patch_0.png
Saved image to visualization/26/patch_1.png
Saved image to visualization/26/patch_2.png
Saved image to visualization/26/patch_3.png
Saved image to visualization/27/image_with_heatmap.png
Saved image to visualization/27/embed_0.png
Saved image to visualization/27/embed_1.png
Saved image to visualization/27/embed_2.png
Saved image to visualization/27/embed_3.png
Saved image to visualization/27/embed_image.png
Saved image to visualization/27/patch_0.png
Saved image to visualization/27/patch_1.png
Saved image to visualization/27/patch_2.png
Saved image to visualization/27/patch_3.png
Saved image to visualization/28/image_with_heatmap.png
Saved image to visualization/28/embed_0.png
Saved image to visualization/28/embed_1.png
Saved image to visualization/28/embed_2.png
Saved image to visualization/28/embed_3.png
Saved image to visualization/28/embed_4.png
Saved image to visualization/28/embed_5.png
Saved image to visualization/28/embed_image.png
Saved image to visualization/28/patch_0.png
Saved image to visualization/28/patch_1.png
Saved image to visualization/28/patch_2.png
Saved image to visualization/28/patch_3.png
Saved image to visualization/29/image_with_heatmap.png
Saved image to visualization/29/embed_0.png
Saved image to visualization/29/embed_1.png
Saved image to visualization/29/embed_2.png
Saved image to visualization/29/embed_3.png
Saved image to visualization/29/embed_4.png
Saved image to visualization/29/embed_5.png
Saved image to visualization/29/embed_image.png
Saved image to visualization/29/patch_0.png
Saved image to visualization/29/patch_1.png
Saved image to visualization/29/patch_2.png
Saved image to visualization/29/patch_3.png
Saved image to visualization/30/image_with_heatmap.png
Saved image to visualization/30/embed_0.png
Saved image to visualization/30/embed_1.png
Saved image to visualization/30/embed_2.png
Saved image to visualization/30/embed_3.png
Saved image to visualization/30/embed_4.png
Saved image to visualization/30/embed_5.png
Saved image to visualization/30/embed_image.png
Saved image to visualization/30/patch_0.png
Saved image to visualization/30/patch_1.png
Saved image to visualization/30/patch_2.png
Saved image to visualization/30/patch_3.png
Saved image to visualization/31/image_with_heatmap.png
Saved image to visualization/31/embed_0.png
Saved image to visualization/31/embed_1.png
Saved image to visualization/31/embed_2.png
Saved image to visualization/31/embed_3.png
Saved image to visualization/31/embed_4.png
Saved image to visualization/31/embed_5.png
Saved image to visualization/31/embed_image.png
Saved image to visualization/31/patch_0.png
Saved image to visualization/31/patch_1.png
Saved image to visualization/31/patch_2.png
Saved image to visualization/31/patch_3.png
Saved image to visualization/32/image_with_heatmap.png
Saved image to visualization/32/embed_0.png
Saved image to visualization/32/embed_1.png
Saved image to visualization/32/embed_2.png
Saved image to visualization/32/embed_3.png
Saved image to visualization/32/embed_4.png
Saved image to visualization/32/embed_5.png
Saved image to visualization/32/embed_image.png
Saved image to visualization/32/patch_0.png
Saved image to visualization/32/patch_1.png
Saved image to visualization/32/patch_2.png
Saved image to visualization/32/patch_3.png
Saved image to visualization/33/image_with_heatmap.png
Saved image to visualization/33/embed_0.png
Saved image to visualization/33/embed_1.png
Saved image to visualization/33/embed_2.png
Saved image to visualization/33/embed_3.png
Saved image to visualization/33/embed_4.png
Saved image to visualization/33/embed_5.png
Saved image to visualization/33/embed_image.png
Saved image to visualization/33/patch_0.png
Saved image to visualization/33/patch_1.png
Saved image to visualization/33/patch_2.png
Saved image to visualization/33/patch_3.png
Saved image to visualization/34/image_with_heatmap.png
Saved image to visualization/34/embed_0.png
Saved image to visualization/34/embed_1.png
Saved image to visualization/34/embed_2.png
Saved image to visualization/34/embed_3.png
Saved image to visualization/34/embed_4.png
Saved image to visualization/34/embed_5.png
Saved image to visualization/34/embed_image.png
Saved image to visualization/34/patch_0.png
Saved image to visualization/34/patch_1.png
Saved image to visualization/34/patch_2.png
Saved image to visualization/34/patch_3.png
Saved image to visualization/35/image_with_heatmap.png
Saved image to visualization/35/embed_0.png
Saved image to visualization/35/embed_1.png
Saved image to visualization/35/embed_2.png
Saved image to visualization/35/embed_3.png
Saved image to visualization/35/embed_4.png
Saved image to visualization/35/embed_image.png
Saved image to visualization/35/patch_0.png
Saved image to visualization/35/patch_1.png
Saved image to visualization/35/patch_2.png
Saved image to visualization/35/patch_3.png
Saved image to visualization/36/image_with_heatmap.png
Saved image to visualization/36/embed_0.png
Saved image to visualization/36/embed_1.png
Saved image to visualization/36/embed_2.png
Saved image to visualization/36/embed_3.png
Saved image to visualization/36/embed_4.png
Saved image to visualization/36/embed_5.png
Saved image to visualization/36/embed_image.png
Saved image to visualization/36/patch_0.png
Saved image to visualization/36/patch_1.png
Saved image to visualization/36/patch_2.png
Saved image to visualization/36/patch_3.png
Saved image to visualization/37/image_with_heatmap.png
Saved image to visualization/37/embed_0.png
Saved image to visualization/37/embed_1.png
Saved image to visualization/37/embed_2.png
Saved image to visualization/37/embed_3.png
Saved image to visualization/37/embed_4.png
Saved image to visualization/37/embed_5.png
Saved image to visualization/37/embed_image.png
Saved image to visualization/37/patch_0.png
Saved image to visualization/37/patch_1.png
Saved image to visualization/37/patch_2.png
Saved image to visualization/37/patch_3.png
Saved image to visualization/38/image_with_heatmap.png
Saved image to visualization/38/embed_0.png
Saved image to visualization/38/embed_1.png
Saved image to visualization/38/embed_2.png
Saved image to visualization/38/embed_3.png
Saved image to visualization/38/embed_4.png
Saved image to visualization/38/embed_5.png
Saved image to visualization/38/embed_image.png
Saved image to visualization/38/patch_0.png
Saved image to visualization/38/patch_1.png
Saved image to visualization/38/patch_2.png
Saved image to visualization/38/patch_3.png
Saved image to visualization/39/image_with_heatmap.png
Saved image to visualization/39/embed_0.png
Saved image to visualization/39/embed_1.png
Saved image to visualization/39/embed_2.png
Saved image to visualization/39/embed_3.png
Saved image to visualization/39/embed_4.png
Saved image to visualization/39/embed_5.png
Saved image to visualization/39/embed_image.png
Saved image to visualization/39/patch_0.png
Saved image to visualization/39/patch_1.png
Saved image to visualization/39/patch_2.png
Saved image to visualization/39/patch_3.png
Saved image to visualization/40/image_with_heatmap.png
Saved image to visualization/40/embed_0.png
Saved image to visualization/40/embed_1.png
Saved image to visualization/40/embed_2.png
Saved image to visualization/40/embed_3.png
Saved image to visualization/40/embed_4.png
Saved image to visualization/40/embed_5.png
Saved image to visualization/40/embed_image.png
Saved image to visualization/40/patch_0.png
Saved image to visualization/40/patch_1.png
Saved image to visualization/40/patch_2.png
Saved image to visualization/40/patch_3.png
Saved image to visualization/41/image_with_heatmap.png
Saved image to visualization/41/embed_0.png
Saved image to visualization/41/embed_1.png
Saved image to visualization/41/embed_2.png
Saved image to visualization/41/embed_3.png
Saved image to visualization/41/embed_4.png
Saved image to visualization/41/embed_5.png
Saved image to visualization/41/embed_image.png
Saved image to visualization/41/patch_0.png
Saved image to visualization/41/patch_1.png
Saved image to visualization/41/patch_2.png
Saved image to visualization/41/patch_3.png
Saved image to visualization/42/image_with_heatmap.png
Saved image to visualization/42/embed_0.png
Saved image to visualization/42/embed_1.png
Saved image to visualization/42/embed_2.png
Saved image to visualization/42/embed_3.png
Saved image to visualization/42/embed_4.png
Saved image to visualization/42/embed_image.png
Saved image to visualization/42/patch_0.png
Saved image to visualization/42/patch_1.png
Saved image to visualization/42/patch_2.png
Saved image to visualization/42/patch_3.png
Saved image to visualization/43/image_with_heatmap.png
Saved image to visualization/43/embed_0.png
Saved image to visualization/43/embed_1.png
Saved image to visualization/43/embed_2.png
Saved image to visualization/43/embed_3.png
Saved image to visualization/43/embed_4.png
Saved image to visualization/43/embed_image.png
Saved image to visualization/43/patch_0.png
Saved image to visualization/43/patch_1.png
Saved image to visualization/43/patch_2.png
Saved image to visualization/43/patch_3.png
Saved image to visualization/44/image_with_heatmap.png
Saved image to visualization/44/embed_0.png
Saved image to visualization/44/embed_1.png
Saved image to visualization/44/embed_2.png
Saved image to visualization/44/embed_3.png
Saved image to visualization/44/embed_4.png
Saved image to visualization/44/embed_5.png
Saved image to visualization/44/embed_image.png
Saved image to visualization/44/patch_0.png
Saved image to visualization/44/patch_1.png
Saved image to visualization/44/patch_2.png
Saved image to visualization/44/patch_3.png
Saved image to visualization/45/image_with_heatmap.png
Saved image to visualization/45/embed_0.png
Saved image to visualization/45/embed_1.png
Saved image to visualization/45/embed_2.png
Saved image to visualization/45/embed_3.png
Saved image to visualization/45/embed_4.png
Saved image to visualization/45/embed_5.png
Saved image to visualization/45/embed_image.png
Saved image to visualization/45/patch_0.png
Saved image to visualization/45/patch_1.png
Saved image to visualization/45/patch_2.png
Saved image to visualization/45/patch_3.png
Saved image to visualization/46/image_with_heatmap.png
Saved image to visualization/46/embed_0.png
Saved image to visualization/46/embed_1.png
Saved image to visualization/46/embed_2.png
Saved image to visualization/46/embed_3.png
Saved image to visualization/46/embed_4.png
Saved image to visualization/46/embed_5.png
Saved image to visualization/46/embed_image.png
Saved image to visualization/46/patch_0.png
Saved image to visualization/46/patch_1.png
Saved image to visualization/46/patch_2.png
Saved image to visualization/46/patch_3.png
Saved image to visualization/47/image_with_heatmap.png
Saved image to visualization/47/embed_0.png
Saved image to visualization/47/embed_1.png
Saved image to visualization/47/embed_2.png
Saved image to visualization/47/embed_3.png
Saved image to visualization/47/embed_4.png
Saved image to visualization/47/embed_5.png
Saved image to visualization/47/embed_image.png
Saved image to visualization/47/patch_0.png
Saved image to visualization/47/patch_1.png
Saved image to visualization/47/patch_2.png
Saved image to visualization/47/patch_3.png
Saved image to visualization/48/image_with_heatmap.png
Saved image to visualization/48/embed_0.png
Saved image to visualization/48/embed_1.png
Saved image to visualization/48/embed_2.png
Saved image to visualization/48/embed_3.png
Saved image to visualization/48/embed_4.png
Saved image to visualization/48/embed_5.png
Saved image to visualization/48/embed_image.png
Saved image to visualization/48/patch_0.png
Saved image to visualization/48/patch_1.png
Saved image to visualization/48/patch_2.png
Saved image to visualization/48/patch_3.png
Saved image to visualization/49/image_with_heatmap.png
Saved image to visualization/49/embed_0.png
Saved image to visualization/49/embed_1.png
Saved image to visualization/49/embed_2.png
Saved image to visualization/49/embed_3.png
Saved image to visualization/49/embed_4.png
Saved image to visualization/49/embed_image.png
Saved image to visualization/49/patch_0.png
Saved image to visualization/49/patch_1.png
Saved image to visualization/49/patch_2.png
Saved image to visualization/49/patch_3.png
Saved image to visualization/50/image_with_heatmap.png
Saved image to visualization/50/embed_0.png
Saved image to visualization/50/embed_1.png
Saved image to visualization/50/embed_2.png
Saved image to visualization/50/embed_3.png
Saved image to visualization/50/embed_4.png
Saved image to visualization/50/embed_5.png
Saved image to visualization/50/embed_image.png
Saved image to visualization/50/patch_0.png
Saved image to visualization/50/patch_1.png
Saved image to visualization/50/patch_2.png
Saved image to visualization/50/patch_3.png
Saved image to visualization/51/image_with_heatmap.png
Saved image to visualization/51/embed_0.png
Saved image to visualization/51/embed_1.png
Saved image to visualization/51/embed_2.png
Saved image to visualization/51/embed_3.png
Saved image to visualization/51/embed_4.png
Saved image to visualization/51/embed_5.png
Saved image to visualization/51/embed_image.png
Saved image to visualization/51/patch_0.png
Saved image to visualization/51/patch_1.png
Saved image to visualization/51/patch_2.png
Saved image to visualization/51/patch_3.png
Saved image to visualization/52/image_with_heatmap.png
Saved image to visualization/52/embed_0.png
Saved image to visualization/52/embed_1.png
Saved image to visualization/52/embed_2.png
Saved image to visualization/52/embed_image.png
Saved image to visualization/52/patch_0.png
Saved image to visualization/52/patch_1.png
Saved image to visualization/52/patch_2.png
Saved image to visualization/52/patch_3.png
Saved image to visualization/53/image_with_heatmap.png
Saved image to visualization/53/embed_0.png
Saved image to visualization/53/embed_1.png
Saved image to visualization/53/embed_2.png
Saved image to visualization/53/embed_3.png
Saved image to visualization/53/embed_4.png
Saved image to visualization/53/embed_5.png
Saved image to visualization/53/embed_image.png
Saved image to visualization/53/patch_0.png
Saved image to visualization/53/patch_1.png
Saved image to visualization/53/patch_2.png
Saved image to visualization/53/patch_3.png
Saved image to visualization/54/image_with_heatmap.png
Saved image to visualization/54/embed_0.png
Saved image to visualization/54/embed_1.png
Saved image to visualization/54/embed_2.png
Saved image to visualization/54/embed_3.png
Saved image to visualization/54/embed_4.png
Saved image to visualization/54/embed_5.png
Saved image to visualization/54/embed_image.png
Saved image to visualization/54/patch_0.png
Saved image to visualization/54/patch_1.png
Saved image to visualization/54/patch_2.png
Saved image to visualization/54/patch_3.png
Saved image to visualization/55/image_with_heatmap.png
Saved image to visualization/55/embed_0.png
Saved image to visualization/55/embed_1.png
Saved image to visualization/55/embed_2.png
Saved image to visualization/55/embed_3.png
Saved image to visualization/55/embed_4.png
Saved image to visualization/55/embed_5.png
Saved image to visualization/55/embed_image.png
Saved image to visualization/55/patch_0.png
Saved image to visualization/55/patch_1.png
Saved image to visualization/55/patch_2.png
Saved image to visualization/55/patch_3.png
Saved image to visualization/56/image_with_heatmap.png
Saved image to visualization/56/embed_0.png
Saved image to visualization/56/embed_1.png
Saved image to visualization/56/embed_2.png
Saved image to visualization/56/embed_3.png
Saved image to visualization/56/embed_4.png
Saved image to visualization/56/embed_5.png
Saved image to visualization/56/embed_image.png
Saved image to visualization/56/patch_0.png
Saved image to visualization/56/patch_1.png
Saved image to visualization/56/patch_2.png
Saved image to visualization/56/patch_3.png
Saved image to visualization/57/image_with_heatmap.png
Saved image to visualization/57/embed_0.png
Saved image to visualization/57/embed_1.png
Saved image to visualization/57/embed_2.png
Saved image to visualization/57/embed_3.png
Saved image to visualization/57/embed_4.png
Saved image to visualization/57/embed_5.png
Saved image to visualization/57/embed_image.png
Saved image to visualization/57/patch_0.png
Saved image to visualization/57/patch_1.png
Saved image to visualization/57/patch_2.png
Saved image to visualization/57/patch_3.png
Saved image to visualization/58/image_with_heatmap.png
Saved image to visualization/58/embed_0.png
Saved image to visualization/58/embed_1.png
Saved image to visualization/58/embed_2.png
Saved image to visualization/58/embed_3.png
Saved image to visualization/58/embed_4.png
Saved image to visualization/58/embed_5.png
Saved image to visualization/58/embed_image.png
Saved image to visualization/58/patch_0.png
Saved image to visualization/58/patch_1.png
Saved image to visualization/58/patch_2.png
Saved image to visualization/58/patch_3.png
Saved image to visualization/59/image_with_heatmap.png
Saved image to visualization/59/embed_0.png
Saved image to visualization/59/embed_1.png
Saved image to visualization/59/embed_2.png
Saved image to visualization/59/embed_3.png
Saved image to visualization/59/embed_4.png
Saved image to visualization/59/embed_image.png
Saved image to visualization/59/patch_0.png
Saved image to visualization/59/patch_1.png
Saved image to visualization/59/patch_2.png
Saved image to visualization/59/patch_3.png
Saved image to visualization/60/image_with_heatmap.png
Saved image to visualization/60/embed_0.png
Saved image to visualization/60/embed_1.png
Saved image to visualization/60/embed_2.png
Saved image to visualization/60/embed_3.png
Saved image to visualization/60/embed_4.png
Saved image to visualization/60/embed_image.png
Saved image to visualization/60/patch_0.png
Saved image to visualization/60/patch_1.png
Saved image to visualization/60/patch_2.png
Saved image to visualization/60/patch_3.png
Saved image to visualization/61/image_with_heatmap.png
Saved image to visualization/61/embed_0.png
Saved image to visualization/61/embed_1.png
Saved image to visualization/61/embed_2.png
Saved image to visualization/61/embed_3.png
Saved image to visualization/61/embed_4.png
Saved image to visualization/61/embed_5.png
Saved image to visualization/61/embed_image.png
Saved image to visualization/61/patch_0.png
Saved image to visualization/61/patch_1.png
Saved image to visualization/61/patch_2.png
Saved image to visualization/61/patch_3.png
Saved image to visualization/62/image_with_heatmap.png
Saved image to visualization/62/embed_0.png
Saved image to visualization/62/embed_1.png
Saved image to visualization/62/embed_2.png
Saved image to visualization/62/embed_3.png
Saved image to visualization/62/embed_4.png
Saved image to visualization/62/embed_5.png
Saved image to visualization/62/embed_image.png
Saved image to visualization/62/patch_0.png
Saved image to visualization/62/patch_1.png
Saved image to visualization/62/patch_2.png
Saved image to visualization/62/patch_3.png
Saved image to visualization/63/image_with_heatmap.png
Saved image to visualization/63/embed_0.png
Saved image to visualization/63/embed_1.png
Saved image to visualization/63/embed_2.png
Saved image to visualization/63/embed_3.png
Saved image to visualization/63/embed_4.png
Saved image to visualization/63/embed_5.png
Saved image to visualization/63/embed_image.png
Saved image to visualization/63/patch_0.png
Saved image to visualization/63/patch_1.png
Saved image to visualization/63/patch_2.png
Saved image to visualization/63/patch_3.png
Saved image to visualization/64/image_with_heatmap.png
Saved image to visualization/64/embed_0.png
Saved image to visualization/64/embed_1.png
Saved image to visualization/64/embed_2.png
Saved image to visualization/64/embed_3.png
Saved image to visualization/64/embed_4.png
Saved image to visualization/64/embed_5.png
Saved image to visualization/64/embed_image.png
Saved image to visualization/64/patch_0.png
Saved image to visualization/64/patch_1.png
Saved image to visualization/64/patch_2.png
Saved image to visualization/64/patch_3.png
Saved image to visualization/65/image_with_heatmap.png
Saved image to visualization/65/embed_0.png
Saved image to visualization/65/embed_1.png
Saved image to visualization/65/embed_2.png
Saved image to visualization/65/embed_3.png
Saved image to visualization/65/embed_4.png
Saved image to visualization/65/embed_5.png
Saved image to visualization/65/embed_image.png
Saved image to visualization/65/patch_0.png
Saved image to visualization/65/patch_1.png
Saved image to visualization/65/patch_2.png
Saved image to visualization/65/patch_3.png
Saved image to visualization/66/image_with_heatmap.png
Saved image to visualization/66/embed_0.png
Saved image to visualization/66/embed_1.png
Saved image to visualization/66/embed_2.png
Saved image to visualization/66/embed_3.png
Saved image to visualization/66/embed_4.png
Saved image to visualization/66/embed_5.png
Saved image to visualization/66/embed_image.png
Saved image to visualization/66/patch_0.png
Saved image to visualization/66/patch_1.png
Saved image to visualization/66/patch_2.png
Saved image to visualization/66/patch_3.png
Saved image to visualization/67/image_with_heatmap.png
Saved image to visualization/67/embed_0.png
Saved image to visualization/67/embed_1.png
Saved image to visualization/67/embed_2.png
Saved image to visualization/67/embed_3.png
Saved image to visualization/67/embed_4.png
Saved image to visualization/67/embed_5.png
Saved image to visualization/67/embed_image.png
Saved image to visualization/67/patch_0.png
Saved image to visualization/67/patch_1.png
Saved image to visualization/67/patch_2.png
Saved image to visualization/67/patch_3.png
Saved image to visualization/68/image_with_heatmap.png
Saved image to visualization/68/embed_0.png
Saved image to visualization/68/embed_1.png
Saved image to visualization/68/embed_2.png
Saved image to visualization/68/embed_3.png
Saved image to visualization/68/embed_4.png
Saved image to visualization/68/embed_5.png
Saved image to visualization/68/embed_image.png
Saved image to visualization/68/patch_0.png
Saved image to visualization/68/patch_1.png
Saved image to visualization/68/patch_2.png
Saved image to visualization/68/patch_3.png
Saved image to visualization/69/image_with_heatmap.png
Saved image to visualization/69/embed_0.png
Saved image to visualization/69/embed_1.png
Saved image to visualization/69/embed_2.png
Saved image to visualization/69/embed_3.png
Saved image to visualization/69/embed_image.png
Saved image to visualization/69/patch_0.png
Saved image to visualization/69/patch_1.png
Saved image to visualization/69/patch_2.png
Saved image to visualization/69/patch_3.png
Saved image to visualization/70/image_with_heatmap.png
Saved image to visualization/70/embed_0.png
Saved image to visualization/70/embed_1.png
Saved image to visualization/70/embed_2.png
Saved image to visualization/70/embed_3.png
Saved image to visualization/70/embed_4.png
Saved image to visualization/70/embed_5.png
Saved image to visualization/70/embed_image.png
Saved image to visualization/70/patch_0.png
Saved image to visualization/70/patch_1.png
Saved image to visualization/70/patch_2.png
Saved image to visualization/70/patch_3.png
Saved image to visualization/71/image_with_heatmap.png
Saved image to visualization/71/embed_0.png
Saved image to visualization/71/embed_1.png
Saved image to visualization/71/embed_2.png
Saved image to visualization/71/embed_3.png
Saved image to visualization/71/embed_4.png
Saved image to visualization/71/embed_5.png
Saved image to visualization/71/embed_image.png
Saved image to visualization/71/patch_0.png
Saved image to visualization/71/patch_1.png
Saved image to visualization/71/patch_2.png
Saved image to visualization/71/patch_3.png
Saved image to visualization/72/image_with_heatmap.png
Saved image to visualization/72/embed_0.png
Saved image to visualization/72/embed_1.png
Saved image to visualization/72/embed_2.png
Saved image to visualization/72/embed_3.png
Saved image to visualization/72/embed_4.png
Saved image to visualization/72/embed_5.png
Saved image to visualization/72/embed_image.png
Saved image to visualization/72/patch_0.png
Saved image to visualization/72/patch_1.png
Saved image to visualization/72/patch_2.png
Saved image to visualization/72/patch_3.png
Saved image to visualization/73/image_with_heatmap.png
Saved image to visualization/73/embed_0.png
Saved image to visualization/73/embed_1.png
Saved image to visualization/73/embed_2.png
Saved image to visualization/73/embed_3.png
Saved image to visualization/73/embed_4.png
Saved image to visualization/73/embed_image.png
Saved image to visualization/73/patch_0.png
Saved image to visualization/73/patch_1.png
Saved image to visualization/73/patch_2.png
Saved image to visualization/73/patch_3.png
Saved image to visualization/74/image_with_heatmap.png
Saved image to visualization/74/embed_0.png
Saved image to visualization/74/embed_1.png
Saved image to visualization/74/embed_2.png
Saved image to visualization/74/embed_3.png
Saved image to visualization/74/embed_4.png
Saved image to visualization/74/embed_image.png
Saved image to visualization/74/patch_0.png
Saved image to visualization/74/patch_1.png
Saved image to visualization/74/patch_2.png
Saved image to visualization/74/patch_3.png
Saved image to visualization/75/image_with_heatmap.png
Saved image to visualization/75/embed_0.png
Saved image to visualization/75/embed_1.png
Saved image to visualization/75/embed_2.png
Saved image to visualization/75/embed_3.png
Saved image to visualization/75/embed_4.png
Saved image to visualization/75/embed_image.png
Saved image to visualization/75/patch_0.png
Saved image to visualization/75/patch_1.png
Saved image to visualization/75/patch_2.png
Saved image to visualization/75/patch_3.png
Saved image to visualization/76/image_with_heatmap.png
Saved image to visualization/76/embed_0.png
Saved image to visualization/76/embed_1.png
Saved image to visualization/76/embed_2.png
Saved image to visualization/76/embed_3.png
Saved image to visualization/76/embed_4.png
Saved image to visualization/76/embed_5.png
Saved image to visualization/76/embed_image.png
Saved image to visualization/76/patch_0.png
Saved image to visualization/76/patch_1.png
Saved image to visualization/76/patch_2.png
Saved image to visualization/76/patch_3.png
Saved image to visualization/77/image_with_heatmap.png
Saved image to visualization/77/embed_0.png
Saved image to visualization/77/embed_1.png
Saved image to visualization/77/embed_2.png
Saved image to visualization/77/embed_3.png
Saved image to visualization/77/embed_4.png
Saved image to visualization/77/embed_5.png
Saved image to visualization/77/embed_image.png
Saved image to visualization/77/patch_0.png
Saved image to visualization/77/patch_1.png
Saved image to visualization/77/patch_2.png
Saved image to visualization/77/patch_3.png
Saved image to visualization/78/image_with_heatmap.png
Saved image to visualization/78/embed_0.png
Saved image to visualization/78/embed_1.png
Saved image to visualization/78/embed_2.png
Saved image to visualization/78/embed_3.png
Saved image to visualization/78/embed_image.png
Saved image to visualization/78/patch_0.png
Saved image to visualization/78/patch_1.png
Saved image to visualization/78/patch_2.png
Saved image to visualization/78/patch_3.png
Saved image to visualization/79/image_with_heatmap.png
Saved image to visualization/79/embed_0.png
Saved image to visualization/79/embed_1.png
Saved image to visualization/79/embed_2.png
Saved image to visualization/79/embed_3.png
Saved image to visualization/79/embed_4.png
Saved image to visualization/79/embed_5.png
Saved image to visualization/79/embed_image.png
Saved image to visualization/79/patch_0.png
Saved image to visualization/79/patch_1.png
Saved image to visualization/79/patch_2.png
Saved image to visualization/79/patch_3.png
Saved image to visualization/0/image_with_heatmap.png
Saved image to visualization/0/embed_0.png
Saved image to visualization/0/embed_1.png
Saved image to visualization/0/embed_2.png
Saved image to visualization/0/embed_3.png
Saved image to visualization/0/embed_image.png
Saved image to visualization/0/patch_0.png
Saved image to visualization/0/patch_1.png
Saved image to visualization/0/patch_2.png
Saved image to visualization/0/patch_3.png
Saved image to visualization/1/image_with_heatmap.png
Saved image to visualization/1/embed_0.png
Saved image to visualization/1/embed_1.png
Saved image to visualization/1/embed_2.png
Saved image to visualization/1/embed_3.png
Saved image to visualization/1/embed_4.png
Saved image to visualization/1/embed_5.png
Saved image to visualization/1/embed_image.png
Saved image to visualization/1/patch_0.png
Saved image to visualization/1/patch_1.png
Saved image to visualization/1/patch_2.png
Saved image to visualization/1/patch_3.png
Saved image to visualization/2/image_with_heatmap.png
Saved image to visualization/2/embed_0.png
Saved image to visualization/2/embed_1.png
Saved image to visualization/2/embed_2.png
Saved image to visualization/2/embed_3.png
Saved image to visualization/2/embed_4.png
Saved image to visualization/2/embed_5.png
Saved image to visualization/2/embed_image.png
Saved image to visualization/2/patch_0.png
Saved image to visualization/2/patch_1.png
Saved image to visualization/2/patch_2.png
Saved image to visualization/2/patch_3.png
Saved image to visualization/3/image_with_heatmap.png
Saved image to visualization/3/embed_0.png
Saved image to visualization/3/embed_1.png
Saved image to visualization/3/embed_2.png
Saved image to visualization/3/embed_3.png
Saved image to visualization/3/embed_4.png
Saved image to visualization/3/embed_5.png
Saved image to visualization/3/embed_image.png
Saved image to visualization/3/patch_0.png
Saved image to visualization/3/patch_1.png
Saved image to visualization/3/patch_2.png
Saved image to visualization/3/patch_3.png
Saved image to visualization/4/image_with_heatmap.png
Saved image to visualization/4/embed_0.png
Saved image to visualization/4/embed_1.png
Saved image to visualization/4/embed_2.png
Saved image to visualization/4/embed_3.png
Saved image to visualization/4/embed_image.png
Saved image to visualization/4/patch_0.png
Saved image to visualization/4/patch_1.png
Saved image to visualization/4/patch_2.png
Saved image to visualization/4/patch_3.png
Saved image to visualization/5/image_with_heatmap.png
Saved image to visualization/5/embed_0.png
Saved image to visualization/5/embed_1.png
Saved image to visualization/5/embed_2.png
Saved image to visualization/5/embed_3.png
Saved image to visualization/5/embed_4.png
Saved image to visualization/5/embed_5.png
Saved image to visualization/5/embed_image.png
Saved image to visualization/5/patch_0.png
Saved image to visualization/5/patch_1.png
Saved image to visualization/5/patch_2.png
Saved image to visualization/5/patch_3.png
Saved image to visualization/6/image_with_heatmap.png
Saved image to visualization/6/embed_0.png
Saved image to visualization/6/embed_1.png
Saved image to visualization/6/embed_2.png
Saved image to visualization/6/embed_3.png
Saved image to visualization/6/embed_4.png
Saved image to visualization/6/embed_image.png
Saved image to visualization/6/patch_0.png
Saved image to visualization/6/patch_1.png
Saved image to visualization/6/patch_2.png
Saved image to visualization/6/patch_3.png
Saved image to visualization/7/image_with_heatmap.png
Saved image to visualization/7/embed_0.png
Saved image to visualization/7/embed_1.png
Saved image to visualization/7/embed_2.png
Saved image to visualization/7/embed_3.png
Saved image to visualization/7/embed_4.png
Saved image to visualization/7/embed_5.png
Saved image to visualization/7/embed_image.png
Saved image to visualization/7/patch_0.png
Saved image to visualization/7/patch_1.png
Saved image to visualization/7/patch_2.png
Saved image to visualization/7/patch_3.png
Saved image to visualization/8/image_with_heatmap.png
Saved image to visualization/8/embed_0.png
Saved image to visualization/8/embed_1.png
Saved image to visualization/8/embed_2.png
Saved image to visualization/8/embed_3.png
Saved image to visualization/8/embed_4.png
Saved image to visualization/8/embed_image.png
Saved image to visualization/8/patch_0.png
Saved image to visualization/8/patch_1.png
Saved image to visualization/8/patch_2.png
Saved image to visualization/8/patch_3.png
Saved image to visualization/9/image_with_heatmap.png
Saved image to visualization/9/embed_0.png
Saved image to visualization/9/embed_1.png
Saved image to visualization/9/embed_2.png
Saved image to visualization/9/embed_3.png
Saved image to visualization/9/embed_4.png
Saved image to visualization/9/embed_5.png
Saved image to visualization/9/embed_image.png
Saved image to visualization/9/patch_0.png
Saved image to visualization/9/patch_1.png
Saved image to visualization/9/patch_2.png
Saved image to visualization/9/patch_3.png
Saved image to visualization/10/image_with_heatmap.png
Saved image to visualization/10/embed_0.png
Saved image to visualization/10/embed_1.png
Saved image to visualization/10/embed_2.png
Saved image to visualization/10/embed_3.png
Saved image to visualization/10/embed_4.png
Saved image to visualization/10/embed_5.png
Saved image to visualization/10/embed_image.png
Saved image to visualization/10/patch_0.png
Saved image to visualization/10/patch_1.png
Saved image to visualization/10/patch_2.png
Saved image to visualization/10/patch_3.png
Saved image to visualization/11/image_with_heatmap.png
Saved image to visualization/11/embed_0.png
Saved image to visualization/11/embed_1.png
Saved image to visualization/11/embed_2.png
Saved image to visualization/11/embed_3.png
Saved image to visualization/11/embed_4.png
Saved image to visualization/11/embed_5.png
Saved image to visualization/11/embed_image.png
Saved image to visualization/11/patch_0.png
Saved image to visualization/11/patch_1.png
Saved image to visualization/11/patch_2.png
Saved image to visualization/11/patch_3.png
Saved image to visualization/12/image_with_heatmap.png
Saved image to visualization/12/embed_0.png
Saved image to visualization/12/embed_1.png
Saved image to visualization/12/embed_2.png
Saved image to visualization/12/embed_3.png
Saved image to visualization/12/embed_image.png
Saved image to visualization/12/patch_0.png
Saved image to visualization/12/patch_1.png
Saved image to visualization/12/patch_2.png
Saved image to visualization/12/patch_3.png
Saved image to visualization/13/image_with_heatmap.png
Saved image to visualization/13/embed_0.png
Saved image to visualization/13/embed_1.png
Saved image to visualization/13/embed_2.png
Saved image to visualization/13/embed_3.png
Saved image to visualization/13/embed_4.png
Saved image to visualization/13/embed_image.png
Saved image to visualization/13/patch_0.png
Saved image to visualization/13/patch_1.png
Saved image to visualization/13/patch_2.png
Saved image to visualization/13/patch_3.png
Saved image to visualization/14/image_with_heatmap.png
Saved image to visualization/14/embed_0.png
Saved image to visualization/14/embed_1.png
Saved image to visualization/14/embed_2.png
Saved image to visualization/14/embed_3.png
