Sun Aug 25 12:06:53 EDT 2024
/home/m.maqboolbhutta/usman_ws/codes/patchnetvlad
/home/m.maqboolbhutta/.conda/envs/patchnetvlad/bin/python
Host: c0801a-s11
Other nodes: 
Starting  process(es) on each node...
==========Starting Training=============
Saving checkpoints at /home/m.maqboolbhutta/usman_ws/models/patchnetvlad/fastscnn-v3/vgg16-graphvlad-sare_joint-25-Aug
========================================
Namespace(cache_path='/home/m.maqboolbhutta/usman_ws/datasets/official/patchnetvlad/', cluster_path='/home/m.maqboolbhutta/usman_ws/datasets/official/patchnetvlad/centroids/vgg16_mapillary_16_desc_cen.hdf5', config_path='patchnetvlad/configs/train-slurm.ini', dataset_root_dir='/home/m.maqboolbhutta/usman_ws/datasets/Mapillary_Street_Level_Sequences/', fast_scnn='/home/m.maqboolbhutta/usman_ws/datasets/official/fast_scnn/official/fast_scnn_citys.pth', identifier='mapillary_nopanos', loss='sare_joint', method='graphvlad', nEpochs=30, nocuda=False, resume_path='', save_every_epoch=True, save_path='/home/m.maqboolbhutta/usman_ws/models/patchnetvlad/fastscnn-v3/vgg16-graphvlad-sare_joint-25-Aug', start_epoch=0, threads=6, vd16_offtheshelf_path='/home/m.maqboolbhutta/usman_ws/datasets/official/openibl-init/vd16_offtheshelf_conv5_3_max.pth')
===> Building model
===> Loading model
===> Loading segmentation model
Creating model graphvlad
===> Loading dataset(s)
Exclude panoramas: True
=====> trondheim
=====> london
=====> boston
=====> melbourne
=====> amsterdam
=====> helsinki
=====> tokyo
=====> toronto
=====> saopaulo
=====> moscow
=====> zurich
=====> paris
=====> bangkok
=====> budapest
=====> austin
=====> berlin
=====> ottawa
=====> phoenix
=====> goa
=====> amman
=====> nairobi
=====> manila
#Sideways [21262/441280]; #Night; [4666/441280]
Forward and Day weighted with 1.0000
Forward and Night weighted with 95.5735
Sideways and Day weighted with 21.7544
Sideways and Night weighted with 116.3279
Exclude panoramas: True
=====> cph
=====> sf
===> Training query set: 441280
===> Evaluating on val set, query count: 740
===> Training model
>> Searching for hard negatives...
>> Searching for hard negatives...
>> Searching for hard negatives...
==> Epoch[1](50/8826): Loss: 0.1150
Allocated: 528.28 MB
Cached:    18.19 GB
>> Searching for hard negatives...
>> Searching for hard negatives...
==> Epoch[1](100/8826): Loss: 0.0748
Allocated: 522.88 MB
Cached:    20.08 GB
>> Searching for hard negatives...
>> Searching for hard negatives...
>> Searching for hard negatives...
==> Epoch[1](150/8826): Loss: 0.0746
Allocated: 528.28 MB
Cached:    20.08 GB
>> Searching for hard negatives...
>> Searching for hard negatives...
==> Epoch[1](200/8826): Loss: 0.0948
Allocated: 525.70 MB
Cached:    20.08 GB
>> Searching for hard negatives...
>> Searching for hard negatives...
>> Searching for hard negatives...
==> Epoch[1](250/8826): Loss: 0.0898
Allocated: 528.28 MB
Cached:    20.08 GB
>> Searching for hard negatives...
>> Searching for hard negatives...
==> Epoch[1](300/8826): Loss: 0.0148
Allocated: 525.70 MB
Cached:    20.08 GB
>> Searching for hard negatives...
>> Searching for hard negatives...
>> Searching for hard negatives...
==> Epoch[1](350/8826): Loss: 0.0303
Allocated: 528.28 MB
Cached:    20.08 GB
>> Searching for hard negatives...
>> Searching for hard negatives...
==> Epoch[1](400/8826): Loss: 0.0341
Allocated: 525.70 MB
Cached:    23.31 GB
>> Searching for hard negatives...
>> Searching for hard negatives...
>> Searching for hard negatives...
==> Epoch[1](450/8826): Loss: 0.0561
Allocated: 528.28 MB
Cached:    20.08 GB
>> Searching for hard negatives...
>> Searching for hard negatives...
==> Epoch[1](500/8826): Loss: 0.0169
Allocated: 523.12 MB
Cached:    20.08 GB
>> Searching for hard negatives...
>> Searching for hard negatives...
>> Searching for hard negatives...
==> Epoch[1](550/8826): Loss: 0.0696
Allocated: 528.28 MB
Cached:    24.92 GB
>> Searching for hard negatives...
>> Searching for hard negatives...
==> Epoch[1](600/8826): Loss: 0.0478
Allocated: 525.70 MB
Cached:    23.31 GB
>> Searching for hard negatives...
>> Searching for hard negatives...
>> Searching for hard negatives...
==> Epoch[1](650/8826): Loss: 0.0370
Allocated: 528.28 MB
Cached:    20.08 GB
>> Searching for hard negatives...
>> Searching for hard negatives...
==> Epoch[1](700/8826): Loss: 0.0323
Allocated: 525.70 MB
Cached:    23.31 GB
>> Searching for hard negatives...
>> Searching for hard negatives...
>> Searching for hard negatives...
==> Epoch[1](750/8826): Loss: 0.0406
Allocated: 528.28 MB
Cached:    20.08 GB
>> Searching for hard negatives...
>> Searching for hard negatives...
==> Epoch[1](800/8826): Loss: 0.0450
Allocated: 525.70 MB
Cached:    20.08 GB
>> Searching for hard negatives...
>> Searching for hard negatives...
>> Searching for hard negatives...
==> Epoch[1](850/8826): Loss: 0.0174
Allocated: 528.28 MB
Cached:    20.08 GB
>> Searching for hard negatives...
>> Searching for hard negatives...
==> Epoch[1](900/8826): Loss: 0.0091
Allocated: 525.70 MB
Cached:    20.08 GB
>> Searching for hard negatives...
>> Searching for hard negatives...
>> Searching for hard negatives...
==> Epoch[1](950/8826): Loss: 0.0198
Allocated: 528.28 MB
Cached:    20.08 GB
>> Searching for hard negatives...
>> Searching for hard negatives...
==> Epoch[1](1000/8826): Loss: 0.0344
Allocated: 525.70 MB
Cached:    20.08 GB
>> Searching for hard negatives...
>> Searching for hard negatives...
>> Searching for hard negatives...
==> Epoch[1](1050/8826): Loss: 0.0346
Allocated: 528.28 MB
Cached:    20.08 GB
>> Searching for hard negatives...
>> Searching for hard negatives...
==> Epoch[1](1100/8826): Loss: 0.0158
Allocated: 525.70 MB
Cached:    20.08 GB
>> Searching for hard negatives...
>> Searching for hard negatives...
>> Searching for hard negatives...
==> Epoch[1](1150/8826): Loss: 0.0438
Allocated: 528.28 MB
Cached:    20.08 GB
>> Searching for hard negatives...
>> Searching for hard negatives...
==> Epoch[1](1200/8826): Loss: 0.0412
Allocated: 523.12 MB
Cached:    20.08 GB
>> Searching for hard negatives...
>> Searching for hard negatives...
>> Searching for hard negatives...
==> Epoch[1](1250/8826): Loss: 0.0623
Allocated: 528.28 MB
Cached:    23.31 GB
>> Searching for hard negatives...
>> Searching for hard negatives...
==> Epoch[1](1300/8826): Loss: 0.0389
Allocated: 525.70 MB
Cached:    20.08 GB
>> Searching for hard negatives...
>> Searching for hard negatives...
>> Searching for hard negatives...
==> Epoch[1](1350/8826): Loss: 0.0304
Allocated: 528.28 MB
Cached:    20.08 GB
>> Searching for hard negatives...
>> Searching for hard negatives...
==> Epoch[1](1400/8826): Loss: 0.0355
Allocated: 523.12 MB
Cached:    20.08 GB
>> Searching for hard negatives...
>> Searching for hard negatives...
>> Searching for hard negatives...
==> Epoch[1](1450/8826): Loss: 0.0059
Allocated: 528.28 MB
Cached:    23.31 GB
>> Searching for hard negatives...
>> Searching for hard negatives...
==> Epoch[1](1500/8826): Loss: 0.0812
Allocated: 522.88 MB
Cached:    20.08 GB
>> Searching for hard negatives...
>> Searching for hard negatives...
>> Searching for hard negatives...
==> Epoch[1](1550/8826): Loss: 0.0059
Allocated: 528.28 MB
Cached:    20.08 GB
>> Searching for hard negatives...
>> Searching for hard negatives...
==> Epoch[1](1600/8826): Loss: 0.0278
Allocated: 525.70 MB
Cached:    20.08 GB
>> Searching for hard negatives...
>> Searching for hard negatives...
>> Searching for hard negatives...
==> Epoch[1](1650/8826): Loss: 0.0094
Allocated: 528.28 MB
Cached:    20.08 GB
>> Searching for hard negatives...
>> Searching for hard negatives...
==> Epoch[1](1700/8826): Loss: 0.0224
Allocated: 525.70 MB
Cached:    20.08 GB
>> Searching for hard negatives...
>> Searching for hard negatives...
>> Searching for hard negatives...
==> Epoch[1](1750/8826): Loss: 0.0106
Allocated: 528.28 MB
Cached:    20.08 GB
>> Searching for hard negatives...
>> Searching for hard negatives...
==> Epoch[1](1800/8826): Loss: 0.0244
Allocated: 523.12 MB
Cached:    20.08 GB
>> Searching for hard negatives...
>> Searching for hard negatives...
>> Searching for hard negatives...
==> Epoch[1](1850/8826): Loss: 0.0157
Allocated: 528.28 MB
Cached:    23.31 GB
>> Searching for hard negatives...
>> Searching for hard negatives...
==> Epoch[1](1900/8826): Loss: 0.0439
Allocated: 523.12 MB
Cached:    20.08 GB
>> Searching for hard negatives...
>> Searching for hard negatives...
>> Searching for hard negatives...
==> Epoch[1](1950/8826): Loss: 0.0057
Allocated: 528.28 MB
Cached:    23.31 GB
>> Searching for hard negatives...
>> Searching for hard negatives...
==> Epoch[1](2000/8826): Loss: 0.0038
Allocated: 523.12 MB
Cached:    20.08 GB
>> Searching for hard negatives...
>> Searching for hard negatives...
>> Searching for hard negatives...
==> Epoch[1](2050/8826): Loss: 0.0310
Allocated: 528.28 MB
Cached:    20.08 GB
>> Searching for hard negatives...
>> Searching for hard negatives...
==> Epoch[1](2100/8826): Loss: 0.0143
Allocated: 523.12 MB
Cached:    23.31 GB
>> Searching for hard negatives...
>> Searching for hard negatives...
>> Searching for hard negatives...
==> Epoch[1](2150/8826): Loss: 0.0049
Allocated: 528.28 MB
Cached:    23.31 GB
>> Searching for hard negatives...
>> Searching for hard negatives...
==> Epoch[1](2200/8826): Loss: 0.0056
Allocated: 525.70 MB
Cached:    20.08 GB
>> Searching for hard negatives...
>> Searching for hard negatives...
>> Searching for hard negatives...
==> Epoch[1](2250/8826): Loss: 0.0190
Allocated: 528.28 MB
Cached:    20.08 GB
>> Searching for hard negatives...
>> Searching for hard negatives...
==> Epoch[1](2300/8826): Loss: 0.0200
Allocated: 525.70 MB
Cached:    20.08 GB
>> Searching for hard negatives...
>> Searching for hard negatives...
>> Searching for hard negatives...
==> Epoch[1](2350/8826): Loss: 0.0117
Allocated: 528.28 MB
Cached:    20.08 GB
>> Searching for hard negatives...
>> Searching for hard negatives...
==> Epoch[1](2400/8826): Loss: 0.0114
Allocated: 525.70 MB
Cached:    23.31 GB
>> Searching for hard negatives...
>> Searching for hard negatives...
>> Searching for hard negatives...
==> Epoch[1](2450/8826): Loss: 0.0382
Allocated: 528.28 MB
Cached:    20.08 GB
>> Searching for hard negatives...
>> Searching for hard negatives...
==> Epoch[1](2500/8826): Loss: 0.0022
Allocated: 523.12 MB
Cached:    20.08 GB
>> Searching for hard negatives...
>> Searching for hard negatives...
>> Searching for hard negatives...
==> Epoch[1](2550/8826): Loss: 0.0321
Allocated: 528.28 MB
Cached:    23.31 GB
>> Searching for hard negatives...
>> Searching for hard negatives...
==> Epoch[1](2600/8826): Loss: 0.0244
Allocated: 525.70 MB
Cached:    23.31 GB
>> Searching for hard negatives...
>> Searching for hard negatives...
>> Searching for hard negatives...
==> Epoch[1](2650/8826): Loss: 0.0190
Allocated: 528.28 MB
Cached:    20.08 GB
>> Searching for hard negatives...
>> Searching for hard negatives...
==> Epoch[1](2700/8826): Loss: 0.0462
Allocated: 525.70 MB
Cached:    23.31 GB
>> Searching for hard negatives...
>> Searching for hard negatives...
>> Searching for hard negatives...
==> Epoch[1](2750/8826): Loss: 0.0153
Allocated: 528.28 MB
Cached:    20.08 GB
>> Searching for hard negatives...
>> Searching for hard negatives...
==> Epoch[1](2800/8826): Loss: 0.0132
Allocated: 525.70 MB
Cached:    20.08 GB
>> Searching for hard negatives...
>> Searching for hard negatives...
>> Searching for hard negatives...
==> Epoch[1](2850/8826): Loss: 0.0092
Allocated: 528.28 MB
Cached:    20.08 GB
>> Searching for hard negatives...
>> Searching for hard negatives...
==> Epoch[1](2900/8826): Loss: 0.0339
Allocated: 525.70 MB
Cached:    20.08 GB
>> Searching for hard negatives...
>> Searching for hard negatives...
>> Searching for hard negatives...
==> Epoch[1](2950/8826): Loss: 0.0055
Allocated: 528.28 MB
Cached:    20.08 GB
>> Searching for hard negatives...
>> Searching for hard negatives...
==> Epoch[1](3000/8826): Loss: 0.0191
Allocated: 523.12 MB
Cached:    20.08 GB
>> Searching for hard negatives...
>> Searching for hard negatives...
>> Searching for hard negatives...
==> Epoch[1](3050/8826): Loss: 0.0342
Allocated: 528.28 MB
Cached:    20.08 GB
>> Searching for hard negatives...
>> Searching for hard negatives...
==> Epoch[1](3100/8826): Loss: 0.0028
Allocated: 525.70 MB
Cached:    23.31 GB
>> Searching for hard negatives...
>> Searching for hard negatives...
>> Searching for hard negatives...
==> Epoch[1](3150/8826): Loss: 0.0122
Allocated: 528.28 MB
Cached:    20.08 GB
>> Searching for hard negatives...
>> Searching for hard negatives...
==> Epoch[1](3200/8826): Loss: 0.0260
Allocated: 522.88 MB
Cached:    20.08 GB
>> Searching for hard negatives...
>> Searching for hard negatives...
>> Searching for hard negatives...
==> Epoch[1](3250/8826): Loss: 0.0381
Allocated: 528.28 MB
Cached:    20.08 GB
>> Searching for hard negatives...
>> Searching for hard negatives...
==> Epoch[1](3300/8826): Loss: 0.0031
Allocated: 523.12 MB
Cached:    20.08 GB
>> Searching for hard negatives...
>> Searching for hard negatives...
>> Searching for hard negatives...
==> Epoch[1](3350/8826): Loss: 0.0180
Allocated: 528.28 MB
Cached:    20.08 GB
>> Searching for hard negatives...
>> Searching for hard negatives...
==> Epoch[1](3400/8826): Loss: 0.0186
Allocated: 523.12 MB
Cached:    18.47 GB
>> Searching for hard negatives...
>> Searching for hard negatives...
>> Searching for hard negatives...
==> Epoch[1](3450/8826): Loss: 0.0038
Allocated: 528.28 MB
Cached:    20.08 GB
>> Searching for hard negatives...
>> Searching for hard negatives...
==> Epoch[1](3500/8826): Loss: 0.0093
Allocated: 522.88 MB
Cached:    18.47 GB
>> Searching for hard negatives...
>> Searching for hard negatives...
>> Searching for hard negatives...
==> Epoch[1](3550/8826): Loss: 0.0221
Allocated: 528.28 MB
Cached:    23.31 GB
>> Searching for hard negatives...
>> Searching for hard negatives...
==> Epoch[1](3600/8826): Loss: 0.0058
Allocated: 523.12 MB
Cached:    23.31 GB
>> Searching for hard negatives...
>> Searching for hard negatives...
>> Searching for hard negatives...
==> Epoch[1](3650/8826): Loss: 0.0313
Allocated: 528.28 MB
Cached:    23.31 GB
>> Searching for hard negatives...
>> Searching for hard negatives...
==> Epoch[1](3700/8826): Loss: 0.0202
Allocated: 522.88 MB
Cached:    23.31 GB
>> Searching for hard negatives...
>> Searching for hard negatives...
>> Searching for hard negatives...
==> Epoch[1](3750/8826): Loss: 0.0150
Allocated: 528.28 MB
Cached:    20.08 GB
>> Searching for hard negatives...
>> Searching for hard negatives...
==> Epoch[1](3800/8826): Loss: 0.0077
Allocated: 522.88 MB
Cached:    20.08 GB
>> Searching for hard negatives...
>> Searching for hard negatives...
>> Searching for hard negatives...
==> Epoch[1](3850/8826): Loss: 0.0052
Allocated: 528.28 MB
Cached:    20.08 GB
>> Searching for hard negatives...
>> Searching for hard negatives...
==> Epoch[1](3900/8826): Loss: 0.0084
Allocated: 523.12 MB
Cached:    20.08 GB
>> Searching for hard negatives...
>> Searching for hard negatives...
>> Searching for hard negatives...
==> Epoch[1](3950/8826): Loss: 0.0053
Allocated: 528.28 MB
Cached:    20.08 GB
>> Searching for hard negatives...
>> Searching for hard negatives...
==> Epoch[1](4000/8826): Loss: 0.0841
Allocated: 523.12 MB
Cached:    20.08 GB
>> Searching for hard negatives...
>> Searching for hard negatives...
>> Searching for hard negatives...
==> Epoch[1](4050/8826): Loss: 0.0171
Allocated: 528.28 MB
Cached:    20.08 GB
>> Searching for hard negatives...
>> Searching for hard negatives...
==> Epoch[1](4100/8826): Loss: 0.0037
Allocated: 523.12 MB
Cached:    20.08 GB
>> Searching for hard negatives...
>> Searching for hard negatives...
>> Searching for hard negatives...
==> Epoch[1](4150/8826): Loss: 0.0281
Allocated: 528.28 MB
Cached:    24.92 GB
>> Searching for hard negatives...
>> Searching for hard negatives...
==> Epoch[1](4200/8826): Loss: 0.0080
Allocated: 523.12 MB
Cached:    20.08 GB
>> Searching for hard negatives...
>> Searching for hard negatives...
>> Searching for hard negatives...
==> Epoch[1](4250/8826): Loss: 0.0151
Allocated: 528.28 MB
Cached:    20.08 GB
>> Searching for hard negatives...
>> Searching for hard negatives...
==> Epoch[1](4300/8826): Loss: 0.0338
Allocated: 522.88 MB
Cached:    23.31 GB
>> Searching for hard negatives...
>> Searching for hard negatives...
>> Searching for hard negatives...
==> Epoch[1](4350/8826): Loss: 0.0082
Allocated: 528.28 MB
Cached:    20.08 GB
>> Searching for hard negatives...
>> Searching for hard negatives...
==> Epoch[1](4400/8826): Loss: 0.0134
Allocated: 523.12 MB
Cached:    20.08 GB
>> Searching for hard negatives...
>> Searching for hard negatives...
>> Searching for hard negatives...
==> Epoch[1](4450/8826): Loss: 0.0146
Allocated: 528.28 MB
Cached:    20.08 GB
>> Searching for hard negatives...
>> Searching for hard negatives...
==> Epoch[1](4500/8826): Loss: 0.0355
Allocated: 523.12 MB
Cached:    23.31 GB
>> Searching for hard negatives...
>> Searching for hard negatives...
>> Searching for hard negatives...
==> Epoch[1](4550/8826): Loss: 0.0226
Allocated: 528.28 MB
Cached:    23.31 GB
>> Searching for hard negatives...
>> Searching for hard negatives...
==> Epoch[1](4600/8826): Loss: 0.0238
Allocated: 522.88 MB
Cached:    20.08 GB
>> Searching for hard negatives...
>> Searching for hard negatives...
>> Searching for hard negatives...
==> Epoch[1](4650/8826): Loss: 0.0172
Allocated: 528.28 MB
Cached:    20.08 GB
>> Searching for hard negatives...
>> Searching for hard negatives...
==> Epoch[1](4700/8826): Loss: 0.0032
Allocated: 523.12 MB
Cached:    23.31 GB
>> Searching for hard negatives...
>> Searching for hard negatives...
>> Searching for hard negatives...
==> Epoch[1](4750/8826): Loss: 0.0265
Allocated: 528.28 MB
Cached:    23.31 GB
>> Searching for hard negatives...
>> Searching for hard negatives...
==> Epoch[1](4800/8826): Loss: 0.0067
Allocated: 522.88 MB
Cached:    23.31 GB
>> Searching for hard negatives...
>> Searching for hard negatives...
>> Searching for hard negatives...
==> Epoch[1](4850/8826): Loss: 0.0044
Allocated: 528.28 MB
Cached:    20.08 GB
>> Searching for hard negatives...
>> Searching for hard negatives...
==> Epoch[1](4900/8826): Loss: 0.0325
Allocated: 522.88 MB
Cached:    20.08 GB
>> Searching for hard negatives...
>> Searching for hard negatives...
>> Searching for hard negatives...
==> Epoch[1](4950/8826): Loss: 0.0042
Allocated: 528.28 MB
Cached:    20.08 GB
>> Searching for hard negatives...
>> Searching for hard negatives...
==> Epoch[1](5000/8826): Loss: 0.0323
Allocated: 522.88 MB
Cached:    20.08 GB
>> Searching for hard negatives...
>> Searching for hard negatives...
>> Searching for hard negatives...
==> Epoch[1](5050/8826): Loss: 0.0109
Allocated: 528.28 MB
Cached:    18.47 GB
>> Searching for hard negatives...
>> Searching for hard negatives...
==> Epoch[1](5100/8826): Loss: 0.0027
Allocated: 523.12 MB
Cached:    20.08 GB
>> Searching for hard negatives...
>> Searching for hard negatives...
>> Searching for hard negatives...
==> Epoch[1](5150/8826): Loss: 0.0024
Allocated: 528.28 MB
Cached:    20.08 GB
>> Searching for hard negatives...
>> Searching for hard negatives...
==> Epoch[1](5200/8826): Loss: 0.0199
Allocated: 523.12 MB
Cached:    20.08 GB
>> Searching for hard negatives...
>> Searching for hard negatives...
>> Searching for hard negatives...
==> Epoch[1](5250/8826): Loss: 0.0042
Allocated: 528.28 MB
Cached:    20.08 GB
>> Searching for hard negatives...
>> Searching for hard negatives...
==> Epoch[1](5300/8826): Loss: 0.0122
Allocated: 522.88 MB
Cached:    20.08 GB
>> Searching for hard negatives...
>> Searching for hard negatives...
>> Searching for hard negatives...
==> Epoch[1](5350/8826): Loss: 0.0114
Allocated: 528.28 MB
Cached:    20.08 GB
>> Searching for hard negatives...
>> Searching for hard negatives...
==> Epoch[1](5400/8826): Loss: 0.0223
Allocated: 523.12 MB
Cached:    24.92 GB
>> Searching for hard negatives...
>> Searching for hard negatives...
>> Searching for hard negatives...
==> Epoch[1](5450/8826): Loss: 0.0084
Allocated: 528.28 MB
Cached:    20.08 GB
>> Searching for hard negatives...
>> Searching for hard negatives...
==> Epoch[1](5500/8826): Loss: 0.0059
Allocated: 523.12 MB
Cached:    20.08 GB
>> Searching for hard negatives...
>> Searching for hard negatives...
>> Searching for hard negatives...
==> Epoch[1](5550/8826): Loss: 0.0080
Allocated: 528.28 MB
Cached:    20.08 GB
>> Searching for hard negatives...
>> Searching for hard negatives...
==> Epoch[1](5600/8826): Loss: 0.0039
Allocated: 523.12 MB
Cached:    23.31 GB
>> Searching for hard negatives...
>> Searching for hard negatives...
>> Searching for hard negatives...
==> Epoch[1](5650/8826): Loss: 0.0062
Allocated: 528.28 MB
Cached:    20.08 GB
>> Searching for hard negatives...
>> Searching for hard negatives...
==> Epoch[1](5700/8826): Loss: 0.0049
Allocated: 523.12 MB
Cached:    20.08 GB
>> Searching for hard negatives...
>> Searching for hard negatives...
>> Searching for hard negatives...
==> Epoch[1](5750/8826): Loss: 0.0445
Allocated: 528.28 MB
Cached:    23.31 GB
>> Searching for hard negatives...
>> Searching for hard negatives...
==> Epoch[1](5800/8826): Loss: 0.0153
Allocated: 523.12 MB
Cached:    20.08 GB
>> Searching for hard negatives...
>> Searching for hard negatives...
>> Searching for hard negatives...
==> Epoch[1](5850/8826): Loss: 0.0093
Allocated: 528.28 MB
Cached:    20.08 GB
>> Searching for hard negatives...
>> Searching for hard negatives...
==> Epoch[1](5900/8826): Loss: 0.0038
Allocated: 523.12 MB
Cached:    20.08 GB
>> Searching for hard negatives...
>> Searching for hard negatives...
>> Searching for hard negatives...
==> Epoch[1](5950/8826): Loss: 0.0029
Allocated: 528.28 MB
Cached:    23.31 GB
>> Searching for hard negatives...
>> Searching for hard negatives...
==> Epoch[1](6000/8826): Loss: 0.0033
Allocated: 523.12 MB
Cached:    20.08 GB
>> Searching for hard negatives...
>> Searching for hard negatives...
>> Searching for hard negatives...
==> Epoch[1](6050/8826): Loss: 0.0110
Allocated: 528.28 MB
Cached:    20.08 GB
>> Searching for hard negatives...
>> Searching for hard negatives...
==> Epoch[1](6100/8826): Loss: 0.0014
Allocated: 523.12 MB
Cached:    20.08 GB
>> Searching for hard negatives...
>> Searching for hard negatives...
>> Searching for hard negatives...
==> Epoch[1](6150/8826): Loss: 0.0114
Allocated: 528.28 MB
Cached:    20.08 GB
>> Searching for hard negatives...
>> Searching for hard negatives...
==> Epoch[1](6200/8826): Loss: 0.0068
Allocated: 523.12 MB
Cached:    20.08 GB
>> Searching for hard negatives...
>> Searching for hard negatives...
>> Searching for hard negatives...
==> Epoch[1](6250/8826): Loss: 0.0039
Allocated: 528.28 MB
Cached:    20.08 GB
>> Searching for hard negatives...
>> Searching for hard negatives...
==> Epoch[1](6300/8826): Loss: 0.0102
Allocated: 523.12 MB
Cached:    20.08 GB
>> Searching for hard negatives...
>> Searching for hard negatives...
>> Searching for hard negatives...
==> Epoch[1](6350/8826): Loss: 0.0024
Allocated: 528.28 MB
Cached:    23.31 GB
>> Searching for hard negatives...
>> Searching for hard negatives...
==> Epoch[1](6400/8826): Loss: 0.0334
Allocated: 523.12 MB
Cached:    20.08 GB
>> Searching for hard negatives...
>> Searching for hard negatives...
>> Searching for hard negatives...
==> Epoch[1](6450/8826): Loss: 0.0092
Allocated: 528.28 MB
Cached:    20.08 GB
>> Searching for hard negatives...
>> Searching for hard negatives...
==> Epoch[1](6500/8826): Loss: 0.0094
Allocated: 523.12 MB
Cached:    20.08 GB
>> Searching for hard negatives...
>> Searching for hard negatives...
>> Searching for hard negatives...
==> Epoch[1](6550/8826): Loss: 0.0092
Allocated: 528.28 MB
Cached:    20.08 GB
>> Searching for hard negatives...
>> Searching for hard negatives...
==> Epoch[1](6600/8826): Loss: 0.0373
Allocated: 523.12 MB
Cached:    20.08 GB
>> Searching for hard negatives...
>> Searching for hard negatives...
>> Searching for hard negatives...
==> Epoch[1](6650/8826): Loss: 0.0197
Allocated: 528.28 MB
Cached:    20.08 GB
>> Searching for hard negatives...
>> Searching for hard negatives...
==> Epoch[1](6700/8826): Loss: 0.0066
Allocated: 523.12 MB
Cached:    20.08 GB
>> Searching for hard negatives...
>> Searching for hard negatives...
>> Searching for hard negatives...
==> Epoch[1](6750/8826): Loss: 0.0012
Allocated: 528.28 MB
Cached:    20.08 GB
>> Searching for hard negatives...
>> Searching for hard negatives...
==> Epoch[1](6800/8826): Loss: 0.0121
Allocated: 523.12 MB
Cached:    20.08 GB
>> Searching for hard negatives...
>> Searching for hard negatives...
>> Searching for hard negatives...
==> Epoch[1](6850/8826): Loss: 0.0192
Allocated: 528.28 MB
Cached:    20.08 GB
>> Searching for hard negatives...
>> Searching for hard negatives...
==> Epoch[1](6900/8826): Loss: 0.0173
Allocated: 522.88 MB
Cached:    20.08 GB
>> Searching for hard negatives...
>> Searching for hard negatives...
>> Searching for hard negatives...
==> Epoch[1](6950/8826): Loss: 0.0021
Allocated: 528.28 MB
Cached:    20.08 GB
>> Searching for hard negatives...
>> Searching for hard negatives...
==> Epoch[1](7000/8826): Loss: 0.0135
Allocated: 523.12 MB
Cached:    20.08 GB
>> Searching for hard negatives...
>> Searching for hard negatives...
>> Searching for hard negatives...
==> Epoch[1](7050/8826): Loss: 0.0410
Allocated: 528.28 MB
Cached:    20.08 GB
>> Searching for hard negatives...
>> Searching for hard negatives...
==> Epoch[1](7100/8826): Loss: 0.0160
Allocated: 523.12 MB
Cached:    20.08 GB
>> Searching for hard negatives...
>> Searching for hard negatives...
>> Searching for hard negatives...
==> Epoch[1](7150/8826): Loss: 0.0023
Allocated: 528.28 MB
Cached:    20.08 GB
>> Searching for hard negatives...
>> Searching for hard negatives...
==> Epoch[1](7200/8826): Loss: 0.0043
Allocated: 523.12 MB
Cached:    20.08 GB
>> Searching for hard negatives...
>> Searching for hard negatives...
>> Searching for hard negatives...
==> Epoch[1](7250/8826): Loss: 0.0018
Allocated: 528.28 MB
Cached:    20.08 GB
>> Searching for hard negatives...
>> Searching for hard negatives...
==> Epoch[1](7300/8826): Loss: 0.0023
Allocated: 523.12 MB
Cached:    20.08 GB
>> Searching for hard negatives...
>> Searching for hard negatives...
>> Searching for hard negatives...
==> Epoch[1](7350/8826): Loss: 0.0130
Allocated: 528.28 MB
Cached:    20.08 GB
>> Searching for hard negatives...
>> Searching for hard negatives...
==> Epoch[1](7400/8826): Loss: 0.0009
Allocated: 523.12 MB
Cached:    20.08 GB
>> Searching for hard negatives...
>> Searching for hard negatives...
>> Searching for hard negatives...
==> Epoch[1](7450/8826): Loss: 0.0266
Allocated: 528.28 MB
Cached:    20.08 GB
>> Searching for hard negatives...
>> Searching for hard negatives...
==> Epoch[1](7500/8826): Loss: 0.0122
Allocated: 523.12 MB
Cached:    20.08 GB
>> Searching for hard negatives...
>> Searching for hard negatives...
>> Searching for hard negatives...
==> Epoch[1](7550/8826): Loss: 0.0090
Allocated: 528.28 MB
Cached:    20.08 GB
>> Searching for hard negatives...
>> Searching for hard negatives...
==> Epoch[1](7600/8826): Loss: 0.0160
Allocated: 523.12 MB
Cached:    23.31 GB
>> Searching for hard negatives...
>> Searching for hard negatives...
>> Searching for hard negatives...
==> Epoch[1](7650/8826): Loss: 0.0119
Allocated: 528.28 MB
Cached:    20.08 GB
>> Searching for hard negatives...
>> Searching for hard negatives...
==> Epoch[1](7700/8826): Loss: 0.0027
Allocated: 523.12 MB
Cached:    20.08 GB
>> Searching for hard negatives...
>> Searching for hard negatives...
>> Searching for hard negatives...
==> Epoch[1](7750/8826): Loss: 0.0120
Allocated: 528.28 MB
Cached:    20.08 GB
>> Searching for hard negatives...
>> Searching for hard negatives...
==> Epoch[1](7800/8826): Loss: 0.0073
Allocated: 523.12 MB
Cached:    20.08 GB
>> Searching for hard negatives...
>> Searching for hard negatives...
>> Searching for hard negatives...
==> Epoch[1](7850/8826): Loss: 0.0015
Allocated: 528.28 MB
Cached:    20.08 GB
>> Searching for hard negatives...
>> Searching for hard negatives...
==> Epoch[1](7900/8826): Loss: 0.0020
Allocated: 523.12 MB
Cached:    24.92 GB
>> Searching for hard negatives...
>> Searching for hard negatives...
>> Searching for hard negatives...
==> Epoch[1](7950/8826): Loss: 0.0079
Allocated: 528.28 MB
Cached:    20.08 GB
>> Searching for hard negatives...
>> Searching for hard negatives...
==> Epoch[1](8000/8826): Loss: 0.0078
Allocated: 523.12 MB
Cached:    20.08 GB
>> Searching for hard negatives...
>> Searching for hard negatives...
>> Searching for hard negatives...
==> Epoch[1](8050/8826): Loss: 0.0072
Allocated: 528.28 MB
Cached:    20.08 GB
>> Searching for hard negatives...
>> Searching for hard negatives...
==> Epoch[1](8100/8826): Loss: 0.0217
Allocated: 522.88 MB
Cached:    20.08 GB
>> Searching for hard negatives...
>> Searching for hard negatives...
>> Searching for hard negatives...
==> Epoch[1](8150/8826): Loss: 0.0139
Allocated: 528.28 MB
Cached:    20.08 GB
>> Searching for hard negatives...
>> Searching for hard negatives...
==> Epoch[1](8200/8826): Loss: 0.0080
Allocated: 523.12 MB
Cached:    20.08 GB
>> Searching for hard negatives...
>> Searching for hard negatives...
>> Searching for hard negatives...
==> Epoch[1](8250/8826): Loss: 0.0092
Allocated: 528.28 MB
Cached:    20.08 GB
>> Searching for hard negatives...
>> Searching for hard negatives...
==> Epoch[1](8300/8826): Loss: 0.0113
Allocated: 523.12 MB
Cached:    20.08 GB
>> Searching for hard negatives...
>> Searching for hard negatives...
>> Searching for hard negatives...
==> Epoch[1](8350/8826): Loss: 0.0358
Allocated: 528.28 MB
Cached:    20.08 GB
>> Searching for hard negatives...
>> Searching for hard negatives...
==> Epoch[1](8400/8826): Loss: 0.0006
Allocated: 523.12 MB
Cached:    20.08 GB
>> Searching for hard negatives...
>> Searching for hard negatives...
>> Searching for hard negatives...
==> Epoch[1](8450/8826): Loss: 0.0086
Allocated: 528.28 MB
Cached:    20.08 GB
>> Searching for hard negatives...
>> Searching for hard negatives...
==> Epoch[1](8500/8826): Loss: 0.0087
Allocated: 523.12 MB
Cached:    20.08 GB
>> Searching for hard negatives...
>> Searching for hard negatives...
>> Searching for hard negatives...
==> Epoch[1](8550/8826): Loss: 0.0032
Allocated: 528.28 MB
Cached:    20.08 GB
>> Searching for hard negatives...
>> Searching for hard negatives...
==> Epoch[1](8600/8826): Loss: 0.0049
Allocated: 523.12 MB
Cached:    20.08 GB
>> Searching for hard negatives...
>> Searching for hard negatives...
>> Searching for hard negatives...
==> Epoch[1](8650/8826): Loss: 0.0163
Allocated: 528.28 MB
Cached:    20.08 GB
>> Searching for hard negatives...
>> Searching for hard negatives...
==> Epoch[1](8700/8826): Loss: 0.0112
Allocated: 523.12 MB
Cached:    20.08 GB
>> Searching for hard negatives...
>> Searching for hard negatives...
>> Searching for hard negatives...
==> Epoch[1](8750/8826): Loss: 0.0021
Allocated: 528.28 MB
Cached:    20.08 GB
>> Searching for hard negatives...
>> Searching for hard negatives...
==> Epoch[1](8800/8826): Loss: 0.0156
Allocated: 523.12 MB
Cached:    20.08 GB
>> Searching for hard negatives...
>> Searching for hard negatives...
===> Epoch 1 Complete: Avg. Loss: 0.0191
====> Extracting Features
====> Building faiss index
====> Calculating recall @ N
====> Recall@1: 0.6176
====> Recall@5: 0.7676
====> Recall@10: 0.8054
====> Recall@20: 0.8446
====> Recall@50: 0.8784
====> Recall@100: 0.9135
>> Searching for hard negatives...
>> Searching for hard negatives...
>> Searching for hard negatives...
==> Epoch[2](50/8826): Loss: 0.0101
Allocated: 528.28 MB
Cached:    20.08 GB
>> Searching for hard negatives...
>> Searching for hard negatives...
==> Epoch[2](100/8826): Loss: 0.0289
Allocated: 525.70 MB
Cached:    20.08 GB
>> Searching for hard negatives...
>> Searching for hard negatives...
>> Searching for hard negatives...
==> Epoch[2](150/8826): Loss: 0.0068
Allocated: 528.28 MB
Cached:    20.08 GB
>> Searching for hard negatives...
>> Searching for hard negatives...
==> Epoch[2](200/8826): Loss: 0.0033
Allocated: 525.70 MB
Cached:    20.08 GB
>> Searching for hard negatives...
>> Searching for hard negatives...
>> Searching for hard negatives...
==> Epoch[2](250/8826): Loss: 0.0026
Allocated: 528.28 MB
Cached:    20.08 GB
>> Searching for hard negatives...
>> Searching for hard negatives...
==> Epoch[2](300/8826): Loss: 0.0047
Allocated: 525.70 MB
Cached:    20.08 GB
>> Searching for hard negatives...
>> Searching for hard negatives...
>> Searching for hard negatives...
==> Epoch[2](350/8826): Loss: 0.0050
Allocated: 528.28 MB
Cached:    20.08 GB
>> Searching for hard negatives...
>> Searching for hard negatives...
==> Epoch[2](400/8826): Loss: 0.0117
Allocated: 525.70 MB
Cached:    20.08 GB
>> Searching for hard negatives...
>> Searching for hard negatives...
>> Searching for hard negatives...
==> Epoch[2](450/8826): Loss: 0.0154
Allocated: 528.28 MB
Cached:    20.08 GB
>> Searching for hard negatives...
>> Searching for hard negatives...
==> Epoch[2](500/8826): Loss: 0.0110
Allocated: 525.70 MB
Cached:    20.08 GB
>> Searching for hard negatives...
>> Searching for hard negatives...
>> Searching for hard negatives...
==> Epoch[2](550/8826): Loss: 0.0057
Allocated: 528.28 MB
Cached:    20.08 GB
>> Searching for hard negatives...
>> Searching for hard negatives...
==> Epoch[2](600/8826): Loss: 0.0105
Allocated: 525.70 MB
Cached:    20.08 GB
>> Searching for hard negatives...
>> Searching for hard negatives...
>> Searching for hard negatives...
==> Epoch[2](650/8826): Loss: 0.0025
Allocated: 528.28 MB
Cached:    20.08 GB
>> Searching for hard negatives...
>> Searching for hard negatives...
==> Epoch[2](700/8826): Loss: 0.0086
Allocated: 525.70 MB
Cached:    23.31 GB
>> Searching for hard negatives...
>> Searching for hard negatives...
>> Searching for hard negatives...
==> Epoch[2](750/8826): Loss: 0.0021
Allocated: 528.28 MB
Cached:    20.08 GB
>> Searching for hard negatives...
>> Searching for hard negatives...
==> Epoch[2](800/8826): Loss: 0.0094
Allocated: 525.70 MB
Cached:    20.08 GB
>> Searching for hard negatives...
>> Searching for hard negatives...
>> Searching for hard negatives...
==> Epoch[2](850/8826): Loss: 0.0066
Allocated: 528.28 MB
Cached:    20.08 GB
>> Searching for hard negatives...
>> Searching for hard negatives...
==> Epoch[2](900/8826): Loss: 0.0254
Allocated: 525.70 MB
Cached:    20.08 GB
>> Searching for hard negatives...
>> Searching for hard negatives...
>> Searching for hard negatives...
==> Epoch[2](950/8826): Loss: 0.0236
Allocated: 528.28 MB
Cached:    20.08 GB
>> Searching for hard negatives...
>> Searching for hard negatives...
==> Epoch[2](1000/8826): Loss: 0.0012
Allocated: 525.70 MB
Cached:    20.08 GB
>> Searching for hard negatives...
>> Searching for hard negatives...
>> Searching for hard negatives...
==> Epoch[2](1050/8826): Loss: 0.0117
Allocated: 528.28 MB
Cached:    20.08 GB
>> Searching for hard negatives...
>> Searching for hard negatives...
==> Epoch[2](1100/8826): Loss: 0.0125
Allocated: 523.12 MB
Cached:    20.08 GB
>> Searching for hard negatives...
>> Searching for hard negatives...
>> Searching for hard negatives...
==> Epoch[2](1150/8826): Loss: 0.0166
Allocated: 528.28 MB
Cached:    23.31 GB
>> Searching for hard negatives...
>> Searching for hard negatives...
==> Epoch[2](1200/8826): Loss: 0.0079
Allocated: 525.70 MB
Cached:    20.08 GB
>> Searching for hard negatives...
>> Searching for hard negatives...
>> Searching for hard negatives...
==> Epoch[2](1250/8826): Loss: 0.0187
Allocated: 528.28 MB
Cached:    20.08 GB
>> Searching for hard negatives...
>> Searching for hard negatives...
==> Epoch[2](1300/8826): Loss: 0.0028
Allocated: 525.70 MB
Cached:    20.08 GB
>> Searching for hard negatives...
>> Searching for hard negatives...
>> Searching for hard negatives...
==> Epoch[2](1350/8826): Loss: 0.0055
Allocated: 528.28 MB
Cached:    20.08 GB
>> Searching for hard negatives...
>> Searching for hard negatives...
==> Epoch[2](1400/8826): Loss: 0.0118
Allocated: 525.70 MB
Cached:    20.08 GB
>> Searching for hard negatives...
>> Searching for hard negatives...
>> Searching for hard negatives...
==> Epoch[2](1450/8826): Loss: 0.0029
Allocated: 528.28 MB
Cached:    20.08 GB
>> Searching for hard negatives...
>> Searching for hard negatives...
==> Epoch[2](1500/8826): Loss: 0.0042
Allocated: 525.70 MB
Cached:    20.08 GB
>> Searching for hard negatives...
>> Searching for hard negatives...
>> Searching for hard negatives...
==> Epoch[2](1550/8826): Loss: 0.0022
Allocated: 528.28 MB
Cached:    20.08 GB
>> Searching for hard negatives...
>> Searching for hard negatives...
==> Epoch[2](1600/8826): Loss: 0.0012
Allocated: 525.70 MB
Cached:    20.08 GB
>> Searching for hard negatives...
>> Searching for hard negatives...
>> Searching for hard negatives...
==> Epoch[2](1650/8826): Loss: 0.0056
Allocated: 528.28 MB
Cached:    20.08 GB
>> Searching for hard negatives...
>> Searching for hard negatives...
==> Epoch[2](1700/8826): Loss: 0.0086
Allocated: 523.12 MB
Cached:    20.08 GB
>> Searching for hard negatives...
>> Searching for hard negatives...
>> Searching for hard negatives...
==> Epoch[2](1750/8826): Loss: 0.0030
Allocated: 528.28 MB
Cached:    23.31 GB
>> Searching for hard negatives...
>> Searching for hard negatives...
==> Epoch[2](1800/8826): Loss: 0.0027
Allocated: 525.70 MB
Cached:    20.08 GB
>> Searching for hard negatives...
>> Searching for hard negatives...
>> Searching for hard negatives...
==> Epoch[2](1850/8826): Loss: 0.0370
Allocated: 528.28 MB
Cached:    20.08 GB
>> Searching for hard negatives...
>> Searching for hard negatives...
==> Epoch[2](1900/8826): Loss: 0.0096
Allocated: 525.70 MB
Cached:    20.08 GB
>> Searching for hard negatives...
>> Searching for hard negatives...
>> Searching for hard negatives...
==> Epoch[2](1950/8826): Loss: 0.0131
Allocated: 528.28 MB
Cached:    20.08 GB
>> Searching for hard negatives...
>> Searching for hard negatives...
==> Epoch[2](2000/8826): Loss: 0.0042
Allocated: 525.70 MB
Cached:    20.08 GB
>> Searching for hard negatives...
>> Searching for hard negatives...
>> Searching for hard negatives...
==> Epoch[2](2050/8826): Loss: 0.0007
Allocated: 528.28 MB
Cached:    20.08 GB
>> Searching for hard negatives...
>> Searching for hard negatives...
==> Epoch[2](2100/8826): Loss: 0.0054
Allocated: 525.70 MB
Cached:    20.08 GB
>> Searching for hard negatives...
>> Searching for hard negatives...
>> Searching for hard negatives...
==> Epoch[2](2150/8826): Loss: 0.0083
Allocated: 528.28 MB
Cached:    20.08 GB
>> Searching for hard negatives...
>> Searching for hard negatives...
==> Epoch[2](2200/8826): Loss: 0.0041
Allocated: 523.12 MB
Cached:    20.08 GB
>> Searching for hard negatives...
>> Searching for hard negatives...
>> Searching for hard negatives...
==> Epoch[2](2250/8826): Loss: 0.0256
Allocated: 528.28 MB
Cached:    23.31 GB
>> Searching for hard negatives...
>> Searching for hard negatives...
==> Epoch[2](2300/8826): Loss: 0.0328
Allocated: 525.70 MB
Cached:    20.08 GB
>> Searching for hard negatives...
>> Searching for hard negatives...
>> Searching for hard negatives...
==> Epoch[2](2350/8826): Loss: 0.0091
Allocated: 528.28 MB
Cached:    20.08 GB
>> Searching for hard negatives...
>> Searching for hard negatives...
==> Epoch[2](2400/8826): Loss: 0.0078
Allocated: 523.12 MB
Cached:    20.08 GB
>> Searching for hard negatives...
>> Searching for hard negatives...
>> Searching for hard negatives...
==> Epoch[2](2450/8826): Loss: 0.0022
Allocated: 528.28 MB
Cached:    23.31 GB
>> Searching for hard negatives...
>> Searching for hard negatives...
==> Epoch[2](2500/8826): Loss: 0.0082
Allocated: 525.70 MB
Cached:    20.08 GB
>> Searching for hard negatives...
>> Searching for hard negatives...
>> Searching for hard negatives...
==> Epoch[2](2550/8826): Loss: 0.0032
Allocated: 528.28 MB
Cached:    20.08 GB
>> Searching for hard negatives...
>> Searching for hard negatives...
==> Epoch[2](2600/8826): Loss: 0.0067
Allocated: 525.70 MB
Cached:    20.08 GB
>> Searching for hard negatives...
>> Searching for hard negatives...
>> Searching for hard negatives...
==> Epoch[2](2650/8826): Loss: 0.0037
Allocated: 528.28 MB
Cached:    20.08 GB
>> Searching for hard negatives...
>> Searching for hard negatives...
==> Epoch[2](2700/8826): Loss: 0.0069
Allocated: 525.70 MB
Cached:    20.08 GB
>> Searching for hard negatives...
>> Searching for hard negatives...
>> Searching for hard negatives...
==> Epoch[2](2750/8826): Loss: 0.0210
Allocated: 528.28 MB
Cached:    20.08 GB
>> Searching for hard negatives...
>> Searching for hard negatives...
==> Epoch[2](2800/8826): Loss: 0.0083
Allocated: 525.70 MB
Cached:    20.08 GB
>> Searching for hard negatives...
>> Searching for hard negatives...
>> Searching for hard negatives...
==> Epoch[2](2850/8826): Loss: 0.0215
Allocated: 528.28 MB
Cached:    20.08 GB
>> Searching for hard negatives...
>> Searching for hard negatives...
==> Epoch[2](2900/8826): Loss: 0.0112
Allocated: 525.70 MB
Cached:    20.08 GB
>> Searching for hard negatives...
>> Searching for hard negatives...
>> Searching for hard negatives...
==> Epoch[2](2950/8826): Loss: 0.0079
Allocated: 528.28 MB
Cached:    20.08 GB
>> Searching for hard negatives...
>> Searching for hard negatives...
==> Epoch[2](3000/8826): Loss: 0.0026
Allocated: 525.70 MB
Cached:    20.08 GB
>> Searching for hard negatives...
>> Searching for hard negatives...
>> Searching for hard negatives...
==> Epoch[2](3050/8826): Loss: 0.0072
Allocated: 528.28 MB
Cached:    20.08 GB
>> Searching for hard negatives...
>> Searching for hard negatives...
==> Epoch[2](3100/8826): Loss: 0.0119
Allocated: 525.70 MB
Cached:    23.31 GB
>> Searching for hard negatives...
>> Searching for hard negatives...
>> Searching for hard negatives...
==> Epoch[2](3150/8826): Loss: 0.0046
Allocated: 528.28 MB
Cached:    20.08 GB
>> Searching for hard negatives...
>> Searching for hard negatives...
==> Epoch[2](3200/8826): Loss: 0.0123
Allocated: 525.70 MB
Cached:    20.08 GB
>> Searching for hard negatives...
>> Searching for hard negatives...
>> Searching for hard negatives...
==> Epoch[2](3250/8826): Loss: 0.0150
Allocated: 528.28 MB
Cached:    20.08 GB
>> Searching for hard negatives...
>> Searching for hard negatives...
==> Epoch[2](3300/8826): Loss: 0.0040
Allocated: 523.12 MB
Cached:    20.08 GB
>> Searching for hard negatives...
>> Searching for hard negatives...
>> Searching for hard negatives...
==> Epoch[2](3350/8826): Loss: 0.0019
Allocated: 528.28 MB
Cached:    20.08 GB
>> Searching for hard negatives...
>> Searching for hard negatives...
==> Epoch[2](3400/8826): Loss: 0.0128
Allocated: 523.12 MB
Cached:    20.08 GB
>> Searching for hard negatives...
>> Searching for hard negatives...
>> Searching for hard negatives...
==> Epoch[2](3450/8826): Loss: 0.0042
Allocated: 528.28 MB
Cached:    20.08 GB
>> Searching for hard negatives...
>> Searching for hard negatives...
==> Epoch[2](3500/8826): Loss: 0.0061
Allocated: 523.12 MB
Cached:    20.08 GB
>> Searching for hard negatives...
>> Searching for hard negatives...
>> Searching for hard negatives...
==> Epoch[2](3550/8826): Loss: 0.0054
Allocated: 528.28 MB
Cached:    20.08 GB
>> Searching for hard negatives...
>> Searching for hard negatives...
==> Epoch[2](3600/8826): Loss: 0.0109
Allocated: 523.12 MB
Cached:    20.08 GB
>> Searching for hard negatives...
>> Searching for hard negatives...
>> Searching for hard negatives...
==> Epoch[2](3650/8826): Loss: 0.0023
Allocated: 528.28 MB
Cached:    20.08 GB
>> Searching for hard negatives...
>> Searching for hard negatives...
==> Epoch[2](3700/8826): Loss: 0.0059
Allocated: 523.12 MB
Cached:    20.08 GB
>> Searching for hard negatives...
>> Searching for hard negatives...
>> Searching for hard negatives...
==> Epoch[2](3750/8826): Loss: 0.0115
Allocated: 528.28 MB
Cached:    20.08 GB
>> Searching for hard negatives...
>> Searching for hard negatives...
==> Epoch[2](3800/8826): Loss: 0.0168
Allocated: 523.12 MB
Cached:    20.08 GB
>> Searching for hard negatives...
>> Searching for hard negatives...
>> Searching for hard negatives...
==> Epoch[2](3850/8826): Loss: 0.0023
Allocated: 528.28 MB
Cached:    20.08 GB
>> Searching for hard negatives...
>> Searching for hard negatives...
==> Epoch[2](3900/8826): Loss: 0.0272
Allocated: 523.12 MB
Cached:    20.08 GB
>> Searching for hard negatives...
>> Searching for hard negatives...
>> Searching for hard negatives...
==> Epoch[2](3950/8826): Loss: 0.0030
Allocated: 528.28 MB
Cached:    20.08 GB
>> Searching for hard negatives...
>> Searching for hard negatives...
==> Epoch[2](4000/8826): Loss: 0.0025
Allocated: 523.12 MB
Cached:    20.08 GB
>> Searching for hard negatives...
>> Searching for hard negatives...
>> Searching for hard negatives...
==> Epoch[2](4050/8826): Loss: 0.0026
Allocated: 528.28 MB
Cached:    20.08 GB
>> Searching for hard negatives...
>> Searching for hard negatives...
==> Epoch[2](4100/8826): Loss: 0.0105
Allocated: 523.12 MB
Cached:    20.08 GB
>> Searching for hard negatives...
>> Searching for hard negatives...
>> Searching for hard negatives...
==> Epoch[2](4150/8826): Loss: 0.0036
Allocated: 528.28 MB
Cached:    20.08 GB
>> Searching for hard negatives...
>> Searching for hard negatives...
==> Epoch[2](4200/8826): Loss: 0.0095
Allocated: 523.12 MB
Cached:    20.08 GB
>> Searching for hard negatives...
>> Searching for hard negatives...
>> Searching for hard negatives...
==> Epoch[2](4250/8826): Loss: 0.0037
Allocated: 528.28 MB
Cached:    20.08 GB
>> Searching for hard negatives...
>> Searching for hard negatives...
==> Epoch[2](4300/8826): Loss: 0.0027
Allocated: 523.12 MB
Cached:    23.31 GB
>> Searching for hard negatives...
>> Searching for hard negatives...
>> Searching for hard negatives...
==> Epoch[2](4350/8826): Loss: 0.0055
Allocated: 528.28 MB
Cached:    20.08 GB
>> Searching for hard negatives...
>> Searching for hard negatives...
==> Epoch[2](4400/8826): Loss: 0.0147
Allocated: 522.88 MB
Cached:    23.31 GB
>> Searching for hard negatives...
>> Searching for hard negatives...
>> Searching for hard negatives...
==> Epoch[2](4450/8826): Loss: 0.0077
Allocated: 528.28 MB
Cached:    20.08 GB
>> Searching for hard negatives...
>> Searching for hard negatives...
==> Epoch[2](4500/8826): Loss: 0.0142
Allocated: 523.12 MB
Cached:    20.08 GB
>> Searching for hard negatives...
>> Searching for hard negatives...
>> Searching for hard negatives...
==> Epoch[2](4550/8826): Loss: 0.0030
Allocated: 528.28 MB
Cached:    20.08 GB
>> Searching for hard negatives...
>> Searching for hard negatives...
==> Epoch[2](4600/8826): Loss: 0.0205
Allocated: 523.12 MB
Cached:    20.08 GB
>> Searching for hard negatives...
>> Searching for hard negatives...
>> Searching for hard negatives...
==> Epoch[2](4650/8826): Loss: 0.0033
Allocated: 528.28 MB
Cached:    20.08 GB
>> Searching for hard negatives...
>> Searching for hard negatives...
==> Epoch[2](4700/8826): Loss: 0.0075
Allocated: 523.12 MB
Cached:    20.08 GB
>> Searching for hard negatives...
>> Searching for hard negatives...
>> Searching for hard negatives...
==> Epoch[2](4750/8826): Loss: 0.0160
Allocated: 528.28 MB
Cached:    20.08 GB
>> Searching for hard negatives...
>> Searching for hard negatives...
==> Epoch[2](4800/8826): Loss: 0.0021
Allocated: 523.12 MB
Cached:    20.08 GB
>> Searching for hard negatives...
>> Searching for hard negatives...
>> Searching for hard negatives...
==> Epoch[2](4850/8826): Loss: 0.0031
Allocated: 528.28 MB
Cached:    20.08 GB
>> Searching for hard negatives...
>> Searching for hard negatives...
==> Epoch[2](4900/8826): Loss: 0.0037
Allocated: 523.12 MB
Cached:    20.08 GB
>> Searching for hard negatives...
>> Searching for hard negatives...
>> Searching for hard negatives...
==> Epoch[2](4950/8826): Loss: 0.0044
Allocated: 528.28 MB
Cached:    20.08 GB
>> Searching for hard negatives...
>> Searching for hard negatives...
==> Epoch[2](5000/8826): Loss: 0.0079
Allocated: 523.12 MB
Cached:    20.08 GB
>> Searching for hard negatives...
>> Searching for hard negatives...
>> Searching for hard negatives...
==> Epoch[2](5050/8826): Loss: 0.0177
Allocated: 528.28 MB
Cached:    20.08 GB
>> Searching for hard negatives...
>> Searching for hard negatives...
==> Epoch[2](5100/8826): Loss: 0.0059
Allocated: 523.12 MB
Cached:    20.08 GB
>> Searching for hard negatives...
>> Searching for hard negatives...
>> Searching for hard negatives...
==> Epoch[2](5150/8826): Loss: 0.0018
Allocated: 528.28 MB
Cached:    20.08 GB
>> Searching for hard negatives...
>> Searching for hard negatives...
==> Epoch[2](5200/8826): Loss: 0.0220
Allocated: 523.12 MB
Cached:    20.08 GB
>> Searching for hard negatives...
>> Searching for hard negatives...
>> Searching for hard negatives...
==> Epoch[2](5250/8826): Loss: 0.0057
Allocated: 528.28 MB
Cached:    20.08 GB
>> Searching for hard negatives...
>> Searching for hard negatives...
==> Epoch[2](5300/8826): Loss: 0.0229
Allocated: 523.12 MB
Cached:    20.08 GB
>> Searching for hard negatives...
>> Searching for hard negatives...
>> Searching for hard negatives...
==> Epoch[2](5350/8826): Loss: 0.0082
Allocated: 528.28 MB
Cached:    20.08 GB
>> Searching for hard negatives...
>> Searching for hard negatives...
==> Epoch[2](5400/8826): Loss: 0.0243
Allocated: 523.12 MB
Cached:    20.08 GB
>> Searching for hard negatives...
>> Searching for hard negatives...
>> Searching for hard negatives...
==> Epoch[2](5450/8826): Loss: 0.0064
Allocated: 528.28 MB
Cached:    20.08 GB
>> Searching for hard negatives...
>> Searching for hard negatives...
==> Epoch[2](5500/8826): Loss: 0.0442
Allocated: 523.12 MB
Cached:    20.08 GB
>> Searching for hard negatives...
>> Searching for hard negatives...
>> Searching for hard negatives...
==> Epoch[2](5550/8826): Loss: 0.0148
Allocated: 528.28 MB
Cached:    20.08 GB
>> Searching for hard negatives...
>> Searching for hard negatives...
==> Epoch[2](5600/8826): Loss: 0.0070
Allocated: 523.12 MB
Cached:    20.08 GB
>> Searching for hard negatives...
>> Searching for hard negatives...
>> Searching for hard negatives...
==> Epoch[2](5650/8826): Loss: 0.0053
Allocated: 528.28 MB
Cached:    20.08 GB
>> Searching for hard negatives...
>> Searching for hard negatives...
==> Epoch[2](5700/8826): Loss: 0.0140
Allocated: 523.12 MB
Cached:    20.08 GB
>> Searching for hard negatives...
>> Searching for hard negatives...
>> Searching for hard negatives...
==> Epoch[2](5750/8826): Loss: 0.0024
Allocated: 528.28 MB
Cached:    20.08 GB
>> Searching for hard negatives...
>> Searching for hard negatives...
==> Epoch[2](5800/8826): Loss: 0.0101
Allocated: 523.12 MB
Cached:    20.08 GB
>> Searching for hard negatives...
>> Searching for hard negatives...
>> Searching for hard negatives...
==> Epoch[2](5850/8826): Loss: 0.0072
Allocated: 528.28 MB
Cached:    20.08 GB
>> Searching for hard negatives...
>> Searching for hard negatives...
==> Epoch[2](5900/8826): Loss: 0.0654
Allocated: 523.12 MB
Cached:    20.08 GB
>> Searching for hard negatives...
>> Searching for hard negatives...
>> Searching for hard negatives...
==> Epoch[2](5950/8826): Loss: 0.0273
Allocated: 528.28 MB
Cached:    20.08 GB
>> Searching for hard negatives...
>> Searching for hard negatives...
==> Epoch[2](6000/8826): Loss: 0.0021
Allocated: 523.12 MB
Cached:    20.08 GB
>> Searching for hard negatives...
>> Searching for hard negatives...
>> Searching for hard negatives...
==> Epoch[2](6050/8826): Loss: 0.0148
Allocated: 528.28 MB
Cached:    20.08 GB
>> Searching for hard negatives...
>> Searching for hard negatives...
==> Epoch[2](6100/8826): Loss: 0.0034
Allocated: 523.12 MB
Cached:    20.08 GB
>> Searching for hard negatives...
>> Searching for hard negatives...
>> Searching for hard negatives...
==> Epoch[2](6150/8826): Loss: 0.0028
Allocated: 528.28 MB
Cached:    20.08 GB
>> Searching for hard negatives...
>> Searching for hard negatives...
==> Epoch[2](6200/8826): Loss: 0.0055
Allocated: 523.12 MB
Cached:    20.08 GB
>> Searching for hard negatives...
>> Searching for hard negatives...
>> Searching for hard negatives...
==> Epoch[2](6250/8826): Loss: 0.0035
Allocated: 528.28 MB
Cached:    20.08 GB
>> Searching for hard negatives...
>> Searching for hard negatives...
==> Epoch[2](6300/8826): Loss: 0.0061
Allocated: 523.12 MB
Cached:    20.08 GB
>> Searching for hard negatives...
>> Searching for hard negatives...
>> Searching for hard negatives...
==> Epoch[2](6350/8826): Loss: 0.0065
Allocated: 528.28 MB
Cached:    20.08 GB
>> Searching for hard negatives...
>> Searching for hard negatives...
==> Epoch[2](6400/8826): Loss: 0.0044
Allocated: 523.12 MB
Cached:    20.08 GB
>> Searching for hard negatives...
>> Searching for hard negatives...
>> Searching for hard negatives...
==> Epoch[2](6450/8826): Loss: 0.0021
Allocated: 528.28 MB
Cached:    20.08 GB
>> Searching for hard negatives...
>> Searching for hard negatives...
==> Epoch[2](6500/8826): Loss: 0.0050
Allocated: 523.12 MB
Cached:    20.08 GB
>> Searching for hard negatives...
>> Searching for hard negatives...
>> Searching for hard negatives...
==> Epoch[2](6550/8826): Loss: 0.0118
Allocated: 528.28 MB
Cached:    20.08 GB
>> Searching for hard negatives...
>> Searching for hard negatives...
==> Epoch[2](6600/8826): Loss: 0.0063
Allocated: 523.12 MB
Cached:    20.08 GB
>> Searching for hard negatives...
>> Searching for hard negatives...
>> Searching for hard negatives...
==> Epoch[2](6650/8826): Loss: 0.0055
Allocated: 528.28 MB
Cached:    20.08 GB
>> Searching for hard negatives...
>> Searching for hard negatives...
==> Epoch[2](6700/8826): Loss: 0.0087
Allocated: 523.12 MB
Cached:    20.08 GB
>> Searching for hard negatives...
>> Searching for hard negatives...
>> Searching for hard negatives...
==> Epoch[2](6750/8826): Loss: 0.0031
Allocated: 528.28 MB
Cached:    20.08 GB
>> Searching for hard negatives...
>> Searching for hard negatives...
==> Epoch[2](6800/8826): Loss: 0.0154
Allocated: 523.12 MB
Cached:    20.08 GB
>> Searching for hard negatives...
>> Searching for hard negatives...
>> Searching for hard negatives...
==> Epoch[2](6850/8826): Loss: 0.0104
Allocated: 528.28 MB
Cached:    20.08 GB
>> Searching for hard negatives...
>> Searching for hard negatives...
==> Epoch[2](6900/8826): Loss: 0.0013
Allocated: 523.12 MB
Cached:    20.08 GB
>> Searching for hard negatives...
>> Searching for hard negatives...
>> Searching for hard negatives...
==> Epoch[2](6950/8826): Loss: 0.0026
Allocated: 528.28 MB
Cached:    20.08 GB
>> Searching for hard negatives...
>> Searching for hard negatives...
==> Epoch[2](7000/8826): Loss: 0.0211
Allocated: 523.12 MB
Cached:    20.08 GB
>> Searching for hard negatives...
>> Searching for hard negatives...
>> Searching for hard negatives...
==> Epoch[2](7050/8826): Loss: 0.0152
Allocated: 528.28 MB
Cached:    20.08 GB
>> Searching for hard negatives...
>> Searching for hard negatives...
==> Epoch[2](7100/8826): Loss: 0.0052
Allocated: 523.12 MB
Cached:    20.08 GB
>> Searching for hard negatives...
>> Searching for hard negatives...
>> Searching for hard negatives...
==> Epoch[2](7150/8826): Loss: 0.0029
Allocated: 528.28 MB
Cached:    20.08 GB
>> Searching for hard negatives...
>> Searching for hard negatives...
==> Epoch[2](7200/8826): Loss: 0.0020
Allocated: 523.12 MB
Cached:    20.08 GB
>> Searching for hard negatives...
>> Searching for hard negatives...
>> Searching for hard negatives...
==> Epoch[2](7250/8826): Loss: 0.0018
Allocated: 528.28 MB
Cached:    20.08 GB
>> Searching for hard negatives...
>> Searching for hard negatives...
==> Epoch[2](7300/8826): Loss: 0.0022
Allocated: 523.12 MB
Cached:    20.08 GB
>> Searching for hard negatives...
>> Searching for hard negatives...
>> Searching for hard negatives...
==> Epoch[2](7350/8826): Loss: 0.0076
Allocated: 528.28 MB
Cached:    20.08 GB
>> Searching for hard negatives...
>> Searching for hard negatives...
==> Epoch[2](7400/8826): Loss: 0.0164
Allocated: 523.12 MB
Cached:    20.08 GB
>> Searching for hard negatives...
>> Searching for hard negatives...
>> Searching for hard negatives...
==> Epoch[2](7450/8826): Loss: 0.0192
Allocated: 528.28 MB
Cached:    20.08 GB
>> Searching for hard negatives...
>> Searching for hard negatives...
==> Epoch[2](7500/8826): Loss: 0.0036
Allocated: 523.12 MB
Cached:    20.08 GB
>> Searching for hard negatives...
>> Searching for hard negatives...
>> Searching for hard negatives...
==> Epoch[2](7550/8826): Loss: 0.0105
Allocated: 528.28 MB
Cached:    20.08 GB
>> Searching for hard negatives...
>> Searching for hard negatives...
==> Epoch[2](7600/8826): Loss: 0.0028
Allocated: 523.12 MB
Cached:    20.08 GB
>> Searching for hard negatives...
>> Searching for hard negatives...
>> Searching for hard negatives...
==> Epoch[2](7650/8826): Loss: 0.0047
Allocated: 528.28 MB
Cached:    20.08 GB
>> Searching for hard negatives...
>> Searching for hard negatives...
==> Epoch[2](7700/8826): Loss: 0.0014
Allocated: 523.12 MB
Cached:    20.08 GB
>> Searching for hard negatives...
>> Searching for hard negatives...
>> Searching for hard negatives...
==> Epoch[2](7750/8826): Loss: 0.0052
Allocated: 528.28 MB
Cached:    20.08 GB
>> Searching for hard negatives...
>> Searching for hard negatives...
==> Epoch[2](7800/8826): Loss: 0.0116
Allocated: 523.12 MB
Cached:    20.08 GB
>> Searching for hard negatives...
>> Searching for hard negatives...
>> Searching for hard negatives...
==> Epoch[2](7850/8826): Loss: 0.0039
Allocated: 528.28 MB
Cached:    20.08 GB
>> Searching for hard negatives...
>> Searching for hard negatives...
==> Epoch[2](7900/8826): Loss: 0.0136
Allocated: 523.12 MB
Cached:    20.08 GB
>> Searching for hard negatives...
>> Searching for hard negatives...
>> Searching for hard negatives...
==> Epoch[2](7950/8826): Loss: 0.0105
Allocated: 528.28 MB
Cached:    20.08 GB
>> Searching for hard negatives...
>> Searching for hard negatives...
==> Epoch[2](8000/8826): Loss: 0.0070
Allocated: 523.12 MB
Cached:    20.08 GB
>> Searching for hard negatives...
>> Searching for hard negatives...
>> Searching for hard negatives...
==> Epoch[2](8050/8826): Loss: 0.0072
Allocated: 528.28 MB
Cached:    20.08 GB
>> Searching for hard negatives...
>> Searching for hard negatives...
==> Epoch[2](8100/8826): Loss: 0.0027
Allocated: 523.12 MB
Cached:    20.08 GB
>> Searching for hard negatives...
>> Searching for hard negatives...
>> Searching for hard negatives...
==> Epoch[2](8150/8826): Loss: 0.0055
Allocated: 528.28 MB
Cached:    20.08 GB
>> Searching for hard negatives...
>> Searching for hard negatives...
==> Epoch[2](8200/8826): Loss: 0.0085
Allocated: 523.12 MB
Cached:    20.08 GB
>> Searching for hard negatives...
>> Searching for hard negatives...
>> Searching for hard negatives...
==> Epoch[2](8250/8826): Loss: 0.0061
Allocated: 528.28 MB
Cached:    20.08 GB
>> Searching for hard negatives...
>> Searching for hard negatives...
==> Epoch[2](8300/8826): Loss: 0.0036
Allocated: 523.12 MB
Cached:    20.08 GB
>> Searching for hard negatives...
>> Searching for hard negatives...
>> Searching for hard negatives...
==> Epoch[2](8350/8826): Loss: 0.0201
Allocated: 528.28 MB
Cached:    20.08 GB
>> Searching for hard negatives...
>> Searching for hard negatives...
==> Epoch[2](8400/8826): Loss: 0.0040
Allocated: 523.12 MB
Cached:    20.08 GB
>> Searching for hard negatives...
>> Searching for hard negatives...
>> Searching for hard negatives...
==> Epoch[2](8450/8826): Loss: 0.0070
Allocated: 528.28 MB
Cached:    20.08 GB
>> Searching for hard negatives...
>> Searching for hard negatives...
==> Epoch[2](8500/8826): Loss: 0.0235
Allocated: 523.12 MB
Cached:    20.08 GB
>> Searching for hard negatives...
>> Searching for hard negatives...
>> Searching for hard negatives...
==> Epoch[2](8550/8826): Loss: 0.0279
Allocated: 528.28 MB
Cached:    20.08 GB
>> Searching for hard negatives...
>> Searching for hard negatives...
==> Epoch[2](8600/8826): Loss: 0.0156
Allocated: 523.12 MB
Cached:    20.08 GB
>> Searching for hard negatives...
>> Searching for hard negatives...
>> Searching for hard negatives...
==> Epoch[2](8650/8826): Loss: 0.0126
Allocated: 528.28 MB
Cached:    20.08 GB
>> Searching for hard negatives...
>> Searching for hard negatives...
==> Epoch[2](8700/8826): Loss: 0.0136
Allocated: 523.12 MB
Cached:    20.08 GB
>> Searching for hard negatives...
>> Searching for hard negatives...
>> Searching for hard negatives...
==> Epoch[2](8750/8826): Loss: 0.0097
Allocated: 528.28 MB
Cached:    20.08 GB
>> Searching for hard negatives...
>> Searching for hard negatives...
==> Epoch[2](8800/8826): Loss: 0.0243
Allocated: 523.12 MB
Cached:    20.08 GB
>> Searching for hard negatives...
>> Searching for hard negatives...
===> Epoch 2 Complete: Avg. Loss: 0.0095
====> Extracting Features
====> Building faiss index
====> Calculating recall @ N
====> Recall@1: 0.6149
====> Recall@5: 0.7365
====> Recall@10: 0.7784
====> Recall@20: 0.8270
====> Recall@50: 0.8730
====> Recall@100: 0.9000
>> Searching for hard negatives...
>> Searching for hard negatives...
>> Searching for hard negatives...
==> Epoch[3](50/8826): Loss: 0.0031
Allocated: 528.28 MB
Cached:    20.08 GB
>> Searching for hard negatives...
>> Searching for hard negatives...
==> Epoch[3](100/8826): Loss: 0.0034
Allocated: 525.70 MB
Cached:    20.08 GB
>> Searching for hard negatives...
>> Searching for hard negatives...
>> Searching for hard negatives...
==> Epoch[3](150/8826): Loss: 0.0018
Allocated: 528.28 MB
Cached:    20.08 GB
>> Searching for hard negatives...
>> Searching for hard negatives...
==> Epoch[3](200/8826): Loss: 0.0133
Allocated: 525.70 MB
Cached:    20.08 GB
>> Searching for hard negatives...
>> Searching for hard negatives...
>> Searching for hard negatives...
==> Epoch[3](250/8826): Loss: 0.0100
Allocated: 528.28 MB
Cached:    20.08 GB
>> Searching for hard negatives...
>> Searching for hard negatives...
==> Epoch[3](300/8826): Loss: 0.0173
Allocated: 525.70 MB
Cached:    20.08 GB
>> Searching for hard negatives...
>> Searching for hard negatives...
>> Searching for hard negatives...
==> Epoch[3](350/8826): Loss: 0.0054
Allocated: 528.28 MB
Cached:    20.08 GB
>> Searching for hard negatives...
>> Searching for hard negatives...
==> Epoch[3](400/8826): Loss: 0.0048
Allocated: 525.70 MB
Cached:    20.08 GB
>> Searching for hard negatives...
>> Searching for hard negatives...
>> Searching for hard negatives...
==> Epoch[3](450/8826): Loss: 0.0051
Allocated: 528.28 MB
Cached:    20.08 GB
>> Searching for hard negatives...
>> Searching for hard negatives...
==> Epoch[3](500/8826): Loss: 0.0082
Allocated: 525.70 MB
Cached:    20.08 GB
>> Searching for hard negatives...
>> Searching for hard negatives...
>> Searching for hard negatives...
==> Epoch[3](550/8826): Loss: 0.0089
Allocated: 528.28 MB
Cached:    20.08 GB
>> Searching for hard negatives...
>> Searching for hard negatives...
==> Epoch[3](600/8826): Loss: 0.0046
Allocated: 525.70 MB
Cached:    20.08 GB
>> Searching for hard negatives...
>> Searching for hard negatives...
>> Searching for hard negatives...
==> Epoch[3](650/8826): Loss: 0.0268
Allocated: 528.28 MB
Cached:    20.08 GB
>> Searching for hard negatives...
>> Searching for hard negatives...
==> Epoch[3](700/8826): Loss: 0.0231
Allocated: 525.70 MB
Cached:    20.08 GB
>> Searching for hard negatives...
>> Searching for hard negatives...
>> Searching for hard negatives...
==> Epoch[3](750/8826): Loss: 0.0089
Allocated: 528.28 MB
Cached:    20.08 GB
>> Searching for hard negatives...
>> Searching for hard negatives...
==> Epoch[3](800/8826): Loss: 0.0045
Allocated: 525.70 MB
Cached:    20.08 GB
>> Searching for hard negatives...
>> Searching for hard negatives...
>> Searching for hard negatives...
==> Epoch[3](850/8826): Loss: 0.0139
Allocated: 528.28 MB
Cached:    20.08 GB
>> Searching for hard negatives...
>> Searching for hard negatives...
==> Epoch[3](900/8826): Loss: 0.0033
Allocated: 525.70 MB
Cached:    20.08 GB
>> Searching for hard negatives...
>> Searching for hard negatives...
>> Searching for hard negatives...
==> Epoch[3](950/8826): Loss: 0.0107
Allocated: 528.28 MB
Cached:    20.08 GB
>> Searching for hard negatives...
>> Searching for hard negatives...
==> Epoch[3](1000/8826): Loss: 0.0099
Allocated: 525.70 MB
Cached:    20.08 GB
>> Searching for hard negatives...
>> Searching for hard negatives...
>> Searching for hard negatives...
==> Epoch[3](1050/8826): Loss: 0.0045
Allocated: 528.28 MB
Cached:    20.08 GB
>> Searching for hard negatives...
>> Searching for hard negatives...
==> Epoch[3](1100/8826): Loss: 0.0275
Allocated: 525.70 MB
Cached:    20.08 GB
>> Searching for hard negatives...
>> Searching for hard negatives...
>> Searching for hard negatives...
==> Epoch[3](1150/8826): Loss: 0.0051
Allocated: 528.28 MB
Cached:    20.08 GB
>> Searching for hard negatives...
>> Searching for hard negatives...
==> Epoch[3](1200/8826): Loss: 0.0025
Allocated: 525.70 MB
Cached:    20.08 GB
>> Searching for hard negatives...
>> Searching for hard negatives...
>> Searching for hard negatives...
==> Epoch[3](1250/8826): Loss: 0.0030
Allocated: 528.28 MB
Cached:    20.08 GB
>> Searching for hard negatives...
>> Searching for hard negatives...
==> Epoch[3](1300/8826): Loss: 0.0193
Allocated: 525.70 MB
Cached:    20.08 GB
>> Searching for hard negatives...
>> Searching for hard negatives...
>> Searching for hard negatives...
==> Epoch[3](1350/8826): Loss: 0.0091
Allocated: 528.28 MB
Cached:    20.08 GB
>> Searching for hard negatives...
>> Searching for hard negatives...
==> Epoch[3](1400/8826): Loss: 0.0048
Allocated: 525.70 MB
Cached:    20.08 GB
>> Searching for hard negatives...
>> Searching for hard negatives...
>> Searching for hard negatives...
==> Epoch[3](1450/8826): Loss: 0.0096
Allocated: 528.28 MB
Cached:    20.08 GB
>> Searching for hard negatives...
>> Searching for hard negatives...
==> Epoch[3](1500/8826): Loss: 0.0066
Allocated: 525.70 MB
Cached:    20.08 GB
>> Searching for hard negatives...
>> Searching for hard negatives...
>> Searching for hard negatives...
==> Epoch[3](1550/8826): Loss: 0.0077
Allocated: 528.28 MB
Cached:    20.08 GB
>> Searching for hard negatives...
>> Searching for hard negatives...
==> Epoch[3](1600/8826): Loss: 0.0100
Allocated: 525.70 MB
Cached:    20.08 GB
>> Searching for hard negatives...
>> Searching for hard negatives...
>> Searching for hard negatives...
==> Epoch[3](1650/8826): Loss: 0.0032
Allocated: 528.28 MB
Cached:    20.08 GB
>> Searching for hard negatives...
>> Searching for hard negatives...
==> Epoch[3](1700/8826): Loss: 0.0099
Allocated: 525.70 MB
Cached:    20.08 GB
>> Searching for hard negatives...
>> Searching for hard negatives...
>> Searching for hard negatives...
==> Epoch[3](1750/8826): Loss: 0.0041
Allocated: 528.28 MB
Cached:    20.08 GB
>> Searching for hard negatives...
>> Searching for hard negatives...
==> Epoch[3](1800/8826): Loss: 0.0082
Allocated: 525.70 MB
Cached:    20.08 GB
>> Searching for hard negatives...
>> Searching for hard negatives...
>> Searching for hard negatives...
==> Epoch[3](1850/8826): Loss: 0.0134
Allocated: 528.28 MB
Cached:    20.08 GB
>> Searching for hard negatives...
>> Searching for hard negatives...
==> Epoch[3](1900/8826): Loss: 0.0044
Allocated: 525.70 MB
Cached:    20.08 GB
>> Searching for hard negatives...
>> Searching for hard negatives...
>> Searching for hard negatives...
==> Epoch[3](1950/8826): Loss: 0.0189
Allocated: 528.28 MB
Cached:    20.08 GB
>> Searching for hard negatives...
>> Searching for hard negatives...
==> Epoch[3](2000/8826): Loss: 0.0085
Allocated: 525.70 MB
Cached:    20.08 GB
>> Searching for hard negatives...
>> Searching for hard negatives...
>> Searching for hard negatives...
==> Epoch[3](2050/8826): Loss: 0.0028
Allocated: 528.28 MB
Cached:    20.08 GB
>> Searching for hard negatives...
>> Searching for hard negatives...
==> Epoch[3](2100/8826): Loss: 0.0037
Allocated: 525.70 MB
Cached:    20.08 GB
>> Searching for hard negatives...
>> Searching for hard negatives...
>> Searching for hard negatives...
==> Epoch[3](2150/8826): Loss: 0.0150
Allocated: 528.28 MB
Cached:    20.08 GB
>> Searching for hard negatives...
>> Searching for hard negatives...
==> Epoch[3](2200/8826): Loss: 0.0141
Allocated: 525.70 MB
Cached:    20.08 GB
>> Searching for hard negatives...
>> Searching for hard negatives...
>> Searching for hard negatives...
==> Epoch[3](2250/8826): Loss: 0.0021
Allocated: 528.28 MB
Cached:    20.08 GB
>> Searching for hard negatives...
>> Searching for hard negatives...
==> Epoch[3](2300/8826): Loss: 0.0096
Allocated: 525.70 MB
Cached:    20.08 GB
>> Searching for hard negatives...
>> Searching for hard negatives...
>> Searching for hard negatives...
==> Epoch[3](2350/8826): Loss: 0.0144
Allocated: 528.28 MB
Cached:    20.08 GB
>> Searching for hard negatives...
>> Searching for hard negatives...
==> Epoch[3](2400/8826): Loss: 0.0138
Allocated: 525.70 MB
Cached:    20.08 GB
>> Searching for hard negatives...
>> Searching for hard negatives...
>> Searching for hard negatives...
==> Epoch[3](2450/8826): Loss: 0.0294
Allocated: 528.28 MB
Cached:    20.08 GB
>> Searching for hard negatives...
>> Searching for hard negatives...
==> Epoch[3](2500/8826): Loss: 0.0029
Allocated: 525.70 MB
Cached:    20.08 GB
>> Searching for hard negatives...
>> Searching for hard negatives...
>> Searching for hard negatives...
==> Epoch[3](2550/8826): Loss: 0.0037
Allocated: 528.28 MB
Cached:    20.08 GB
>> Searching for hard negatives...
>> Searching for hard negatives...
==> Epoch[3](2600/8826): Loss: 0.0053
Allocated: 525.70 MB
Cached:    20.08 GB
>> Searching for hard negatives...
>> Searching for hard negatives...
>> Searching for hard negatives...
==> Epoch[3](2650/8826): Loss: 0.0057
Allocated: 528.28 MB
Cached:    20.08 GB
>> Searching for hard negatives...
>> Searching for hard negatives...
==> Epoch[3](2700/8826): Loss: 0.0244
Allocated: 525.70 MB
Cached:    20.08 GB
>> Searching for hard negatives...
>> Searching for hard negatives...
>> Searching for hard negatives...
==> Epoch[3](2750/8826): Loss: 0.0032
Allocated: 528.28 MB
Cached:    20.08 GB
>> Searching for hard negatives...
>> Searching for hard negatives...
==> Epoch[3](2800/8826): Loss: 0.0072
Allocated: 525.70 MB
Cached:    20.08 GB
>> Searching for hard negatives...
>> Searching for hard negatives...
>> Searching for hard negatives...
==> Epoch[3](2850/8826): Loss: 0.0164
Allocated: 528.28 MB
Cached:    20.08 GB
>> Searching for hard negatives...
>> Searching for hard negatives...
==> Epoch[3](2900/8826): Loss: 0.0125
Allocated: 525.70 MB
Cached:    20.08 GB
>> Searching for hard negatives...
>> Searching for hard negatives...
>> Searching for hard negatives...
==> Epoch[3](2950/8826): Loss: 0.0198
Allocated: 528.28 MB
Cached:    20.08 GB
>> Searching for hard negatives...
>> Searching for hard negatives...
==> Epoch[3](3000/8826): Loss: 0.0064
Allocated: 525.70 MB
Cached:    20.08 GB
>> Searching for hard negatives...
>> Searching for hard negatives...
>> Searching for hard negatives...
==> Epoch[3](3050/8826): Loss: 0.0218
Allocated: 528.28 MB
Cached:    20.08 GB
>> Searching for hard negatives...
>> Searching for hard negatives...
==> Epoch[3](3100/8826): Loss: 0.0080
Allocated: 525.70 MB
Cached:    20.08 GB
>> Searching for hard negatives...
>> Searching for hard negatives...
>> Searching for hard negatives...
==> Epoch[3](3150/8826): Loss: 0.0132
Allocated: 528.28 MB
Cached:    20.08 GB
>> Searching for hard negatives...
>> Searching for hard negatives...
==> Epoch[3](3200/8826): Loss: 0.0128
Allocated: 525.70 MB
Cached:    20.08 GB
>> Searching for hard negatives...
>> Searching for hard negatives...
>> Searching for hard negatives...
==> Epoch[3](3250/8826): Loss: 0.0061
Allocated: 528.28 MB
Cached:    20.08 GB
>> Searching for hard negatives...
>> Searching for hard negatives...
==> Epoch[3](3300/8826): Loss: 0.0091
Allocated: 523.12 MB
Cached:    20.08 GB
>> Searching for hard negatives...
>> Searching for hard negatives...
>> Searching for hard negatives...
==> Epoch[3](3350/8826): Loss: 0.0100
Allocated: 528.28 MB
Cached:    20.08 GB
>> Searching for hard negatives...
>> Searching for hard negatives...
==> Epoch[3](3400/8826): Loss: 0.0050
Allocated: 523.12 MB
Cached:    20.08 GB
>> Searching for hard negatives...
>> Searching for hard negatives...
>> Searching for hard negatives...
==> Epoch[3](3450/8826): Loss: 0.0039
Allocated: 528.28 MB
Cached:    20.08 GB
>> Searching for hard negatives...
>> Searching for hard negatives...
==> Epoch[3](3500/8826): Loss: 0.0123
Allocated: 523.12 MB
Cached:    20.08 GB
>> Searching for hard negatives...
>> Searching for hard negatives...
>> Searching for hard negatives...
==> Epoch[3](3550/8826): Loss: 0.0058
Allocated: 528.28 MB
Cached:    20.08 GB
>> Searching for hard negatives...
>> Searching for hard negatives...
==> Epoch[3](3600/8826): Loss: 0.0027
Allocated: 523.12 MB
Cached:    20.08 GB
>> Searching for hard negatives...
>> Searching for hard negatives...
>> Searching for hard negatives...
==> Epoch[3](3650/8826): Loss: 0.0037
Allocated: 528.28 MB
Cached:    20.08 GB
>> Searching for hard negatives...
>> Searching for hard negatives...
==> Epoch[3](3700/8826): Loss: 0.0124
Allocated: 523.12 MB
Cached:    20.08 GB
>> Searching for hard negatives...
>> Searching for hard negatives...
>> Searching for hard negatives...
==> Epoch[3](3750/8826): Loss: 0.0124
Allocated: 528.28 MB
Cached:    20.08 GB
>> Searching for hard negatives...
>> Searching for hard negatives...
==> Epoch[3](3800/8826): Loss: 0.0090
Allocated: 523.12 MB
Cached:    20.08 GB
>> Searching for hard negatives...
>> Searching for hard negatives...
>> Searching for hard negatives...
==> Epoch[3](3850/8826): Loss: 0.0029
Allocated: 528.28 MB
Cached:    20.08 GB
>> Searching for hard negatives...
>> Searching for hard negatives...
==> Epoch[3](3900/8826): Loss: 0.0082
Allocated: 523.12 MB
Cached:    20.08 GB
>> Searching for hard negatives...
>> Searching for hard negatives...
>> Searching for hard negatives...
==> Epoch[3](3950/8826): Loss: 0.0078
Allocated: 528.28 MB
Cached:    20.08 GB
>> Searching for hard negatives...
>> Searching for hard negatives...
==> Epoch[3](4000/8826): Loss: 0.0149
Allocated: 523.12 MB
Cached:    20.08 GB
>> Searching for hard negatives...
>> Searching for hard negatives...
>> Searching for hard negatives...
==> Epoch[3](4050/8826): Loss: 0.0038
Allocated: 528.28 MB
Cached:    20.08 GB
>> Searching for hard negatives...
>> Searching for hard negatives...
==> Epoch[3](4100/8826): Loss: 0.0046
Allocated: 523.12 MB
Cached:    20.08 GB
>> Searching for hard negatives...
>> Searching for hard negatives...
>> Searching for hard negatives...
==> Epoch[3](4150/8826): Loss: 0.0122
Allocated: 528.28 MB
Cached:    20.08 GB
>> Searching for hard negatives...
>> Searching for hard negatives...
==> Epoch[3](4200/8826): Loss: 0.0079
Allocated: 523.12 MB
Cached:    20.08 GB
>> Searching for hard negatives...
>> Searching for hard negatives...
>> Searching for hard negatives...
==> Epoch[3](4250/8826): Loss: 0.0120
Allocated: 528.28 MB
Cached:    20.08 GB
>> Searching for hard negatives...
>> Searching for hard negatives...
==> Epoch[3](4300/8826): Loss: 0.0101
Allocated: 523.12 MB
Cached:    20.08 GB
>> Searching for hard negatives...
>> Searching for hard negatives...
>> Searching for hard negatives...
==> Epoch[3](4350/8826): Loss: 0.0109
Allocated: 528.28 MB
Cached:    20.08 GB
>> Searching for hard negatives...
>> Searching for hard negatives...
==> Epoch[3](4400/8826): Loss: 0.0098
Allocated: 523.12 MB
Cached:    20.08 GB
>> Searching for hard negatives...
>> Searching for hard negatives...
>> Searching for hard negatives...
==> Epoch[3](4450/8826): Loss: 0.0189
Allocated: 528.28 MB
Cached:    20.08 GB
>> Searching for hard negatives...
>> Searching for hard negatives...
==> Epoch[3](4500/8826): Loss: 0.0080
Allocated: 523.12 MB
Cached:    20.08 GB
>> Searching for hard negatives...
>> Searching for hard negatives...
>> Searching for hard negatives...
==> Epoch[3](4550/8826): Loss: 0.0062
Allocated: 528.28 MB
Cached:    20.08 GB
>> Searching for hard negatives...
>> Searching for hard negatives...
==> Epoch[3](4600/8826): Loss: 0.0085
Allocated: 523.12 MB
Cached:    20.08 GB
>> Searching for hard negatives...
>> Searching for hard negatives...
>> Searching for hard negatives...
==> Epoch[3](4650/8826): Loss: 0.0244
Allocated: 528.28 MB
Cached:    20.08 GB
>> Searching for hard negatives...
>> Searching for hard negatives...
==> Epoch[3](4700/8826): Loss: 0.0109
Allocated: 523.12 MB
Cached:    20.08 GB
>> Searching for hard negatives...
>> Searching for hard negatives...
>> Searching for hard negatives...
==> Epoch[3](4750/8826): Loss: 0.0026
Allocated: 528.28 MB
Cached:    20.08 GB
>> Searching for hard negatives...
>> Searching for hard negatives...
==> Epoch[3](4800/8826): Loss: 0.0105
Allocated: 523.12 MB
Cached:    20.08 GB
>> Searching for hard negatives...
>> Searching for hard negatives...
>> Searching for hard negatives...
==> Epoch[3](4850/8826): Loss: 0.0089
Allocated: 528.28 MB
Cached:    20.08 GB
>> Searching for hard negatives...
>> Searching for hard negatives...
==> Epoch[3](4900/8826): Loss: 0.0050
Allocated: 523.12 MB
Cached:    20.08 GB
>> Searching for hard negatives...
>> Searching for hard negatives...
>> Searching for hard negatives...
==> Epoch[3](4950/8826): Loss: 0.0127
Allocated: 528.28 MB
Cached:    20.08 GB
>> Searching for hard negatives...
>> Searching for hard negatives...
==> Epoch[3](5000/8826): Loss: 0.0075
Allocated: 523.12 MB
Cached:    20.08 GB
>> Searching for hard negatives...
>> Searching for hard negatives...
>> Searching for hard negatives...
==> Epoch[3](5050/8826): Loss: 0.0041
Allocated: 528.28 MB
Cached:    20.08 GB
>> Searching for hard negatives...
>> Searching for hard negatives...
==> Epoch[3](5100/8826): Loss: 0.0288
Allocated: 523.12 MB
Cached:    20.08 GB
>> Searching for hard negatives...
>> Searching for hard negatives...
>> Searching for hard negatives...
==> Epoch[3](5150/8826): Loss: 0.0032
Allocated: 528.28 MB
Cached:    20.08 GB
>> Searching for hard negatives...
>> Searching for hard negatives...
==> Epoch[3](5200/8826): Loss: 0.0088
Allocated: 523.12 MB
Cached:    20.08 GB
>> Searching for hard negatives...
>> Searching for hard negatives...
>> Searching for hard negatives...
==> Epoch[3](5250/8826): Loss: 0.0026
Allocated: 528.28 MB
Cached:    20.08 GB
>> Searching for hard negatives...
>> Searching for hard negatives...
==> Epoch[3](5300/8826): Loss: 0.0196
Allocated: 523.12 MB
Cached:    20.08 GB
>> Searching for hard negatives...
>> Searching for hard negatives...
>> Searching for hard negatives...
==> Epoch[3](5350/8826): Loss: 0.0158
Allocated: 528.28 MB
Cached:    20.08 GB
>> Searching for hard negatives...
>> Searching for hard negatives...
==> Epoch[3](5400/8826): Loss: 0.0140
Allocated: 523.12 MB
Cached:    20.08 GB
>> Searching for hard negatives...
>> Searching for hard negatives...
>> Searching for hard negatives...
==> Epoch[3](5450/8826): Loss: 0.0095
Allocated: 528.28 MB
Cached:    20.08 GB
>> Searching for hard negatives...
>> Searching for hard negatives...
==> Epoch[3](5500/8826): Loss: 0.0025
Allocated: 523.12 MB
Cached:    20.08 GB
>> Searching for hard negatives...
>> Searching for hard negatives...
>> Searching for hard negatives...
==> Epoch[3](5550/8826): Loss: 0.0322
Allocated: 528.28 MB
Cached:    20.08 GB
>> Searching for hard negatives...
>> Searching for hard negatives...
==> Epoch[3](5600/8826): Loss: 0.0044
Allocated: 523.12 MB
Cached:    20.08 GB
>> Searching for hard negatives...
>> Searching for hard negatives...
>> Searching for hard negatives...
==> Epoch[3](5650/8826): Loss: 0.0138
Allocated: 528.28 MB
Cached:    20.08 GB
>> Searching for hard negatives...
>> Searching for hard negatives...
==> Epoch[3](5700/8826): Loss: 0.0068
Allocated: 523.12 MB
Cached:    20.08 GB
>> Searching for hard negatives...
>> Searching for hard negatives...
>> Searching for hard negatives...
==> Epoch[3](5750/8826): Loss: 0.0187
Allocated: 528.28 MB
Cached:    20.08 GB
>> Searching for hard negatives...
>> Searching for hard negatives...
==> Epoch[3](5800/8826): Loss: 0.0213
Allocated: 523.12 MB
Cached:    20.08 GB
>> Searching for hard negatives...
>> Searching for hard negatives...
>> Searching for hard negatives...
==> Epoch[3](5850/8826): Loss: 0.0013
Allocated: 528.28 MB
Cached:    20.08 GB
>> Searching for hard negatives...
>> Searching for hard negatives...
==> Epoch[3](5900/8826): Loss: 0.0084
Allocated: 523.12 MB
Cached:    20.08 GB
>> Searching for hard negatives...
>> Searching for hard negatives...
>> Searching for hard negatives...
==> Epoch[3](5950/8826): Loss: 0.0049
Allocated: 528.28 MB
Cached:    20.08 GB
>> Searching for hard negatives...
>> Searching for hard negatives...
==> Epoch[3](6000/8826): Loss: 0.0095
Allocated: 523.12 MB
Cached:    20.08 GB
>> Searching for hard negatives...
>> Searching for hard negatives...
>> Searching for hard negatives...
==> Epoch[3](6050/8826): Loss: 0.0029
Allocated: 528.28 MB
Cached:    20.08 GB
>> Searching for hard negatives...
>> Searching for hard negatives...
==> Epoch[3](6100/8826): Loss: 0.0101
Allocated: 523.12 MB
Cached:    20.08 GB
>> Searching for hard negatives...
>> Searching for hard negatives...
>> Searching for hard negatives...
==> Epoch[3](6150/8826): Loss: 0.0220
Allocated: 528.28 MB
Cached:    20.08 GB
>> Searching for hard negatives...
>> Searching for hard negatives...
==> Epoch[3](6200/8826): Loss: 0.0098
Allocated: 523.12 MB
Cached:    20.08 GB
>> Searching for hard negatives...
>> Searching for hard negatives...
>> Searching for hard negatives...
==> Epoch[3](6250/8826): Loss: 0.0110
Allocated: 528.28 MB
Cached:    20.08 GB
>> Searching for hard negatives...
>> Searching for hard negatives...
==> Epoch[3](6300/8826): Loss: 0.0017
Allocated: 523.12 MB
Cached:    20.08 GB
>> Searching for hard negatives...
>> Searching for hard negatives...
>> Searching for hard negatives...
==> Epoch[3](6350/8826): Loss: 0.0127
Allocated: 528.28 MB
Cached:    20.08 GB
>> Searching for hard negatives...
>> Searching for hard negatives...
==> Epoch[3](6400/8826): Loss: 0.0114
Allocated: 523.12 MB
Cached:    20.08 GB
>> Searching for hard negatives...
>> Searching for hard negatives...
>> Searching for hard negatives...
==> Epoch[3](6450/8826): Loss: 0.0107
Allocated: 528.28 MB
Cached:    20.08 GB
>> Searching for hard negatives...
>> Searching for hard negatives...
==> Epoch[3](6500/8826): Loss: 0.0107
Allocated: 523.12 MB
Cached:    20.08 GB
>> Searching for hard negatives...
>> Searching for hard negatives...
>> Searching for hard negatives...
==> Epoch[3](6550/8826): Loss: 0.0066
Allocated: 528.28 MB
Cached:    20.08 GB
>> Searching for hard negatives...
>> Searching for hard negatives...
==> Epoch[3](6600/8826): Loss: 0.0351
Allocated: 523.12 MB
Cached:    20.08 GB
>> Searching for hard negatives...
>> Searching for hard negatives...
>> Searching for hard negatives...
==> Epoch[3](6650/8826): Loss: 0.0113
Allocated: 528.28 MB
Cached:    20.08 GB
>> Searching for hard negatives...
>> Searching for hard negatives...
==> Epoch[3](6700/8826): Loss: 0.0130
Allocated: 523.12 MB
Cached:    20.08 GB
>> Searching for hard negatives...
>> Searching for hard negatives...
>> Searching for hard negatives...
==> Epoch[3](6750/8826): Loss: 0.0045
Allocated: 528.28 MB
Cached:    20.08 GB
>> Searching for hard negatives...
>> Searching for hard negatives...
==> Epoch[3](6800/8826): Loss: 0.0109
Allocated: 523.12 MB
Cached:    20.08 GB
>> Searching for hard negatives...
>> Searching for hard negatives...
>> Searching for hard negatives...
==> Epoch[3](6850/8826): Loss: 0.0087
Allocated: 528.28 MB
Cached:    20.08 GB
>> Searching for hard negatives...
>> Searching for hard negatives...
==> Epoch[3](6900/8826): Loss: 0.0029
Allocated: 523.12 MB
Cached:    20.08 GB
>> Searching for hard negatives...
>> Searching for hard negatives...
>> Searching for hard negatives...
==> Epoch[3](6950/8826): Loss: 0.0087
Allocated: 528.28 MB
Cached:    20.08 GB
>> Searching for hard negatives...
>> Searching for hard negatives...
==> Epoch[3](7000/8826): Loss: 0.0274
Allocated: 523.12 MB
Cached:    20.08 GB
>> Searching for hard negatives...
>> Searching for hard negatives...
>> Searching for hard negatives...
==> Epoch[3](7050/8826): Loss: 0.0123
Allocated: 528.28 MB
Cached:    20.08 GB
>> Searching for hard negatives...
>> Searching for hard negatives...
==> Epoch[3](7100/8826): Loss: 0.0053
Allocated: 523.12 MB
Cached:    20.08 GB
>> Searching for hard negatives...
>> Searching for hard negatives...
>> Searching for hard negatives...
==> Epoch[3](7150/8826): Loss: 0.0181
Allocated: 528.28 MB
Cached:    20.08 GB
>> Searching for hard negatives...
>> Searching for hard negatives...
==> Epoch[3](7200/8826): Loss: 0.0150
Allocated: 523.12 MB
Cached:    20.08 GB
>> Searching for hard negatives...
>> Searching for hard negatives...
>> Searching for hard negatives...
==> Epoch[3](7250/8826): Loss: 0.0116
Allocated: 528.28 MB
Cached:    20.08 GB
>> Searching for hard negatives...
>> Searching for hard negatives...
==> Epoch[3](7300/8826): Loss: 0.0046
Allocated: 523.12 MB
Cached:    20.08 GB
>> Searching for hard negatives...
>> Searching for hard negatives...
>> Searching for hard negatives...
==> Epoch[3](7350/8826): Loss: 0.0079
Allocated: 528.28 MB
Cached:    20.08 GB
>> Searching for hard negatives...
>> Searching for hard negatives...
==> Epoch[3](7400/8826): Loss: 0.0139
Allocated: 523.12 MB
Cached:    20.08 GB
>> Searching for hard negatives...
>> Searching for hard negatives...
>> Searching for hard negatives...
==> Epoch[3](7450/8826): Loss: 0.0124
Allocated: 528.28 MB
Cached:    20.08 GB
>> Searching for hard negatives...
>> Searching for hard negatives...
==> Epoch[3](7500/8826): Loss: 0.0102
Allocated: 523.12 MB
Cached:    20.08 GB
>> Searching for hard negatives...
>> Searching for hard negatives...
>> Searching for hard negatives...
==> Epoch[3](7550/8826): Loss: 0.0187
Allocated: 528.28 MB
Cached:    20.08 GB
>> Searching for hard negatives...
>> Searching for hard negatives...
==> Epoch[3](7600/8826): Loss: 0.0106
Allocated: 523.12 MB
Cached:    20.08 GB
>> Searching for hard negatives...
>> Searching for hard negatives...
>> Searching for hard negatives...
==> Epoch[3](7650/8826): Loss: 0.0104
Allocated: 528.28 MB
Cached:    20.08 GB
>> Searching for hard negatives...
>> Searching for hard negatives...
==> Epoch[3](7700/8826): Loss: 0.0094
Allocated: 523.12 MB
Cached:    20.08 GB
>> Searching for hard negatives...
>> Searching for hard negatives...
>> Searching for hard negatives...
==> Epoch[3](7750/8826): Loss: 0.0432
Allocated: 528.28 MB
Cached:    20.08 GB
>> Searching for hard negatives...
>> Searching for hard negatives...
==> Epoch[3](7800/8826): Loss: 0.0153
Allocated: 523.12 MB
Cached:    20.08 GB
>> Searching for hard negatives...
>> Searching for hard negatives...
>> Searching for hard negatives...
==> Epoch[3](7850/8826): Loss: 0.0107
Allocated: 528.28 MB
Cached:    20.08 GB
>> Searching for hard negatives...
>> Searching for hard negatives...
==> Epoch[3](7900/8826): Loss: 0.0024
Allocated: 523.12 MB
Cached:    20.08 GB
>> Searching for hard negatives...
>> Searching for hard negatives...
>> Searching for hard negatives...
==> Epoch[3](7950/8826): Loss: 0.0129
Allocated: 528.28 MB
Cached:    20.08 GB
>> Searching for hard negatives...
>> Searching for hard negatives...
==> Epoch[3](8000/8826): Loss: 0.0048
Allocated: 523.12 MB
Cached:    20.08 GB
>> Searching for hard negatives...
>> Searching for hard negatives...
>> Searching for hard negatives...
==> Epoch[3](8050/8826): Loss: 0.0180
Allocated: 528.28 MB
Cached:    20.08 GB
>> Searching for hard negatives...
>> Searching for hard negatives...
==> Epoch[3](8100/8826): Loss: 0.0068
Allocated: 523.12 MB
Cached:    20.08 GB
>> Searching for hard negatives...
>> Searching for hard negatives...
>> Searching for hard negatives...
==> Epoch[3](8150/8826): Loss: 0.0010
Allocated: 528.28 MB
Cached:    20.08 GB
>> Searching for hard negatives...
>> Searching for hard negatives...
==> Epoch[3](8200/8826): Loss: 0.0024
Allocated: 523.12 MB
Cached:    20.08 GB
>> Searching for hard negatives...
>> Searching for hard negatives...
>> Searching for hard negatives...
==> Epoch[3](8250/8826): Loss: 0.0148
Allocated: 528.28 MB
Cached:    20.08 GB
>> Searching for hard negatives...
>> Searching for hard negatives...
==> Epoch[3](8300/8826): Loss: 0.0088
Allocated: 523.12 MB
Cached:    20.08 GB
>> Searching for hard negatives...
>> Searching for hard negatives...
>> Searching for hard negatives...
==> Epoch[3](8350/8826): Loss: 0.0076
Allocated: 528.28 MB
Cached:    20.08 GB
>> Searching for hard negatives...
>> Searching for hard negatives...
==> Epoch[3](8400/8826): Loss: 0.0143
Allocated: 523.12 MB
Cached:    20.08 GB
>> Searching for hard negatives...
>> Searching for hard negatives...
>> Searching for hard negatives...
==> Epoch[3](8450/8826): Loss: 0.0087
Allocated: 528.28 MB
Cached:    20.08 GB
>> Searching for hard negatives...
>> Searching for hard negatives...
==> Epoch[3](8500/8826): Loss: 0.0191
Allocated: 523.12 MB
Cached:    20.08 GB
>> Searching for hard negatives...
>> Searching for hard negatives...
>> Searching for hard negatives...
==> Epoch[3](8550/8826): Loss: 0.0077
Allocated: 528.28 MB
Cached:    20.08 GB
>> Searching for hard negatives...
>> Searching for hard negatives...
==> Epoch[3](8600/8826): Loss: 0.0157
Allocated: 523.12 MB
Cached:    20.08 GB
>> Searching for hard negatives...
>> Searching for hard negatives...
>> Searching for hard negatives...
==> Epoch[3](8650/8826): Loss: 0.0261
Allocated: 528.28 MB
Cached:    20.08 GB
>> Searching for hard negatives...
>> Searching for hard negatives...
==> Epoch[3](8700/8826): Loss: 0.0033
Allocated: 523.12 MB
Cached:    20.08 GB
>> Searching for hard negatives...
>> Searching for hard negatives...
>> Searching for hard negatives...
==> Epoch[3](8750/8826): Loss: 0.0026
Allocated: 528.28 MB
Cached:    20.08 GB
>> Searching for hard negatives...
>> Searching for hard negatives...
==> Epoch[3](8800/8826): Loss: 0.0035
Allocated: 523.12 MB
Cached:    20.08 GB
>> Searching for hard negatives...
>> Searching for hard negatives...
===> Epoch 3 Complete: Avg. Loss: 0.0101
====> Extracting Features
