Tue Aug 27 07:28:12 EDT 2024
/home/m.maqboolbhutta/usman_ws/codes/patchnetvlad
/home/m.maqboolbhutta/.conda/envs/patchnetvlad/bin/python
Host: c0801a-s11
Other nodes: 
Starting  process(es) on each node...
==========Starting Training=============
Saving checkpoints at /home/m.maqboolbhutta/usman_ws/models/patchnetvlad/fastscnn-v3/vgg16-graphvlad-sare_joint-27-Aug
========================================
Namespace(cache_path='/home/m.maqboolbhutta/usman_ws/datasets/official/patchnetvlad/', cluster_path='/home/m.maqboolbhutta/usman_ws/datasets/official/patchnetvlad/centroids/vgg16_mapillary_16_desc_cen.hdf5', config_path='patchnetvlad/configs/train-slurm.ini', dataset_root_dir='/home/m.maqboolbhutta/usman_ws/datasets/Mapillary_Street_Level_Sequences/', fast_scnn='/home/m.maqboolbhutta/usman_ws/datasets/official/fast_scnn/official/fast_scnn_citys.pth', identifier='mapillary_nopanos', loss='sare_joint', method='graphvlad', nEpochs=30, nocuda=False, resume_path='/home/m.maqboolbhutta/usman_ws/models/patchnetvlad/fastscnn-v3/vgg16-graphvlad-sare_joint-25-Aug-lr-0_001/Aug25_12-29-01_mapillary_nopanos/checkpoints/checkpoint_epoch2.pth.tar', save_every_epoch=True, save_path='/home/m.maqboolbhutta/usman_ws/models/patchnetvlad/fastscnn-v3/vgg16-graphvlad-sare_joint-27-Aug', start_epoch=0, threads=6, vd16_offtheshelf_path='/home/m.maqboolbhutta/usman_ws/datasets/official/openibl-init/vd16_offtheshelf_conv5_3_max.pth')
===> Building model
=> loading checkpoint '/home/m.maqboolbhutta/usman_ws/models/patchnetvlad/fastscnn-v3/vgg16-graphvlad-sare_joint-25-Aug-lr-0_001/Aug25_12-29-01_mapillary_nopanos/checkpoints/checkpoint_epoch2.pth.tar'
===> Loading segmentation model
Creating model graphvlad
=> loaded checkpoint '/home/m.maqboolbhutta/usman_ws/models/patchnetvlad/fastscnn-v3/vgg16-graphvlad-sare_joint-25-Aug-lr-0_001/Aug25_12-29-01_mapillary_nopanos/checkpoints/checkpoint_epoch2.pth.tar'
===> Loading dataset(s)
Exclude panoramas: True
=====> trondheim
=====> london
=====> boston
=====> melbourne
=====> amsterdam
=====> helsinki
=====> tokyo
=====> toronto
=====> saopaulo
=====> moscow
=====> zurich
=====> paris
=====> bangkok
=====> budapest
=====> austin
=====> berlin
=====> ottawa
=====> phoenix
=====> goa
=====> amman
=====> nairobi
=====> manila
#Sideways [21262/441280]; #Night; [4666/441280]
Forward and Day weighted with 1.0000
Forward and Night weighted with 95.5735
Sideways and Day weighted with 21.7544
Sideways and Night weighted with 116.3279
Exclude panoramas: True
=====> cph
=====> sf
===> Training query set: 441280
===> Evaluating on val set, query count: 740
===> Training model
>> Searching for hard negatives...
>> Searching for hard negatives...
>> Searching for hard negatives...
==> Epoch[3](50/8826): Loss: 0.0016
Allocated: 527.52 MB
Cached:    23.32 GB
>> Searching for hard negatives...
>> Searching for hard negatives...
==> Epoch[3](100/8826): Loss: 0.0185
Allocated: 524.94 MB
Cached:    23.32 GB
>> Searching for hard negatives...
>> Searching for hard negatives...
>> Searching for hard negatives...
==> Epoch[3](150/8826): Loss: 0.0058
Allocated: 527.52 MB
Cached:    20.09 GB
>> Searching for hard negatives...
>> Searching for hard negatives...
==> Epoch[3](200/8826): Loss: 0.0079
Allocated: 524.94 MB
Cached:    20.09 GB
>> Searching for hard negatives...
>> Searching for hard negatives...
>> Searching for hard negatives...
==> Epoch[3](250/8826): Loss: 0.0042
Allocated: 527.52 MB
Cached:    23.32 GB
>> Searching for hard negatives...
>> Searching for hard negatives...
==> Epoch[3](300/8826): Loss: 0.0014
Allocated: 524.94 MB
Cached:    23.32 GB
>> Searching for hard negatives...
>> Searching for hard negatives...
>> Searching for hard negatives...
==> Epoch[3](350/8826): Loss: 0.0141
Allocated: 527.52 MB
Cached:    20.09 GB
>> Searching for hard negatives...
>> Searching for hard negatives...
==> Epoch[3](400/8826): Loss: 0.0038
Allocated: 524.94 MB
Cached:    20.09 GB
>> Searching for hard negatives...
>> Searching for hard negatives...
>> Searching for hard negatives...
==> Epoch[3](450/8826): Loss: 0.0195
Allocated: 527.52 MB
Cached:    23.32 GB
>> Searching for hard negatives...
>> Searching for hard negatives...
==> Epoch[3](500/8826): Loss: 0.0052
Allocated: 524.94 MB
Cached:    23.32 GB
>> Searching for hard negatives...
>> Searching for hard negatives...
>> Searching for hard negatives...
==> Epoch[3](550/8826): Loss: 0.0174
Allocated: 527.52 MB
Cached:    20.09 GB
>> Searching for hard negatives...
>> Searching for hard negatives...
==> Epoch[3](600/8826): Loss: 0.0087
Allocated: 524.94 MB
Cached:    20.09 GB
>> Searching for hard negatives...
>> Searching for hard negatives...
>> Searching for hard negatives...
==> Epoch[3](650/8826): Loss: 0.0046
Allocated: 527.52 MB
Cached:    23.32 GB
>> Searching for hard negatives...
>> Searching for hard negatives...
==> Epoch[3](700/8826): Loss: 0.0022
Allocated: 524.94 MB
Cached:    23.32 GB
>> Searching for hard negatives...
>> Searching for hard negatives...
>> Searching for hard negatives...
==> Epoch[3](750/8826): Loss: 0.0219
Allocated: 527.52 MB
Cached:    20.09 GB
>> Searching for hard negatives...
>> Searching for hard negatives...
==> Epoch[3](800/8826): Loss: 0.0063
Allocated: 524.94 MB
Cached:    20.09 GB
>> Searching for hard negatives...
>> Searching for hard negatives...
>> Searching for hard negatives...
==> Epoch[3](850/8826): Loss: 0.0116
Allocated: 527.52 MB
Cached:    23.32 GB
>> Searching for hard negatives...
>> Searching for hard negatives...
==> Epoch[3](900/8826): Loss: 0.0053
Allocated: 524.94 MB
Cached:    23.32 GB
>> Searching for hard negatives...
>> Searching for hard negatives...
>> Searching for hard negatives...
==> Epoch[3](950/8826): Loss: 0.0019
Allocated: 527.52 MB
Cached:    20.09 GB
>> Searching for hard negatives...
>> Searching for hard negatives...
==> Epoch[3](1000/8826): Loss: 0.0100
Allocated: 524.94 MB
Cached:    20.09 GB
>> Searching for hard negatives...
>> Searching for hard negatives...
>> Searching for hard negatives...
==> Epoch[3](1050/8826): Loss: 0.0072
Allocated: 527.52 MB
Cached:    23.32 GB
>> Searching for hard negatives...
>> Searching for hard negatives...
==> Epoch[3](1100/8826): Loss: 0.0068
Allocated: 524.94 MB
Cached:    23.32 GB
>> Searching for hard negatives...
>> Searching for hard negatives...
>> Searching for hard negatives...
==> Epoch[3](1150/8826): Loss: 0.0429
Allocated: 527.52 MB
Cached:    20.09 GB
>> Searching for hard negatives...
>> Searching for hard negatives...
==> Epoch[3](1200/8826): Loss: 0.0008
Allocated: 524.94 MB
Cached:    20.09 GB
>> Searching for hard negatives...
>> Searching for hard negatives...
>> Searching for hard negatives...
==> Epoch[3](1250/8826): Loss: 0.0121
Allocated: 527.52 MB
Cached:    23.32 GB
>> Searching for hard negatives...
>> Searching for hard negatives...
==> Epoch[3](1300/8826): Loss: 0.0053
Allocated: 524.94 MB
Cached:    23.32 GB
>> Searching for hard negatives...
>> Searching for hard negatives...
>> Searching for hard negatives...
==> Epoch[3](1350/8826): Loss: 0.0033
Allocated: 527.52 MB
Cached:    20.09 GB
>> Searching for hard negatives...
>> Searching for hard negatives...
==> Epoch[3](1400/8826): Loss: 0.0073
Allocated: 524.94 MB
Cached:    20.09 GB
>> Searching for hard negatives...
>> Searching for hard negatives...
>> Searching for hard negatives...
==> Epoch[3](1450/8826): Loss: 0.0046
Allocated: 527.52 MB
Cached:    23.32 GB
>> Searching for hard negatives...
>> Searching for hard negatives...
==> Epoch[3](1500/8826): Loss: 0.0063
Allocated: 524.94 MB
Cached:    23.32 GB
>> Searching for hard negatives...
>> Searching for hard negatives...
>> Searching for hard negatives...
==> Epoch[3](1550/8826): Loss: 0.0053
Allocated: 527.52 MB
Cached:    20.09 GB
>> Searching for hard negatives...
>> Searching for hard negatives...
==> Epoch[3](1600/8826): Loss: 0.0047
Allocated: 524.94 MB
Cached:    20.09 GB
>> Searching for hard negatives...
>> Searching for hard negatives...
>> Searching for hard negatives...
==> Epoch[3](1650/8826): Loss: 0.0084
Allocated: 527.52 MB
Cached:    23.32 GB
>> Searching for hard negatives...
>> Searching for hard negatives...
==> Epoch[3](1700/8826): Loss: 0.0089
Allocated: 524.94 MB
Cached:    23.32 GB
>> Searching for hard negatives...
>> Searching for hard negatives...
>> Searching for hard negatives...
==> Epoch[3](1750/8826): Loss: 0.0016
Allocated: 527.52 MB
Cached:    20.09 GB
>> Searching for hard negatives...
>> Searching for hard negatives...
==> Epoch[3](1800/8826): Loss: 0.0188
Allocated: 524.94 MB
Cached:    20.09 GB
>> Searching for hard negatives...
>> Searching for hard negatives...
>> Searching for hard negatives...
==> Epoch[3](1850/8826): Loss: 0.0054
Allocated: 527.52 MB
Cached:    23.32 GB
>> Searching for hard negatives...
>> Searching for hard negatives...
==> Epoch[3](1900/8826): Loss: 0.0033
Allocated: 524.94 MB
Cached:    23.32 GB
>> Searching for hard negatives...
>> Searching for hard negatives...
>> Searching for hard negatives...
==> Epoch[3](1950/8826): Loss: 0.0067
Allocated: 527.52 MB
Cached:    20.09 GB
>> Searching for hard negatives...
>> Searching for hard negatives...
==> Epoch[3](2000/8826): Loss: 0.0139
Allocated: 524.94 MB
Cached:    20.09 GB
>> Searching for hard negatives...
>> Searching for hard negatives...
>> Searching for hard negatives...
==> Epoch[3](2050/8826): Loss: 0.0223
Allocated: 527.52 MB
Cached:    23.32 GB
>> Searching for hard negatives...
>> Searching for hard negatives...
==> Epoch[3](2100/8826): Loss: 0.0093
Allocated: 524.94 MB
Cached:    23.32 GB
>> Searching for hard negatives...
>> Searching for hard negatives...
>> Searching for hard negatives...
==> Epoch[3](2150/8826): Loss: 0.0146
Allocated: 527.52 MB
Cached:    20.09 GB
>> Searching for hard negatives...
>> Searching for hard negatives...
==> Epoch[3](2200/8826): Loss: 0.0026
Allocated: 524.94 MB
Cached:    20.09 GB
>> Searching for hard negatives...
>> Searching for hard negatives...
>> Searching for hard negatives...
==> Epoch[3](2250/8826): Loss: 0.0345
Allocated: 527.52 MB
Cached:    23.32 GB
>> Searching for hard negatives...
>> Searching for hard negatives...
==> Epoch[3](2300/8826): Loss: 0.0095
Allocated: 524.94 MB
Cached:    23.32 GB
>> Searching for hard negatives...
>> Searching for hard negatives...
>> Searching for hard negatives...
==> Epoch[3](2350/8826): Loss: 0.0071
Allocated: 527.52 MB
Cached:    20.09 GB
>> Searching for hard negatives...
>> Searching for hard negatives...
==> Epoch[3](2400/8826): Loss: 0.0033
Allocated: 524.94 MB
Cached:    20.09 GB
>> Searching for hard negatives...
>> Searching for hard negatives...
>> Searching for hard negatives...
==> Epoch[3](2450/8826): Loss: 0.0086
Allocated: 527.52 MB
Cached:    23.32 GB
>> Searching for hard negatives...
>> Searching for hard negatives...
==> Epoch[3](2500/8826): Loss: 0.0087
Allocated: 524.94 MB
Cached:    23.32 GB
>> Searching for hard negatives...
>> Searching for hard negatives...
>> Searching for hard negatives...
==> Epoch[3](2550/8826): Loss: 0.0049
Allocated: 527.52 MB
Cached:    20.09 GB
>> Searching for hard negatives...
>> Searching for hard negatives...
==> Epoch[3](2600/8826): Loss: 0.0385
Allocated: 524.94 MB
Cached:    20.09 GB
>> Searching for hard negatives...
>> Searching for hard negatives...
>> Searching for hard negatives...
==> Epoch[3](2650/8826): Loss: 0.0076
Allocated: 527.52 MB
Cached:    23.32 GB
>> Searching for hard negatives...
>> Searching for hard negatives...
==> Epoch[3](2700/8826): Loss: 0.0098
Allocated: 524.94 MB
Cached:    23.32 GB
>> Searching for hard negatives...
>> Searching for hard negatives...
>> Searching for hard negatives...
==> Epoch[3](2750/8826): Loss: 0.0014
Allocated: 527.52 MB
Cached:    20.09 GB
>> Searching for hard negatives...
>> Searching for hard negatives...
==> Epoch[3](2800/8826): Loss: 0.0078
Allocated: 524.94 MB
Cached:    20.09 GB
>> Searching for hard negatives...
>> Searching for hard negatives...
>> Searching for hard negatives...
==> Epoch[3](2850/8826): Loss: 0.0038
Allocated: 527.52 MB
Cached:    23.32 GB
>> Searching for hard negatives...
>> Searching for hard negatives...
==> Epoch[3](2900/8826): Loss: 0.0018
Allocated: 524.94 MB
Cached:    23.32 GB
>> Searching for hard negatives...
>> Searching for hard negatives...
>> Searching for hard negatives...
==> Epoch[3](2950/8826): Loss: 0.0256
Allocated: 527.52 MB
Cached:    20.09 GB
>> Searching for hard negatives...
>> Searching for hard negatives...
==> Epoch[3](3000/8826): Loss: 0.0063
Allocated: 524.94 MB
Cached:    20.09 GB
>> Searching for hard negatives...
>> Searching for hard negatives...
>> Searching for hard negatives...
==> Epoch[3](3050/8826): Loss: 0.0216
Allocated: 527.52 MB
Cached:    23.32 GB
>> Searching for hard negatives...
>> Searching for hard negatives...
==> Epoch[3](3100/8826): Loss: 0.0035
Allocated: 524.94 MB
Cached:    23.32 GB
>> Searching for hard negatives...
>> Searching for hard negatives...
>> Searching for hard negatives...
==> Epoch[3](3150/8826): Loss: 0.0180
Allocated: 527.52 MB
Cached:    20.09 GB
>> Searching for hard negatives...
>> Searching for hard negatives...
==> Epoch[3](3200/8826): Loss: 0.0138
Allocated: 524.94 MB
Cached:    20.09 GB
>> Searching for hard negatives...
>> Searching for hard negatives...
>> Searching for hard negatives...
==> Epoch[3](3250/8826): Loss: 0.0121
Allocated: 527.52 MB
Cached:    23.32 GB
>> Searching for hard negatives...
>> Searching for hard negatives...
==> Epoch[3](3300/8826): Loss: 0.0083
Allocated: 522.36 MB
Cached:    23.32 GB
>> Searching for hard negatives...
>> Searching for hard negatives...
>> Searching for hard negatives...
==> Epoch[3](3350/8826): Loss: 0.0207
Allocated: 527.52 MB
Cached:    18.48 GB
>> Searching for hard negatives...
>> Searching for hard negatives...
==> Epoch[3](3400/8826): Loss: 0.0014
Allocated: 522.36 MB
Cached:    18.48 GB
>> Searching for hard negatives...
>> Searching for hard negatives...
>> Searching for hard negatives...
==> Epoch[3](3450/8826): Loss: 0.0082
Allocated: 527.52 MB
Cached:    18.48 GB
>> Searching for hard negatives...
>> Searching for hard negatives...
==> Epoch[3](3500/8826): Loss: 0.0037
Allocated: 522.36 MB
Cached:    18.48 GB
>> Searching for hard negatives...
>> Searching for hard negatives...
>> Searching for hard negatives...
==> Epoch[3](3550/8826): Loss: 0.0146
Allocated: 527.52 MB
Cached:    18.48 GB
>> Searching for hard negatives...
>> Searching for hard negatives...
==> Epoch[3](3600/8826): Loss: 0.0040
Allocated: 522.36 MB
Cached:    18.48 GB
>> Searching for hard negatives...
>> Searching for hard negatives...
>> Searching for hard negatives...
==> Epoch[3](3650/8826): Loss: 0.0178
Allocated: 527.52 MB
Cached:    18.48 GB
>> Searching for hard negatives...
>> Searching for hard negatives...
==> Epoch[3](3700/8826): Loss: 0.0145
Allocated: 522.36 MB
Cached:    18.48 GB
>> Searching for hard negatives...
>> Searching for hard negatives...
>> Searching for hard negatives...
==> Epoch[3](3750/8826): Loss: 0.0020
Allocated: 527.52 MB
Cached:    18.48 GB
>> Searching for hard negatives...
>> Searching for hard negatives...
==> Epoch[3](3800/8826): Loss: 0.0042
Allocated: 522.36 MB
Cached:    18.48 GB
>> Searching for hard negatives...
>> Searching for hard negatives...
>> Searching for hard negatives...
==> Epoch[3](3850/8826): Loss: 0.0048
Allocated: 527.52 MB
Cached:    18.48 GB
>> Searching for hard negatives...
>> Searching for hard negatives...
==> Epoch[3](3900/8826): Loss: 0.0079
Allocated: 522.36 MB
Cached:    18.48 GB
>> Searching for hard negatives...
>> Searching for hard negatives...
>> Searching for hard negatives...
==> Epoch[3](3950/8826): Loss: 0.0017
Allocated: 527.52 MB
Cached:    18.48 GB
>> Searching for hard negatives...
>> Searching for hard negatives...
==> Epoch[3](4000/8826): Loss: 0.0268
Allocated: 522.36 MB
Cached:    18.48 GB
>> Searching for hard negatives...
>> Searching for hard negatives...
>> Searching for hard negatives...
==> Epoch[3](4050/8826): Loss: 0.0059
Allocated: 527.52 MB
Cached:    18.48 GB
>> Searching for hard negatives...
>> Searching for hard negatives...
==> Epoch[3](4100/8826): Loss: 0.0141
Allocated: 522.36 MB
Cached:    18.48 GB
>> Searching for hard negatives...
>> Searching for hard negatives...
>> Searching for hard negatives...
==> Epoch[3](4150/8826): Loss: 0.0048
Allocated: 527.52 MB
Cached:    18.48 GB
>> Searching for hard negatives...
>> Searching for hard negatives...
==> Epoch[3](4200/8826): Loss: 0.0092
Allocated: 522.36 MB
Cached:    18.48 GB
>> Searching for hard negatives...
>> Searching for hard negatives...
>> Searching for hard negatives...
==> Epoch[3](4250/8826): Loss: 0.0031
Allocated: 527.52 MB
Cached:    18.48 GB
>> Searching for hard negatives...
>> Searching for hard negatives...
==> Epoch[3](4300/8826): Loss: 0.0095
Allocated: 522.36 MB
Cached:    18.48 GB
>> Searching for hard negatives...
>> Searching for hard negatives...
>> Searching for hard negatives...
==> Epoch[3](4350/8826): Loss: 0.0028
Allocated: 527.52 MB
Cached:    18.48 GB
>> Searching for hard negatives...
>> Searching for hard negatives...
==> Epoch[3](4400/8826): Loss: 0.0070
Allocated: 522.36 MB
Cached:    18.48 GB
>> Searching for hard negatives...
>> Searching for hard negatives...
>> Searching for hard negatives...
==> Epoch[3](4450/8826): Loss: 0.0145
Allocated: 527.52 MB
Cached:    18.48 GB
>> Searching for hard negatives...
>> Searching for hard negatives...
==> Epoch[3](4500/8826): Loss: 0.0112
Allocated: 522.36 MB
Cached:    18.48 GB
>> Searching for hard negatives...
>> Searching for hard negatives...
>> Searching for hard negatives...
==> Epoch[3](4550/8826): Loss: 0.0085
Allocated: 527.52 MB
Cached:    18.48 GB
>> Searching for hard negatives...
>> Searching for hard negatives...
==> Epoch[3](4600/8826): Loss: 0.0110
Allocated: 522.36 MB
Cached:    18.48 GB
>> Searching for hard negatives...
>> Searching for hard negatives...
>> Searching for hard negatives...
==> Epoch[3](4650/8826): Loss: 0.0085
Allocated: 527.52 MB
Cached:    18.48 GB
>> Searching for hard negatives...
>> Searching for hard negatives...
==> Epoch[3](4700/8826): Loss: 0.0116
Allocated: 522.36 MB
Cached:    18.48 GB
>> Searching for hard negatives...
>> Searching for hard negatives...
>> Searching for hard negatives...
==> Epoch[3](4750/8826): Loss: 0.0048
Allocated: 527.52 MB
Cached:    18.48 GB
>> Searching for hard negatives...
>> Searching for hard negatives...
==> Epoch[3](4800/8826): Loss: 0.0084
Allocated: 522.36 MB
Cached:    18.48 GB
>> Searching for hard negatives...
>> Searching for hard negatives...
>> Searching for hard negatives...
==> Epoch[3](4850/8826): Loss: 0.0148
Allocated: 527.52 MB
Cached:    18.48 GB
>> Searching for hard negatives...
>> Searching for hard negatives...
==> Epoch[3](4900/8826): Loss: 0.0222
Allocated: 522.36 MB
Cached:    18.48 GB
>> Searching for hard negatives...
>> Searching for hard negatives...
>> Searching for hard negatives...
==> Epoch[3](4950/8826): Loss: 0.0105
Allocated: 527.52 MB
Cached:    18.48 GB
>> Searching for hard negatives...
>> Searching for hard negatives...
==> Epoch[3](5000/8826): Loss: 0.0051
Allocated: 522.36 MB
Cached:    18.48 GB
>> Searching for hard negatives...
>> Searching for hard negatives...
>> Searching for hard negatives...
==> Epoch[3](5050/8826): Loss: 0.0124
Allocated: 527.52 MB
Cached:    18.48 GB
>> Searching for hard negatives...
>> Searching for hard negatives...
==> Epoch[3](5100/8826): Loss: 0.0019
Allocated: 522.36 MB
Cached:    18.48 GB
>> Searching for hard negatives...
>> Searching for hard negatives...
>> Searching for hard negatives...
==> Epoch[3](5150/8826): Loss: 0.0164
Allocated: 527.52 MB
Cached:    18.48 GB
>> Searching for hard negatives...
>> Searching for hard negatives...
==> Epoch[3](5200/8826): Loss: 0.0291
Allocated: 522.36 MB
Cached:    18.48 GB
>> Searching for hard negatives...
>> Searching for hard negatives...
>> Searching for hard negatives...
==> Epoch[3](5250/8826): Loss: 0.0024
Allocated: 527.52 MB
Cached:    18.48 GB
>> Searching for hard negatives...
>> Searching for hard negatives...
==> Epoch[3](5300/8826): Loss: 0.0019
Allocated: 522.36 MB
Cached:    18.48 GB
>> Searching for hard negatives...
>> Searching for hard negatives...
>> Searching for hard negatives...
==> Epoch[3](5350/8826): Loss: 0.0078
Allocated: 527.52 MB
Cached:    18.48 GB
>> Searching for hard negatives...
>> Searching for hard negatives...
==> Epoch[3](5400/8826): Loss: 0.0075
Allocated: 522.36 MB
Cached:    18.48 GB
>> Searching for hard negatives...
>> Searching for hard negatives...
>> Searching for hard negatives...
==> Epoch[3](5450/8826): Loss: 0.0035
Allocated: 527.52 MB
Cached:    18.48 GB
>> Searching for hard negatives...
>> Searching for hard negatives...
==> Epoch[3](5500/8826): Loss: 0.0026
Allocated: 522.36 MB
Cached:    18.48 GB
>> Searching for hard negatives...
>> Searching for hard negatives...
>> Searching for hard negatives...
==> Epoch[3](5550/8826): Loss: 0.0014
Allocated: 527.52 MB
Cached:    18.48 GB
>> Searching for hard negatives...
>> Searching for hard negatives...
==> Epoch[3](5600/8826): Loss: 0.0061
Allocated: 522.36 MB
Cached:    18.48 GB
>> Searching for hard negatives...
>> Searching for hard negatives...
>> Searching for hard negatives...
==> Epoch[3](5650/8826): Loss: 0.0122
Allocated: 527.52 MB
Cached:    18.48 GB
>> Searching for hard negatives...
>> Searching for hard negatives...
==> Epoch[3](5700/8826): Loss: 0.0063
Allocated: 522.36 MB
Cached:    18.48 GB
>> Searching for hard negatives...
>> Searching for hard negatives...
>> Searching for hard negatives...
==> Epoch[3](5750/8826): Loss: 0.0091
Allocated: 527.52 MB
Cached:    18.48 GB
>> Searching for hard negatives...
>> Searching for hard negatives...
==> Epoch[3](5800/8826): Loss: 0.0110
Allocated: 522.36 MB
Cached:    18.48 GB
>> Searching for hard negatives...
>> Searching for hard negatives...
>> Searching for hard negatives...
==> Epoch[3](5850/8826): Loss: 0.0022
Allocated: 527.52 MB
Cached:    18.48 GB
>> Searching for hard negatives...
>> Searching for hard negatives...
==> Epoch[3](5900/8826): Loss: 0.0044
Allocated: 522.36 MB
Cached:    18.48 GB
>> Searching for hard negatives...
>> Searching for hard negatives...
>> Searching for hard negatives...
==> Epoch[3](5950/8826): Loss: 0.0052
Allocated: 527.52 MB
Cached:    18.48 GB
>> Searching for hard negatives...
>> Searching for hard negatives...
==> Epoch[3](6000/8826): Loss: 0.0026
Allocated: 522.36 MB
Cached:    18.48 GB
>> Searching for hard negatives...
>> Searching for hard negatives...
>> Searching for hard negatives...
==> Epoch[3](6050/8826): Loss: 0.0482
Allocated: 527.52 MB
Cached:    18.48 GB
>> Searching for hard negatives...
>> Searching for hard negatives...
==> Epoch[3](6100/8826): Loss: 0.0027
Allocated: 522.36 MB
Cached:    18.48 GB
>> Searching for hard negatives...
>> Searching for hard negatives...
>> Searching for hard negatives...
==> Epoch[3](6150/8826): Loss: 0.0093
Allocated: 527.52 MB
Cached:    18.48 GB
>> Searching for hard negatives...
>> Searching for hard negatives...
==> Epoch[3](6200/8826): Loss: 0.0153
Allocated: 522.36 MB
Cached:    18.48 GB
>> Searching for hard negatives...
>> Searching for hard negatives...
>> Searching for hard negatives...
==> Epoch[3](6250/8826): Loss: 0.0106
Allocated: 527.52 MB
Cached:    18.48 GB
>> Searching for hard negatives...
>> Searching for hard negatives...
==> Epoch[3](6300/8826): Loss: 0.0083
Allocated: 522.36 MB
Cached:    18.48 GB
>> Searching for hard negatives...
>> Searching for hard negatives...
>> Searching for hard negatives...
==> Epoch[3](6350/8826): Loss: 0.0065
Allocated: 527.52 MB
Cached:    18.48 GB
>> Searching for hard negatives...
>> Searching for hard negatives...
==> Epoch[3](6400/8826): Loss: 0.0075
Allocated: 522.36 MB
Cached:    18.48 GB
>> Searching for hard negatives...
>> Searching for hard negatives...
>> Searching for hard negatives...
==> Epoch[3](6450/8826): Loss: 0.0163
Allocated: 527.52 MB
Cached:    18.48 GB
>> Searching for hard negatives...
>> Searching for hard negatives...
==> Epoch[3](6500/8826): Loss: 0.0146
Allocated: 522.36 MB
Cached:    18.48 GB
>> Searching for hard negatives...
>> Searching for hard negatives...
>> Searching for hard negatives...
==> Epoch[3](6550/8826): Loss: 0.0076
Allocated: 527.52 MB
Cached:    18.48 GB
>> Searching for hard negatives...
>> Searching for hard negatives...
==> Epoch[3](6600/8826): Loss: 0.0423
Allocated: 522.36 MB
Cached:    18.48 GB
>> Searching for hard negatives...
>> Searching for hard negatives...
>> Searching for hard negatives...
==> Epoch[3](6650/8826): Loss: 0.0105
Allocated: 527.52 MB
Cached:    18.48 GB
>> Searching for hard negatives...
>> Searching for hard negatives...
==> Epoch[3](6700/8826): Loss: 0.0139
Allocated: 522.36 MB
Cached:    18.48 GB
>> Searching for hard negatives...
>> Searching for hard negatives...
>> Searching for hard negatives...
==> Epoch[3](6750/8826): Loss: 0.0049
Allocated: 527.52 MB
Cached:    18.48 GB
>> Searching for hard negatives...
>> Searching for hard negatives...
==> Epoch[3](6800/8826): Loss: 0.0051
Allocated: 522.36 MB
Cached:    18.48 GB
>> Searching for hard negatives...
>> Searching for hard negatives...
>> Searching for hard negatives...
==> Epoch[3](6850/8826): Loss: 0.0041
Allocated: 527.52 MB
Cached:    18.48 GB
>> Searching for hard negatives...
>> Searching for hard negatives...
==> Epoch[3](6900/8826): Loss: 0.0019
Allocated: 522.36 MB
Cached:    18.48 GB
>> Searching for hard negatives...
>> Searching for hard negatives...
>> Searching for hard negatives...
==> Epoch[3](6950/8826): Loss: 0.0065
Allocated: 527.52 MB
Cached:    18.48 GB
>> Searching for hard negatives...
>> Searching for hard negatives...
==> Epoch[3](7000/8826): Loss: 0.0052
Allocated: 522.36 MB
Cached:    18.48 GB
>> Searching for hard negatives...
>> Searching for hard negatives...
>> Searching for hard negatives...
==> Epoch[3](7050/8826): Loss: 0.0257
Allocated: 527.52 MB
Cached:    18.48 GB
>> Searching for hard negatives...
>> Searching for hard negatives...
==> Epoch[3](7100/8826): Loss: 0.0138
Allocated: 522.36 MB
Cached:    18.48 GB
>> Searching for hard negatives...
>> Searching for hard negatives...
>> Searching for hard negatives...
==> Epoch[3](7150/8826): Loss: 0.0075
Allocated: 527.52 MB
Cached:    18.48 GB
>> Searching for hard negatives...
>> Searching for hard negatives...
==> Epoch[3](7200/8826): Loss: 0.0021
Allocated: 522.36 MB
Cached:    18.48 GB
>> Searching for hard negatives...
>> Searching for hard negatives...
>> Searching for hard negatives...
==> Epoch[3](7250/8826): Loss: 0.0109
Allocated: 527.52 MB
Cached:    18.48 GB
>> Searching for hard negatives...
>> Searching for hard negatives...
==> Epoch[3](7300/8826): Loss: 0.0103
Allocated: 522.36 MB
Cached:    18.48 GB
>> Searching for hard negatives...
>> Searching for hard negatives...
>> Searching for hard negatives...
==> Epoch[3](7350/8826): Loss: 0.0181
Allocated: 527.52 MB
Cached:    18.48 GB
>> Searching for hard negatives...
>> Searching for hard negatives...
==> Epoch[3](7400/8826): Loss: 0.0046
Allocated: 522.36 MB
Cached:    18.48 GB
>> Searching for hard negatives...
>> Searching for hard negatives...
>> Searching for hard negatives...
==> Epoch[3](7450/8826): Loss: 0.0267
Allocated: 527.52 MB
Cached:    18.48 GB
>> Searching for hard negatives...
>> Searching for hard negatives...
==> Epoch[3](7500/8826): Loss: 0.0064
Allocated: 522.36 MB
Cached:    18.48 GB
>> Searching for hard negatives...
>> Searching for hard negatives...
>> Searching for hard negatives...
==> Epoch[3](7550/8826): Loss: 0.0037
Allocated: 527.52 MB
Cached:    18.48 GB
>> Searching for hard negatives...
>> Searching for hard negatives...
==> Epoch[3](7600/8826): Loss: 0.0320
Allocated: 522.36 MB
Cached:    18.48 GB
>> Searching for hard negatives...
>> Searching for hard negatives...
>> Searching for hard negatives...
==> Epoch[3](7650/8826): Loss: 0.0166
Allocated: 527.52 MB
Cached:    18.48 GB
>> Searching for hard negatives...
>> Searching for hard negatives...
==> Epoch[3](7700/8826): Loss: 0.0071
Allocated: 522.36 MB
Cached:    18.48 GB
>> Searching for hard negatives...
>> Searching for hard negatives...
>> Searching for hard negatives...
==> Epoch[3](7750/8826): Loss: 0.0253
Allocated: 527.52 MB
Cached:    18.48 GB
>> Searching for hard negatives...
>> Searching for hard negatives...
==> Epoch[3](7800/8826): Loss: 0.0187
Allocated: 522.36 MB
Cached:    18.48 GB
>> Searching for hard negatives...
>> Searching for hard negatives...
>> Searching for hard negatives...
==> Epoch[3](7850/8826): Loss: 0.0057
Allocated: 527.52 MB
Cached:    18.48 GB
>> Searching for hard negatives...
>> Searching for hard negatives...
==> Epoch[3](7900/8826): Loss: 0.0068
Allocated: 522.36 MB
Cached:    18.48 GB
>> Searching for hard negatives...
>> Searching for hard negatives...
>> Searching for hard negatives...
==> Epoch[3](7950/8826): Loss: 0.0053
Allocated: 527.52 MB
Cached:    18.48 GB
>> Searching for hard negatives...
>> Searching for hard negatives...
==> Epoch[3](8000/8826): Loss: 0.0141
Allocated: 522.36 MB
Cached:    18.48 GB
>> Searching for hard negatives...
>> Searching for hard negatives...
>> Searching for hard negatives...
==> Epoch[3](8050/8826): Loss: 0.0159
Allocated: 527.52 MB
Cached:    18.48 GB
>> Searching for hard negatives...
>> Searching for hard negatives...
==> Epoch[3](8100/8826): Loss: 0.0137
Allocated: 522.36 MB
Cached:    18.48 GB
>> Searching for hard negatives...
>> Searching for hard negatives...
>> Searching for hard negatives...
==> Epoch[3](8150/8826): Loss: 0.0118
Allocated: 527.52 MB
Cached:    18.48 GB
>> Searching for hard negatives...
>> Searching for hard negatives...
==> Epoch[3](8200/8826): Loss: 0.0182
Allocated: 522.36 MB
Cached:    18.48 GB
>> Searching for hard negatives...
>> Searching for hard negatives...
>> Searching for hard negatives...
==> Epoch[3](8250/8826): Loss: 0.0182
Allocated: 527.52 MB
Cached:    18.48 GB
>> Searching for hard negatives...
>> Searching for hard negatives...
==> Epoch[3](8300/8826): Loss: 0.0116
Allocated: 522.36 MB
Cached:    18.48 GB
>> Searching for hard negatives...
>> Searching for hard negatives...
>> Searching for hard negatives...
==> Epoch[3](8350/8826): Loss: 0.0182
Allocated: 527.52 MB
Cached:    18.48 GB
>> Searching for hard negatives...
>> Searching for hard negatives...
==> Epoch[3](8400/8826): Loss: 0.0059
Allocated: 522.36 MB
Cached:    18.48 GB
>> Searching for hard negatives...
>> Searching for hard negatives...
>> Searching for hard negatives...
==> Epoch[3](8450/8826): Loss: 0.0075
Allocated: 527.52 MB
Cached:    18.48 GB
>> Searching for hard negatives...
>> Searching for hard negatives...
==> Epoch[3](8500/8826): Loss: 0.0047
Allocated: 522.36 MB
Cached:    18.48 GB
>> Searching for hard negatives...
>> Searching for hard negatives...
>> Searching for hard negatives...
==> Epoch[3](8550/8826): Loss: 0.0047
Allocated: 527.52 MB
Cached:    18.48 GB
>> Searching for hard negatives...
>> Searching for hard negatives...
==> Epoch[3](8600/8826): Loss: 0.0091
Allocated: 522.36 MB
Cached:    18.48 GB
>> Searching for hard negatives...
>> Searching for hard negatives...
>> Searching for hard negatives...
==> Epoch[3](8650/8826): Loss: 0.0222
Allocated: 527.52 MB
Cached:    18.48 GB
>> Searching for hard negatives...
>> Searching for hard negatives...
==> Epoch[3](8700/8826): Loss: 0.0076
Allocated: 522.36 MB
Cached:    18.48 GB
>> Searching for hard negatives...
>> Searching for hard negatives...
>> Searching for hard negatives...
==> Epoch[3](8750/8826): Loss: 0.0040
Allocated: 527.52 MB
Cached:    18.48 GB
>> Searching for hard negatives...
>> Searching for hard negatives...
==> Epoch[3](8800/8826): Loss: 0.0167
Allocated: 522.36 MB
Cached:    18.48 GB
>> Searching for hard negatives...
>> Searching for hard negatives...
===> Epoch 3 Complete: Avg. Loss: 0.0100
====> Extracting Features
====> Building faiss index
====> Calculating recall @ N
====> Recall@1: 0.5135
====> Recall@5: 0.6770
====> Recall@10: 0.7324
====> Recall@20: 0.7851
====> Recall@50: 0.8432
====> Recall@100: 0.8784
>> Searching for hard negatives...
>> Searching for hard negatives...
>> Searching for hard negatives...
==> Epoch[4](50/8826): Loss: 0.0098
Allocated: 527.52 MB
Cached:    19.12 GB
>> Searching for hard negatives...
>> Searching for hard negatives...
==> Epoch[4](100/8826): Loss: 0.0140
Allocated: 524.94 MB
Cached:    18.48 GB
>> Searching for hard negatives...
>> Searching for hard negatives...
>> Searching for hard negatives...
==> Epoch[4](150/8826): Loss: 0.0063
Allocated: 527.52 MB
Cached:    18.48 GB
>> Searching for hard negatives...
>> Searching for hard negatives...
==> Epoch[4](200/8826): Loss: 0.0039
Allocated: 524.94 MB
Cached:    18.48 GB
>> Searching for hard negatives...
>> Searching for hard negatives...
>> Searching for hard negatives...
==> Epoch[4](250/8826): Loss: 0.0126
Allocated: 527.52 MB
Cached:    18.48 GB
>> Searching for hard negatives...
>> Searching for hard negatives...
==> Epoch[4](300/8826): Loss: 0.0085
Allocated: 524.94 MB
Cached:    18.48 GB
>> Searching for hard negatives...
>> Searching for hard negatives...
>> Searching for hard negatives...
==> Epoch[4](350/8826): Loss: 0.0047
Allocated: 527.52 MB
Cached:    18.48 GB
>> Searching for hard negatives...
>> Searching for hard negatives...
==> Epoch[4](400/8826): Loss: 0.0113
Allocated: 524.94 MB
Cached:    18.48 GB
>> Searching for hard negatives...
>> Searching for hard negatives...
>> Searching for hard negatives...
==> Epoch[4](450/8826): Loss: 0.0062
Allocated: 527.52 MB
Cached:    18.48 GB
>> Searching for hard negatives...
>> Searching for hard negatives...
==> Epoch[4](500/8826): Loss: 0.0042
Allocated: 524.94 MB
Cached:    18.48 GB
>> Searching for hard negatives...
>> Searching for hard negatives...
>> Searching for hard negatives...
==> Epoch[4](550/8826): Loss: 0.0072
Allocated: 527.52 MB
Cached:    18.48 GB
>> Searching for hard negatives...
>> Searching for hard negatives...
==> Epoch[4](600/8826): Loss: 0.0071
Allocated: 524.94 MB
Cached:    18.48 GB
>> Searching for hard negatives...
>> Searching for hard negatives...
>> Searching for hard negatives...
==> Epoch[4](650/8826): Loss: 0.0110
Allocated: 527.52 MB
Cached:    18.48 GB
>> Searching for hard negatives...
>> Searching for hard negatives...
==> Epoch[4](700/8826): Loss: 0.0057
Allocated: 524.94 MB
Cached:    18.48 GB
>> Searching for hard negatives...
>> Searching for hard negatives...
>> Searching for hard negatives...
==> Epoch[4](750/8826): Loss: 0.0096
Allocated: 527.52 MB
Cached:    18.48 GB
>> Searching for hard negatives...
>> Searching for hard negatives...
==> Epoch[4](800/8826): Loss: 0.0349
Allocated: 524.94 MB
Cached:    18.48 GB
>> Searching for hard negatives...
>> Searching for hard negatives...
>> Searching for hard negatives...
==> Epoch[4](850/8826): Loss: 0.0106
Allocated: 527.52 MB
Cached:    20.09 GB
>> Searching for hard negatives...
>> Searching for hard negatives...
==> Epoch[4](900/8826): Loss: 0.0119
Allocated: 524.94 MB
Cached:    20.09 GB
>> Searching for hard negatives...
>> Searching for hard negatives...
>> Searching for hard negatives...
==> Epoch[4](950/8826): Loss: 0.0269
Allocated: 527.52 MB
Cached:    20.09 GB
>> Searching for hard negatives...
>> Searching for hard negatives...
==> Epoch[4](1000/8826): Loss: 0.0049
Allocated: 524.94 MB
Cached:    20.09 GB
>> Searching for hard negatives...
>> Searching for hard negatives...
>> Searching for hard negatives...
==> Epoch[4](1050/8826): Loss: 0.0060
Allocated: 527.52 MB
Cached:    20.09 GB
>> Searching for hard negatives...
>> Searching for hard negatives...
==> Epoch[4](1100/8826): Loss: 0.0051
Allocated: 524.94 MB
Cached:    20.09 GB
>> Searching for hard negatives...
>> Searching for hard negatives...
>> Searching for hard negatives...
==> Epoch[4](1150/8826): Loss: 0.0088
Allocated: 527.52 MB
Cached:    20.09 GB
>> Searching for hard negatives...
>> Searching for hard negatives...
==> Epoch[4](1200/8826): Loss: 0.0228
Allocated: 524.94 MB
Cached:    20.09 GB
>> Searching for hard negatives...
>> Searching for hard negatives...
>> Searching for hard negatives...
==> Epoch[4](1250/8826): Loss: 0.0119
Allocated: 527.52 MB
Cached:    20.09 GB
>> Searching for hard negatives...
>> Searching for hard negatives...
==> Epoch[4](1300/8826): Loss: 0.0026
Allocated: 524.94 MB
Cached:    20.09 GB
>> Searching for hard negatives...
>> Searching for hard negatives...
>> Searching for hard negatives...
==> Epoch[4](1350/8826): Loss: 0.0128
Allocated: 527.52 MB
Cached:    20.09 GB
>> Searching for hard negatives...
>> Searching for hard negatives...
==> Epoch[4](1400/8826): Loss: 0.0070
Allocated: 524.94 MB
Cached:    20.09 GB
>> Searching for hard negatives...
>> Searching for hard negatives...
>> Searching for hard negatives...
==> Epoch[4](1450/8826): Loss: 0.0044
Allocated: 527.52 MB
Cached:    20.09 GB
>> Searching for hard negatives...
>> Searching for hard negatives...
==> Epoch[4](1500/8826): Loss: 0.0028
Allocated: 524.94 MB
Cached:    20.09 GB
>> Searching for hard negatives...
>> Searching for hard negatives...
>> Searching for hard negatives...
==> Epoch[4](1550/8826): Loss: 0.0243
Allocated: 527.52 MB
Cached:    20.09 GB
>> Searching for hard negatives...
>> Searching for hard negatives...
==> Epoch[4](1600/8826): Loss: 0.0096
Allocated: 524.94 MB
Cached:    20.09 GB
>> Searching for hard negatives...
>> Searching for hard negatives...
>> Searching for hard negatives...
==> Epoch[4](1650/8826): Loss: 0.0074
Allocated: 527.52 MB
Cached:    20.09 GB
>> Searching for hard negatives...
>> Searching for hard negatives...
==> Epoch[4](1700/8826): Loss: 0.0106
Allocated: 524.94 MB
Cached:    20.09 GB
>> Searching for hard negatives...
>> Searching for hard negatives...
>> Searching for hard negatives...
==> Epoch[4](1750/8826): Loss: 0.0076
Allocated: 527.52 MB
Cached:    20.09 GB
>> Searching for hard negatives...
>> Searching for hard negatives...
==> Epoch[4](1800/8826): Loss: 0.0155
Allocated: 524.94 MB
Cached:    20.09 GB
>> Searching for hard negatives...
>> Searching for hard negatives...
>> Searching for hard negatives...
==> Epoch[4](1850/8826): Loss: 0.0262
Allocated: 527.52 MB
Cached:    20.09 GB
>> Searching for hard negatives...
>> Searching for hard negatives...
==> Epoch[4](1900/8826): Loss: 0.0087
Allocated: 524.94 MB
Cached:    20.09 GB
>> Searching for hard negatives...
>> Searching for hard negatives...
>> Searching for hard negatives...
==> Epoch[4](1950/8826): Loss: 0.0072
Allocated: 527.52 MB
Cached:    20.09 GB
>> Searching for hard negatives...
>> Searching for hard negatives...
==> Epoch[4](2000/8826): Loss: 0.0092
Allocated: 524.94 MB
Cached:    20.09 GB
>> Searching for hard negatives...
>> Searching for hard negatives...
>> Searching for hard negatives...
==> Epoch[4](2050/8826): Loss: 0.0110
Allocated: 527.52 MB
Cached:    20.09 GB
>> Searching for hard negatives...
>> Searching for hard negatives...
==> Epoch[4](2100/8826): Loss: 0.0127
Allocated: 524.94 MB
Cached:    20.09 GB
>> Searching for hard negatives...
>> Searching for hard negatives...
>> Searching for hard negatives...
==> Epoch[4](2150/8826): Loss: 0.0089
Allocated: 527.52 MB
Cached:    20.09 GB
>> Searching for hard negatives...
>> Searching for hard negatives...
==> Epoch[4](2200/8826): Loss: 0.0072
Allocated: 524.94 MB
Cached:    20.09 GB
>> Searching for hard negatives...
>> Searching for hard negatives...
>> Searching for hard negatives...
==> Epoch[4](2250/8826): Loss: 0.0071
Allocated: 527.52 MB
Cached:    20.09 GB
>> Searching for hard negatives...
>> Searching for hard negatives...
==> Epoch[4](2300/8826): Loss: 0.0110
Allocated: 524.94 MB
Cached:    20.09 GB
>> Searching for hard negatives...
>> Searching for hard negatives...
>> Searching for hard negatives...
==> Epoch[4](2350/8826): Loss: 0.0078
Allocated: 527.52 MB
Cached:    20.09 GB
>> Searching for hard negatives...
>> Searching for hard negatives...
==> Epoch[4](2400/8826): Loss: 0.0247
Allocated: 524.94 MB
Cached:    20.09 GB
>> Searching for hard negatives...
>> Searching for hard negatives...
>> Searching for hard negatives...
==> Epoch[4](2450/8826): Loss: 0.0052
Allocated: 527.52 MB
Cached:    20.09 GB
>> Searching for hard negatives...
>> Searching for hard negatives...
==> Epoch[4](2500/8826): Loss: 0.0086
Allocated: 524.94 MB
Cached:    20.09 GB
>> Searching for hard negatives...
>> Searching for hard negatives...
>> Searching for hard negatives...
==> Epoch[4](2550/8826): Loss: 0.0043
Allocated: 527.52 MB
Cached:    20.09 GB
>> Searching for hard negatives...
>> Searching for hard negatives...
==> Epoch[4](2600/8826): Loss: 0.0049
Allocated: 524.94 MB
Cached:    20.09 GB
>> Searching for hard negatives...
>> Searching for hard negatives...
>> Searching for hard negatives...
==> Epoch[4](2650/8826): Loss: 0.0100
Allocated: 527.52 MB
Cached:    20.09 GB
>> Searching for hard negatives...
>> Searching for hard negatives...
==> Epoch[4](2700/8826): Loss: 0.0188
Allocated: 524.94 MB
Cached:    20.09 GB
>> Searching for hard negatives...
>> Searching for hard negatives...
>> Searching for hard negatives...
==> Epoch[4](2750/8826): Loss: 0.0074
Allocated: 527.52 MB
Cached:    20.09 GB
>> Searching for hard negatives...
>> Searching for hard negatives...
==> Epoch[4](2800/8826): Loss: 0.0201
Allocated: 524.94 MB
Cached:    20.09 GB
>> Searching for hard negatives...
>> Searching for hard negatives...
>> Searching for hard negatives...
==> Epoch[4](2850/8826): Loss: 0.0263
Allocated: 527.52 MB
Cached:    20.09 GB
>> Searching for hard negatives...
>> Searching for hard negatives...
==> Epoch[4](2900/8826): Loss: 0.0063
Allocated: 524.94 MB
Cached:    20.09 GB
>> Searching for hard negatives...
>> Searching for hard negatives...
>> Searching for hard negatives...
==> Epoch[4](2950/8826): Loss: 0.0086
Allocated: 527.52 MB
Cached:    20.09 GB
>> Searching for hard negatives...
>> Searching for hard negatives...
==> Epoch[4](3000/8826): Loss: 0.0152
Allocated: 524.94 MB
Cached:    20.09 GB
>> Searching for hard negatives...
>> Searching for hard negatives...
>> Searching for hard negatives...
==> Epoch[4](3050/8826): Loss: 0.0035
Allocated: 527.52 MB
Cached:    20.09 GB
>> Searching for hard negatives...
>> Searching for hard negatives...
==> Epoch[4](3100/8826): Loss: 0.0138
Allocated: 524.94 MB
Cached:    20.09 GB
>> Searching for hard negatives...
>> Searching for hard negatives...
>> Searching for hard negatives...
==> Epoch[4](3150/8826): Loss: 0.0138
Allocated: 527.52 MB
Cached:    20.09 GB
>> Searching for hard negatives...
>> Searching for hard negatives...
==> Epoch[4](3200/8826): Loss: 0.0103
Allocated: 524.94 MB
Cached:    20.09 GB
>> Searching for hard negatives...
>> Searching for hard negatives...
>> Searching for hard negatives...
==> Epoch[4](3250/8826): Loss: 0.0172
Allocated: 527.52 MB
Cached:    20.09 GB
>> Searching for hard negatives...
>> Searching for hard negatives...
==> Epoch[4](3300/8826): Loss: 0.0062
Allocated: 522.36 MB
Cached:    20.09 GB
>> Searching for hard negatives...
>> Searching for hard negatives...
>> Searching for hard negatives...
==> Epoch[4](3350/8826): Loss: 0.0074
Allocated: 527.52 MB
Cached:    20.09 GB
>> Searching for hard negatives...
>> Searching for hard negatives...
==> Epoch[4](3400/8826): Loss: 0.0062
Allocated: 522.36 MB
Cached:    20.09 GB
>> Searching for hard negatives...
>> Searching for hard negatives...
>> Searching for hard negatives...
==> Epoch[4](3450/8826): Loss: 0.0068
Allocated: 527.52 MB
Cached:    20.09 GB
>> Searching for hard negatives...
>> Searching for hard negatives...
==> Epoch[4](3500/8826): Loss: 0.0084
Allocated: 522.36 MB
Cached:    20.09 GB
>> Searching for hard negatives...
>> Searching for hard negatives...
>> Searching for hard negatives...
==> Epoch[4](3550/8826): Loss: 0.0034
Allocated: 527.52 MB
Cached:    20.09 GB
>> Searching for hard negatives...
>> Searching for hard negatives...
==> Epoch[4](3600/8826): Loss: 0.0073
Allocated: 522.36 MB
Cached:    20.09 GB
>> Searching for hard negatives...
>> Searching for hard negatives...
>> Searching for hard negatives...
==> Epoch[4](3650/8826): Loss: 0.0034
Allocated: 527.52 MB
Cached:    20.09 GB
>> Searching for hard negatives...
>> Searching for hard negatives...
==> Epoch[4](3700/8826): Loss: 0.0068
Allocated: 522.36 MB
Cached:    20.09 GB
>> Searching for hard negatives...
>> Searching for hard negatives...
>> Searching for hard negatives...
==> Epoch[4](3750/8826): Loss: 0.0093
Allocated: 527.52 MB
Cached:    20.09 GB
>> Searching for hard negatives...
>> Searching for hard negatives...
==> Epoch[4](3800/8826): Loss: 0.0215
Allocated: 522.36 MB
Cached:    20.09 GB
>> Searching for hard negatives...
>> Searching for hard negatives...
>> Searching for hard negatives...
==> Epoch[4](3850/8826): Loss: 0.0049
Allocated: 527.52 MB
Cached:    20.09 GB
>> Searching for hard negatives...
>> Searching for hard negatives...
==> Epoch[4](3900/8826): Loss: 0.0143
Allocated: 522.36 MB
Cached:    20.09 GB
>> Searching for hard negatives...
>> Searching for hard negatives...
>> Searching for hard negatives...
==> Epoch[4](3950/8826): Loss: 0.0063
Allocated: 527.52 MB
Cached:    20.09 GB
>> Searching for hard negatives...
>> Searching for hard negatives...
==> Epoch[4](4000/8826): Loss: 0.0063
Allocated: 522.36 MB
Cached:    20.09 GB
>> Searching for hard negatives...
>> Searching for hard negatives...
>> Searching for hard negatives...
==> Epoch[4](4050/8826): Loss: 0.0018
Allocated: 527.52 MB
Cached:    20.09 GB
>> Searching for hard negatives...
>> Searching for hard negatives...
==> Epoch[4](4100/8826): Loss: 0.0108
Allocated: 522.36 MB
Cached:    20.09 GB
>> Searching for hard negatives...
>> Searching for hard negatives...
>> Searching for hard negatives...
==> Epoch[4](4150/8826): Loss: 0.0078
Allocated: 527.52 MB
Cached:    20.09 GB
>> Searching for hard negatives...
>> Searching for hard negatives...
==> Epoch[4](4200/8826): Loss: 0.0272
Allocated: 522.36 MB
Cached:    20.09 GB
>> Searching for hard negatives...
>> Searching for hard negatives...
>> Searching for hard negatives...
==> Epoch[4](4250/8826): Loss: 0.0161
Allocated: 527.52 MB
Cached:    20.09 GB
>> Searching for hard negatives...
>> Searching for hard negatives...
==> Epoch[4](4300/8826): Loss: 0.0045
Allocated: 522.36 MB
Cached:    20.09 GB
>> Searching for hard negatives...
>> Searching for hard negatives...
>> Searching for hard negatives...
==> Epoch[4](4350/8826): Loss: 0.0148
Allocated: 527.52 MB
Cached:    20.09 GB
>> Searching for hard negatives...
>> Searching for hard negatives...
==> Epoch[4](4400/8826): Loss: 0.0146
Allocated: 522.13 MB
Cached:    20.09 GB
>> Searching for hard negatives...
>> Searching for hard negatives...
>> Searching for hard negatives...
==> Epoch[4](4450/8826): Loss: 0.0083
Allocated: 527.52 MB
Cached:    20.09 GB
>> Searching for hard negatives...
>> Searching for hard negatives...
==> Epoch[4](4500/8826): Loss: 0.0172
Allocated: 522.36 MB
Cached:    20.09 GB
>> Searching for hard negatives...
>> Searching for hard negatives...
>> Searching for hard negatives...
==> Epoch[4](4550/8826): Loss: 0.0129
Allocated: 527.52 MB
Cached:    20.09 GB
>> Searching for hard negatives...
>> Searching for hard negatives...
==> Epoch[4](4600/8826): Loss: 0.0492
Allocated: 522.36 MB
Cached:    20.09 GB
>> Searching for hard negatives...
>> Searching for hard negatives...
>> Searching for hard negatives...
==> Epoch[4](4650/8826): Loss: 0.0072
Allocated: 527.52 MB
Cached:    20.09 GB
>> Searching for hard negatives...
>> Searching for hard negatives...
==> Epoch[4](4700/8826): Loss: 0.0131
Allocated: 522.36 MB
Cached:    20.09 GB
>> Searching for hard negatives...
>> Searching for hard negatives...
>> Searching for hard negatives...
==> Epoch[4](4750/8826): Loss: 0.0073
Allocated: 527.52 MB
Cached:    20.09 GB
>> Searching for hard negatives...
>> Searching for hard negatives...
==> Epoch[4](4800/8826): Loss: 0.0046
Allocated: 522.36 MB
Cached:    20.09 GB
>> Searching for hard negatives...
>> Searching for hard negatives...
>> Searching for hard negatives...
==> Epoch[4](4850/8826): Loss: 0.0033
Allocated: 527.52 MB
Cached:    20.09 GB
>> Searching for hard negatives...
>> Searching for hard negatives...
==> Epoch[4](4900/8826): Loss: 0.0129
Allocated: 522.36 MB
Cached:    20.09 GB
>> Searching for hard negatives...
>> Searching for hard negatives...
>> Searching for hard negatives...
==> Epoch[4](4950/8826): Loss: 0.0125
Allocated: 527.52 MB
Cached:    20.09 GB
>> Searching for hard negatives...
>> Searching for hard negatives...
==> Epoch[4](5000/8826): Loss: 0.0103
Allocated: 522.36 MB
Cached:    20.09 GB
>> Searching for hard negatives...
>> Searching for hard negatives...
>> Searching for hard negatives...
==> Epoch[4](5050/8826): Loss: 0.0104
Allocated: 527.52 MB
Cached:    20.09 GB
>> Searching for hard negatives...
>> Searching for hard negatives...
==> Epoch[4](5100/8826): Loss: 0.0046
Allocated: 522.36 MB
Cached:    20.09 GB
>> Searching for hard negatives...
>> Searching for hard negatives...
>> Searching for hard negatives...
==> Epoch[4](5150/8826): Loss: 0.0052
Allocated: 527.52 MB
Cached:    20.09 GB
>> Searching for hard negatives...
>> Searching for hard negatives...
==> Epoch[4](5200/8826): Loss: 0.0071
Allocated: 522.36 MB
Cached:    20.09 GB
>> Searching for hard negatives...
>> Searching for hard negatives...
>> Searching for hard negatives...
==> Epoch[4](5250/8826): Loss: 0.0082
Allocated: 527.52 MB
Cached:    20.09 GB
>> Searching for hard negatives...
>> Searching for hard negatives...
==> Epoch[4](5300/8826): Loss: 0.0398
Allocated: 522.36 MB
Cached:    20.09 GB
>> Searching for hard negatives...
>> Searching for hard negatives...
>> Searching for hard negatives...
==> Epoch[4](5350/8826): Loss: 0.0135
Allocated: 527.52 MB
Cached:    20.09 GB
>> Searching for hard negatives...
>> Searching for hard negatives...
==> Epoch[4](5400/8826): Loss: 0.0257
Allocated: 522.36 MB
Cached:    20.09 GB
>> Searching for hard negatives...
>> Searching for hard negatives...
>> Searching for hard negatives...
==> Epoch[4](5450/8826): Loss: 0.0117
Allocated: 527.52 MB
Cached:    20.09 GB
>> Searching for hard negatives...
>> Searching for hard negatives...
==> Epoch[4](5500/8826): Loss: 0.0163
Allocated: 522.36 MB
Cached:    20.09 GB
>> Searching for hard negatives...
>> Searching for hard negatives...
>> Searching for hard negatives...
==> Epoch[4](5550/8826): Loss: 0.0102
Allocated: 527.52 MB
Cached:    20.09 GB
>> Searching for hard negatives...
>> Searching for hard negatives...
==> Epoch[4](5600/8826): Loss: 0.0076
Allocated: 522.36 MB
Cached:    20.09 GB
>> Searching for hard negatives...
>> Searching for hard negatives...
>> Searching for hard negatives...
==> Epoch[4](5650/8826): Loss: 0.0088
Allocated: 527.52 MB
Cached:    20.09 GB
>> Searching for hard negatives...
>> Searching for hard negatives...
==> Epoch[4](5700/8826): Loss: 0.0081
Allocated: 522.36 MB
Cached:    20.09 GB
>> Searching for hard negatives...
>> Searching for hard negatives...
>> Searching for hard negatives...
==> Epoch[4](5750/8826): Loss: 0.0078
Allocated: 527.52 MB
Cached:    20.09 GB
>> Searching for hard negatives...
>> Searching for hard negatives...
==> Epoch[4](5800/8826): Loss: 0.0097
Allocated: 522.36 MB
Cached:    20.09 GB
>> Searching for hard negatives...
>> Searching for hard negatives...
>> Searching for hard negatives...
==> Epoch[4](5850/8826): Loss: 0.0113
Allocated: 527.52 MB
Cached:    20.09 GB
>> Searching for hard negatives...
>> Searching for hard negatives...
==> Epoch[4](5900/8826): Loss: 0.0703
Allocated: 522.36 MB
Cached:    20.09 GB
>> Searching for hard negatives...
>> Searching for hard negatives...
>> Searching for hard negatives...
==> Epoch[4](5950/8826): Loss: 0.0159
Allocated: 527.52 MB
Cached:    20.09 GB
>> Searching for hard negatives...
>> Searching for hard negatives...
==> Epoch[4](6000/8826): Loss: 0.0054
Allocated: 522.36 MB
Cached:    20.09 GB
>> Searching for hard negatives...
>> Searching for hard negatives...
>> Searching for hard negatives...
==> Epoch[4](6050/8826): Loss: 0.0087
Allocated: 527.52 MB
Cached:    20.09 GB
>> Searching for hard negatives...
>> Searching for hard negatives...
==> Epoch[4](6100/8826): Loss: 0.0075
Allocated: 522.36 MB
Cached:    20.09 GB
>> Searching for hard negatives...
>> Searching for hard negatives...
>> Searching for hard negatives...
==> Epoch[4](6150/8826): Loss: 0.0046
Allocated: 527.52 MB
Cached:    20.09 GB
>> Searching for hard negatives...
>> Searching for hard negatives...
==> Epoch[4](6200/8826): Loss: 0.0248
Allocated: 522.36 MB
Cached:    20.09 GB
>> Searching for hard negatives...
>> Searching for hard negatives...
>> Searching for hard negatives...
==> Epoch[4](6250/8826): Loss: 0.0091
Allocated: 527.52 MB
Cached:    20.09 GB
>> Searching for hard negatives...
>> Searching for hard negatives...
==> Epoch[4](6300/8826): Loss: 0.0033
Allocated: 522.36 MB
Cached:    20.09 GB
>> Searching for hard negatives...
>> Searching for hard negatives...
>> Searching for hard negatives...
==> Epoch[4](6350/8826): Loss: 0.0096
Allocated: 527.52 MB
Cached:    20.09 GB
>> Searching for hard negatives...
>> Searching for hard negatives...
==> Epoch[4](6400/8826): Loss: 0.0140
Allocated: 522.36 MB
Cached:    20.09 GB
>> Searching for hard negatives...
>> Searching for hard negatives...
>> Searching for hard negatives...
==> Epoch[4](6450/8826): Loss: 0.0062
Allocated: 527.52 MB
Cached:    20.09 GB
>> Searching for hard negatives...
>> Searching for hard negatives...
==> Epoch[4](6500/8826): Loss: 0.0150
Allocated: 522.36 MB
Cached:    20.09 GB
>> Searching for hard negatives...
>> Searching for hard negatives...
>> Searching for hard negatives...
==> Epoch[4](6550/8826): Loss: 0.0083
Allocated: 527.52 MB
Cached:    20.09 GB
>> Searching for hard negatives...
>> Searching for hard negatives...
==> Epoch[4](6600/8826): Loss: 0.0054
Allocated: 522.36 MB
Cached:    20.09 GB
>> Searching for hard negatives...
>> Searching for hard negatives...
>> Searching for hard negatives...
==> Epoch[4](6650/8826): Loss: 0.0107
Allocated: 527.52 MB
Cached:    20.09 GB
>> Searching for hard negatives...
>> Searching for hard negatives...
==> Epoch[4](6700/8826): Loss: 0.0117
Allocated: 522.36 MB
Cached:    20.09 GB
>> Searching for hard negatives...
>> Searching for hard negatives...
>> Searching for hard negatives...
==> Epoch[4](6750/8826): Loss: 0.0054
Allocated: 527.52 MB
Cached:    20.09 GB
>> Searching for hard negatives...
>> Searching for hard negatives...
==> Epoch[4](6800/8826): Loss: 0.0161
Allocated: 522.36 MB
Cached:    20.09 GB
>> Searching for hard negatives...
>> Searching for hard negatives...
>> Searching for hard negatives...
==> Epoch[4](6850/8826): Loss: 0.0140
Allocated: 527.52 MB
Cached:    20.09 GB
>> Searching for hard negatives...
>> Searching for hard negatives...
==> Epoch[4](6900/8826): Loss: 0.0148
Allocated: 522.36 MB
Cached:    20.09 GB
>> Searching for hard negatives...
>> Searching for hard negatives...
>> Searching for hard negatives...
==> Epoch[4](6950/8826): Loss: 0.0043
Allocated: 527.52 MB
Cached:    20.09 GB
>> Searching for hard negatives...
>> Searching for hard negatives...
==> Epoch[4](7000/8826): Loss: 0.0239
Allocated: 522.36 MB
Cached:    20.09 GB
>> Searching for hard negatives...
>> Searching for hard negatives...
>> Searching for hard negatives...
==> Epoch[4](7050/8826): Loss: 0.0121
Allocated: 527.52 MB
Cached:    20.09 GB
>> Searching for hard negatives...
>> Searching for hard negatives...
==> Epoch[4](7100/8826): Loss: 0.0072
Allocated: 522.36 MB
Cached:    20.09 GB
>> Searching for hard negatives...
>> Searching for hard negatives...
>> Searching for hard negatives...
==> Epoch[4](7150/8826): Loss: 0.0041
Allocated: 527.52 MB
Cached:    20.09 GB
>> Searching for hard negatives...
>> Searching for hard negatives...
==> Epoch[4](7200/8826): Loss: 0.0018
Allocated: 522.36 MB
Cached:    20.09 GB
>> Searching for hard negatives...
>> Searching for hard negatives...
>> Searching for hard negatives...
==> Epoch[4](7250/8826): Loss: 0.0095
Allocated: 527.52 MB
Cached:    20.09 GB
>> Searching for hard negatives...
>> Searching for hard negatives...
==> Epoch[4](7300/8826): Loss: 0.0056
Allocated: 522.36 MB
Cached:    20.09 GB
>> Searching for hard negatives...
>> Searching for hard negatives...
>> Searching for hard negatives...
==> Epoch[4](7350/8826): Loss: 0.0178
Allocated: 527.52 MB
Cached:    20.09 GB
>> Searching for hard negatives...
>> Searching for hard negatives...
==> Epoch[4](7400/8826): Loss: 0.0075
Allocated: 522.36 MB
Cached:    20.09 GB
>> Searching for hard negatives...
>> Searching for hard negatives...
>> Searching for hard negatives...
==> Epoch[4](7450/8826): Loss: 0.0296
Allocated: 527.52 MB
Cached:    20.09 GB
>> Searching for hard negatives...
>> Searching for hard negatives...
==> Epoch[4](7500/8826): Loss: 0.0071
Allocated: 522.36 MB
Cached:    20.09 GB
>> Searching for hard negatives...
>> Searching for hard negatives...
>> Searching for hard negatives...
==> Epoch[4](7550/8826): Loss: 0.0366
Allocated: 527.52 MB
Cached:    20.09 GB
>> Searching for hard negatives...
>> Searching for hard negatives...
==> Epoch[4](7600/8826): Loss: 0.0078
Allocated: 522.36 MB
Cached:    20.09 GB
>> Searching for hard negatives...
>> Searching for hard negatives...
>> Searching for hard negatives...
==> Epoch[4](7650/8826): Loss: 0.0076
Allocated: 527.52 MB
Cached:    20.09 GB
>> Searching for hard negatives...
>> Searching for hard negatives...
==> Epoch[4](7700/8826): Loss: 0.0068
Allocated: 522.36 MB
Cached:    20.09 GB
>> Searching for hard negatives...
>> Searching for hard negatives...
>> Searching for hard negatives...
==> Epoch[4](7750/8826): Loss: 0.0118
Allocated: 527.52 MB
Cached:    20.09 GB
>> Searching for hard negatives...
>> Searching for hard negatives...
==> Epoch[4](7800/8826): Loss: 0.0074
Allocated: 522.36 MB
Cached:    20.09 GB
>> Searching for hard negatives...
>> Searching for hard negatives...
>> Searching for hard negatives...
==> Epoch[4](7850/8826): Loss: 0.0048
Allocated: 527.52 MB
Cached:    20.09 GB
>> Searching for hard negatives...
>> Searching for hard negatives...
==> Epoch[4](7900/8826): Loss: 0.0282
Allocated: 522.36 MB
Cached:    20.09 GB
>> Searching for hard negatives...
>> Searching for hard negatives...
>> Searching for hard negatives...
==> Epoch[4](7950/8826): Loss: 0.0343
Allocated: 527.52 MB
Cached:    20.09 GB
>> Searching for hard negatives...
>> Searching for hard negatives...
==> Epoch[4](8000/8826): Loss: 0.0120
Allocated: 522.36 MB
Cached:    20.09 GB
>> Searching for hard negatives...
>> Searching for hard negatives...
>> Searching for hard negatives...
==> Epoch[4](8050/8826): Loss: 0.0061
Allocated: 527.52 MB
Cached:    20.09 GB
>> Searching for hard negatives...
>> Searching for hard negatives...
==> Epoch[4](8100/8826): Loss: 0.0014
Allocated: 522.36 MB
Cached:    20.09 GB
>> Searching for hard negatives...
>> Searching for hard negatives...
>> Searching for hard negatives...
==> Epoch[4](8150/8826): Loss: 0.0118
Allocated: 527.52 MB
Cached:    20.09 GB
>> Searching for hard negatives...
>> Searching for hard negatives...
==> Epoch[4](8200/8826): Loss: 0.0247
Allocated: 522.36 MB
Cached:    20.09 GB
>> Searching for hard negatives...
>> Searching for hard negatives...
>> Searching for hard negatives...
==> Epoch[4](8250/8826): Loss: 0.0117
Allocated: 527.52 MB
Cached:    20.09 GB
>> Searching for hard negatives...
>> Searching for hard negatives...
==> Epoch[4](8300/8826): Loss: 0.0076
Allocated: 522.13 MB
Cached:    20.09 GB
>> Searching for hard negatives...
>> Searching for hard negatives...
>> Searching for hard negatives...
==> Epoch[4](8350/8826): Loss: 0.0247
Allocated: 527.52 MB
Cached:    20.09 GB
>> Searching for hard negatives...
>> Searching for hard negatives...
==> Epoch[4](8400/8826): Loss: 0.0043
Allocated: 522.36 MB
Cached:    20.09 GB
>> Searching for hard negatives...
>> Searching for hard negatives...
>> Searching for hard negatives...
==> Epoch[4](8450/8826): Loss: 0.0111
Allocated: 527.52 MB
Cached:    20.09 GB
>> Searching for hard negatives...
>> Searching for hard negatives...
==> Epoch[4](8500/8826): Loss: 0.0046
Allocated: 522.36 MB
Cached:    20.09 GB
>> Searching for hard negatives...
>> Searching for hard negatives...
>> Searching for hard negatives...
==> Epoch[4](8550/8826): Loss: 0.0068
Allocated: 527.52 MB
Cached:    20.09 GB
>> Searching for hard negatives...
>> Searching for hard negatives...
==> Epoch[4](8600/8826): Loss: 0.0049
Allocated: 522.36 MB
Cached:    20.09 GB
>> Searching for hard negatives...
>> Searching for hard negatives...
>> Searching for hard negatives...
==> Epoch[4](8650/8826): Loss: 0.0055
Allocated: 527.52 MB
Cached:    20.09 GB
>> Searching for hard negatives...
>> Searching for hard negatives...
==> Epoch[4](8700/8826): Loss: 0.0133
Allocated: 522.36 MB
Cached:    20.09 GB
>> Searching for hard negatives...
>> Searching for hard negatives...
>> Searching for hard negatives...
==> Epoch[4](8750/8826): Loss: 0.0159
Allocated: 527.52 MB
Cached:    20.09 GB
>> Searching for hard negatives...
>> Searching for hard negatives...
==> Epoch[4](8800/8826): Loss: 0.0453
Allocated: 522.36 MB
Cached:    20.09 GB
>> Searching for hard negatives...
>> Searching for hard negatives...
===> Epoch 4 Complete: Avg. Loss: 0.0116
====> Extracting Features
