Fri Aug 23 08:16:19 EDT 2024
/home/m.maqboolbhutta/usman_ws/codes/patchnetvlad
/home/m.maqboolbhutta/.conda/envs/patchnetvlad/bin/python
Host: c0801a-s29
Other nodes: 
Starting  process(es) on each node...
==========Starting Training=============
Saving checkpoints at /home/m.maqboolbhutta/usman_ws/models/patchnetvlad/fastscnn-v3/vgg16-graphvlad-sare_joint-23-Aug
========================================
Namespace(cache_path='/home/m.maqboolbhutta/usman_ws/datasets/official/patchnetvlad/', cluster_path='/home/m.maqboolbhutta/usman_ws/datasets/official/patchnetvlad/centroids/vgg16_mapillary_16_desc_cen.hdf5', config_path='patchnetvlad/configs/train-slurm.ini', dataset_root_dir='/home/m.maqboolbhutta/usman_ws/datasets/Mapillary_Street_Level_Sequences/', fast_scnn='/home/m.maqboolbhutta/usman_ws/datasets/official/fast_scnn/official/fast_scnn_citys.pth', identifier='mapillary_nopanos', loss='sare_joint', method='graphvlad', nEpochs=30, nocuda=False, resume_path='/home/m.maqboolbhutta/usman_ws/models/patchnetvlad/fastscnn-v3/vgg16-graphvlad-sare_joint-22-Aug-lr-0_001/Aug22_08-41-07_mapillary_nopanos/checkpoints/checkpoint_epoch1.pth.tar', save_every_epoch=True, save_path='/home/m.maqboolbhutta/usman_ws/models/patchnetvlad/fastscnn-v3/vgg16-graphvlad-sare_joint-23-Aug', start_epoch=0, threads=6, vd16_offtheshelf_path='/home/m.maqboolbhutta/usman_ws/datasets/official/openibl-init/vd16_offtheshelf_conv5_3_max.pth')
===> Building model
=> loading checkpoint '/home/m.maqboolbhutta/usman_ws/models/patchnetvlad/fastscnn-v3/vgg16-graphvlad-sare_joint-22-Aug-lr-0_001/Aug22_08-41-07_mapillary_nopanos/checkpoints/checkpoint_epoch1.pth.tar'
===> Loading segmentation model
Creating model graphvlad
=> loaded checkpoint '/home/m.maqboolbhutta/usman_ws/models/patchnetvlad/fastscnn-v3/vgg16-graphvlad-sare_joint-22-Aug-lr-0_001/Aug22_08-41-07_mapillary_nopanos/checkpoints/checkpoint_epoch1.pth.tar'
===> Loading dataset(s)
Exclude panoramas: True
=====> trondheim
=====> london
=====> boston
=====> melbourne
=====> amsterdam
=====> helsinki
=====> tokyo
=====> toronto
=====> saopaulo
=====> moscow
=====> zurich
=====> paris
=====> bangkok
=====> budapest
=====> austin
=====> berlin
=====> ottawa
=====> phoenix
=====> goa
=====> amman
=====> nairobi
=====> manila
#Sideways [21262/441280]; #Night; [4666/441280]
Forward and Day weighted with 1.0000
Forward and Night weighted with 95.5735
Sideways and Day weighted with 21.7544
Sideways and Night weighted with 116.3279
Exclude panoramas: True
=====> cph
=====> sf
===> Training query set: 441280
===> Evaluating on val set, query count: 740
===> Training model
>> Searching for hard negatives...
>> Searching for hard negatives...
>> Searching for hard negatives...
==> Epoch[2](50/8826): Loss: 0.0032
Allocated: 630.81 MB
Cached:    59.89 GB
>> Searching for hard negatives...
>> Searching for hard negatives...
==> Epoch[2](100/8826): Loss: 0.0294
Allocated: 620.96 MB
Cached:    59.89 GB
>> Searching for hard negatives...
>> Searching for hard negatives...
>> Searching for hard negatives...
==> Epoch[2](150/8826): Loss: 0.0135
Allocated: 630.81 MB
Cached:    59.87 GB
>> Searching for hard negatives...
>> Searching for hard negatives...
==> Epoch[2](200/8826): Loss: 0.0031
Allocated: 625.89 MB
Cached:    59.88 GB
>> Searching for hard negatives...
>> Searching for hard negatives...
>> Searching for hard negatives...
==> Epoch[2](250/8826): Loss: 0.0164
Allocated: 630.81 MB
Cached:    59.87 GB
>> Searching for hard negatives...
>> Searching for hard negatives...
==> Epoch[2](300/8826): Loss: 0.0014
Allocated: 625.89 MB
Cached:    59.88 GB
>> Searching for hard negatives...
>> Searching for hard negatives...
>> Searching for hard negatives...
==> Epoch[2](350/8826): Loss: 0.0047
Allocated: 630.81 MB
Cached:    59.89 GB
>> Searching for hard negatives...
>> Searching for hard negatives...
==> Epoch[2](400/8826): Loss: 0.0070
Allocated: 625.89 MB
Cached:    59.89 GB
>> Searching for hard negatives...
>> Searching for hard negatives...
>> Searching for hard negatives...
==> Epoch[2](450/8826): Loss: 0.0252
Allocated: 630.81 MB
Cached:    59.88 GB
>> Searching for hard negatives...
>> Searching for hard negatives...
==> Epoch[2](500/8826): Loss: 0.0033
Allocated: 620.96 MB
Cached:    59.88 GB
>> Searching for hard negatives...
>> Searching for hard negatives...
>> Searching for hard negatives...
==> Epoch[2](550/8826): Loss: 0.0269
Allocated: 630.81 MB
Cached:    59.89 GB
>> Searching for hard negatives...
>> Searching for hard negatives...
==> Epoch[2](600/8826): Loss: 0.0055
Allocated: 625.89 MB
Cached:    59.89 GB
>> Searching for hard negatives...
>> Searching for hard negatives...
>> Searching for hard negatives...
==> Epoch[2](650/8826): Loss: 0.0113
Allocated: 630.81 MB
Cached:    59.88 GB
>> Searching for hard negatives...
>> Searching for hard negatives...
==> Epoch[2](700/8826): Loss: 0.0171
Allocated: 625.89 MB
Cached:    59.88 GB
>> Searching for hard negatives...
>> Searching for hard negatives...
>> Searching for hard negatives...
==> Epoch[2](750/8826): Loss: 0.0207
Allocated: 630.81 MB
Cached:    59.88 GB
>> Searching for hard negatives...
>> Searching for hard negatives...
==> Epoch[2](800/8826): Loss: 0.0093
Allocated: 625.89 MB
Cached:    59.88 GB
>> Searching for hard negatives...
>> Searching for hard negatives...
>> Searching for hard negatives...
==> Epoch[2](850/8826): Loss: 0.0024
Allocated: 630.81 MB
Cached:    59.88 GB
>> Searching for hard negatives...
>> Searching for hard negatives...
==> Epoch[2](900/8826): Loss: 0.0030
Allocated: 625.89 MB
Cached:    59.88 GB
>> Searching for hard negatives...
>> Searching for hard negatives...
>> Searching for hard negatives...
==> Epoch[2](950/8826): Loss: 0.0049
Allocated: 630.81 MB
Cached:    59.89 GB
>> Searching for hard negatives...
>> Searching for hard negatives...
==> Epoch[2](1000/8826): Loss: 0.0095
Allocated: 625.89 MB
Cached:    59.89 GB
>> Searching for hard negatives...
>> Searching for hard negatives...
>> Searching for hard negatives...
==> Epoch[2](1050/8826): Loss: 0.0061
Allocated: 630.81 MB
Cached:    59.88 GB
>> Searching for hard negatives...
>> Searching for hard negatives...
==> Epoch[2](1100/8826): Loss: 0.0171
Allocated: 625.89 MB
Cached:    59.88 GB
>> Searching for hard negatives...
>> Searching for hard negatives...
>> Searching for hard negatives...
==> Epoch[2](1150/8826): Loss: 0.0245
Allocated: 630.81 MB
Cached:    59.89 GB
>> Searching for hard negatives...
>> Searching for hard negatives...
==> Epoch[2](1200/8826): Loss: 0.0043
Allocated: 625.89 MB
Cached:    59.89 GB
>> Searching for hard negatives...
>> Searching for hard negatives...
>> Searching for hard negatives...
==> Epoch[2](1250/8826): Loss: 0.0501
Allocated: 630.81 MB
Cached:    59.89 GB
>> Searching for hard negatives...
>> Searching for hard negatives...
==> Epoch[2](1300/8826): Loss: 0.0020
Allocated: 625.89 MB
Cached:    59.89 GB
>> Searching for hard negatives...
>> Searching for hard negatives...
>> Searching for hard negatives...
==> Epoch[2](1350/8826): Loss: 0.0066
Allocated: 630.81 MB
Cached:    59.87 GB
>> Searching for hard negatives...
>> Searching for hard negatives...
==> Epoch[2](1400/8826): Loss: 0.0012
Allocated: 625.89 MB
Cached:    59.89 GB
>> Searching for hard negatives...
>> Searching for hard negatives...
>> Searching for hard negatives...
==> Epoch[2](1450/8826): Loss: 0.0048
Allocated: 630.81 MB
Cached:    59.88 GB
>> Searching for hard negatives...
>> Searching for hard negatives...
==> Epoch[2](1500/8826): Loss: 0.0091
Allocated: 625.89 MB
Cached:    59.88 GB
>> Searching for hard negatives...
>> Searching for hard negatives...
>> Searching for hard negatives...
==> Epoch[2](1550/8826): Loss: 0.0042
Allocated: 630.81 MB
Cached:    59.89 GB
>> Searching for hard negatives...
>> Searching for hard negatives...
==> Epoch[2](1600/8826): Loss: 0.0055
Allocated: 625.89 MB
Cached:    59.89 GB
>> Searching for hard negatives...
>> Searching for hard negatives...
>> Searching for hard negatives...
==> Epoch[2](1650/8826): Loss: 0.0114
Allocated: 630.81 MB
Cached:    59.89 GB
>> Searching for hard negatives...
>> Searching for hard negatives...
==> Epoch[2](1700/8826): Loss: 0.0054
Allocated: 625.89 MB
Cached:    59.89 GB
>> Searching for hard negatives...
>> Searching for hard negatives...
>> Searching for hard negatives...
==> Epoch[2](1750/8826): Loss: 0.0027
Allocated: 630.81 MB
Cached:    59.87 GB
>> Searching for hard negatives...
>> Searching for hard negatives...
==> Epoch[2](1800/8826): Loss: 0.0149
Allocated: 625.89 MB
Cached:    59.88 GB
>> Searching for hard negatives...
>> Searching for hard negatives...
>> Searching for hard negatives...
==> Epoch[2](1850/8826): Loss: 0.0082
Allocated: 630.81 MB
Cached:    59.85 GB
>> Searching for hard negatives...
>> Searching for hard negatives...
==> Epoch[2](1900/8826): Loss: 0.0038
Allocated: 625.89 MB
Cached:    59.89 GB
>> Searching for hard negatives...
>> Searching for hard negatives...
>> Searching for hard negatives...
==> Epoch[2](1950/8826): Loss: 0.0035
Allocated: 630.81 MB
Cached:    59.88 GB
>> Searching for hard negatives...
>> Searching for hard negatives...
==> Epoch[2](2000/8826): Loss: 0.0044
Allocated: 625.89 MB
Cached:    59.85 GB
>> Searching for hard negatives...
>> Searching for hard negatives...
>> Searching for hard negatives...
==> Epoch[2](2050/8826): Loss: 0.0191
Allocated: 630.81 MB
Cached:    59.89 GB
>> Searching for hard negatives...
>> Searching for hard negatives...
==> Epoch[2](2100/8826): Loss: 0.0007
Allocated: 620.96 MB
Cached:    59.89 GB
>> Searching for hard negatives...
>> Searching for hard negatives...
>> Searching for hard negatives...
==> Epoch[2](2150/8826): Loss: 0.0149
Allocated: 630.81 MB
Cached:    59.87 GB
>> Searching for hard negatives...
>> Searching for hard negatives...
==> Epoch[2](2200/8826): Loss: 0.0051
Allocated: 625.89 MB
Cached:    59.88 GB
>> Searching for hard negatives...
>> Searching for hard negatives...
>> Searching for hard negatives...
==> Epoch[2](2250/8826): Loss: 0.0389
Allocated: 630.81 MB
Cached:    59.89 GB
>> Searching for hard negatives...
>> Searching for hard negatives...
==> Epoch[2](2300/8826): Loss: 0.0194
Allocated: 625.89 MB
Cached:    59.89 GB
>> Searching for hard negatives...
>> Searching for hard negatives...
>> Searching for hard negatives...
==> Epoch[2](2350/8826): Loss: 0.0045
Allocated: 630.81 MB
Cached:    59.87 GB
>> Searching for hard negatives...
>> Searching for hard negatives...
==> Epoch[2](2400/8826): Loss: 0.0132
Allocated: 625.89 MB
Cached:    59.88 GB
>> Searching for hard negatives...
>> Searching for hard negatives...
>> Searching for hard negatives...
==> Epoch[2](2450/8826): Loss: 0.0094
Allocated: 630.81 MB
Cached:    59.89 GB
>> Searching for hard negatives...
>> Searching for hard negatives...
==> Epoch[2](2500/8826): Loss: 0.0046
Allocated: 625.89 MB
Cached:    59.89 GB
>> Searching for hard negatives...
>> Searching for hard negatives...
>> Searching for hard negatives...
==> Epoch[2](2550/8826): Loss: 0.0034
Allocated: 630.81 MB
Cached:    59.89 GB
>> Searching for hard negatives...
>> Searching for hard negatives...
==> Epoch[2](2600/8826): Loss: 0.0143
Allocated: 625.89 MB
Cached:    59.89 GB
>> Searching for hard negatives...
>> Searching for hard negatives...
>> Searching for hard negatives...
==> Epoch[2](2650/8826): Loss: 0.0035
Allocated: 630.81 MB
Cached:    59.88 GB
>> Searching for hard negatives...
>> Searching for hard negatives...
==> Epoch[2](2700/8826): Loss: 0.0051
Allocated: 625.89 MB
Cached:    59.88 GB
>> Searching for hard negatives...
>> Searching for hard negatives...
>> Searching for hard negatives...
==> Epoch[2](2750/8826): Loss: 0.0095
Allocated: 630.81 MB
Cached:    59.89 GB
>> Searching for hard negatives...
>> Searching for hard negatives...
==> Epoch[2](2800/8826): Loss: 0.0062
Allocated: 625.89 MB
Cached:    59.88 GB
>> Searching for hard negatives...
>> Searching for hard negatives...
>> Searching for hard negatives...
==> Epoch[2](2850/8826): Loss: 0.0048
Allocated: 630.81 MB
Cached:    59.89 GB
>> Searching for hard negatives...
>> Searching for hard negatives...
==> Epoch[2](2900/8826): Loss: 0.0020
Allocated: 625.89 MB
Cached:    59.89 GB
>> Searching for hard negatives...
>> Searching for hard negatives...
>> Searching for hard negatives...
==> Epoch[2](2950/8826): Loss: 0.0133
Allocated: 630.81 MB
Cached:    59.87 GB
>> Searching for hard negatives...
>> Searching for hard negatives...
==> Epoch[2](3000/8826): Loss: 0.0077
Allocated: 625.89 MB
Cached:    59.88 GB
>> Searching for hard negatives...
>> Searching for hard negatives...
>> Searching for hard negatives...
==> Epoch[2](3050/8826): Loss: 0.0168
Allocated: 630.81 MB
Cached:    59.85 GB
>> Searching for hard negatives...
>> Searching for hard negatives...
==> Epoch[2](3100/8826): Loss: 0.0016
Allocated: 625.89 MB
Cached:    59.89 GB
>> Searching for hard negatives...
>> Searching for hard negatives...
>> Searching for hard negatives...
==> Epoch[2](3150/8826): Loss: 0.0038
Allocated: 630.81 MB
Cached:    59.88 GB
>> Searching for hard negatives...
>> Searching for hard negatives...
==> Epoch[2](3200/8826): Loss: 0.0069
Allocated: 625.89 MB
Cached:    59.88 GB
>> Searching for hard negatives...
>> Searching for hard negatives...
>> Searching for hard negatives...
==> Epoch[2](3250/8826): Loss: 0.0093
Allocated: 630.81 MB
Cached:    59.89 GB
>> Searching for hard negatives...
>> Searching for hard negatives...
==> Epoch[2](3300/8826): Loss: 0.0025
Allocated: 620.96 MB
Cached:    59.89 GB
>> Searching for hard negatives...
>> Searching for hard negatives...
>> Searching for hard negatives...
==> Epoch[2](3350/8826): Loss: 0.0101
Allocated: 630.81 MB
Cached:    59.87 GB
>> Searching for hard negatives...
>> Searching for hard negatives...
==> Epoch[2](3400/8826): Loss: 0.0134
Allocated: 620.96 MB
Cached:    59.87 GB
>> Searching for hard negatives...
>> Searching for hard negatives...
>> Searching for hard negatives...
==> Epoch[2](3450/8826): Loss: 0.0059
Allocated: 630.81 MB
Cached:    59.89 GB
>> Searching for hard negatives...
>> Searching for hard negatives...
==> Epoch[2](3500/8826): Loss: 0.0036
Allocated: 620.96 MB
Cached:    59.85 GB
>> Searching for hard negatives...
>> Searching for hard negatives...
>> Searching for hard negatives...
==> Epoch[2](3550/8826): Loss: 0.0082
Allocated: 630.81 MB
Cached:    59.85 GB
>> Searching for hard negatives...
>> Searching for hard negatives...
==> Epoch[2](3600/8826): Loss: 0.0066
Allocated: 620.96 MB
Cached:    59.89 GB
>> Searching for hard negatives...
>> Searching for hard negatives...
>> Searching for hard negatives...
==> Epoch[2](3650/8826): Loss: 0.0121
Allocated: 630.81 MB
Cached:    59.87 GB
>> Searching for hard negatives...
>> Searching for hard negatives...
==> Epoch[2](3700/8826): Loss: 0.0174
Allocated: 620.96 MB
Cached:    59.87 GB
>> Searching for hard negatives...
>> Searching for hard negatives...
>> Searching for hard negatives...
==> Epoch[2](3750/8826): Loss: 0.0031
Allocated: 630.81 MB
Cached:    59.87 GB
>> Searching for hard negatives...
>> Searching for hard negatives...
==> Epoch[2](3800/8826): Loss: 0.0022
Allocated: 620.96 MB
Cached:    59.87 GB
>> Searching for hard negatives...
>> Searching for hard negatives...
>> Searching for hard negatives...
==> Epoch[2](3850/8826): Loss: 0.0013
Allocated: 630.81 MB
Cached:    59.87 GB
>> Searching for hard negatives...
>> Searching for hard negatives...
==> Epoch[2](3900/8826): Loss: 0.0096
Allocated: 620.96 MB
Cached:    59.87 GB
>> Searching for hard negatives...
>> Searching for hard negatives...
>> Searching for hard negatives...
==> Epoch[2](3950/8826): Loss: 0.0012
Allocated: 630.81 MB
Cached:    59.87 GB
>> Searching for hard negatives...
>> Searching for hard negatives...
==> Epoch[2](4000/8826): Loss: 0.0219
Allocated: 620.96 MB
Cached:    59.87 GB
>> Searching for hard negatives...
>> Searching for hard negatives...
>> Searching for hard negatives...
==> Epoch[2](4050/8826): Loss: 0.0075
Allocated: 630.81 MB
Cached:    59.87 GB
>> Searching for hard negatives...
>> Searching for hard negatives...
==> Epoch[2](4100/8826): Loss: 0.0010
Allocated: 620.96 MB
Cached:    59.87 GB
>> Searching for hard negatives...
>> Searching for hard negatives...
>> Searching for hard negatives...
==> Epoch[2](4150/8826): Loss: 0.0077
Allocated: 630.81 MB
Cached:    59.87 GB
>> Searching for hard negatives...
>> Searching for hard negatives...
==> Epoch[2](4200/8826): Loss: 0.0068
Allocated: 620.96 MB
Cached:    59.87 GB
>> Searching for hard negatives...
>> Searching for hard negatives...
>> Searching for hard negatives...
==> Epoch[2](4250/8826): Loss: 0.0051
Allocated: 630.81 MB
Cached:    59.87 GB
>> Searching for hard negatives...
>> Searching for hard negatives...
==> Epoch[2](4300/8826): Loss: 0.0071
Allocated: 620.96 MB
Cached:    59.87 GB
>> Searching for hard negatives...
>> Searching for hard negatives...
>> Searching for hard negatives...
==> Epoch[2](4350/8826): Loss: 0.0109
Allocated: 630.81 MB
Cached:    59.87 GB
>> Searching for hard negatives...
>> Searching for hard negatives...
==> Epoch[2](4400/8826): Loss: 0.0060
Allocated: 620.96 MB
Cached:    59.87 GB
>> Searching for hard negatives...
>> Searching for hard negatives...
>> Searching for hard negatives...
==> Epoch[2](4450/8826): Loss: 0.0094
Allocated: 630.81 MB
Cached:    59.87 GB
>> Searching for hard negatives...
>> Searching for hard negatives...
==> Epoch[2](4500/8826): Loss: 0.0243
Allocated: 620.96 MB
Cached:    59.87 GB
>> Searching for hard negatives...
>> Searching for hard negatives...
>> Searching for hard negatives...
==> Epoch[2](4550/8826): Loss: 0.0152
Allocated: 630.81 MB
Cached:    59.87 GB
>> Searching for hard negatives...
>> Searching for hard negatives...
==> Epoch[2](4600/8826): Loss: 0.0079
Allocated: 620.96 MB
Cached:    59.87 GB
>> Searching for hard negatives...
>> Searching for hard negatives...
>> Searching for hard negatives...
==> Epoch[2](4650/8826): Loss: 0.0100
Allocated: 630.81 MB
Cached:    59.87 GB
>> Searching for hard negatives...
>> Searching for hard negatives...
==> Epoch[2](4700/8826): Loss: 0.0020
Allocated: 620.96 MB
Cached:    59.84 GB
>> Searching for hard negatives...
>> Searching for hard negatives...
>> Searching for hard negatives...
==> Epoch[2](4750/8826): Loss: 0.0033
Allocated: 630.81 MB
Cached:    59.85 GB
>> Searching for hard negatives...
>> Searching for hard negatives...
==> Epoch[2](4800/8826): Loss: 0.0006
Allocated: 620.96 MB
Cached:    59.85 GB
>> Searching for hard negatives...
>> Searching for hard negatives...
>> Searching for hard negatives...
==> Epoch[2](4850/8826): Loss: 0.0054
Allocated: 630.81 MB
Cached:    59.85 GB
>> Searching for hard negatives...
>> Searching for hard negatives...
==> Epoch[2](4900/8826): Loss: 0.0122
Allocated: 620.96 MB
Cached:    59.89 GB
>> Searching for hard negatives...
>> Searching for hard negatives...
>> Searching for hard negatives...
==> Epoch[2](4950/8826): Loss: 0.0112
Allocated: 630.81 MB
Cached:    59.89 GB
>> Searching for hard negatives...
>> Searching for hard negatives...
==> Epoch[2](5000/8826): Loss: 0.0020
Allocated: 620.96 MB
Cached:    59.85 GB
>> Searching for hard negatives...
>> Searching for hard negatives...
>> Searching for hard negatives...
==> Epoch[2](5050/8826): Loss: 0.0146
Allocated: 630.81 MB
Cached:    59.85 GB
>> Searching for hard negatives...
>> Searching for hard negatives...
==> Epoch[2](5100/8826): Loss: 0.0030
Allocated: 620.96 MB
Cached:    59.85 GB
>> Searching for hard negatives...
>> Searching for hard negatives...
>> Searching for hard negatives...
==> Epoch[2](5150/8826): Loss: 0.0071
Allocated: 630.81 MB
Cached:    59.85 GB
>> Searching for hard negatives...
>> Searching for hard negatives...
==> Epoch[2](5200/8826): Loss: 0.0188
Allocated: 620.96 MB
Cached:    59.83 GB
>> Searching for hard negatives...
>> Searching for hard negatives...
>> Searching for hard negatives...
==> Epoch[2](5250/8826): Loss: 0.0033
Allocated: 630.81 MB
Cached:    59.85 GB
>> Searching for hard negatives...
>> Searching for hard negatives...
==> Epoch[2](5300/8826): Loss: 0.0042
Allocated: 620.96 MB
Cached:    59.87 GB
>> Searching for hard negatives...
>> Searching for hard negatives...
>> Searching for hard negatives...
==> Epoch[2](5350/8826): Loss: 0.0064
Allocated: 630.81 MB
Cached:    59.87 GB
>> Searching for hard negatives...
>> Searching for hard negatives...
==> Epoch[2](5400/8826): Loss: 0.0145
Allocated: 620.96 MB
Cached:    59.87 GB
>> Searching for hard negatives...
>> Searching for hard negatives...
>> Searching for hard negatives...
==> Epoch[2](5450/8826): Loss: 0.0056
Allocated: 630.81 MB
Cached:    59.87 GB
>> Searching for hard negatives...
>> Searching for hard negatives...
==> Epoch[2](5500/8826): Loss: 0.0027
Allocated: 620.96 MB
Cached:    59.87 GB
>> Searching for hard negatives...
>> Searching for hard negatives...
>> Searching for hard negatives...
==> Epoch[2](5550/8826): Loss: 0.0119
Allocated: 630.81 MB
Cached:    59.87 GB
>> Searching for hard negatives...
>> Searching for hard negatives...
==> Epoch[2](5600/8826): Loss: 0.0124
Allocated: 620.96 MB
Cached:    59.87 GB
>> Searching for hard negatives...
>> Searching for hard negatives...
>> Searching for hard negatives...
==> Epoch[2](5650/8826): Loss: 0.0116
Allocated: 630.81 MB
Cached:    59.87 GB
>> Searching for hard negatives...
>> Searching for hard negatives...
==> Epoch[2](5700/8826): Loss: 0.0018
Allocated: 620.96 MB
Cached:    59.87 GB
>> Searching for hard negatives...
>> Searching for hard negatives...
>> Searching for hard negatives...
==> Epoch[2](5750/8826): Loss: 0.0253
Allocated: 630.81 MB
Cached:    59.87 GB
>> Searching for hard negatives...
>> Searching for hard negatives...
==> Epoch[2](5800/8826): Loss: 0.0115
Allocated: 620.96 MB
Cached:    59.87 GB
>> Searching for hard negatives...
>> Searching for hard negatives...
>> Searching for hard negatives...
==> Epoch[2](5850/8826): Loss: 0.0082
Allocated: 630.81 MB
Cached:    59.87 GB
>> Searching for hard negatives...
>> Searching for hard negatives...
==> Epoch[2](5900/8826): Loss: 0.0035
Allocated: 620.96 MB
Cached:    59.87 GB
>> Searching for hard negatives...
>> Searching for hard negatives...
>> Searching for hard negatives...
==> Epoch[2](5950/8826): Loss: 0.0025
Allocated: 630.81 MB
Cached:    59.87 GB
>> Searching for hard negatives...
>> Searching for hard negatives...
==> Epoch[2](6000/8826): Loss: 0.0049
Allocated: 620.96 MB
Cached:    59.87 GB
>> Searching for hard negatives...
>> Searching for hard negatives...
>> Searching for hard negatives...
==> Epoch[2](6050/8826): Loss: 0.0213
Allocated: 630.81 MB
Cached:    59.87 GB
>> Searching for hard negatives...
>> Searching for hard negatives...
==> Epoch[2](6100/8826): Loss: 0.0020
Allocated: 620.96 MB
Cached:    59.87 GB
>> Searching for hard negatives...
>> Searching for hard negatives...
>> Searching for hard negatives...
==> Epoch[2](6150/8826): Loss: 0.0082
Allocated: 630.81 MB
Cached:    59.87 GB
>> Searching for hard negatives...
>> Searching for hard negatives...
==> Epoch[2](6200/8826): Loss: 0.0091
Allocated: 620.96 MB
Cached:    59.87 GB
>> Searching for hard negatives...
>> Searching for hard negatives...
>> Searching for hard negatives...
==> Epoch[2](6250/8826): Loss: 0.0085
Allocated: 630.81 MB
Cached:    59.87 GB
>> Searching for hard negatives...
>> Searching for hard negatives...
==> Epoch[2](6300/8826): Loss: 0.0108
Allocated: 620.96 MB
Cached:    59.87 GB
>> Searching for hard negatives...
>> Searching for hard negatives...
>> Searching for hard negatives...
==> Epoch[2](6350/8826): Loss: 0.0030
Allocated: 630.81 MB
Cached:    59.87 GB
>> Searching for hard negatives...
>> Searching for hard negatives...
==> Epoch[2](6400/8826): Loss: 0.0240
Allocated: 620.96 MB
Cached:    59.87 GB
>> Searching for hard negatives...
>> Searching for hard negatives...
>> Searching for hard negatives...
==> Epoch[2](6450/8826): Loss: 0.0080
Allocated: 630.81 MB
Cached:    59.87 GB
>> Searching for hard negatives...
>> Searching for hard negatives...
==> Epoch[2](6500/8826): Loss: 0.0089
Allocated: 620.96 MB
Cached:    59.87 GB
>> Searching for hard negatives...
>> Searching for hard negatives...
>> Searching for hard negatives...
==> Epoch[2](6550/8826): Loss: 0.0071
Allocated: 630.81 MB
Cached:    59.87 GB
>> Searching for hard negatives...
>> Searching for hard negatives...
==> Epoch[2](6600/8826): Loss: 0.0337
Allocated: 620.96 MB
Cached:    59.87 GB
>> Searching for hard negatives...
>> Searching for hard negatives...
>> Searching for hard negatives...
==> Epoch[2](6650/8826): Loss: 0.0196
Allocated: 630.81 MB
Cached:    59.87 GB
>> Searching for hard negatives...
>> Searching for hard negatives...
==> Epoch[2](6700/8826): Loss: 0.0189
Allocated: 620.96 MB
Cached:    59.87 GB
>> Searching for hard negatives...
>> Searching for hard negatives...
>> Searching for hard negatives...
==> Epoch[2](6750/8826): Loss: 0.0027
Allocated: 630.81 MB
Cached:    59.87 GB
>> Searching for hard negatives...
>> Searching for hard negatives...
==> Epoch[2](6800/8826): Loss: 0.0029
Allocated: 620.96 MB
Cached:    59.87 GB
>> Searching for hard negatives...
>> Searching for hard negatives...
>> Searching for hard negatives...
==> Epoch[2](6850/8826): Loss: 0.0072
Allocated: 630.81 MB
Cached:    59.87 GB
>> Searching for hard negatives...
>> Searching for hard negatives...
==> Epoch[2](6900/8826): Loss: 0.0199
Allocated: 620.96 MB
Cached:    59.87 GB
>> Searching for hard negatives...
>> Searching for hard negatives...
>> Searching for hard negatives...
==> Epoch[2](6950/8826): Loss: 0.0024
Allocated: 630.81 MB
Cached:    59.87 GB
>> Searching for hard negatives...
>> Searching for hard negatives...
==> Epoch[2](7000/8826): Loss: 0.0077
Allocated: 620.96 MB
Cached:    59.87 GB
>> Searching for hard negatives...
>> Searching for hard negatives...
>> Searching for hard negatives...
==> Epoch[2](7050/8826): Loss: 0.0253
Allocated: 630.81 MB
Cached:    59.87 GB
>> Searching for hard negatives...
>> Searching for hard negatives...
==> Epoch[2](7100/8826): Loss: 0.0074
Allocated: 620.96 MB
Cached:    59.87 GB
>> Searching for hard negatives...
>> Searching for hard negatives...
>> Searching for hard negatives...
==> Epoch[2](7150/8826): Loss: 0.0022
Allocated: 630.81 MB
Cached:    59.87 GB
>> Searching for hard negatives...
>> Searching for hard negatives...
==> Epoch[2](7200/8826): Loss: 0.0021
Allocated: 620.96 MB
Cached:    59.87 GB
>> Searching for hard negatives...
>> Searching for hard negatives...
>> Searching for hard negatives...
==> Epoch[2](7250/8826): Loss: 0.0019
Allocated: 630.81 MB
Cached:    59.87 GB
>> Searching for hard negatives...
>> Searching for hard negatives...
==> Epoch[2](7300/8826): Loss: 0.0143
Allocated: 620.96 MB
Cached:    59.87 GB
>> Searching for hard negatives...
>> Searching for hard negatives...
>> Searching for hard negatives...
==> Epoch[2](7350/8826): Loss: 0.0170
Allocated: 630.81 MB
Cached:    59.87 GB
>> Searching for hard negatives...
>> Searching for hard negatives...
==> Epoch[2](7400/8826): Loss: 0.0023
Allocated: 620.96 MB
Cached:    59.87 GB
>> Searching for hard negatives...
>> Searching for hard negatives...
>> Searching for hard negatives...
==> Epoch[2](7450/8826): Loss: 0.0168
Allocated: 630.81 MB
Cached:    59.87 GB
>> Searching for hard negatives...
>> Searching for hard negatives...
==> Epoch[2](7500/8826): Loss: 0.0048
Allocated: 620.96 MB
Cached:    59.87 GB
>> Searching for hard negatives...
>> Searching for hard negatives...
>> Searching for hard negatives...
==> Epoch[2](7550/8826): Loss: 0.0020
Allocated: 630.81 MB
Cached:    59.87 GB
>> Searching for hard negatives...
>> Searching for hard negatives...
==> Epoch[2](7600/8826): Loss: 0.0106
Allocated: 620.96 MB
Cached:    59.87 GB
>> Searching for hard negatives...
>> Searching for hard negatives...
>> Searching for hard negatives...
==> Epoch[2](7650/8826): Loss: 0.0164
Allocated: 630.81 MB
Cached:    59.87 GB
>> Searching for hard negatives...
>> Searching for hard negatives...
==> Epoch[2](7700/8826): Loss: 0.0028
Allocated: 620.96 MB
Cached:    59.87 GB
>> Searching for hard negatives...
>> Searching for hard negatives...
>> Searching for hard negatives...
==> Epoch[2](7750/8826): Loss: 0.0327
Allocated: 630.81 MB
Cached:    59.87 GB
>> Searching for hard negatives...
>> Searching for hard negatives...
==> Epoch[2](7800/8826): Loss: 0.0118
Allocated: 620.96 MB
Cached:    59.87 GB
>> Searching for hard negatives...
>> Searching for hard negatives...
>> Searching for hard negatives...
==> Epoch[2](7850/8826): Loss: 0.0064
Allocated: 630.81 MB
Cached:    59.87 GB
>> Searching for hard negatives...
>> Searching for hard negatives...
==> Epoch[2](7900/8826): Loss: 0.0052
Allocated: 620.96 MB
Cached:    59.87 GB
>> Searching for hard negatives...
>> Searching for hard negatives...
>> Searching for hard negatives...
==> Epoch[2](7950/8826): Loss: 0.0024
Allocated: 630.81 MB
Cached:    59.87 GB
>> Searching for hard negatives...
>> Searching for hard negatives...
==> Epoch[2](8000/8826): Loss: 0.0064
Allocated: 620.96 MB
Cached:    59.87 GB
>> Searching for hard negatives...
>> Searching for hard negatives...
>> Searching for hard negatives...
==> Epoch[2](8050/8826): Loss: 0.0081
Allocated: 630.81 MB
Cached:    59.87 GB
>> Searching for hard negatives...
>> Searching for hard negatives...
==> Epoch[2](8100/8826): Loss: 0.0074
Allocated: 620.96 MB
Cached:    59.87 GB
>> Searching for hard negatives...
>> Searching for hard negatives...
>> Searching for hard negatives...
==> Epoch[2](8150/8826): Loss: 0.0062
Allocated: 630.81 MB
Cached:    59.87 GB
>> Searching for hard negatives...
>> Searching for hard negatives...
==> Epoch[2](8200/8826): Loss: 0.0086
Allocated: 620.96 MB
Cached:    59.87 GB
>> Searching for hard negatives...
>> Searching for hard negatives...
>> Searching for hard negatives...
==> Epoch[2](8250/8826): Loss: 0.0053
Allocated: 630.81 MB
Cached:    59.87 GB
>> Searching for hard negatives...
>> Searching for hard negatives...
==> Epoch[2](8300/8826): Loss: 0.0055
Allocated: 620.96 MB
Cached:    59.87 GB
>> Searching for hard negatives...
>> Searching for hard negatives...
>> Searching for hard negatives...
==> Epoch[2](8350/8826): Loss: 0.0337
Allocated: 630.81 MB
Cached:    59.87 GB
>> Searching for hard negatives...
>> Searching for hard negatives...
==> Epoch[2](8400/8826): Loss: 0.0021
Allocated: 620.96 MB
Cached:    59.87 GB
>> Searching for hard negatives...
>> Searching for hard negatives...
>> Searching for hard negatives...
==> Epoch[2](8450/8826): Loss: 0.0066
Allocated: 630.81 MB
Cached:    59.87 GB
>> Searching for hard negatives...
>> Searching for hard negatives...
==> Epoch[2](8500/8826): Loss: 0.0089
Allocated: 620.96 MB
Cached:    59.87 GB
>> Searching for hard negatives...
>> Searching for hard negatives...
>> Searching for hard negatives...
==> Epoch[2](8550/8826): Loss: 0.0036
Allocated: 630.81 MB
Cached:    59.87 GB
>> Searching for hard negatives...
>> Searching for hard negatives...
==> Epoch[2](8600/8826): Loss: 0.0031
Allocated: 620.96 MB
Cached:    59.87 GB
>> Searching for hard negatives...
>> Searching for hard negatives...
>> Searching for hard negatives...
==> Epoch[2](8650/8826): Loss: 0.0047
Allocated: 630.81 MB
Cached:    59.87 GB
>> Searching for hard negatives...
>> Searching for hard negatives...
==> Epoch[2](8700/8826): Loss: 0.0112
Allocated: 620.96 MB
Cached:    59.87 GB
>> Searching for hard negatives...
>> Searching for hard negatives...
>> Searching for hard negatives...
==> Epoch[2](8750/8826): Loss: 0.0061
Allocated: 630.81 MB
Cached:    59.87 GB
>> Searching for hard negatives...
>> Searching for hard negatives...
==> Epoch[2](8800/8826): Loss: 0.0022
Allocated: 620.96 MB
Cached:    59.87 GB
>> Searching for hard negatives...
>> Searching for hard negatives...
===> Epoch 2 Complete: Avg. Loss: 0.0094
====> Extracting Features
====> Building faiss index
====> Calculating recall @ N
====> Recall@1: 0.6000
====> Recall@5: 0.7324
====> Recall@10: 0.7770
====> Recall@20: 0.8257
====> Recall@50: 0.8635
====> Recall@100: 0.8946
>> Searching for hard negatives...
>> Searching for hard negatives...
>> Searching for hard negatives...
==> Epoch[3](50/8826): Loss: 0.0069
Allocated: 630.81 MB
Cached:    59.89 GB
>> Searching for hard negatives...
>> Searching for hard negatives...
==> Epoch[3](100/8826): Loss: 0.0280
Allocated: 625.89 MB
Cached:    59.89 GB
>> Searching for hard negatives...
>> Searching for hard negatives...
>> Searching for hard negatives...
==> Epoch[3](150/8826): Loss: 0.0042
Allocated: 630.81 MB
Cached:    59.88 GB
>> Searching for hard negatives...
>> Searching for hard negatives...
==> Epoch[3](200/8826): Loss: 0.0016
Allocated: 625.89 MB
Cached:    59.88 GB
>> Searching for hard negatives...
>> Searching for hard negatives...
>> Searching for hard negatives...
==> Epoch[3](250/8826): Loss: 0.0090
Allocated: 630.81 MB
Cached:    59.89 GB
>> Searching for hard negatives...
>> Searching for hard negatives...
==> Epoch[3](300/8826): Loss: 0.0030
Allocated: 625.89 MB
Cached:    59.89 GB
>> Searching for hard negatives...
>> Searching for hard negatives...
>> Searching for hard negatives...
==> Epoch[3](350/8826): Loss: 0.0067
Allocated: 630.81 MB
Cached:    59.88 GB
>> Searching for hard negatives...
>> Searching for hard negatives...
==> Epoch[3](400/8826): Loss: 0.0081
Allocated: 625.89 MB
Cached:    59.88 GB
>> Searching for hard negatives...
>> Searching for hard negatives...
>> Searching for hard negatives...
==> Epoch[3](450/8826): Loss: 0.0204
Allocated: 630.81 MB
Cached:    59.88 GB
>> Searching for hard negatives...
>> Searching for hard negatives...
==> Epoch[3](500/8826): Loss: 0.0070
Allocated: 625.89 MB
Cached:    59.88 GB
>> Searching for hard negatives...
>> Searching for hard negatives...
>> Searching for hard negatives...
==> Epoch[3](550/8826): Loss: 0.0058
Allocated: 630.81 MB
Cached:    59.89 GB
>> Searching for hard negatives...
>> Searching for hard negatives...
==> Epoch[3](600/8826): Loss: 0.0128
Allocated: 625.89 MB
Cached:    59.89 GB
>> Searching for hard negatives...
>> Searching for hard negatives...
>> Searching for hard negatives...
==> Epoch[3](650/8826): Loss: 0.0084
Allocated: 630.81 MB
Cached:    59.87 GB
>> Searching for hard negatives...
>> Searching for hard negatives...
==> Epoch[3](700/8826): Loss: 0.0124
Allocated: 625.89 MB
Cached:    59.88 GB
>> Searching for hard negatives...
>> Searching for hard negatives...
>> Searching for hard negatives...
==> Epoch[3](750/8826): Loss: 0.0096
Allocated: 630.81 MB
Cached:    59.89 GB
>> Searching for hard negatives...
>> Searching for hard negatives...
==> Epoch[3](800/8826): Loss: 0.0041
Allocated: 625.89 MB
Cached:    59.89 GB
>> Searching for hard negatives...
>> Searching for hard negatives...
>> Searching for hard negatives...
==> Epoch[3](850/8826): Loss: 0.0075
Allocated: 630.81 MB
Cached:    59.88 GB
>> Searching for hard negatives...
>> Searching for hard negatives...
==> Epoch[3](900/8826): Loss: 0.0140
Allocated: 625.89 MB
Cached:    59.88 GB
>> Searching for hard negatives...
>> Searching for hard negatives...
>> Searching for hard negatives...
==> Epoch[3](950/8826): Loss: 0.0243
Allocated: 630.81 MB
Cached:    59.89 GB
>> Searching for hard negatives...
>> Searching for hard negatives...
==> Epoch[3](1000/8826): Loss: 0.0063
Allocated: 625.89 MB
Cached:    59.89 GB
>> Searching for hard negatives...
>> Searching for hard negatives...
>> Searching for hard negatives...
==> Epoch[3](1050/8826): Loss: 0.0019
Allocated: 630.81 MB
Cached:    59.88 GB
>> Searching for hard negatives...
>> Searching for hard negatives...
==> Epoch[3](1100/8826): Loss: 0.0034
Allocated: 625.89 MB
Cached:    59.87 GB
>> Searching for hard negatives...
>> Searching for hard negatives...
>> Searching for hard negatives...
==> Epoch[3](1150/8826): Loss: 0.0054
Allocated: 630.81 MB
Cached:    59.89 GB
>> Searching for hard negatives...
>> Searching for hard negatives...
==> Epoch[3](1200/8826): Loss: 0.0204
Allocated: 625.89 MB
Cached:    59.89 GB
>> Searching for hard negatives...
>> Searching for hard negatives...
>> Searching for hard negatives...
==> Epoch[3](1250/8826): Loss: 0.0184
Allocated: 630.81 MB
Cached:    59.87 GB
>> Searching for hard negatives...
>> Searching for hard negatives...
==> Epoch[3](1300/8826): Loss: 0.0058
Allocated: 625.89 MB
Cached:    59.88 GB
>> Searching for hard negatives...
>> Searching for hard negatives...
>> Searching for hard negatives...
==> Epoch[3](1350/8826): Loss: 0.0101
Allocated: 630.81 MB
Cached:    59.89 GB
>> Searching for hard negatives...
>> Searching for hard negatives...
==> Epoch[3](1400/8826): Loss: 0.0041
Allocated: 625.89 MB
Cached:    59.89 GB
>> Searching for hard negatives...
>> Searching for hard negatives...
>> Searching for hard negatives...
==> Epoch[3](1450/8826): Loss: 0.0044
Allocated: 630.81 MB
Cached:    59.88 GB
>> Searching for hard negatives...
>> Searching for hard negatives...
==> Epoch[3](1500/8826): Loss: 0.0023
Allocated: 625.89 MB
Cached:    59.88 GB
>> Searching for hard negatives...
>> Searching for hard negatives...
>> Searching for hard negatives...
==> Epoch[3](1550/8826): Loss: 0.0330
Allocated: 630.81 MB
Cached:    59.89 GB
>> Searching for hard negatives...
>> Searching for hard negatives...
==> Epoch[3](1600/8826): Loss: 0.0041
Allocated: 625.89 MB
Cached:    59.89 GB
>> Searching for hard negatives...
>> Searching for hard negatives...
>> Searching for hard negatives...
==> Epoch[3](1650/8826): Loss: 0.0081
Allocated: 630.81 MB
Cached:    59.87 GB
>> Searching for hard negatives...
>> Searching for hard negatives...
==> Epoch[3](1700/8826): Loss: 0.0043
Allocated: 625.89 MB
Cached:    59.89 GB
>> Searching for hard negatives...
>> Searching for hard negatives...
>> Searching for hard negatives...
==> Epoch[3](1750/8826): Loss: 0.0029
Allocated: 630.81 MB
Cached:    59.88 GB
>> Searching for hard negatives...
>> Searching for hard negatives...
==> Epoch[3](1800/8826): Loss: 0.0050
Allocated: 625.89 MB
Cached:    59.88 GB
>> Searching for hard negatives...
>> Searching for hard negatives...
>> Searching for hard negatives...
==> Epoch[3](1850/8826): Loss: 0.0539
Allocated: 630.81 MB
Cached:    59.89 GB
>> Searching for hard negatives...
>> Searching for hard negatives...
==> Epoch[3](1900/8826): Loss: 0.0061
Allocated: 625.89 MB
Cached:    59.89 GB
>> Searching for hard negatives...
>> Searching for hard negatives...
>> Searching for hard negatives...
==> Epoch[3](1950/8826): Loss: 0.0163
Allocated: 630.81 MB
Cached:    59.88 GB
>> Searching for hard negatives...
>> Searching for hard negatives...
==> Epoch[3](2000/8826): Loss: 0.0063
Allocated: 625.89 MB
Cached:    59.87 GB
>> Searching for hard negatives...
>> Searching for hard negatives...
>> Searching for hard negatives...
==> Epoch[3](2050/8826): Loss: 0.0028
Allocated: 630.81 MB
Cached:    59.87 GB
>> Searching for hard negatives...
>> Searching for hard negatives...
==> Epoch[3](2100/8826): Loss: 0.0072
Allocated: 625.89 MB
Cached:    59.89 GB
>> Searching for hard negatives...
>> Searching for hard negatives...
>> Searching for hard negatives...
==> Epoch[3](2150/8826): Loss: 0.0081
Allocated: 630.81 MB
Cached:    59.89 GB
>> Searching for hard negatives...
>> Searching for hard negatives...
==> Epoch[3](2200/8826): Loss: 0.0134
Allocated: 625.89 MB
Cached:    59.89 GB
>> Searching for hard negatives...
>> Searching for hard negatives...
>> Searching for hard negatives...
==> Epoch[3](2250/8826): Loss: 0.0127
Allocated: 630.81 MB
Cached:    59.88 GB
>> Searching for hard negatives...
>> Searching for hard negatives...
==> Epoch[3](2300/8826): Loss: 0.0343
Allocated: 625.89 MB
Cached:    59.88 GB
>> Searching for hard negatives...
>> Searching for hard negatives...
>> Searching for hard negatives...
==> Epoch[3](2350/8826): Loss: 0.0152
Allocated: 630.81 MB
Cached:    59.88 GB
>> Searching for hard negatives...
>> Searching for hard negatives...
==> Epoch[3](2400/8826): Loss: 0.0119
Allocated: 625.89 MB
Cached:    59.88 GB
>> Searching for hard negatives...
>> Searching for hard negatives...
>> Searching for hard negatives...
==> Epoch[3](2450/8826): Loss: 0.0019
Allocated: 630.81 MB
Cached:    59.89 GB
>> Searching for hard negatives...
>> Searching for hard negatives...
==> Epoch[3](2500/8826): Loss: 0.0214
Allocated: 625.89 MB
Cached:    59.89 GB
>> Searching for hard negatives...
>> Searching for hard negatives...
>> Searching for hard negatives...
==> Epoch[3](2550/8826): Loss: 0.0058
Allocated: 630.81 MB
Cached:    59.88 GB
>> Searching for hard negatives...
>> Searching for hard negatives...
==> Epoch[3](2600/8826): Loss: 0.0096
Allocated: 625.89 MB
Cached:    59.87 GB
>> Searching for hard negatives...
>> Searching for hard negatives...
>> Searching for hard negatives...
==> Epoch[3](2650/8826): Loss: 0.0140
Allocated: 630.81 MB
Cached:    59.88 GB
>> Searching for hard negatives...
>> Searching for hard negatives...
==> Epoch[3](2700/8826): Loss: 0.0045
Allocated: 625.89 MB
Cached:    59.87 GB
>> Searching for hard negatives...
>> Searching for hard negatives...
>> Searching for hard negatives...
==> Epoch[3](2750/8826): Loss: 0.0076
Allocated: 630.81 MB
Cached:    59.88 GB
>> Searching for hard negatives...
>> Searching for hard negatives...
==> Epoch[3](2800/8826): Loss: 0.0124
Allocated: 625.89 MB
Cached:    59.88 GB
>> Searching for hard negatives...
>> Searching for hard negatives...
>> Searching for hard negatives...
==> Epoch[3](2850/8826): Loss: 0.0123
Allocated: 630.81 MB
Cached:    59.89 GB
>> Searching for hard negatives...
>> Searching for hard negatives...
==> Epoch[3](2900/8826): Loss: 0.0194
Allocated: 625.89 MB
Cached:    59.88 GB
>> Searching for hard negatives...
>> Searching for hard negatives...
>> Searching for hard negatives...
==> Epoch[3](2950/8826): Loss: 0.0141
Allocated: 630.81 MB
Cached:    59.89 GB
>> Searching for hard negatives...
>> Searching for hard negatives...
==> Epoch[3](3000/8826): Loss: 0.0073
Allocated: 625.89 MB
Cached:    59.88 GB
>> Searching for hard negatives...
>> Searching for hard negatives...
>> Searching for hard negatives...
==> Epoch[3](3050/8826): Loss: 0.0021
Allocated: 630.81 MB
Cached:    59.88 GB
>> Searching for hard negatives...
>> Searching for hard negatives...
==> Epoch[3](3100/8826): Loss: 0.0249
Allocated: 625.89 MB
Cached:    59.88 GB
>> Searching for hard negatives...
>> Searching for hard negatives...
>> Searching for hard negatives...
==> Epoch[3](3150/8826): Loss: 0.0105
Allocated: 630.81 MB
Cached:    59.89 GB
>> Searching for hard negatives...
>> Searching for hard negatives...
==> Epoch[3](3200/8826): Loss: 0.0050
Allocated: 625.89 MB
Cached:    59.89 GB
>> Searching for hard negatives...
>> Searching for hard negatives...
>> Searching for hard negatives...
==> Epoch[3](3250/8826): Loss: 0.0078
Allocated: 630.81 MB
Cached:    59.88 GB
>> Searching for hard negatives...
>> Searching for hard negatives...
==> Epoch[3](3300/8826): Loss: 0.0078
Allocated: 620.96 MB
Cached:    59.88 GB
>> Searching for hard negatives...
>> Searching for hard negatives...
>> Searching for hard negatives...
==> Epoch[3](3350/8826): Loss: 0.0056
Allocated: 630.81 MB
Cached:    59.85 GB
>> Searching for hard negatives...
>> Searching for hard negatives...
==> Epoch[3](3400/8826): Loss: 0.0138
Allocated: 620.96 MB
Cached:    59.89 GB
>> Searching for hard negatives...
>> Searching for hard negatives...
>> Searching for hard negatives...
==> Epoch[3](3450/8826): Loss: 0.0103
Allocated: 630.81 MB
Cached:    59.89 GB
>> Searching for hard negatives...
>> Searching for hard negatives...
==> Epoch[3](3500/8826): Loss: 0.0124
Allocated: 620.96 MB
Cached:    59.85 GB
>> Searching for hard negatives...
>> Searching for hard negatives...
>> Searching for hard negatives...
==> Epoch[3](3550/8826): Loss: 0.0064
Allocated: 630.81 MB
Cached:    59.85 GB
>> Searching for hard negatives...
>> Searching for hard negatives...
==> Epoch[3](3600/8826): Loss: 0.0056
Allocated: 620.96 MB
Cached:    59.85 GB
>> Searching for hard negatives...
>> Searching for hard negatives...
>> Searching for hard negatives...
==> Epoch[3](3650/8826): Loss: 0.0050
Allocated: 630.81 MB
Cached:    59.85 GB
>> Searching for hard negatives...
>> Searching for hard negatives...
==> Epoch[3](3700/8826): Loss: 0.0081
Allocated: 620.96 MB
Cached:    59.89 GB
>> Searching for hard negatives...
>> Searching for hard negatives...
>> Searching for hard negatives...
==> Epoch[3](3750/8826): Loss: 0.0204
Allocated: 630.81 MB
Cached:    59.89 GB
>> Searching for hard negatives...
>> Searching for hard negatives...
==> Epoch[3](3800/8826): Loss: 0.0165
Allocated: 620.96 MB
Cached:    59.85 GB
>> Searching for hard negatives...
>> Searching for hard negatives...
>> Searching for hard negatives...
==> Epoch[3](3850/8826): Loss: 0.0060
Allocated: 630.81 MB
Cached:    59.85 GB
>> Searching for hard negatives...
>> Searching for hard negatives...
==> Epoch[3](3900/8826): Loss: 0.0226
Allocated: 620.96 MB
Cached:    59.85 GB
>> Searching for hard negatives...
>> Searching for hard negatives...
>> Searching for hard negatives...
==> Epoch[3](3950/8826): Loss: 0.0098
Allocated: 630.81 MB
Cached:    59.85 GB
>> Searching for hard negatives...
>> Searching for hard negatives...
==> Epoch[3](4000/8826): Loss: 0.0026
Allocated: 620.96 MB
Cached:    59.89 GB
>> Searching for hard negatives...
>> Searching for hard negatives...
>> Searching for hard negatives...
==> Epoch[3](4050/8826): Loss: 0.0033
Allocated: 630.81 MB
Cached:    59.89 GB
>> Searching for hard negatives...
>> Searching for hard negatives...
==> Epoch[3](4100/8826): Loss: 0.0123
Allocated: 620.96 MB
Cached:    59.85 GB
>> Searching for hard negatives...
>> Searching for hard negatives...
>> Searching for hard negatives...
==> Epoch[3](4150/8826): Loss: 0.0107
Allocated: 630.81 MB
Cached:    59.85 GB
>> Searching for hard negatives...
>> Searching for hard negatives...
==> Epoch[3](4200/8826): Loss: 0.0074
Allocated: 620.96 MB
Cached:    59.85 GB
>> Searching for hard negatives...
>> Searching for hard negatives...
>> Searching for hard negatives...
==> Epoch[3](4250/8826): Loss: 0.0046
Allocated: 630.81 MB
Cached:    59.85 GB
>> Searching for hard negatives...
>> Searching for hard negatives...
==> Epoch[3](4300/8826): Loss: 0.0075
Allocated: 620.96 MB
Cached:    59.89 GB
>> Searching for hard negatives...
>> Searching for hard negatives...
>> Searching for hard negatives...
==> Epoch[3](4350/8826): Loss: 0.0054
Allocated: 630.81 MB
Cached:    59.89 GB
>> Searching for hard negatives...
>> Searching for hard negatives...
==> Epoch[3](4400/8826): Loss: 0.0063
Allocated: 620.96 MB
Cached:    59.85 GB
>> Searching for hard negatives...
>> Searching for hard negatives...
>> Searching for hard negatives...
==> Epoch[3](4450/8826): Loss: 0.0065
Allocated: 630.81 MB
Cached:    59.85 GB
>> Searching for hard negatives...
>> Searching for hard negatives...
==> Epoch[3](4500/8826): Loss: 0.0153
Allocated: 620.96 MB
Cached:    59.85 GB
>> Searching for hard negatives...
>> Searching for hard negatives...
>> Searching for hard negatives...
==> Epoch[3](4550/8826): Loss: 0.0149
Allocated: 630.81 MB
Cached:    59.85 GB
>> Searching for hard negatives...
>> Searching for hard negatives...
==> Epoch[3](4600/8826): Loss: 0.0414
Allocated: 620.96 MB
Cached:    59.89 GB
>> Searching for hard negatives...
>> Searching for hard negatives...
>> Searching for hard negatives...
==> Epoch[3](4650/8826): Loss: 0.0054
Allocated: 630.81 MB
Cached:    59.89 GB
>> Searching for hard negatives...
>> Searching for hard negatives...
==> Epoch[3](4700/8826): Loss: 0.0175
Allocated: 620.96 MB
Cached:    59.85 GB
>> Searching for hard negatives...
>> Searching for hard negatives...
>> Searching for hard negatives...
==> Epoch[3](4750/8826): Loss: 0.0121
Allocated: 630.81 MB
Cached:    59.85 GB
>> Searching for hard negatives...
>> Searching for hard negatives...
==> Epoch[3](4800/8826): Loss: 0.0071
Allocated: 620.96 MB
Cached:    59.85 GB
>> Searching for hard negatives...
>> Searching for hard negatives...
>> Searching for hard negatives...
==> Epoch[3](4850/8826): Loss: 0.0017
Allocated: 630.81 MB
Cached:    59.85 GB
>> Searching for hard negatives...
>> Searching for hard negatives...
==> Epoch[3](4900/8826): Loss: 0.0104
Allocated: 620.96 MB
Cached:    59.89 GB
>> Searching for hard negatives...
>> Searching for hard negatives...
>> Searching for hard negatives...
==> Epoch[3](4950/8826): Loss: 0.0026
Allocated: 630.81 MB
Cached:    59.89 GB
>> Searching for hard negatives...
>> Searching for hard negatives...
==> Epoch[3](5000/8826): Loss: 0.0060
Allocated: 620.96 MB
Cached:    59.85 GB
>> Searching for hard negatives...
>> Searching for hard negatives...
>> Searching for hard negatives...
==> Epoch[3](5050/8826): Loss: 0.0071
Allocated: 630.81 MB
Cached:    59.85 GB
>> Searching for hard negatives...
>> Searching for hard negatives...
==> Epoch[3](5100/8826): Loss: 0.0043
Allocated: 620.96 MB
Cached:    59.85 GB
>> Searching for hard negatives...
>> Searching for hard negatives...
>> Searching for hard negatives...
==> Epoch[3](5150/8826): Loss: 0.0031
Allocated: 630.81 MB
Cached:    59.85 GB
>> Searching for hard negatives...
>> Searching for hard negatives...
==> Epoch[3](5200/8826): Loss: 0.0152
Allocated: 620.96 MB
Cached:    59.89 GB
>> Searching for hard negatives...
>> Searching for hard negatives...
>> Searching for hard negatives...
==> Epoch[3](5250/8826): Loss: 0.0049
Allocated: 630.81 MB
Cached:    59.89 GB
>> Searching for hard negatives...
>> Searching for hard negatives...
==> Epoch[3](5300/8826): Loss: 0.0221
Allocated: 620.96 MB
Cached:    59.85 GB
>> Searching for hard negatives...
>> Searching for hard negatives...
>> Searching for hard negatives...
==> Epoch[3](5350/8826): Loss: 0.0165
Allocated: 630.81 MB
Cached:    59.85 GB
>> Searching for hard negatives...
>> Searching for hard negatives...
==> Epoch[3](5400/8826): Loss: 0.0173
Allocated: 620.96 MB
Cached:    59.85 GB
>> Searching for hard negatives...
>> Searching for hard negatives...
>> Searching for hard negatives...
==> Epoch[3](5450/8826): Loss: 0.0059
Allocated: 630.81 MB
Cached:    59.85 GB
>> Searching for hard negatives...
>> Searching for hard negatives...
==> Epoch[3](5500/8826): Loss: 0.0427
Allocated: 620.96 MB
Cached:    59.89 GB
>> Searching for hard negatives...
>> Searching for hard negatives...
>> Searching for hard negatives...
==> Epoch[3](5550/8826): Loss: 0.0216
Allocated: 630.81 MB
Cached:    59.89 GB
>> Searching for hard negatives...
>> Searching for hard negatives...
==> Epoch[3](5600/8826): Loss: 0.0120
Allocated: 620.96 MB
Cached:    59.85 GB
>> Searching for hard negatives...
>> Searching for hard negatives...
>> Searching for hard negatives...
==> Epoch[3](5650/8826): Loss: 0.0061
Allocated: 630.81 MB
Cached:    59.85 GB
>> Searching for hard negatives...
>> Searching for hard negatives...
==> Epoch[3](5700/8826): Loss: 0.0075
Allocated: 620.96 MB
Cached:    59.85 GB
>> Searching for hard negatives...
>> Searching for hard negatives...
>> Searching for hard negatives...
==> Epoch[3](5750/8826): Loss: 0.0044
Allocated: 630.81 MB
Cached:    59.85 GB
>> Searching for hard negatives...
>> Searching for hard negatives...
==> Epoch[3](5800/8826): Loss: 0.0104
Allocated: 620.96 MB
Cached:    59.89 GB
>> Searching for hard negatives...
>> Searching for hard negatives...
>> Searching for hard negatives...
==> Epoch[3](5850/8826): Loss: 0.0111
Allocated: 630.81 MB
Cached:    59.89 GB
>> Searching for hard negatives...
>> Searching for hard negatives...
==> Epoch[3](5900/8826): Loss: 0.0808
Allocated: 620.96 MB
Cached:    59.85 GB
>> Searching for hard negatives...
>> Searching for hard negatives...
>> Searching for hard negatives...
==> Epoch[3](5950/8826): Loss: 0.0266
Allocated: 630.81 MB
Cached:    59.85 GB
>> Searching for hard negatives...
>> Searching for hard negatives...
==> Epoch[3](6000/8826): Loss: 0.0044
Allocated: 620.96 MB
Cached:    59.85 GB
>> Searching for hard negatives...
>> Searching for hard negatives...
>> Searching for hard negatives...
==> Epoch[3](6050/8826): Loss: 0.0112
Allocated: 630.81 MB
Cached:    59.85 GB
>> Searching for hard negatives...
>> Searching for hard negatives...
==> Epoch[3](6100/8826): Loss: 0.0022
Allocated: 620.96 MB
Cached:    59.89 GB
>> Searching for hard negatives...
>> Searching for hard negatives...
>> Searching for hard negatives...
==> Epoch[3](6150/8826): Loss: 0.0021
Allocated: 630.81 MB
Cached:    59.89 GB
>> Searching for hard negatives...
>> Searching for hard negatives...
==> Epoch[3](6200/8826): Loss: 0.0095
Allocated: 620.96 MB
Cached:    59.85 GB
>> Searching for hard negatives...
>> Searching for hard negatives...
>> Searching for hard negatives...
==> Epoch[3](6250/8826): Loss: 0.0032
Allocated: 630.81 MB
Cached:    59.85 GB
>> Searching for hard negatives...
>> Searching for hard negatives...
==> Epoch[3](6300/8826): Loss: 0.0115
Allocated: 620.96 MB
Cached:    59.85 GB
>> Searching for hard negatives...
>> Searching for hard negatives...
>> Searching for hard negatives...
==> Epoch[3](6350/8826): Loss: 0.0137
Allocated: 630.81 MB
Cached:    59.85 GB
>> Searching for hard negatives...
>> Searching for hard negatives...
==> Epoch[3](6400/8826): Loss: 0.0054
Allocated: 620.96 MB
Cached:    59.89 GB
>> Searching for hard negatives...
>> Searching for hard negatives...
>> Searching for hard negatives...
==> Epoch[3](6450/8826): Loss: 0.0060
Allocated: 630.81 MB
Cached:    59.89 GB
>> Searching for hard negatives...
>> Searching for hard negatives...
==> Epoch[3](6500/8826): Loss: 0.0012
Allocated: 620.96 MB
Cached:    59.85 GB
>> Searching for hard negatives...
>> Searching for hard negatives...
>> Searching for hard negatives...
==> Epoch[3](6550/8826): Loss: 0.0136
Allocated: 630.81 MB
Cached:    59.85 GB
>> Searching for hard negatives...
>> Searching for hard negatives...
==> Epoch[3](6600/8826): Loss: 0.0039
Allocated: 620.96 MB
Cached:    59.85 GB
>> Searching for hard negatives...
>> Searching for hard negatives...
>> Searching for hard negatives...
==> Epoch[3](6650/8826): Loss: 0.0058
Allocated: 630.81 MB
Cached:    59.85 GB
>> Searching for hard negatives...
>> Searching for hard negatives...
==> Epoch[3](6700/8826): Loss: 0.0091
Allocated: 620.96 MB
Cached:    59.89 GB
>> Searching for hard negatives...
>> Searching for hard negatives...
>> Searching for hard negatives...
==> Epoch[3](6750/8826): Loss: 0.0047
Allocated: 630.81 MB
Cached:    59.89 GB
>> Searching for hard negatives...
>> Searching for hard negatives...
==> Epoch[3](6800/8826): Loss: 0.0053
Allocated: 620.96 MB
Cached:    59.85 GB
>> Searching for hard negatives...
>> Searching for hard negatives...
>> Searching for hard negatives...
==> Epoch[3](6850/8826): Loss: 0.0152
Allocated: 630.81 MB
Cached:    59.85 GB
>> Searching for hard negatives...
>> Searching for hard negatives...
==> Epoch[3](6900/8826): Loss: 0.0066
Allocated: 620.96 MB
Cached:    59.85 GB
>> Searching for hard negatives...
>> Searching for hard negatives...
>> Searching for hard negatives...
==> Epoch[3](6950/8826): Loss: 0.0073
Allocated: 630.81 MB
Cached:    59.85 GB
>> Searching for hard negatives...
>> Searching for hard negatives...
==> Epoch[3](7000/8826): Loss: 0.0096
Allocated: 620.96 MB
Cached:    59.89 GB
>> Searching for hard negatives...
>> Searching for hard negatives...
>> Searching for hard negatives...
==> Epoch[3](7050/8826): Loss: 0.0301
Allocated: 630.81 MB
Cached:    59.89 GB
>> Searching for hard negatives...
>> Searching for hard negatives...
==> Epoch[3](7100/8826): Loss: 0.0048
Allocated: 620.96 MB
Cached:    59.85 GB
>> Searching for hard negatives...
>> Searching for hard negatives...
>> Searching for hard negatives...
==> Epoch[3](7150/8826): Loss: 0.0071
Allocated: 630.81 MB
Cached:    59.85 GB
>> Searching for hard negatives...
>> Searching for hard negatives...
==> Epoch[3](7200/8826): Loss: 0.0053
Allocated: 620.96 MB
Cached:    59.85 GB
>> Searching for hard negatives...
>> Searching for hard negatives...
>> Searching for hard negatives...
==> Epoch[3](7250/8826): Loss: 0.0048
Allocated: 630.81 MB
Cached:    59.85 GB
>> Searching for hard negatives...
>> Searching for hard negatives...
==> Epoch[3](7300/8826): Loss: 0.0047
Allocated: 620.96 MB
Cached:    59.89 GB
>> Searching for hard negatives...
>> Searching for hard negatives...
>> Searching for hard negatives...
==> Epoch[3](7350/8826): Loss: 0.0105
Allocated: 630.81 MB
Cached:    59.89 GB
>> Searching for hard negatives...
>> Searching for hard negatives...
==> Epoch[3](7400/8826): Loss: 0.0034
Allocated: 620.96 MB
Cached:    59.85 GB
>> Searching for hard negatives...
>> Searching for hard negatives...
>> Searching for hard negatives...
==> Epoch[3](7450/8826): Loss: 0.0131
Allocated: 630.81 MB
Cached:    59.85 GB
>> Searching for hard negatives...
>> Searching for hard negatives...
==> Epoch[3](7500/8826): Loss: 0.0046
Allocated: 620.96 MB
Cached:    59.85 GB
>> Searching for hard negatives...
>> Searching for hard negatives...
>> Searching for hard negatives...
==> Epoch[3](7550/8826): Loss: 0.0179
Allocated: 630.81 MB
Cached:    59.85 GB
>> Searching for hard negatives...
>> Searching for hard negatives...
==> Epoch[3](7600/8826): Loss: 0.0048
Allocated: 620.96 MB
Cached:    59.89 GB
>> Searching for hard negatives...
>> Searching for hard negatives...
>> Searching for hard negatives...
==> Epoch[3](7650/8826): Loss: 0.0042
Allocated: 630.81 MB
Cached:    59.89 GB
>> Searching for hard negatives...
>> Searching for hard negatives...
==> Epoch[3](7700/8826): Loss: 0.0032
Allocated: 620.96 MB
Cached:    59.85 GB
>> Searching for hard negatives...
>> Searching for hard negatives...
>> Searching for hard negatives...
==> Epoch[3](7750/8826): Loss: 0.0089
Allocated: 630.81 MB
Cached:    59.85 GB
>> Searching for hard negatives...
>> Searching for hard negatives...
==> Epoch[3](7800/8826): Loss: 0.0103
Allocated: 620.96 MB
Cached:    59.85 GB
>> Searching for hard negatives...
>> Searching for hard negatives...
>> Searching for hard negatives...
==> Epoch[3](7850/8826): Loss: 0.0124
Allocated: 630.81 MB
Cached:    59.85 GB
>> Searching for hard negatives...
>> Searching for hard negatives...
==> Epoch[3](7900/8826): Loss: 0.0177
Allocated: 620.96 MB
Cached:    59.89 GB
>> Searching for hard negatives...
>> Searching for hard negatives...
>> Searching for hard negatives...
==> Epoch[3](7950/8826): Loss: 0.0073
Allocated: 630.81 MB
Cached:    59.89 GB
>> Searching for hard negatives...
>> Searching for hard negatives...
==> Epoch[3](8000/8826): Loss: 0.0142
Allocated: 620.96 MB
Cached:    59.85 GB
>> Searching for hard negatives...
>> Searching for hard negatives...
>> Searching for hard negatives...
==> Epoch[3](8050/8826): Loss: 0.0066
Allocated: 630.81 MB
Cached:    59.85 GB
>> Searching for hard negatives...
>> Searching for hard negatives...
==> Epoch[3](8100/8826): Loss: 0.0076
Allocated: 620.96 MB
Cached:    59.85 GB
>> Searching for hard negatives...
>> Searching for hard negatives...
>> Searching for hard negatives...
==> Epoch[3](8150/8826): Loss: 0.0031
Allocated: 630.81 MB
Cached:    59.85 GB
>> Searching for hard negatives...
>> Searching for hard negatives...
==> Epoch[3](8200/8826): Loss: 0.0099
Allocated: 620.96 MB
Cached:    59.89 GB
>> Searching for hard negatives...
>> Searching for hard negatives...
>> Searching for hard negatives...
==> Epoch[3](8250/8826): Loss: 0.0050
Allocated: 630.81 MB
Cached:    59.89 GB
>> Searching for hard negatives...
>> Searching for hard negatives...
==> Epoch[3](8300/8826): Loss: 0.0101
Allocated: 620.96 MB
Cached:    59.85 GB
>> Searching for hard negatives...
>> Searching for hard negatives...
>> Searching for hard negatives...
==> Epoch[3](8350/8826): Loss: 0.0250
Allocated: 630.81 MB
Cached:    59.85 GB
>> Searching for hard negatives...
>> Searching for hard negatives...
==> Epoch[3](8400/8826): Loss: 0.0044
Allocated: 620.96 MB
Cached:    59.85 GB
>> Searching for hard negatives...
>> Searching for hard negatives...
>> Searching for hard negatives...
==> Epoch[3](8450/8826): Loss: 0.0067
Allocated: 630.81 MB
Cached:    59.85 GB
>> Searching for hard negatives...
>> Searching for hard negatives...
==> Epoch[3](8500/8826): Loss: 0.0077
Allocated: 620.96 MB
Cached:    59.89 GB
>> Searching for hard negatives...
>> Searching for hard negatives...
>> Searching for hard negatives...
==> Epoch[3](8550/8826): Loss: 0.0081
Allocated: 630.81 MB
Cached:    59.89 GB
>> Searching for hard negatives...
>> Searching for hard negatives...
==> Epoch[3](8600/8826): Loss: 0.0111
Allocated: 620.96 MB
Cached:    59.85 GB
>> Searching for hard negatives...
>> Searching for hard negatives...
>> Searching for hard negatives...
==> Epoch[3](8650/8826): Loss: 0.0260
Allocated: 630.81 MB
Cached:    59.85 GB
>> Searching for hard negatives...
>> Searching for hard negatives...
==> Epoch[3](8700/8826): Loss: 0.0335
Allocated: 620.96 MB
Cached:    59.85 GB
>> Searching for hard negatives...
>> Searching for hard negatives...
>> Searching for hard negatives...
==> Epoch[3](8750/8826): Loss: 0.0081
Allocated: 630.81 MB
Cached:    59.85 GB
>> Searching for hard negatives...
>> Searching for hard negatives...
==> Epoch[3](8800/8826): Loss: 0.0149
Allocated: 620.96 MB
Cached:    59.89 GB
>> Searching for hard negatives...
>> Searching for hard negatives...
===> Epoch 3 Complete: Avg. Loss: 0.0101
====> Extracting Features
