Mon Sep  9 08:20:48 EDT 2024
/home/m.maqboolbhutta/usman_ws/codes/patchnetvlad
/home/m.maqboolbhutta/.conda/envs/patchnetvlad/bin/python
Host: c1007a-s29
Other nodes: 
Starting  process(es) on each node...
==========Starting Training=============
Saving checkpoints at /home/m.maqboolbhutta/usman_ws/models/patchnetvlad/0906-s1/vgg16-graphvlad-sare_ind-09-Sep
========================================
Namespace(cache_path='/home/m.maqboolbhutta/usman_ws/datasets/official/patchnetvlad/', cluster_path='/home/m.maqboolbhutta/usman_ws/datasets/official/patchnetvlad/centroids/vgg16_mapillary_16_desc_cen.hdf5', config_path='patchnetvlad/configs/train-slurm.ini', dataset_root_dir='/home/m.maqboolbhutta/usman_ws/datasets/Mapillary_Street_Level_Sequences/', esp_encoder='/home/m.maqboolbhutta/usman_ws/datasets/netvlad-official/espnet-encoder/espnet_p_2_q_8.pth', identifier='mapillary_nopanos', loss='sare_ind', method='graphvlad', nEpochs=30, nocuda=False, resume_path='', save_every_epoch=True, save_path='/home/m.maqboolbhutta/usman_ws/models/patchnetvlad/0906-s1/vgg16-graphvlad-sare_ind-09-Sep', start_epoch=0, threads=6, vd16_offtheshelf_path='/home/m.maqboolbhutta/usman_ws/datasets/official/openibl-init/vd16_offtheshelf_conv5_3_max.pth')
===> Building model
===> Loading model
===> Loading segmentation model
Creating model graphvlad
===> Loading dataset(s)
Exclude panoramas: True
=====> trondheim
=====> london
=====> boston
=====> melbourne
=====> amsterdam
=====> helsinki
=====> tokyo
=====> toronto
=====> saopaulo
=====> moscow
=====> zurich
=====> paris
=====> bangkok
=====> budapest
=====> austin
=====> berlin
=====> ottawa
=====> phoenix
=====> goa
=====> amman
=====> nairobi
=====> manila
#Sideways [21262/441280]; #Night; [4666/441280]
Forward and Day weighted with 1.0000
Forward and Night weighted with 95.5735
Sideways and Day weighted with 21.7544
Sideways and Night weighted with 116.3279
Exclude panoramas: True
=====> cph
=====> sf
===> Training query set: 441280
===> Evaluating on val set, query count: 740
===> Training model
>> Searching for hard negatives...
>> Searching for hard negatives...
>> Searching for hard negatives...
==> Epoch[1](50/8826): Loss: 0.0962
Allocated: 518.60 MB
Cached:    21.29 GB
>> Searching for hard negatives...
>> Searching for hard negatives...
==> Epoch[1](100/8826): Loss: 0.0632
Allocated: 516.02 MB
Cached:    19.96 GB
>> Searching for hard negatives...
>> Searching for hard negatives...
>> Searching for hard negatives...
==> Epoch[1](150/8826): Loss: 0.0458
Allocated: 518.60 MB
Cached:    19.95 GB
>> Searching for hard negatives...
>> Searching for hard negatives...
==> Epoch[1](200/8826): Loss: 0.0497
Allocated: 516.02 MB
Cached:    20.61 GB
>> Searching for hard negatives...
>> Searching for hard negatives...
>> Searching for hard negatives...
==> Epoch[1](250/8826): Loss: 0.0421
Allocated: 518.60 MB
Cached:    19.95 GB
>> Searching for hard negatives...
>> Searching for hard negatives...
==> Epoch[1](300/8826): Loss: 0.0397
Allocated: 516.02 MB
Cached:    19.95 GB
>> Searching for hard negatives...
>> Searching for hard negatives...
>> Searching for hard negatives...
==> Epoch[1](350/8826): Loss: 0.0442
Allocated: 518.60 MB
Cached:    20.14 GB
>> Searching for hard negatives...
>> Searching for hard negatives...
==> Epoch[1](400/8826): Loss: 0.0355
Allocated: 516.02 MB
Cached:    19.95 GB
>> Searching for hard negatives...
>> Searching for hard negatives...
>> Searching for hard negatives...
==> Epoch[1](450/8826): Loss: 0.0405
Allocated: 518.60 MB
Cached:    20.13 GB
>> Searching for hard negatives...
>> Searching for hard negatives...
==> Epoch[1](500/8826): Loss: 0.0339
Allocated: 516.02 MB
Cached:    20.61 GB
>> Searching for hard negatives...
>> Searching for hard negatives...
>> Searching for hard negatives...
==> Epoch[1](550/8826): Loss: 0.0369
Allocated: 518.60 MB
Cached:    20.20 GB
>> Searching for hard negatives...
>> Searching for hard negatives...
==> Epoch[1](600/8826): Loss: 0.0255
Allocated: 516.02 MB
Cached:    20.61 GB
>> Searching for hard negatives...
>> Searching for hard negatives...
>> Searching for hard negatives...
==> Epoch[1](650/8826): Loss: 0.0293
Allocated: 518.60 MB
Cached:    19.95 GB
>> Searching for hard negatives...
>> Searching for hard negatives...
==> Epoch[1](700/8826): Loss: 0.0258
Allocated: 516.02 MB
Cached:    20.61 GB
>> Searching for hard negatives...
>> Searching for hard negatives...
>> Searching for hard negatives...
==> Epoch[1](750/8826): Loss: 0.0193
Allocated: 518.60 MB
Cached:    19.95 GB
>> Searching for hard negatives...
>> Searching for hard negatives...
==> Epoch[1](800/8826): Loss: 0.0252
Allocated: 516.02 MB
Cached:    20.61 GB
>> Searching for hard negatives...
>> Searching for hard negatives...
>> Searching for hard negatives...
==> Epoch[1](850/8826): Loss: 0.0159
Allocated: 519.25 MB
Cached:    20.16 GB
>> Searching for hard negatives...
>> Searching for hard negatives...
==> Epoch[1](900/8826): Loss: 0.0220
Allocated: 516.02 MB
Cached:    20.61 GB
>> Searching for hard negatives...
>> Searching for hard negatives...
>> Searching for hard negatives...
==> Epoch[1](950/8826): Loss: 0.0198
Allocated: 518.60 MB
Cached:    19.95 GB
>> Searching for hard negatives...
>> Searching for hard negatives...
==> Epoch[1](1000/8826): Loss: 0.0156
Allocated: 516.02 MB
Cached:    20.61 GB
>> Searching for hard negatives...
>> Searching for hard negatives...
>> Searching for hard negatives...
==> Epoch[1](1050/8826): Loss: 0.0152
Allocated: 518.60 MB
Cached:    20.61 GB
>> Searching for hard negatives...
>> Searching for hard negatives...
==> Epoch[1](1100/8826): Loss: 0.0123
Allocated: 516.02 MB
Cached:    19.95 GB
>> Searching for hard negatives...
>> Searching for hard negatives...
>> Searching for hard negatives...
==> Epoch[1](1150/8826): Loss: 0.0243
Allocated: 518.60 MB
Cached:    20.55 GB
>> Searching for hard negatives...
>> Searching for hard negatives...
==> Epoch[1](1200/8826): Loss: 0.0185
Allocated: 516.02 MB
Cached:    20.20 GB
>> Searching for hard negatives...
>> Searching for hard negatives...
>> Searching for hard negatives...
==> Epoch[1](1250/8826): Loss: 0.0205
Allocated: 518.60 MB
Cached:    20.57 GB
>> Searching for hard negatives...
>> Searching for hard negatives...
==> Epoch[1](1300/8826): Loss: 0.0207
Allocated: 516.02 MB
Cached:    19.95 GB
>> Searching for hard negatives...
>> Searching for hard negatives...
>> Searching for hard negatives...
==> Epoch[1](1350/8826): Loss: 0.0158
Allocated: 518.60 MB
Cached:    20.61 GB
>> Searching for hard negatives...
>> Searching for hard negatives...
==> Epoch[1](1400/8826): Loss: 0.0281
Allocated: 516.02 MB
Cached:    20.20 GB
>> Searching for hard negatives...
>> Searching for hard negatives...
>> Searching for hard negatives...
==> Epoch[1](1450/8826): Loss: 0.0189
Allocated: 518.60 MB
Cached:    20.09 GB
>> Searching for hard negatives...
>> Searching for hard negatives...
==> Epoch[1](1500/8826): Loss: 0.0160
Allocated: 516.02 MB
Cached:    20.61 GB
>> Searching for hard negatives...
>> Searching for hard negatives...
>> Searching for hard negatives...
==> Epoch[1](1550/8826): Loss: 0.0194
Allocated: 518.60 MB
Cached:    19.95 GB
>> Searching for hard negatives...
>> Searching for hard negatives...
==> Epoch[1](1600/8826): Loss: 0.0180
Allocated: 516.02 MB
Cached:    20.61 GB
>> Searching for hard negatives...
>> Searching for hard negatives...
>> Searching for hard negatives...
==> Epoch[1](1650/8826): Loss: 0.0096
Allocated: 518.60 MB
Cached:    20.20 GB
>> Searching for hard negatives...
>> Searching for hard negatives...
==> Epoch[1](1700/8826): Loss: 0.0099
Allocated: 516.02 MB
Cached:    20.14 GB
>> Searching for hard negatives...
>> Searching for hard negatives...
>> Searching for hard negatives...
==> Epoch[1](1750/8826): Loss: 0.0162
Allocated: 518.60 MB
Cached:    20.20 GB
>> Searching for hard negatives...
>> Searching for hard negatives...
==> Epoch[1](1800/8826): Loss: 0.0134
Allocated: 516.02 MB
Cached:    20.45 GB
>> Searching for hard negatives...
>> Searching for hard negatives...
>> Searching for hard negatives...
==> Epoch[1](1850/8826): Loss: 0.0168
Allocated: 518.60 MB
Cached:    20.61 GB
>> Searching for hard negatives...
>> Searching for hard negatives...
==> Epoch[1](1900/8826): Loss: 0.0151
Allocated: 516.02 MB
Cached:    20.14 GB
>> Searching for hard negatives...
>> Searching for hard negatives...
>> Searching for hard negatives...
==> Epoch[1](1950/8826): Loss: 0.0205
Allocated: 518.60 MB
Cached:    26.34 GB
>> Searching for hard negatives...
>> Searching for hard negatives...
==> Epoch[1](2000/8826): Loss: 0.0091
Allocated: 516.02 MB
Cached:    19.95 GB
>> Searching for hard negatives...
>> Searching for hard negatives...
>> Searching for hard negatives...
==> Epoch[1](2050/8826): Loss: 0.0098
Allocated: 518.60 MB
Cached:    19.87 GB
>> Searching for hard negatives...
>> Searching for hard negatives...
==> Epoch[1](2100/8826): Loss: 0.0083
Allocated: 516.02 MB
Cached:    20.79 GB
>> Searching for hard negatives...
>> Searching for hard negatives...
>> Searching for hard negatives...
==> Epoch[1](2150/8826): Loss: 0.0127
Allocated: 518.60 MB
Cached:    21.12 GB
>> Searching for hard negatives...
>> Searching for hard negatives...
==> Epoch[1](2200/8826): Loss: 0.0118
Allocated: 516.02 MB
Cached:    20.14 GB
>> Searching for hard negatives...
>> Searching for hard negatives...
>> Searching for hard negatives...
==> Epoch[1](2250/8826): Loss: 0.0132
Allocated: 518.60 MB
Cached:    20.61 GB
>> Searching for hard negatives...
>> Searching for hard negatives...
==> Epoch[1](2300/8826): Loss: 0.0111
Allocated: 516.02 MB
Cached:    20.20 GB
>> Searching for hard negatives...
>> Searching for hard negatives...
>> Searching for hard negatives...
==> Epoch[1](2350/8826): Loss: 0.0064
Allocated: 518.60 MB
Cached:    20.61 GB
>> Searching for hard negatives...
>> Searching for hard negatives...
==> Epoch[1](2400/8826): Loss: 0.0148
Allocated: 516.02 MB
Cached:    19.95 GB
>> Searching for hard negatives...
>> Searching for hard negatives...
>> Searching for hard negatives...
==> Epoch[1](2450/8826): Loss: 0.0181
Allocated: 518.60 MB
Cached:    20.14 GB
>> Searching for hard negatives...
>> Searching for hard negatives...
==> Epoch[1](2500/8826): Loss: 0.0143
Allocated: 516.02 MB
Cached:    20.61 GB
>> Searching for hard negatives...
>> Searching for hard negatives...
>> Searching for hard negatives...
==> Epoch[1](2550/8826): Loss: 0.0137
Allocated: 518.60 MB
Cached:    20.20 GB
>> Searching for hard negatives...
>> Searching for hard negatives...
==> Epoch[1](2600/8826): Loss: 0.0186
Allocated: 516.02 MB
Cached:    20.16 GB
>> Searching for hard negatives...
>> Searching for hard negatives...
>> Searching for hard negatives...
==> Epoch[1](2650/8826): Loss: 0.0084
Allocated: 518.60 MB
Cached:    20.61 GB
>> Searching for hard negatives...
>> Searching for hard negatives...
==> Epoch[1](2700/8826): Loss: 0.0182
Allocated: 516.02 MB
Cached:    20.55 GB
>> Searching for hard negatives...
>> Searching for hard negatives...
>> Searching for hard negatives...
==> Epoch[1](2750/8826): Loss: 0.0146
Allocated: 518.60 MB
Cached:    20.55 GB
>> Searching for hard negatives...
>> Searching for hard negatives...
==> Epoch[1](2800/8826): Loss: 0.0037
Allocated: 516.02 MB
Cached:    20.24 GB
>> Searching for hard negatives...
>> Searching for hard negatives...
>> Searching for hard negatives...
==> Epoch[1](2850/8826): Loss: 0.0110
Allocated: 518.60 MB
Cached:    20.69 GB
>> Searching for hard negatives...
>> Searching for hard negatives...
==> Epoch[1](2900/8826): Loss: 0.0079
Allocated: 516.02 MB
Cached:    19.87 GB
>> Searching for hard negatives...
>> Searching for hard negatives...
>> Searching for hard negatives...
==> Epoch[1](2950/8826): Loss: 0.0078
Allocated: 518.60 MB
Cached:    19.87 GB
>> Searching for hard negatives...
>> Searching for hard negatives...
==> Epoch[1](3000/8826): Loss: 0.0173
Allocated: 516.02 MB
Cached:    21.04 GB
>> Searching for hard negatives...
>> Searching for hard negatives...
>> Searching for hard negatives...
==> Epoch[1](3050/8826): Loss: 0.0065
Allocated: 518.60 MB
Cached:    20.61 GB
>> Searching for hard negatives...
>> Searching for hard negatives...
==> Epoch[1](3100/8826): Loss: 0.0120
Allocated: 516.02 MB
Cached:    26.34 GB
>> Searching for hard negatives...
>> Searching for hard negatives...
>> Searching for hard negatives...
==> Epoch[1](3150/8826): Loss: 0.0060
Allocated: 518.60 MB
Cached:    19.84 GB
>> Searching for hard negatives...
>> Searching for hard negatives...
==> Epoch[1](3200/8826): Loss: 0.0096
Allocated: 516.02 MB
Cached:    19.84 GB
>> Searching for hard negatives...
>> Searching for hard negatives...
>> Searching for hard negatives...
==> Epoch[1](3250/8826): Loss: 0.0117
Allocated: 518.60 MB
Cached:    19.84 GB
>> Searching for hard negatives...
>> Searching for hard negatives...
==> Epoch[1](3300/8826): Loss: 0.0201
Allocated: 513.44 MB
Cached:    19.84 GB
>> Searching for hard negatives...
>> Searching for hard negatives...
>> Searching for hard negatives...
==> Epoch[1](3350/8826): Loss: 0.0100
Allocated: 518.60 MB
Cached:    19.84 GB
>> Searching for hard negatives...
>> Searching for hard negatives...
==> Epoch[1](3400/8826): Loss: 0.0140
Allocated: 513.44 MB
Cached:    19.84 GB
>> Searching for hard negatives...
>> Searching for hard negatives...
>> Searching for hard negatives...
==> Epoch[1](3450/8826): Loss: 0.0242
Allocated: 518.60 MB
Cached:    19.84 GB
>> Searching for hard negatives...
>> Searching for hard negatives...
==> Epoch[1](3500/8826): Loss: 0.0213
Allocated: 513.44 MB
Cached:    19.84 GB
>> Searching for hard negatives...
>> Searching for hard negatives...
>> Searching for hard negatives...
==> Epoch[1](3550/8826): Loss: 0.0136
Allocated: 518.60 MB
Cached:    19.84 GB
>> Searching for hard negatives...
>> Searching for hard negatives...
==> Epoch[1](3600/8826): Loss: 0.0109
Allocated: 513.44 MB
Cached:    19.84 GB
>> Searching for hard negatives...
>> Searching for hard negatives...
>> Searching for hard negatives...
==> Epoch[1](3650/8826): Loss: 0.0130
Allocated: 518.60 MB
Cached:    19.84 GB
>> Searching for hard negatives...
>> Searching for hard negatives...
==> Epoch[1](3700/8826): Loss: 0.0074
Allocated: 513.44 MB
Cached:    19.84 GB
>> Searching for hard negatives...
>> Searching for hard negatives...
>> Searching for hard negatives...
==> Epoch[1](3750/8826): Loss: 0.0076
Allocated: 518.60 MB
Cached:    19.84 GB
>> Searching for hard negatives...
>> Searching for hard negatives...
==> Epoch[1](3800/8826): Loss: 0.0118
Allocated: 513.44 MB
Cached:    19.84 GB
>> Searching for hard negatives...
>> Searching for hard negatives...
>> Searching for hard negatives...
==> Epoch[1](3850/8826): Loss: 0.0097
Allocated: 518.60 MB
Cached:    19.84 GB
>> Searching for hard negatives...
>> Searching for hard negatives...
==> Epoch[1](3900/8826): Loss: 0.0075
Allocated: 513.44 MB
Cached:    19.84 GB
>> Searching for hard negatives...
>> Searching for hard negatives...
>> Searching for hard negatives...
==> Epoch[1](3950/8826): Loss: 0.0060
Allocated: 518.60 MB
Cached:    19.84 GB
>> Searching for hard negatives...
>> Searching for hard negatives...
==> Epoch[1](4000/8826): Loss: 0.0093
Allocated: 513.44 MB
Cached:    19.84 GB
>> Searching for hard negatives...
>> Searching for hard negatives...
>> Searching for hard negatives...
==> Epoch[1](4050/8826): Loss: 0.0063
Allocated: 518.60 MB
Cached:    19.84 GB
>> Searching for hard negatives...
>> Searching for hard negatives...
==> Epoch[1](4100/8826): Loss: 0.0135
Allocated: 513.44 MB
Cached:    19.84 GB
>> Searching for hard negatives...
>> Searching for hard negatives...
>> Searching for hard negatives...
==> Epoch[1](4150/8826): Loss: 0.0115
Allocated: 518.60 MB
Cached:    19.84 GB
>> Searching for hard negatives...
>> Searching for hard negatives...
==> Epoch[1](4200/8826): Loss: 0.0206
Allocated: 513.44 MB
Cached:    19.84 GB
>> Searching for hard negatives...
>> Searching for hard negatives...
>> Searching for hard negatives...
==> Epoch[1](4250/8826): Loss: 0.0066
Allocated: 518.60 MB
Cached:    19.84 GB
>> Searching for hard negatives...
>> Searching for hard negatives...
==> Epoch[1](4300/8826): Loss: 0.0100
Allocated: 513.44 MB
Cached:    19.84 GB
>> Searching for hard negatives...
>> Searching for hard negatives...
>> Searching for hard negatives...
==> Epoch[1](4350/8826): Loss: 0.0143
Allocated: 518.60 MB
Cached:    19.84 GB
>> Searching for hard negatives...
>> Searching for hard negatives...
==> Epoch[1](4400/8826): Loss: 0.0058
Allocated: 513.44 MB
Cached:    19.84 GB
>> Searching for hard negatives...
>> Searching for hard negatives...
>> Searching for hard negatives...
==> Epoch[1](4450/8826): Loss: 0.0150
Allocated: 518.60 MB
Cached:    19.84 GB
>> Searching for hard negatives...
>> Searching for hard negatives...
==> Epoch[1](4500/8826): Loss: 0.0114
Allocated: 513.44 MB
Cached:    19.84 GB
>> Searching for hard negatives...
>> Searching for hard negatives...
>> Searching for hard negatives...
==> Epoch[1](4550/8826): Loss: 0.0101
Allocated: 518.60 MB
Cached:    19.84 GB
>> Searching for hard negatives...
>> Searching for hard negatives...
==> Epoch[1](4600/8826): Loss: 0.0102
Allocated: 513.44 MB
Cached:    19.84 GB
>> Searching for hard negatives...
>> Searching for hard negatives...
>> Searching for hard negatives...
==> Epoch[1](4650/8826): Loss: 0.0085
Allocated: 518.60 MB
Cached:    19.84 GB
>> Searching for hard negatives...
>> Searching for hard negatives...
==> Epoch[1](4700/8826): Loss: 0.0063
Allocated: 513.44 MB
Cached:    19.84 GB
>> Searching for hard negatives...
>> Searching for hard negatives...
>> Searching for hard negatives...
==> Epoch[1](4750/8826): Loss: 0.0085
Allocated: 518.60 MB
Cached:    19.84 GB
>> Searching for hard negatives...
>> Searching for hard negatives...
==> Epoch[1](4800/8826): Loss: 0.0140
Allocated: 513.44 MB
Cached:    19.84 GB
>> Searching for hard negatives...
>> Searching for hard negatives...
>> Searching for hard negatives...
==> Epoch[1](4850/8826): Loss: 0.0047
Allocated: 518.60 MB
Cached:    19.84 GB
>> Searching for hard negatives...
>> Searching for hard negatives...
==> Epoch[1](4900/8826): Loss: 0.0058
Allocated: 513.44 MB
Cached:    19.84 GB
>> Searching for hard negatives...
>> Searching for hard negatives...
>> Searching for hard negatives...
==> Epoch[1](4950/8826): Loss: 0.0124
Allocated: 518.60 MB
Cached:    19.84 GB
>> Searching for hard negatives...
>> Searching for hard negatives...
==> Epoch[1](5000/8826): Loss: 0.0098
Allocated: 513.44 MB
Cached:    19.84 GB
>> Searching for hard negatives...
>> Searching for hard negatives...
>> Searching for hard negatives...
==> Epoch[1](5050/8826): Loss: 0.0115
Allocated: 518.60 MB
Cached:    19.84 GB
>> Searching for hard negatives...
>> Searching for hard negatives...
==> Epoch[1](5100/8826): Loss: 0.0074
Allocated: 513.44 MB
Cached:    19.84 GB
>> Searching for hard negatives...
>> Searching for hard negatives...
>> Searching for hard negatives...
==> Epoch[1](5150/8826): Loss: 0.0163
Allocated: 518.60 MB
Cached:    19.84 GB
>> Searching for hard negatives...
>> Searching for hard negatives...
==> Epoch[1](5200/8826): Loss: 0.0235
Allocated: 513.44 MB
Cached:    19.84 GB
>> Searching for hard negatives...
>> Searching for hard negatives...
>> Searching for hard negatives...
==> Epoch[1](5250/8826): Loss: 0.0052
Allocated: 518.60 MB
Cached:    19.84 GB
>> Searching for hard negatives...
>> Searching for hard negatives...
==> Epoch[1](5300/8826): Loss: 0.0125
Allocated: 513.44 MB
Cached:    19.84 GB
>> Searching for hard negatives...
>> Searching for hard negatives...
>> Searching for hard negatives...
==> Epoch[1](5350/8826): Loss: 0.0092
Allocated: 518.60 MB
Cached:    19.84 GB
>> Searching for hard negatives...
>> Searching for hard negatives...
==> Epoch[1](5400/8826): Loss: 0.0112
Allocated: 513.44 MB
Cached:    19.84 GB
>> Searching for hard negatives...
>> Searching for hard negatives...
>> Searching for hard negatives...
==> Epoch[1](5450/8826): Loss: 0.0062
Allocated: 518.60 MB
Cached:    19.84 GB
>> Searching for hard negatives...
>> Searching for hard negatives...
==> Epoch[1](5500/8826): Loss: 0.0092
Allocated: 513.44 MB
Cached:    19.84 GB
>> Searching for hard negatives...
>> Searching for hard negatives...
>> Searching for hard negatives...
==> Epoch[1](5550/8826): Loss: 0.0076
Allocated: 518.60 MB
Cached:    19.84 GB
>> Searching for hard negatives...
>> Searching for hard negatives...
==> Epoch[1](5600/8826): Loss: 0.0095
Allocated: 513.44 MB
Cached:    19.84 GB
>> Searching for hard negatives...
>> Searching for hard negatives...
>> Searching for hard negatives...
==> Epoch[1](5650/8826): Loss: 0.0088
Allocated: 518.60 MB
Cached:    19.84 GB
>> Searching for hard negatives...
>> Searching for hard negatives...
==> Epoch[1](5700/8826): Loss: 0.0119
Allocated: 513.44 MB
Cached:    19.84 GB
>> Searching for hard negatives...
>> Searching for hard negatives...
>> Searching for hard negatives...
==> Epoch[1](5750/8826): Loss: 0.0063
Allocated: 518.60 MB
Cached:    19.84 GB
>> Searching for hard negatives...
>> Searching for hard negatives...
==> Epoch[1](5800/8826): Loss: 0.0085
Allocated: 513.44 MB
Cached:    19.84 GB
>> Searching for hard negatives...
>> Searching for hard negatives...
>> Searching for hard negatives...
==> Epoch[1](5850/8826): Loss: 0.0103
Allocated: 518.60 MB
Cached:    19.84 GB
>> Searching for hard negatives...
>> Searching for hard negatives...
==> Epoch[1](5900/8826): Loss: 0.0087
Allocated: 513.44 MB
Cached:    19.84 GB
>> Searching for hard negatives...
>> Searching for hard negatives...
>> Searching for hard negatives...
==> Epoch[1](5950/8826): Loss: 0.0082
Allocated: 518.60 MB
Cached:    19.84 GB
>> Searching for hard negatives...
>> Searching for hard negatives...
==> Epoch[1](6000/8826): Loss: 0.0065
Allocated: 513.44 MB
Cached:    19.84 GB
>> Searching for hard negatives...
>> Searching for hard negatives...
>> Searching for hard negatives...
==> Epoch[1](6050/8826): Loss: 0.0065
Allocated: 518.60 MB
Cached:    19.84 GB
>> Searching for hard negatives...
>> Searching for hard negatives...
==> Epoch[1](6100/8826): Loss: 0.0075
Allocated: 513.44 MB
Cached:    19.84 GB
>> Searching for hard negatives...
>> Searching for hard negatives...
>> Searching for hard negatives...
==> Epoch[1](6150/8826): Loss: 0.0093
Allocated: 518.60 MB
Cached:    19.84 GB
>> Searching for hard negatives...
>> Searching for hard negatives...
==> Epoch[1](6200/8826): Loss: 0.0221
Allocated: 513.44 MB
Cached:    19.84 GB
>> Searching for hard negatives...
>> Searching for hard negatives...
>> Searching for hard negatives...
==> Epoch[1](6250/8826): Loss: 0.0096
Allocated: 518.60 MB
Cached:    19.84 GB
>> Searching for hard negatives...
>> Searching for hard negatives...
==> Epoch[1](6300/8826): Loss: 0.0050
Allocated: 513.44 MB
Cached:    19.84 GB
>> Searching for hard negatives...
>> Searching for hard negatives...
>> Searching for hard negatives...
==> Epoch[1](6350/8826): Loss: 0.0077
Allocated: 518.60 MB
Cached:    19.84 GB
>> Searching for hard negatives...
>> Searching for hard negatives...
==> Epoch[1](6400/8826): Loss: 0.0095
Allocated: 513.44 MB
Cached:    19.84 GB
>> Searching for hard negatives...
>> Searching for hard negatives...
>> Searching for hard negatives...
==> Epoch[1](6450/8826): Loss: 0.0061
Allocated: 518.60 MB
Cached:    19.84 GB
>> Searching for hard negatives...
>> Searching for hard negatives...
==> Epoch[1](6500/8826): Loss: 0.0106
Allocated: 513.44 MB
Cached:    19.84 GB
>> Searching for hard negatives...
>> Searching for hard negatives...
>> Searching for hard negatives...
==> Epoch[1](6550/8826): Loss: 0.0099
Allocated: 518.60 MB
Cached:    19.84 GB
>> Searching for hard negatives...
>> Searching for hard negatives...
==> Epoch[1](6600/8826): Loss: 0.0103
Allocated: 513.44 MB
Cached:    19.84 GB
>> Searching for hard negatives...
>> Searching for hard negatives...
>> Searching for hard negatives...
==> Epoch[1](6650/8826): Loss: 0.0072
Allocated: 518.60 MB
Cached:    19.84 GB
>> Searching for hard negatives...
>> Searching for hard negatives...
==> Epoch[1](6700/8826): Loss: 0.0101
Allocated: 513.44 MB
Cached:    19.84 GB
>> Searching for hard negatives...
>> Searching for hard negatives...
>> Searching for hard negatives...
==> Epoch[1](6750/8826): Loss: 0.0089
Allocated: 518.60 MB
Cached:    19.84 GB
>> Searching for hard negatives...
>> Searching for hard negatives...
==> Epoch[1](6800/8826): Loss: 0.0102
Allocated: 513.44 MB
Cached:    19.84 GB
>> Searching for hard negatives...
>> Searching for hard negatives...
>> Searching for hard negatives...
==> Epoch[1](6850/8826): Loss: 0.0061
Allocated: 518.60 MB
Cached:    19.84 GB
>> Searching for hard negatives...
>> Searching for hard negatives...
==> Epoch[1](6900/8826): Loss: 0.0069
Allocated: 513.44 MB
Cached:    19.84 GB
>> Searching for hard negatives...
>> Searching for hard negatives...
>> Searching for hard negatives...
==> Epoch[1](6950/8826): Loss: 0.0113
Allocated: 518.60 MB
Cached:    19.84 GB
>> Searching for hard negatives...
>> Searching for hard negatives...
==> Epoch[1](7000/8826): Loss: 0.0106
Allocated: 513.44 MB
Cached:    19.84 GB
>> Searching for hard negatives...
>> Searching for hard negatives...
>> Searching for hard negatives...
==> Epoch[1](7050/8826): Loss: 0.0079
Allocated: 518.60 MB
Cached:    19.84 GB
>> Searching for hard negatives...
>> Searching for hard negatives...
==> Epoch[1](7100/8826): Loss: 0.0097
Allocated: 513.44 MB
Cached:    19.84 GB
>> Searching for hard negatives...
>> Searching for hard negatives...
>> Searching for hard negatives...
==> Epoch[1](7150/8826): Loss: 0.0059
Allocated: 518.60 MB
Cached:    19.84 GB
>> Searching for hard negatives...
>> Searching for hard negatives...
==> Epoch[1](7200/8826): Loss: 0.0069
Allocated: 513.44 MB
Cached:    19.84 GB
>> Searching for hard negatives...
>> Searching for hard negatives...
>> Searching for hard negatives...
==> Epoch[1](7250/8826): Loss: 0.0044
Allocated: 518.60 MB
Cached:    19.84 GB
>> Searching for hard negatives...
>> Searching for hard negatives...
==> Epoch[1](7300/8826): Loss: 0.0045
Allocated: 513.44 MB
Cached:    19.84 GB
>> Searching for hard negatives...
>> Searching for hard negatives...
>> Searching for hard negatives...
==> Epoch[1](7350/8826): Loss: 0.0074
Allocated: 518.60 MB
Cached:    19.84 GB
>> Searching for hard negatives...
>> Searching for hard negatives...
==> Epoch[1](7400/8826): Loss: 0.0055
Allocated: 513.44 MB
Cached:    19.84 GB
>> Searching for hard negatives...
>> Searching for hard negatives...
>> Searching for hard negatives...
==> Epoch[1](7450/8826): Loss: 0.0116
Allocated: 518.60 MB
Cached:    19.84 GB
>> Searching for hard negatives...
>> Searching for hard negatives...
==> Epoch[1](7500/8826): Loss: 0.0068
Allocated: 513.44 MB
Cached:    19.84 GB
>> Searching for hard negatives...
>> Searching for hard negatives...
>> Searching for hard negatives...
==> Epoch[1](7550/8826): Loss: 0.0057
Allocated: 518.60 MB
Cached:    19.84 GB
>> Searching for hard negatives...
>> Searching for hard negatives...
==> Epoch[1](7600/8826): Loss: 0.0060
Allocated: 513.44 MB
Cached:    19.84 GB
>> Searching for hard negatives...
>> Searching for hard negatives...
>> Searching for hard negatives...
==> Epoch[1](7650/8826): Loss: 0.0090
Allocated: 518.60 MB
Cached:    19.84 GB
>> Searching for hard negatives...
>> Searching for hard negatives...
==> Epoch[1](7700/8826): Loss: 0.0060
Allocated: 513.44 MB
Cached:    19.84 GB
>> Searching for hard negatives...
>> Searching for hard negatives...
>> Searching for hard negatives...
==> Epoch[1](7750/8826): Loss: 0.0049
Allocated: 518.60 MB
Cached:    19.84 GB
>> Searching for hard negatives...
>> Searching for hard negatives...
==> Epoch[1](7800/8826): Loss: 0.0176
Allocated: 513.44 MB
Cached:    19.84 GB
>> Searching for hard negatives...
>> Searching for hard negatives...
>> Searching for hard negatives...
==> Epoch[1](7850/8826): Loss: 0.0104
Allocated: 518.60 MB
Cached:    19.84 GB
>> Searching for hard negatives...
>> Searching for hard negatives...
==> Epoch[1](7900/8826): Loss: 0.0091
Allocated: 513.44 MB
Cached:    19.84 GB
>> Searching for hard negatives...
>> Searching for hard negatives...
>> Searching for hard negatives...
==> Epoch[1](7950/8826): Loss: 0.0065
Allocated: 518.60 MB
Cached:    19.84 GB
>> Searching for hard negatives...
>> Searching for hard negatives...
==> Epoch[1](8000/8826): Loss: 0.0038
Allocated: 513.44 MB
Cached:    19.84 GB
>> Searching for hard negatives...
>> Searching for hard negatives...
>> Searching for hard negatives...
==> Epoch[1](8050/8826): Loss: 0.0050
Allocated: 518.60 MB
Cached:    19.84 GB
>> Searching for hard negatives...
>> Searching for hard negatives...
==> Epoch[1](8100/8826): Loss: 0.0096
Allocated: 513.44 MB
Cached:    19.84 GB
>> Searching for hard negatives...
>> Searching for hard negatives...
>> Searching for hard negatives...
==> Epoch[1](8150/8826): Loss: 0.0070
Allocated: 518.60 MB
Cached:    19.84 GB
>> Searching for hard negatives...
>> Searching for hard negatives...
==> Epoch[1](8200/8826): Loss: 0.0116
Allocated: 513.44 MB
Cached:    19.84 GB
>> Searching for hard negatives...
>> Searching for hard negatives...
>> Searching for hard negatives...
==> Epoch[1](8250/8826): Loss: 0.0073
Allocated: 518.60 MB
Cached:    19.84 GB
>> Searching for hard negatives...
>> Searching for hard negatives...
==> Epoch[1](8300/8826): Loss: 0.0067
Allocated: 513.44 MB
Cached:    19.84 GB
>> Searching for hard negatives...
>> Searching for hard negatives...
>> Searching for hard negatives...
==> Epoch[1](8350/8826): Loss: 0.0049
Allocated: 518.60 MB
Cached:    19.84 GB
>> Searching for hard negatives...
>> Searching for hard negatives...
==> Epoch[1](8400/8826): Loss: 0.0058
Allocated: 513.44 MB
Cached:    19.84 GB
>> Searching for hard negatives...
>> Searching for hard negatives...
>> Searching for hard negatives...
==> Epoch[1](8450/8826): Loss: 0.0059
Allocated: 518.60 MB
Cached:    19.84 GB
>> Searching for hard negatives...
>> Searching for hard negatives...
==> Epoch[1](8500/8826): Loss: 0.0109
Allocated: 513.44 MB
Cached:    19.84 GB
>> Searching for hard negatives...
>> Searching for hard negatives...
>> Searching for hard negatives...
==> Epoch[1](8550/8826): Loss: 0.0037
Allocated: 518.60 MB
Cached:    19.84 GB
>> Searching for hard negatives...
>> Searching for hard negatives...
==> Epoch[1](8600/8826): Loss: 0.0061
Allocated: 513.44 MB
Cached:    19.84 GB
>> Searching for hard negatives...
>> Searching for hard negatives...
>> Searching for hard negatives...
==> Epoch[1](8650/8826): Loss: 0.0087
Allocated: 518.60 MB
Cached:    19.84 GB
>> Searching for hard negatives...
>> Searching for hard negatives...
==> Epoch[1](8700/8826): Loss: 0.0087
Allocated: 513.44 MB
Cached:    19.84 GB
>> Searching for hard negatives...
>> Searching for hard negatives...
>> Searching for hard negatives...
==> Epoch[1](8750/8826): Loss: 0.0074
Allocated: 518.60 MB
Cached:    19.84 GB
>> Searching for hard negatives...
>> Searching for hard negatives...
==> Epoch[1](8800/8826): Loss: 0.0084
Allocated: 513.44 MB
Cached:    19.84 GB
>> Searching for hard negatives...
>> Searching for hard negatives...
===> Epoch 1 Complete: Avg. Loss: 0.0146
====> Extracting Features
===>computing query features
===> computing database features
====> Building faiss index
====> Calculating recall @ N
====> Recall@1: 0.5824
====> Recall@5: 0.7216
====> Recall@10: 0.7676
====> Recall@20: 0.8081
====> Recall@50: 0.8568
====> Recall@100: 0.8865
>> Searching for hard negatives...
>> Searching for hard negatives...
>> Searching for hard negatives...
==> Epoch[2](50/8826): Loss: 0.0078
Allocated: 518.60 MB
Cached:    19.73 GB
>> Searching for hard negatives...
>> Searching for hard negatives...
==> Epoch[2](100/8826): Loss: 0.0100
Allocated: 516.02 MB
Cached:    20.17 GB
>> Searching for hard negatives...
>> Searching for hard negatives...
>> Searching for hard negatives...
==> Epoch[2](150/8826): Loss: 0.0167
Allocated: 518.60 MB
Cached:    20.61 GB
>> Searching for hard negatives...
>> Searching for hard negatives...
==> Epoch[2](200/8826): Loss: 0.0038
Allocated: 516.02 MB
Cached:    20.61 GB
>> Searching for hard negatives...
>> Searching for hard negatives...
>> Searching for hard negatives...
==> Epoch[2](250/8826): Loss: 0.0049
Allocated: 518.60 MB
Cached:    20.24 GB
>> Searching for hard negatives...
>> Searching for hard negatives...
==> Epoch[2](300/8826): Loss: 0.0112
Allocated: 516.02 MB
Cached:    20.65 GB
>> Searching for hard negatives...
>> Searching for hard negatives...
>> Searching for hard negatives...
==> Epoch[2](350/8826): Loss: 0.0129
Allocated: 518.60 MB
Cached:    19.92 GB
>> Searching for hard negatives...
>> Searching for hard negatives...
==> Epoch[2](400/8826): Loss: 0.0089
Allocated: 516.02 MB
Cached:    19.95 GB
>> Searching for hard negatives...
>> Searching for hard negatives...
>> Searching for hard negatives...
==> Epoch[2](450/8826): Loss: 0.0108
Allocated: 518.60 MB
Cached:    19.95 GB
>> Searching for hard negatives...
>> Searching for hard negatives...
==> Epoch[2](500/8826): Loss: 0.0087
Allocated: 516.02 MB
Cached:    20.65 GB
>> Searching for hard negatives...
>> Searching for hard negatives...
>> Searching for hard negatives...
==> Epoch[2](550/8826): Loss: 0.0104
Allocated: 518.60 MB
Cached:    20.58 GB
>> Searching for hard negatives...
>> Searching for hard negatives...
==> Epoch[2](600/8826): Loss: 0.0042
Allocated: 516.02 MB
Cached:    19.73 GB
>> Searching for hard negatives...
>> Searching for hard negatives...
>> Searching for hard negatives...
==> Epoch[2](650/8826): Loss: 0.0042
Allocated: 518.60 MB
Cached:    20.88 GB
>> Searching for hard negatives...
>> Searching for hard negatives...
==> Epoch[2](700/8826): Loss: 0.0064
Allocated: 516.02 MB
Cached:    26.34 GB
>> Searching for hard negatives...
>> Searching for hard negatives...
>> Searching for hard negatives...
==> Epoch[2](750/8826): Loss: 0.0065
Allocated: 518.60 MB
Cached:    20.20 GB
>> Searching for hard negatives...
>> Searching for hard negatives...
==> Epoch[2](800/8826): Loss: 0.0073
Allocated: 516.02 MB
Cached:    20.09 GB
>> Searching for hard negatives...
>> Searching for hard negatives...
>> Searching for hard negatives...
==> Epoch[2](850/8826): Loss: 0.0202
Allocated: 518.60 MB
Cached:    20.20 GB
>> Searching for hard negatives...
>> Searching for hard negatives...
==> Epoch[2](900/8826): Loss: 0.0060
Allocated: 516.02 MB
Cached:    20.24 GB
>> Searching for hard negatives...
>> Searching for hard negatives...
>> Searching for hard negatives...
==> Epoch[2](950/8826): Loss: 0.0035
Allocated: 518.60 MB
Cached:    19.95 GB
>> Searching for hard negatives...
>> Searching for hard negatives...
==> Epoch[2](1000/8826): Loss: 0.0041
Allocated: 516.02 MB
Cached:    20.65 GB
>> Searching for hard negatives...
>> Searching for hard negatives...
>> Searching for hard negatives...
==> Epoch[2](1050/8826): Loss: 0.0049
Allocated: 518.60 MB
Cached:    20.79 GB
>> Searching for hard negatives...
>> Searching for hard negatives...
==> Epoch[2](1100/8826): Loss: 0.0027
Allocated: 516.02 MB
Cached:    20.14 GB
>> Searching for hard negatives...
>> Searching for hard negatives...
>> Searching for hard negatives...
==> Epoch[2](1150/8826): Loss: 0.0072
Allocated: 518.60 MB
Cached:    20.13 GB
>> Searching for hard negatives...
>> Searching for hard negatives...
==> Epoch[2](1200/8826): Loss: 0.0046
Allocated: 516.02 MB
Cached:    20.16 GB
>> Searching for hard negatives...
>> Searching for hard negatives...
>> Searching for hard negatives...
==> Epoch[2](1250/8826): Loss: 0.0043
Allocated: 518.60 MB
Cached:    26.34 GB
>> Searching for hard negatives...
>> Searching for hard negatives...
==> Epoch[2](1300/8826): Loss: 0.0074
Allocated: 516.02 MB
Cached:    20.14 GB
>> Searching for hard negatives...
>> Searching for hard negatives...
>> Searching for hard negatives...
==> Epoch[2](1350/8826): Loss: 0.0111
Allocated: 518.60 MB
Cached:    20.61 GB
>> Searching for hard negatives...
>> Searching for hard negatives...
==> Epoch[2](1400/8826): Loss: 0.0045
Allocated: 516.02 MB
Cached:    19.95 GB
>> Searching for hard negatives...
>> Searching for hard negatives...
>> Searching for hard negatives...
==> Epoch[2](1450/8826): Loss: 0.0052
Allocated: 518.60 MB
Cached:    19.95 GB
>> Searching for hard negatives...
>> Searching for hard negatives...
==> Epoch[2](1500/8826): Loss: 0.0148
Allocated: 516.02 MB
Cached:    20.61 GB
>> Searching for hard negatives...
>> Searching for hard negatives...
>> Searching for hard negatives...
==> Epoch[2](1550/8826): Loss: 0.0136
Allocated: 518.60 MB
Cached:    20.55 GB
>> Searching for hard negatives...
>> Searching for hard negatives...
==> Epoch[2](1600/8826): Loss: 0.0181
Allocated: 516.02 MB
Cached:    20.41 GB
>> Searching for hard negatives...
>> Searching for hard negatives...
>> Searching for hard negatives...
==> Epoch[2](1650/8826): Loss: 0.0065
Allocated: 518.60 MB
Cached:    19.95 GB
>> Searching for hard negatives...
>> Searching for hard negatives...
==> Epoch[2](1700/8826): Loss: 0.0089
Allocated: 516.02 MB
Cached:    20.61 GB
>> Searching for hard negatives...
>> Searching for hard negatives...
>> Searching for hard negatives...
==> Epoch[2](1750/8826): Loss: 0.0061
Allocated: 518.60 MB
Cached:    20.20 GB
>> Searching for hard negatives...
>> Searching for hard negatives...
==> Epoch[2](1800/8826): Loss: 0.0061
Allocated: 516.02 MB
Cached:    20.14 GB
>> Searching for hard negatives...
>> Searching for hard negatives...
>> Searching for hard negatives...
==> Epoch[2](1850/8826): Loss: 0.0044
Allocated: 518.60 MB
Cached:    20.20 GB
>> Searching for hard negatives...
>> Searching for hard negatives...
==> Epoch[2](1900/8826): Loss: 0.0073
Allocated: 516.02 MB
Cached:    19.95 GB
>> Searching for hard negatives...
>> Searching for hard negatives...
>> Searching for hard negatives...
==> Epoch[2](1950/8826): Loss: 0.0080
Allocated: 518.60 MB
Cached:    19.95 GB
>> Searching for hard negatives...
>> Searching for hard negatives...
==> Epoch[2](2000/8826): Loss: 0.0063
Allocated: 516.02 MB
Cached:    19.95 GB
>> Searching for hard negatives...
>> Searching for hard negatives...
>> Searching for hard negatives...
==> Epoch[2](2050/8826): Loss: 0.0046
Allocated: 518.60 MB
Cached:    19.93 GB
>> Searching for hard negatives...
>> Searching for hard negatives...
==> Epoch[2](2100/8826): Loss: 0.0036
Allocated: 516.02 MB
Cached:    19.92 GB
>> Searching for hard negatives...
>> Searching for hard negatives...
>> Searching for hard negatives...
==> Epoch[2](2150/8826): Loss: 0.0048
Allocated: 518.60 MB
Cached:    20.45 GB
>> Searching for hard negatives...
>> Searching for hard negatives...
==> Epoch[2](2200/8826): Loss: 0.0028
Allocated: 516.02 MB
Cached:    20.58 GB
>> Searching for hard negatives...
>> Searching for hard negatives...
>> Searching for hard negatives...
==> Epoch[2](2250/8826): Loss: 0.0052
Allocated: 518.60 MB
Cached:    20.86 GB
>> Searching for hard negatives...
>> Searching for hard negatives...
==> Epoch[2](2300/8826): Loss: 0.0021
Allocated: 516.02 MB
Cached:    20.55 GB
>> Searching for hard negatives...
>> Searching for hard negatives...
>> Searching for hard negatives...
==> Epoch[2](2350/8826): Loss: 0.0028
Allocated: 518.60 MB
Cached:    20.83 GB
>> Searching for hard negatives...
>> Searching for hard negatives...
==> Epoch[2](2400/8826): Loss: 0.0041
Allocated: 516.02 MB
Cached:    20.50 GB
>> Searching for hard negatives...
>> Searching for hard negatives...
>> Searching for hard negatives...
==> Epoch[2](2450/8826): Loss: 0.0036
Allocated: 518.60 MB
Cached:    19.95 GB
>> Searching for hard negatives...
>> Searching for hard negatives...
==> Epoch[2](2500/8826): Loss: 0.0130
Allocated: 516.02 MB
Cached:    20.20 GB
>> Searching for hard negatives...
>> Searching for hard negatives...
>> Searching for hard negatives...
==> Epoch[2](2550/8826): Loss: 0.0092
Allocated: 518.60 MB
Cached:    20.61 GB
>> Searching for hard negatives...
>> Searching for hard negatives...
==> Epoch[2](2600/8826): Loss: 0.0061
Allocated: 516.02 MB
Cached:    20.20 GB
>> Searching for hard negatives...
>> Searching for hard negatives...
>> Searching for hard negatives...
==> Epoch[2](2650/8826): Loss: 0.0039
Allocated: 518.60 MB
Cached:    20.14 GB
>> Searching for hard negatives...
>> Searching for hard negatives...
==> Epoch[2](2700/8826): Loss: 0.0065
Allocated: 516.02 MB
Cached:    20.20 GB
>> Searching for hard negatives...
>> Searching for hard negatives...
>> Searching for hard negatives...
==> Epoch[2](2750/8826): Loss: 0.0106
Allocated: 518.60 MB
Cached:    19.95 GB
>> Searching for hard negatives...
>> Searching for hard negatives...
==> Epoch[2](2800/8826): Loss: 0.0056
Allocated: 516.02 MB
Cached:    20.14 GB
>> Searching for hard negatives...
>> Searching for hard negatives...
>> Searching for hard negatives...
==> Epoch[2](2850/8826): Loss: 0.0058
Allocated: 518.60 MB
Cached:    20.14 GB
>> Searching for hard negatives...
>> Searching for hard negatives...
==> Epoch[2](2900/8826): Loss: 0.0080
Allocated: 516.02 MB
Cached:    20.61 GB
>> Searching for hard negatives...
>> Searching for hard negatives...
>> Searching for hard negatives...
==> Epoch[2](2950/8826): Loss: 0.0030
Allocated: 518.60 MB
Cached:    20.13 GB
>> Searching for hard negatives...
>> Searching for hard negatives...
==> Epoch[2](3000/8826): Loss: 0.0066
Allocated: 516.02 MB
Cached:    19.95 GB
>> Searching for hard negatives...
>> Searching for hard negatives...
>> Searching for hard negatives...
==> Epoch[2](3050/8826): Loss: 0.0165
Allocated: 518.60 MB
Cached:    20.45 GB
>> Searching for hard negatives...
>> Searching for hard negatives...
==> Epoch[2](3100/8826): Loss: 0.0130
Allocated: 516.02 MB
Cached:    20.59 GB
>> Searching for hard negatives...
>> Searching for hard negatives...
>> Searching for hard negatives...
==> Epoch[2](3150/8826): Loss: 0.0105
Allocated: 518.60 MB
Cached:    20.40 GB
>> Searching for hard negatives...
>> Searching for hard negatives...
==> Epoch[2](3200/8826): Loss: 0.0034
Allocated: 516.02 MB
Cached:    20.58 GB
>> Searching for hard negatives...
>> Searching for hard negatives...
>> Searching for hard negatives...
==> Epoch[2](3250/8826): Loss: 0.0028
Allocated: 518.60 MB
Cached:    20.84 GB
>> Searching for hard negatives...
>> Searching for hard negatives...
==> Epoch[2](3300/8826): Loss: 0.0090
Allocated: 513.44 MB
Cached:    19.92 GB
>> Searching for hard negatives...
>> Searching for hard negatives...
>> Searching for hard negatives...
==> Epoch[2](3350/8826): Loss: 0.0062
Allocated: 518.60 MB
Cached:    19.85 GB
>> Searching for hard negatives...
>> Searching for hard negatives...
==> Epoch[2](3400/8826): Loss: 0.0079
Allocated: 513.44 MB
Cached:    19.92 GB
>> Searching for hard negatives...
>> Searching for hard negatives...
>> Searching for hard negatives...
==> Epoch[2](3450/8826): Loss: 0.0058
Allocated: 518.60 MB
Cached:    19.85 GB
>> Searching for hard negatives...
>> Searching for hard negatives...
==> Epoch[2](3500/8826): Loss: 0.0058
Allocated: 513.44 MB
Cached:    19.72 GB
>> Searching for hard negatives...
>> Searching for hard negatives...
>> Searching for hard negatives...
==> Epoch[2](3550/8826): Loss: 0.0066
Allocated: 518.60 MB
Cached:    19.94 GB
>> Searching for hard negatives...
>> Searching for hard negatives...
==> Epoch[2](3600/8826): Loss: 0.0092
Allocated: 513.44 MB
Cached:    20.58 GB
>> Searching for hard negatives...
>> Searching for hard negatives...
>> Searching for hard negatives...
==> Epoch[2](3650/8826): Loss: 0.0047
Allocated: 518.60 MB
Cached:    19.94 GB
>> Searching for hard negatives...
>> Searching for hard negatives...
==> Epoch[2](3700/8826): Loss: 0.0062
Allocated: 513.44 MB
Cached:    20.04 GB
>> Searching for hard negatives...
>> Searching for hard negatives...
>> Searching for hard negatives...
==> Epoch[2](3750/8826): Loss: 0.0101
Allocated: 518.60 MB
Cached:    19.94 GB
>> Searching for hard negatives...
>> Searching for hard negatives...
==> Epoch[2](3800/8826): Loss: 0.0058
Allocated: 513.44 MB
Cached:    19.85 GB
>> Searching for hard negatives...
>> Searching for hard negatives...
>> Searching for hard negatives...
==> Epoch[2](3850/8826): Loss: 0.0046
Allocated: 518.60 MB
Cached:    19.85 GB
>> Searching for hard negatives...
>> Searching for hard negatives...
==> Epoch[2](3900/8826): Loss: 0.0042
Allocated: 513.44 MB
Cached:    19.72 GB
>> Searching for hard negatives...
>> Searching for hard negatives...
>> Searching for hard negatives...
==> Epoch[2](3950/8826): Loss: 0.0071
Allocated: 518.60 MB
Cached:    19.94 GB
>> Searching for hard negatives...
>> Searching for hard negatives...
==> Epoch[2](4000/8826): Loss: 0.0050
Allocated: 513.44 MB
Cached:    20.17 GB
>> Searching for hard negatives...
>> Searching for hard negatives...
>> Searching for hard negatives...
==> Epoch[2](4050/8826): Loss: 0.0117
Allocated: 518.60 MB
Cached:    19.92 GB
>> Searching for hard negatives...
>> Searching for hard negatives...
==> Epoch[2](4100/8826): Loss: 0.0104
Allocated: 513.44 MB
Cached:    20.58 GB
>> Searching for hard negatives...
>> Searching for hard negatives...
>> Searching for hard negatives...
==> Epoch[2](4150/8826): Loss: 0.0052
Allocated: 518.60 MB
Cached:    19.94 GB
>> Searching for hard negatives...
>> Searching for hard negatives...
==> Epoch[2](4200/8826): Loss: 0.0050
Allocated: 513.44 MB
Cached:    20.17 GB
>> Searching for hard negatives...
>> Searching for hard negatives...
>> Searching for hard negatives...
==> Epoch[2](4250/8826): Loss: 0.0055
Allocated: 518.60 MB
Cached:    19.85 GB
>> Searching for hard negatives...
>> Searching for hard negatives...
==> Epoch[2](4300/8826): Loss: 0.0081
Allocated: 513.44 MB
Cached:    19.72 GB
>> Searching for hard negatives...
>> Searching for hard negatives...
>> Searching for hard negatives...
==> Epoch[2](4350/8826): Loss: 0.0073
Allocated: 518.60 MB
Cached:    19.94 GB
>> Searching for hard negatives...
>> Searching for hard negatives...
==> Epoch[2](4400/8826): Loss: 0.0027
Allocated: 513.44 MB
Cached:    20.58 GB
>> Searching for hard negatives...
>> Searching for hard negatives...
>> Searching for hard negatives...
==> Epoch[2](4450/8826): Loss: 0.0065
Allocated: 518.60 MB
Cached:    19.94 GB
>> Searching for hard negatives...
>> Searching for hard negatives...
==> Epoch[2](4500/8826): Loss: 0.0068
Allocated: 513.44 MB
Cached:    20.17 GB
>> Searching for hard negatives...
>> Searching for hard negatives...
>> Searching for hard negatives...
==> Epoch[2](4550/8826): Loss: 0.0054
Allocated: 518.60 MB
Cached:    19.85 GB
>> Searching for hard negatives...
>> Searching for hard negatives...
==> Epoch[2](4600/8826): Loss: 0.0028
Allocated: 514.28 MB
Cached:    19.74 GB
>> Searching for hard negatives...
>> Searching for hard negatives...
>> Searching for hard negatives...
==> Epoch[2](4650/8826): Loss: 0.0037
Allocated: 518.60 MB
Cached:    19.72 GB
>> Searching for hard negatives...
>> Searching for hard negatives...
==> Epoch[2](4700/8826): Loss: 0.0034
Allocated: 513.54 MB
Cached:    19.94 GB
>> Searching for hard negatives...
>> Searching for hard negatives...
>> Searching for hard negatives...
==> Epoch[2](4750/8826): Loss: 0.0075
Allocated: 518.60 MB
Cached:    20.19 GB
>> Searching for hard negatives...
>> Searching for hard negatives...
==> Epoch[2](4800/8826): Loss: 0.0054
Allocated: 513.44 MB
Cached:    19.44 GB
>> Searching for hard negatives...
>> Searching for hard negatives...
>> Searching for hard negatives...
==> Epoch[2](4850/8826): Loss: 0.0080
Allocated: 518.60 MB
Cached:    19.85 GB
>> Searching for hard negatives...
>> Searching for hard negatives...
==> Epoch[2](4900/8826): Loss: 0.0045
Allocated: 513.44 MB
Cached:    25.94 GB
>> Searching for hard negatives...
>> Searching for hard negatives...
>> Searching for hard negatives...
==> Epoch[2](4950/8826): Loss: 0.0062
Allocated: 518.60 MB
Cached:    19.85 GB
>> Searching for hard negatives...
>> Searching for hard negatives...
==> Epoch[2](5000/8826): Loss: 0.0012
Allocated: 514.28 MB
Cached:    19.74 GB
>> Searching for hard negatives...
>> Searching for hard negatives...
>> Searching for hard negatives...
==> Epoch[2](5050/8826): Loss: 0.0100
Allocated: 518.60 MB
Cached:    19.72 GB
>> Searching for hard negatives...
>> Searching for hard negatives...
==> Epoch[2](5100/8826): Loss: 0.0058
Allocated: 513.54 MB
Cached:    19.94 GB
>> Searching for hard negatives...
>> Searching for hard negatives...
>> Searching for hard negatives...
==> Epoch[2](5150/8826): Loss: 0.0054
Allocated: 518.60 MB
Cached:    20.04 GB
>> Searching for hard negatives...
>> Searching for hard negatives...
==> Epoch[2](5200/8826): Loss: 0.0095
Allocated: 513.44 MB
Cached:    20.19 GB
>> Searching for hard negatives...
>> Searching for hard negatives...
>> Searching for hard negatives...
==> Epoch[2](5250/8826): Loss: 0.0051
Allocated: 518.60 MB
Cached:    19.85 GB
>> Searching for hard negatives...
>> Searching for hard negatives...
==> Epoch[2](5300/8826): Loss: 0.0048
Allocated: 513.44 MB
Cached:    25.94 GB
>> Searching for hard negatives...
>> Searching for hard negatives...
>> Searching for hard negatives...
==> Epoch[2](5350/8826): Loss: 0.0124
Allocated: 518.60 MB
Cached:    20.19 GB
>> Searching for hard negatives...
>> Searching for hard negatives...
==> Epoch[2](5400/8826): Loss: 0.0086
Allocated: 513.44 MB
Cached:    19.94 GB
>> Searching for hard negatives...
>> Searching for hard negatives...
>> Searching for hard negatives...
==> Epoch[2](5450/8826): Loss: 0.0041
Allocated: 518.60 MB
Cached:    20.87 GB
>> Searching for hard negatives...
>> Searching for hard negatives...
==> Epoch[2](5500/8826): Loss: 0.0054
Allocated: 513.44 MB
Cached:    19.93 GB
>> Searching for hard negatives...
>> Searching for hard negatives...
>> Searching for hard negatives...
==> Epoch[2](5550/8826): Loss: 0.0068
Allocated: 518.60 MB
Cached:    19.96 GB
>> Searching for hard negatives...
>> Searching for hard negatives...
==> Epoch[2](5600/8826): Loss: 0.0036
Allocated: 513.44 MB
Cached:    20.33 GB
>> Searching for hard negatives...
>> Searching for hard negatives...
>> Searching for hard negatives...
==> Epoch[2](5650/8826): Loss: 0.0058
Allocated: 518.60 MB
Cached:    20.04 GB
>> Searching for hard negatives...
>> Searching for hard negatives...
==> Epoch[2](5700/8826): Loss: 0.0059
Allocated: 513.44 MB
Cached:    20.19 GB
>> Searching for hard negatives...
>> Searching for hard negatives...
>> Searching for hard negatives...
==> Epoch[2](5750/8826): Loss: 0.0055
Allocated: 518.60 MB
Cached:    19.85 GB
>> Searching for hard negatives...
>> Searching for hard negatives...
==> Epoch[2](5800/8826): Loss: 0.0024
Allocated: 513.44 MB
Cached:    20.88 GB
>> Searching for hard negatives...
>> Searching for hard negatives...
>> Searching for hard negatives...
==> Epoch[2](5850/8826): Loss: 0.0117
Allocated: 518.60 MB
Cached:    20.27 GB
>> Searching for hard negatives...
>> Searching for hard negatives...
==> Epoch[2](5900/8826): Loss: 0.0062
Allocated: 513.44 MB
Cached:    20.19 GB
>> Searching for hard negatives...
>> Searching for hard negatives...
>> Searching for hard negatives...
==> Epoch[2](5950/8826): Loss: 0.0057
Allocated: 518.60 MB
Cached:    19.85 GB
>> Searching for hard negatives...
>> Searching for hard negatives...
==> Epoch[2](6000/8826): Loss: 0.0023
Allocated: 513.44 MB
Cached:    20.88 GB
>> Searching for hard negatives...
>> Searching for hard negatives...
>> Searching for hard negatives...
==> Epoch[2](6050/8826): Loss: 0.0105
Allocated: 518.60 MB
Cached:    20.27 GB
>> Searching for hard negatives...
>> Searching for hard negatives...
==> Epoch[2](6100/8826): Loss: 0.0060
Allocated: 513.44 MB
Cached:    19.65 GB
>> Searching for hard negatives...
>> Searching for hard negatives...
>> Searching for hard negatives...
==> Epoch[2](6150/8826): Loss: 0.0082
Allocated: 518.60 MB
Cached:    20.19 GB
>> Searching for hard negatives...
>> Searching for hard negatives...
==> Epoch[2](6200/8826): Loss: 0.0032
Allocated: 513.44 MB
Cached:    19.94 GB
>> Searching for hard negatives...
>> Searching for hard negatives...
>> Searching for hard negatives...
==> Epoch[2](6250/8826): Loss: 0.0106
Allocated: 518.60 MB
Cached:    21.12 GB
>> Searching for hard negatives...
>> Searching for hard negatives...
==> Epoch[2](6300/8826): Loss: 0.0039
Allocated: 513.44 MB
Cached:    19.92 GB
>> Searching for hard negatives...
>> Searching for hard negatives...
>> Searching for hard negatives...
==> Epoch[2](6350/8826): Loss: 0.0084
Allocated: 518.60 MB
Cached:    25.94 GB
>> Searching for hard negatives...
>> Searching for hard negatives...
==> Epoch[2](6400/8826): Loss: 0.0097
Allocated: 513.44 MB
Cached:    19.66 GB
>> Searching for hard negatives...
>> Searching for hard negatives...
>> Searching for hard negatives...
==> Epoch[2](6450/8826): Loss: 0.0036
Allocated: 518.60 MB
Cached:    19.94 GB
>> Searching for hard negatives...
>> Searching for hard negatives...
==> Epoch[2](6500/8826): Loss: 0.0040
Allocated: 513.44 MB
Cached:    20.04 GB
>> Searching for hard negatives...
>> Searching for hard negatives...
>> Searching for hard negatives...
==> Epoch[2](6550/8826): Loss: 0.0039
Allocated: 518.60 MB
Cached:    19.96 GB
>> Searching for hard negatives...
>> Searching for hard negatives...
==> Epoch[2](6600/8826): Loss: 0.0080
Allocated: 513.44 MB
Cached:    20.27 GB
>> Searching for hard negatives...
>> Searching for hard negatives...
>> Searching for hard negatives...
==> Epoch[2](6650/8826): Loss: 0.0114
Allocated: 518.60 MB
Cached:    19.72 GB
>> Searching for hard negatives...
>> Searching for hard negatives...
==> Epoch[2](6700/8826): Loss: 0.0064
Allocated: 513.44 MB
Cached:    20.19 GB
>> Searching for hard negatives...
>> Searching for hard negatives...
>> Searching for hard negatives...
==> Epoch[2](6750/8826): Loss: 0.0059
Allocated: 518.60 MB
Cached:    19.85 GB
>> Searching for hard negatives...
>> Searching for hard negatives...
==> Epoch[2](6800/8826): Loss: 0.0041
Allocated: 513.44 MB
Cached:    19.72 GB
>> Searching for hard negatives...
>> Searching for hard negatives...
>> Searching for hard negatives...
==> Epoch[2](6850/8826): Loss: 0.0086
Allocated: 518.60 MB
Cached:    19.94 GB
>> Searching for hard negatives...
>> Searching for hard negatives...
==> Epoch[2](6900/8826): Loss: 0.0033
Allocated: 513.44 MB
Cached:    20.60 GB
>> Searching for hard negatives...
>> Searching for hard negatives...
>> Searching for hard negatives...
==> Epoch[2](6950/8826): Loss: 0.0042
Allocated: 518.60 MB
Cached:    20.19 GB
>> Searching for hard negatives...
>> Searching for hard negatives...
==> Epoch[2](7000/8826): Loss: 0.0032
Allocated: 513.44 MB
Cached:    19.94 GB
>> Searching for hard negatives...
>> Searching for hard negatives...
>> Searching for hard negatives...
==> Epoch[2](7050/8826): Loss: 0.0049
Allocated: 518.60 MB
Cached:    19.72 GB
>> Searching for hard negatives...
>> Searching for hard negatives...
==> Epoch[2](7100/8826): Loss: 0.0021
Allocated: 513.44 MB
Cached:    19.94 GB
>> Searching for hard negatives...
>> Searching for hard negatives...
>> Searching for hard negatives...
==> Epoch[2](7150/8826): Loss: 0.0032
Allocated: 518.60 MB
Cached:    19.72 GB
>> Searching for hard negatives...
>> Searching for hard negatives...
==> Epoch[2](7200/8826): Loss: 0.0067
Allocated: 513.54 MB
Cached:    19.94 GB
>> Searching for hard negatives...
>> Searching for hard negatives...
>> Searching for hard negatives...
==> Epoch[2](7250/8826): Loss: 0.0041
Allocated: 518.60 MB
Cached:    20.58 GB
>> Searching for hard negatives...
>> Searching for hard negatives...
==> Epoch[2](7300/8826): Loss: 0.0061
Allocated: 513.44 MB
Cached:    19.81 GB
>> Searching for hard negatives...
>> Searching for hard negatives...
>> Searching for hard negatives...
==> Epoch[2](7350/8826): Loss: 0.0127
Allocated: 518.60 MB
Cached:    20.04 GB
>> Searching for hard negatives...
>> Searching for hard negatives...
==> Epoch[2](7400/8826): Loss: 0.0067
Allocated: 513.44 MB
Cached:    20.19 GB
>> Searching for hard negatives...
>> Searching for hard negatives...
>> Searching for hard negatives...
==> Epoch[2](7450/8826): Loss: 0.0079
Allocated: 518.60 MB
Cached:    19.85 GB
>> Searching for hard negatives...
>> Searching for hard negatives...
==> Epoch[2](7500/8826): Loss: 0.0065
Allocated: 513.44 MB
Cached:    25.94 GB
>> Searching for hard negatives...
>> Searching for hard negatives...
>> Searching for hard negatives...
==> Epoch[2](7550/8826): Loss: 0.0038
Allocated: 518.60 MB
Cached:    19.85 GB
>> Searching for hard negatives...
>> Searching for hard negatives...
==> Epoch[2](7600/8826): Loss: 0.0131
Allocated: 514.28 MB
Cached:    19.74 GB
>> Searching for hard negatives...
>> Searching for hard negatives...
>> Searching for hard negatives...
==> Epoch[2](7650/8826): Loss: 0.0076
Allocated: 518.60 MB
Cached:    19.72 GB
>> Searching for hard negatives...
>> Searching for hard negatives...
==> Epoch[2](7700/8826): Loss: 0.0043
Allocated: 513.54 MB
Cached:    19.94 GB
>> Searching for hard negatives...
>> Searching for hard negatives...
>> Searching for hard negatives...
==> Epoch[2](7750/8826): Loss: 0.0082
Allocated: 518.60 MB
Cached:    20.60 GB
>> Searching for hard negatives...
>> Searching for hard negatives...
==> Epoch[2](7800/8826): Loss: 0.0048
Allocated: 513.44 MB
Cached:    25.94 GB
>> Searching for hard negatives...
>> Searching for hard negatives...
>> Searching for hard negatives...
==> Epoch[2](7850/8826): Loss: 0.0038
Allocated: 518.60 MB
Cached:    20.60 GB
>> Searching for hard negatives...
>> Searching for hard negatives...
==> Epoch[2](7900/8826): Loss: 0.0063
Allocated: 513.44 MB
Cached:    19.72 GB
>> Searching for hard negatives...
>> Searching for hard negatives...
>> Searching for hard negatives...
==> Epoch[2](7950/8826): Loss: 0.0023
Allocated: 518.60 MB
Cached:    19.94 GB
>> Searching for hard negatives...
>> Searching for hard negatives...
==> Epoch[2](8000/8826): Loss: 0.0049
Allocated: 513.44 MB
Cached:    20.70 GB
>> Searching for hard negatives...
>> Searching for hard negatives...
>> Searching for hard negatives...
==> Epoch[2](8050/8826): Loss: 0.0052
Allocated: 518.60 MB
Cached:    19.94 GB
>> Searching for hard negatives...
>> Searching for hard negatives...
==> Epoch[2](8100/8826): Loss: 0.0029
Allocated: 513.44 MB
Cached:    19.85 GB
>> Searching for hard negatives...
>> Searching for hard negatives...
>> Searching for hard negatives...
==> Epoch[2](8150/8826): Loss: 0.0032
Allocated: 518.60 MB
Cached:    20.19 GB
>> Searching for hard negatives...
>> Searching for hard negatives...
==> Epoch[2](8200/8826): Loss: 0.0034
Allocated: 513.44 MB
Cached:    19.94 GB
>> Searching for hard negatives...
>> Searching for hard negatives...
>> Searching for hard negatives...
==> Epoch[2](8250/8826): Loss: 0.0064
Allocated: 518.60 MB
Cached:    20.87 GB
>> Searching for hard negatives...
>> Searching for hard negatives...
==> Epoch[2](8300/8826): Loss: 0.0040
Allocated: 513.44 MB
Cached:    20.59 GB
>> Searching for hard negatives...
>> Searching for hard negatives...
>> Searching for hard negatives...
==> Epoch[2](8350/8826): Loss: 0.0070
Allocated: 518.60 MB
Cached:    20.85 GB
>> Searching for hard negatives...
>> Searching for hard negatives...
==> Epoch[2](8400/8826): Loss: 0.0019
Allocated: 513.44 MB
Cached:    19.94 GB
>> Searching for hard negatives...
>> Searching for hard negatives...
>> Searching for hard negatives...
==> Epoch[2](8450/8826): Loss: 0.0049
Allocated: 518.60 MB
Cached:    19.72 GB
>> Searching for hard negatives...
>> Searching for hard negatives...
==> Epoch[2](8500/8826): Loss: 0.0049
Allocated: 513.54 MB
Cached:    19.94 GB
>> Searching for hard negatives...
>> Searching for hard negatives...
>> Searching for hard negatives...
==> Epoch[2](8550/8826): Loss: 0.0056
Allocated: 518.60 MB
Cached:    20.58 GB
>> Searching for hard negatives...
>> Searching for hard negatives...
==> Epoch[2](8600/8826): Loss: 0.0057
Allocated: 513.44 MB
Cached:    19.81 GB
>> Searching for hard negatives...
>> Searching for hard negatives...
>> Searching for hard negatives...
==> Epoch[2](8650/8826): Loss: 0.0155
Allocated: 518.60 MB
Cached:    20.04 GB
>> Searching for hard negatives...
>> Searching for hard negatives...
==> Epoch[2](8700/8826): Loss: 0.0017
Allocated: 513.44 MB
Cached:    20.19 GB
>> Searching for hard negatives...
>> Searching for hard negatives...
>> Searching for hard negatives...
==> Epoch[2](8750/8826): Loss: 0.0054
Allocated: 518.60 MB
Cached:    19.85 GB
>> Searching for hard negatives...
>> Searching for hard negatives...
==> Epoch[2](8800/8826): Loss: 0.0064
Allocated: 513.44 MB
Cached:    20.89 GB
>> Searching for hard negatives...
>> Searching for hard negatives...
===> Epoch 2 Complete: Avg. Loss: 0.0068
====> Extracting Features
===>computing query features
===> computing database features
====> Building faiss index
====> Calculating recall @ N
====> Recall@1: 0.6068
====> Recall@5: 0.7527
====> Recall@10: 0.7838
====> Recall@20: 0.8135
====> Recall@50: 0.8608
====> Recall@100: 0.8919
>> Searching for hard negatives...
>> Searching for hard negatives...
>> Searching for hard negatives...
==> Epoch[3](50/8826): Loss: 0.0033
Allocated: 518.60 MB
Cached:    20.27 GB
>> Searching for hard negatives...
>> Searching for hard negatives...
==> Epoch[3](100/8826): Loss: 0.0037
Allocated: 516.02 MB
Cached:    20.27 GB
>> Searching for hard negatives...
>> Searching for hard negatives...
>> Searching for hard negatives...
==> Epoch[3](150/8826): Loss: 0.0038
Allocated: 518.60 MB
Cached:    20.27 GB
>> Searching for hard negatives...
>> Searching for hard negatives...
==> Epoch[3](200/8826): Loss: 0.0090
Allocated: 516.02 MB
Cached:    20.27 GB
>> Searching for hard negatives...
>> Searching for hard negatives...
>> Searching for hard negatives...
==> Epoch[3](250/8826): Loss: 0.0034
Allocated: 518.60 MB
Cached:    20.27 GB
>> Searching for hard negatives...
>> Searching for hard negatives...
==> Epoch[3](300/8826): Loss: 0.0083
Allocated: 516.02 MB
Cached:    20.27 GB
>> Searching for hard negatives...
>> Searching for hard negatives...
>> Searching for hard negatives...
==> Epoch[3](350/8826): Loss: 0.0054
Allocated: 518.60 MB
Cached:    20.27 GB
>> Searching for hard negatives...
>> Searching for hard negatives...
==> Epoch[3](400/8826): Loss: 0.0143
Allocated: 516.02 MB
Cached:    20.27 GB
>> Searching for hard negatives...
>> Searching for hard negatives...
>> Searching for hard negatives...
==> Epoch[3](450/8826): Loss: 0.0023
Allocated: 518.60 MB
Cached:    20.27 GB
>> Searching for hard negatives...
>> Searching for hard negatives...
==> Epoch[3](500/8826): Loss: 0.0033
Allocated: 516.02 MB
Cached:    20.27 GB
>> Searching for hard negatives...
>> Searching for hard negatives...
>> Searching for hard negatives...
==> Epoch[3](550/8826): Loss: 0.0041
Allocated: 518.60 MB
Cached:    20.27 GB
>> Searching for hard negatives...
>> Searching for hard negatives...
==> Epoch[3](600/8826): Loss: 0.0034
Allocated: 516.02 MB
Cached:    20.27 GB
>> Searching for hard negatives...
>> Searching for hard negatives...
>> Searching for hard negatives...
==> Epoch[3](650/8826): Loss: 0.0071
Allocated: 518.60 MB
Cached:    20.27 GB
>> Searching for hard negatives...
>> Searching for hard negatives...
==> Epoch[3](700/8826): Loss: 0.0046
Allocated: 516.02 MB
Cached:    20.27 GB
>> Searching for hard negatives...
>> Searching for hard negatives...
>> Searching for hard negatives...
==> Epoch[3](750/8826): Loss: 0.0088
Allocated: 518.60 MB
Cached:    20.27 GB
>> Searching for hard negatives...
>> Searching for hard negatives...
==> Epoch[3](800/8826): Loss: 0.0050
Allocated: 516.02 MB
Cached:    20.27 GB
>> Searching for hard negatives...
>> Searching for hard negatives...
>> Searching for hard negatives...
==> Epoch[3](850/8826): Loss: 0.0019
Allocated: 518.60 MB
Cached:    20.27 GB
>> Searching for hard negatives...
>> Searching for hard negatives...
==> Epoch[3](900/8826): Loss: 0.0088
Allocated: 516.02 MB
Cached:    20.27 GB
>> Searching for hard negatives...
>> Searching for hard negatives...
>> Searching for hard negatives...
==> Epoch[3](950/8826): Loss: 0.0028
Allocated: 518.60 MB
Cached:    20.27 GB
>> Searching for hard negatives...
>> Searching for hard negatives...
==> Epoch[3](1000/8826): Loss: 0.0066
Allocated: 516.02 MB
Cached:    20.27 GB
>> Searching for hard negatives...
>> Searching for hard negatives...
>> Searching for hard negatives...
==> Epoch[3](1050/8826): Loss: 0.0067
Allocated: 518.60 MB
Cached:    20.27 GB
>> Searching for hard negatives...
>> Searching for hard negatives...
==> Epoch[3](1100/8826): Loss: 0.0152
Allocated: 516.02 MB
Cached:    20.27 GB
>> Searching for hard negatives...
>> Searching for hard negatives...
>> Searching for hard negatives...
==> Epoch[3](1150/8826): Loss: 0.0042
Allocated: 518.60 MB
Cached:    20.27 GB
>> Searching for hard negatives...
>> Searching for hard negatives...
==> Epoch[3](1200/8826): Loss: 0.0101
Allocated: 516.02 MB
Cached:    20.27 GB
>> Searching for hard negatives...
>> Searching for hard negatives...
>> Searching for hard negatives...
==> Epoch[3](1250/8826): Loss: 0.0020
Allocated: 518.60 MB
Cached:    20.27 GB
>> Searching for hard negatives...
>> Searching for hard negatives...
==> Epoch[3](1300/8826): Loss: 0.0093
Allocated: 516.02 MB
Cached:    20.27 GB
>> Searching for hard negatives...
>> Searching for hard negatives...
>> Searching for hard negatives...
==> Epoch[3](1350/8826): Loss: 0.0051
Allocated: 518.60 MB
Cached:    20.27 GB
>> Searching for hard negatives...
>> Searching for hard negatives...
==> Epoch[3](1400/8826): Loss: 0.0045
Allocated: 516.02 MB
Cached:    20.27 GB
>> Searching for hard negatives...
>> Searching for hard negatives...
>> Searching for hard negatives...
==> Epoch[3](1450/8826): Loss: 0.0042
Allocated: 518.60 MB
Cached:    20.27 GB
>> Searching for hard negatives...
>> Searching for hard negatives...
==> Epoch[3](1500/8826): Loss: 0.0082
Allocated: 516.02 MB
Cached:    20.27 GB
>> Searching for hard negatives...
>> Searching for hard negatives...
>> Searching for hard negatives...
==> Epoch[3](1550/8826): Loss: 0.0030
Allocated: 518.60 MB
Cached:    20.27 GB
>> Searching for hard negatives...
>> Searching for hard negatives...
==> Epoch[3](1600/8826): Loss: 0.0083
Allocated: 516.02 MB
Cached:    20.27 GB
>> Searching for hard negatives...
>> Searching for hard negatives...
>> Searching for hard negatives...
==> Epoch[3](1650/8826): Loss: 0.0067
Allocated: 518.60 MB
Cached:    20.27 GB
>> Searching for hard negatives...
>> Searching for hard negatives...
==> Epoch[3](1700/8826): Loss: 0.0137
Allocated: 516.02 MB
Cached:    20.27 GB
>> Searching for hard negatives...
>> Searching for hard negatives...
>> Searching for hard negatives...
==> Epoch[3](1750/8826): Loss: 0.0095
Allocated: 518.60 MB
Cached:    20.27 GB
>> Searching for hard negatives...
>> Searching for hard negatives...
==> Epoch[3](1800/8826): Loss: 0.0101
Allocated: 516.02 MB
Cached:    20.27 GB
>> Searching for hard negatives...
>> Searching for hard negatives...
>> Searching for hard negatives...
==> Epoch[3](1850/8826): Loss: 0.0052
Allocated: 518.60 MB
Cached:    20.27 GB
>> Searching for hard negatives...
>> Searching for hard negatives...
==> Epoch[3](1900/8826): Loss: 0.0025
Allocated: 516.02 MB
Cached:    20.27 GB
>> Searching for hard negatives...
>> Searching for hard negatives...
>> Searching for hard negatives...
==> Epoch[3](1950/8826): Loss: 0.0039
Allocated: 518.60 MB
Cached:    20.27 GB
>> Searching for hard negatives...
>> Searching for hard negatives...
==> Epoch[3](2000/8826): Loss: 0.0024
Allocated: 516.02 MB
Cached:    20.27 GB
>> Searching for hard negatives...
>> Searching for hard negatives...
>> Searching for hard negatives...
==> Epoch[3](2050/8826): Loss: 0.0069
Allocated: 518.60 MB
Cached:    20.27 GB
>> Searching for hard negatives...
>> Searching for hard negatives...
==> Epoch[3](2100/8826): Loss: 0.0064
Allocated: 516.02 MB
Cached:    20.27 GB
>> Searching for hard negatives...
>> Searching for hard negatives...
>> Searching for hard negatives...
==> Epoch[3](2150/8826): Loss: 0.0044
Allocated: 518.60 MB
Cached:    20.27 GB
>> Searching for hard negatives...
>> Searching for hard negatives...
==> Epoch[3](2200/8826): Loss: 0.0043
Allocated: 516.02 MB
Cached:    20.27 GB
>> Searching for hard negatives...
>> Searching for hard negatives...
>> Searching for hard negatives...
==> Epoch[3](2250/8826): Loss: 0.0035
Allocated: 518.60 MB
Cached:    20.27 GB
>> Searching for hard negatives...
>> Searching for hard negatives...
==> Epoch[3](2300/8826): Loss: 0.0059
Allocated: 516.02 MB
Cached:    20.27 GB
>> Searching for hard negatives...
>> Searching for hard negatives...
>> Searching for hard negatives...
==> Epoch[3](2350/8826): Loss: 0.0015
Allocated: 518.60 MB
Cached:    20.27 GB
>> Searching for hard negatives...
>> Searching for hard negatives...
==> Epoch[3](2400/8826): Loss: 0.0108
Allocated: 516.02 MB
Cached:    20.27 GB
>> Searching for hard negatives...
>> Searching for hard negatives...
>> Searching for hard negatives...
==> Epoch[3](2450/8826): Loss: 0.0020
Allocated: 518.60 MB
Cached:    20.27 GB
>> Searching for hard negatives...
>> Searching for hard negatives...
==> Epoch[3](2500/8826): Loss: 0.0054
Allocated: 516.02 MB
Cached:    20.27 GB
>> Searching for hard negatives...
>> Searching for hard negatives...
>> Searching for hard negatives...
==> Epoch[3](2550/8826): Loss: 0.0132
Allocated: 518.60 MB
Cached:    20.27 GB
>> Searching for hard negatives...
>> Searching for hard negatives...
==> Epoch[3](2600/8826): Loss: 0.0087
Allocated: 516.02 MB
Cached:    20.27 GB
>> Searching for hard negatives...
>> Searching for hard negatives...
>> Searching for hard negatives...
==> Epoch[3](2650/8826): Loss: 0.0045
Allocated: 518.60 MB
Cached:    20.27 GB
>> Searching for hard negatives...
>> Searching for hard negatives...
==> Epoch[3](2700/8826): Loss: 0.0062
Allocated: 516.02 MB
Cached:    20.27 GB
>> Searching for hard negatives...
>> Searching for hard negatives...
>> Searching for hard negatives...
==> Epoch[3](2750/8826): Loss: 0.0116
Allocated: 518.60 MB
Cached:    20.27 GB
>> Searching for hard negatives...
>> Searching for hard negatives...
==> Epoch[3](2800/8826): Loss: 0.0045
Allocated: 516.02 MB
Cached:    20.27 GB
>> Searching for hard negatives...
>> Searching for hard negatives...
>> Searching for hard negatives...
==> Epoch[3](2850/8826): Loss: 0.0059
Allocated: 518.60 MB
Cached:    20.27 GB
>> Searching for hard negatives...
>> Searching for hard negatives...
==> Epoch[3](2900/8826): Loss: 0.0036
Allocated: 516.02 MB
Cached:    20.27 GB
>> Searching for hard negatives...
>> Searching for hard negatives...
>> Searching for hard negatives...
==> Epoch[3](2950/8826): Loss: 0.0029
Allocated: 518.60 MB
Cached:    20.27 GB
>> Searching for hard negatives...
>> Searching for hard negatives...
==> Epoch[3](3000/8826): Loss: 0.0020
Allocated: 516.02 MB
Cached:    20.27 GB
>> Searching for hard negatives...
>> Searching for hard negatives...
>> Searching for hard negatives...
==> Epoch[3](3050/8826): Loss: 0.0052
Allocated: 518.60 MB
Cached:    20.27 GB
>> Searching for hard negatives...
>> Searching for hard negatives...
==> Epoch[3](3100/8826): Loss: 0.0075
Allocated: 516.02 MB
Cached:    20.27 GB
>> Searching for hard negatives...
>> Searching for hard negatives...
>> Searching for hard negatives...
==> Epoch[3](3150/8826): Loss: 0.0039
Allocated: 518.60 MB
Cached:    20.27 GB
>> Searching for hard negatives...
>> Searching for hard negatives...
==> Epoch[3](3200/8826): Loss: 0.0086
Allocated: 516.02 MB
Cached:    20.27 GB
>> Searching for hard negatives...
>> Searching for hard negatives...
>> Searching for hard negatives...
==> Epoch[3](3250/8826): Loss: 0.0037
Allocated: 518.60 MB
Cached:    20.27 GB
>> Searching for hard negatives...
>> Searching for hard negatives...
==> Epoch[3](3300/8826): Loss: 0.0014
Allocated: 513.44 MB
Cached:    20.27 GB
>> Searching for hard negatives...
>> Searching for hard negatives...
>> Searching for hard negatives...
==> Epoch[3](3350/8826): Loss: 0.0040
Allocated: 518.60 MB
Cached:    19.65 GB
>> Searching for hard negatives...
>> Searching for hard negatives...
==> Epoch[3](3400/8826): Loss: 0.0207
Allocated: 513.44 MB
Cached:    19.72 GB
>> Searching for hard negatives...
>> Searching for hard negatives...
>> Searching for hard negatives...
==> Epoch[3](3450/8826): Loss: 0.0098
Allocated: 518.60 MB
Cached:    19.94 GB
>> Searching for hard negatives...
>> Searching for hard negatives...
==> Epoch[3](3500/8826): Loss: 0.0061
Allocated: 513.44 MB
Cached:    20.13 GB
>> Searching for hard negatives...
>> Searching for hard negatives...
>> Searching for hard negatives...
==> Epoch[3](3550/8826): Loss: 0.0048
Allocated: 518.60 MB
Cached:    19.85 GB
>> Searching for hard negatives...
>> Searching for hard negatives...
==> Epoch[3](3600/8826): Loss: 0.0059
Allocated: 514.28 MB
Cached:    19.74 GB
>> Searching for hard negatives...
>> Searching for hard negatives...
>> Searching for hard negatives...
==> Epoch[3](3650/8826): Loss: 0.0018
Allocated: 518.60 MB
Cached:    25.94 GB
>> Searching for hard negatives...
>> Searching for hard negatives...
==> Epoch[3](3700/8826): Loss: 0.0027
Allocated: 513.44 MB
Cached:    19.85 GB
>> Searching for hard negatives...
>> Searching for hard negatives...
>> Searching for hard negatives...
==> Epoch[3](3750/8826): Loss: 0.0031
Allocated: 518.60 MB
Cached:    19.81 GB
>> Searching for hard negatives...
>> Searching for hard negatives...
==> Epoch[3](3800/8826): Loss: 0.0027
Allocated: 513.44 MB
Cached:    19.85 GB
>> Searching for hard negatives...
>> Searching for hard negatives...
>> Searching for hard negatives...
==> Epoch[3](3850/8826): Loss: 0.0083
Allocated: 518.60 MB
Cached:    19.96 GB
>> Searching for hard negatives...
>> Searching for hard negatives...
==> Epoch[3](3900/8826): Loss: 0.0033
Allocated: 513.44 MB
Cached:    19.67 GB
>> Searching for hard negatives...
>> Searching for hard negatives...
>> Searching for hard negatives...
==> Epoch[3](3950/8826): Loss: 0.0022
Allocated: 518.60 MB
Cached:    20.19 GB
>> Searching for hard negatives...
>> Searching for hard negatives...
==> Epoch[3](4000/8826): Loss: 0.0058
Allocated: 513.44 MB
Cached:    20.94 GB
>> Searching for hard negatives...
>> Searching for hard negatives...
>> Searching for hard negatives...
==> Epoch[3](4050/8826): Loss: 0.0030
Allocated: 518.60 MB
Cached:    19.94 GB
>> Searching for hard negatives...
>> Searching for hard negatives...
==> Epoch[3](4100/8826): Loss: 0.0102
Allocated: 513.44 MB
Cached:    19.85 GB
>> Searching for hard negatives...
>> Searching for hard negatives...
>> Searching for hard negatives...
==> Epoch[3](4150/8826): Loss: 0.0028
Allocated: 518.60 MB
Cached:    20.91 GB
>> Searching for hard negatives...
>> Searching for hard negatives...
==> Epoch[3](4200/8826): Loss: 0.0050
Allocated: 513.44 MB
Cached:    19.85 GB
>> Searching for hard negatives...
>> Searching for hard negatives...
>> Searching for hard negatives...
==> Epoch[3](4250/8826): Loss: 0.0085
Allocated: 518.60 MB
Cached:    20.19 GB
>> Searching for hard negatives...
>> Searching for hard negatives...
==> Epoch[3](4300/8826): Loss: 0.0077
Allocated: 513.44 MB
Cached:    19.94 GB
>> Searching for hard negatives...
>> Searching for hard negatives...
>> Searching for hard negatives...
==> Epoch[3](4350/8826): Loss: 0.0046
Allocated: 518.60 MB
Cached:    19.72 GB
>> Searching for hard negatives...
>> Searching for hard negatives...
==> Epoch[3](4400/8826): Loss: 0.0076
Allocated: 513.54 MB
Cached:    19.94 GB
>> Searching for hard negatives...
>> Searching for hard negatives...
>> Searching for hard negatives...
==> Epoch[3](4450/8826): Loss: 0.0048
Allocated: 518.60 MB
Cached:    20.58 GB
>> Searching for hard negatives...
>> Searching for hard negatives...
==> Epoch[3](4500/8826): Loss: 0.0035
Allocated: 513.44 MB
Cached:    19.81 GB
>> Searching for hard negatives...
>> Searching for hard negatives...
>> Searching for hard negatives...
==> Epoch[3](4550/8826): Loss: 0.0042
Allocated: 518.60 MB
Cached:    20.04 GB
>> Searching for hard negatives...
>> Searching for hard negatives...
==> Epoch[3](4600/8826): Loss: 0.0028
Allocated: 513.44 MB
Cached:    20.19 GB
>> Searching for hard negatives...
>> Searching for hard negatives...
>> Searching for hard negatives...
==> Epoch[3](4650/8826): Loss: 0.0082
Allocated: 518.60 MB
Cached:    19.85 GB
>> Searching for hard negatives...
>> Searching for hard negatives...
==> Epoch[3](4700/8826): Loss: 0.0072
Allocated: 513.44 MB
Cached:    19.72 GB
>> Searching for hard negatives...
>> Searching for hard negatives...
>> Searching for hard negatives...
==> Epoch[3](4750/8826): Loss: 0.0016
Allocated: 518.60 MB
Cached:    19.94 GB
>> Searching for hard negatives...
>> Searching for hard negatives...
==> Epoch[3](4800/8826): Loss: 0.0055
Allocated: 513.44 MB
Cached:    20.58 GB
>> Searching for hard negatives...
>> Searching for hard negatives...
>> Searching for hard negatives...
==> Epoch[3](4850/8826): Loss: 0.0166
Allocated: 518.60 MB
Cached:    19.94 GB
>> Searching for hard negatives...
>> Searching for hard negatives...
==> Epoch[3](4900/8826): Loss: 0.0056
Allocated: 513.44 MB
Cached:    20.70 GB
>> Searching for hard negatives...
>> Searching for hard negatives...
>> Searching for hard negatives...
==> Epoch[3](4950/8826): Loss: 0.0053
Allocated: 518.60 MB
Cached:    19.94 GB
>> Searching for hard negatives...
>> Searching for hard negatives...
==> Epoch[3](5000/8826): Loss: 0.0050
Allocated: 513.44 MB
Cached:    19.85 GB
>> Searching for hard negatives...
>> Searching for hard negatives...
>> Searching for hard negatives...
==> Epoch[3](5050/8826): Loss: 0.0022
Allocated: 518.60 MB
Cached:    25.94 GB
>> Searching for hard negatives...
>> Searching for hard negatives...
==> Epoch[3](5100/8826): Loss: 0.0071
Allocated: 513.44 MB
Cached:    19.85 GB
>> Searching for hard negatives...
>> Searching for hard negatives...
>> Searching for hard negatives...
==> Epoch[3](5150/8826): Loss: 0.0111
Allocated: 518.60 MB
Cached:    20.19 GB
>> Searching for hard negatives...
>> Searching for hard negatives...
==> Epoch[3](5200/8826): Loss: 0.0063
Allocated: 513.44 MB
Cached:    19.94 GB
>> Searching for hard negatives...
>> Searching for hard negatives...
>> Searching for hard negatives...
==> Epoch[3](5250/8826): Loss: 0.0038
Allocated: 518.60 MB
Cached:    25.94 GB
>> Searching for hard negatives...
>> Searching for hard negatives...
==> Epoch[3](5300/8826): Loss: 0.0074
Allocated: 513.44 MB
Cached:    19.96 GB
>> Searching for hard negatives...
>> Searching for hard negatives...
>> Searching for hard negatives...
==> Epoch[3](5350/8826): Loss: 0.0044
Allocated: 518.60 MB
Cached:    19.74 GB
>> Searching for hard negatives...
>> Searching for hard negatives...
==> Epoch[3](5400/8826): Loss: 0.0053
Allocated: 513.44 MB
Cached:    19.72 GB
>> Searching for hard negatives...
>> Searching for hard negatives...
>> Searching for hard negatives...
==> Epoch[3](5450/8826): Loss: 0.0040
Allocated: 518.60 MB
Cached:    19.94 GB
>> Searching for hard negatives...
>> Searching for hard negatives...
==> Epoch[3](5500/8826): Loss: 0.0021
Allocated: 513.44 MB
Cached:    19.85 GB
>> Searching for hard negatives...
>> Searching for hard negatives...
>> Searching for hard negatives...
==> Epoch[3](5550/8826): Loss: 0.0065
Allocated: 518.60 MB
Cached:    19.85 GB
>> Searching for hard negatives...
>> Searching for hard negatives...
==> Epoch[3](5600/8826): Loss: 0.0048
Allocated: 513.44 MB
Cached:    19.72 GB
>> Searching for hard negatives...
>> Searching for hard negatives...
>> Searching for hard negatives...
==> Epoch[3](5650/8826): Loss: 0.0050
Allocated: 518.60 MB
Cached:    19.94 GB
>> Searching for hard negatives...
>> Searching for hard negatives...
==> Epoch[3](5700/8826): Loss: 0.0011
Allocated: 513.44 MB
Cached:    20.19 GB
>> Searching for hard negatives...
>> Searching for hard negatives...
>> Searching for hard negatives...
==> Epoch[3](5750/8826): Loss: 0.0017
Allocated: 518.60 MB
Cached:    19.81 GB
>> Searching for hard negatives...
>> Searching for hard negatives...
==> Epoch[3](5800/8826): Loss: 0.0019
Allocated: 513.44 MB
Cached:    19.85 GB
>> Searching for hard negatives...
>> Searching for hard negatives...
>> Searching for hard negatives...
==> Epoch[3](5850/8826): Loss: 0.0029
Allocated: 518.60 MB
Cached:    19.85 GB
>> Searching for hard negatives...
>> Searching for hard negatives...
==> Epoch[3](5900/8826): Loss: 0.0032
Allocated: 513.44 MB
Cached:    19.72 GB
>> Searching for hard negatives...
>> Searching for hard negatives...
>> Searching for hard negatives...
==> Epoch[3](5950/8826): Loss: 0.0078
Allocated: 518.60 MB
Cached:    19.94 GB
>> Searching for hard negatives...
>> Searching for hard negatives...
==> Epoch[3](6000/8826): Loss: 0.0081
Allocated: 513.44 MB
Cached:    20.60 GB
>> Searching for hard negatives...
>> Searching for hard negatives...
>> Searching for hard negatives...
==> Epoch[3](6050/8826): Loss: 0.0039
Allocated: 518.60 MB
Cached:    20.19 GB
>> Searching for hard negatives...
>> Searching for hard negatives...
==> Epoch[3](6100/8826): Loss: 0.0032
Allocated: 513.44 MB
Cached:    19.44 GB
>> Searching for hard negatives...
>> Searching for hard negatives...
>> Searching for hard negatives...
==> Epoch[3](6150/8826): Loss: 0.0034
Allocated: 518.60 MB
Cached:    19.85 GB
>> Searching for hard negatives...
>> Searching for hard negatives...
==> Epoch[3](6200/8826): Loss: 0.0023
Allocated: 513.44 MB
Cached:    20.94 GB
>> Searching for hard negatives...
>> Searching for hard negatives...
>> Searching for hard negatives...
==> Epoch[3](6250/8826): Loss: 0.0020
Allocated: 518.60 MB
Cached:    20.17 GB
>> Searching for hard negatives...
>> Searching for hard negatives...
==> Epoch[3](6300/8826): Loss: 0.0051
Allocated: 513.54 MB
Cached:    19.94 GB
>> Searching for hard negatives...
>> Searching for hard negatives...
>> Searching for hard negatives...
==> Epoch[3](6350/8826): Loss: 0.0026
Allocated: 518.60 MB
Cached:    20.19 GB
>> Searching for hard negatives...
>> Searching for hard negatives...
==> Epoch[3](6400/8826): Loss: 0.0040
Allocated: 513.44 MB
Cached:    21.13 GB
>> Searching for hard negatives...
>> Searching for hard negatives...
>> Searching for hard negatives...
==> Epoch[3](6450/8826): Loss: 0.0090
Allocated: 518.60 MB
Cached:    19.85 GB
>> Searching for hard negatives...
>> Searching for hard negatives...
==> Epoch[3](6500/8826): Loss: 0.0057
Allocated: 513.44 MB
Cached:    19.72 GB
>> Searching for hard negatives...
>> Searching for hard negatives...
>> Searching for hard negatives...
==> Epoch[3](6550/8826): Loss: 0.0031
Allocated: 518.60 MB
Cached:    19.94 GB
>> Searching for hard negatives...
>> Searching for hard negatives...
==> Epoch[3](6600/8826): Loss: 0.0051
Allocated: 513.44 MB
Cached:    20.60 GB
>> Searching for hard negatives...
>> Searching for hard negatives...
>> Searching for hard negatives...
==> Epoch[3](6650/8826): Loss: 0.0081
Allocated: 518.60 MB
Cached:    20.04 GB
>> Searching for hard negatives...
>> Searching for hard negatives...
==> Epoch[3](6700/8826): Loss: 0.0031
Allocated: 513.44 MB
Cached:    20.19 GB
>> Searching for hard negatives...
>> Searching for hard negatives...
>> Searching for hard negatives...
==> Epoch[3](6750/8826): Loss: 0.0085
Allocated: 518.60 MB
Cached:    19.85 GB
>> Searching for hard negatives...
>> Searching for hard negatives...
==> Epoch[3](6800/8826): Loss: 0.0058
Allocated: 513.44 MB
Cached:    19.72 GB
>> Searching for hard negatives...
>> Searching for hard negatives...
>> Searching for hard negatives...
==> Epoch[3](6850/8826): Loss: 0.0087
Allocated: 518.60 MB
Cached:    19.94 GB
>> Searching for hard negatives...
>> Searching for hard negatives...
==> Epoch[3](6900/8826): Loss: 0.0024
Allocated: 513.44 MB
Cached:    20.04 GB
>> Searching for hard negatives...
>> Searching for hard negatives...
>> Searching for hard negatives...
==> Epoch[3](6950/8826): Loss: 0.0060
Allocated: 518.60 MB
Cached:    19.94 GB
>> Searching for hard negatives...
>> Searching for hard negatives...
==> Epoch[3](7000/8826): Loss: 0.0043
Allocated: 513.44 MB
Cached:    19.85 GB
>> Searching for hard negatives...
>> Searching for hard negatives...
>> Searching for hard negatives...
==> Epoch[3](7050/8826): Loss: 0.0046
Allocated: 518.60 MB
Cached:    20.19 GB
>> Searching for hard negatives...
>> Searching for hard negatives...
==> Epoch[3](7100/8826): Loss: 0.0142
Allocated: 513.44 MB
Cached:    19.94 GB
>> Searching for hard negatives...
>> Searching for hard negatives...
>> Searching for hard negatives...
==> Epoch[3](7150/8826): Loss: 0.0053
Allocated: 518.60 MB
Cached:    25.94 GB
>> Searching for hard negatives...
>> Searching for hard negatives...
==> Epoch[3](7200/8826): Loss: 0.0038
Allocated: 513.44 MB
Cached:    19.66 GB
>> Searching for hard negatives...
>> Searching for hard negatives...
>> Searching for hard negatives...
==> Epoch[3](7250/8826): Loss: 0.0040
Allocated: 518.60 MB
Cached:    25.94 GB
>> Searching for hard negatives...
>> Searching for hard negatives...
==> Epoch[3](7300/8826): Loss: 0.0045
Allocated: 513.44 MB
Cached:    19.66 GB
>> Searching for hard negatives...
>> Searching for hard negatives...
>> Searching for hard negatives...
==> Epoch[3](7350/8826): Loss: 0.0025
Allocated: 518.60 MB
Cached:    19.72 GB
>> Searching for hard negatives...
>> Searching for hard negatives...
==> Epoch[3](7400/8826): Loss: 0.0043
Allocated: 513.54 MB
Cached:    19.94 GB
>> Searching for hard negatives...
>> Searching for hard negatives...
>> Searching for hard negatives...
==> Epoch[3](7450/8826): Loss: 0.0032
Allocated: 518.60 MB
Cached:    20.58 GB
>> Searching for hard negatives...
>> Searching for hard negatives...
==> Epoch[3](7500/8826): Loss: 0.0056
Allocated: 513.44 MB
Cached:    19.81 GB
>> Searching for hard negatives...
>> Searching for hard negatives...
>> Searching for hard negatives...
==> Epoch[3](7550/8826): Loss: 0.0053
Allocated: 518.60 MB
Cached:    20.60 GB
>> Searching for hard negatives...
>> Searching for hard negatives...
==> Epoch[3](7600/8826): Loss: 0.0029
Allocated: 513.44 MB
Cached:    25.94 GB
>> Searching for hard negatives...
>> Searching for hard negatives...
>> Searching for hard negatives...
==> Epoch[3](7650/8826): Loss: 0.0029
Allocated: 518.60 MB
Cached:    20.04 GB
>> Searching for hard negatives...
>> Searching for hard negatives...
==> Epoch[3](7700/8826): Loss: 0.0042
Allocated: 513.44 MB
Cached:    20.19 GB
>> Searching for hard negatives...
>> Searching for hard negatives...
>> Searching for hard negatives...
==> Epoch[3](7750/8826): Loss: 0.0060
Allocated: 518.60 MB
Cached:    19.85 GB
>> Searching for hard negatives...
>> Searching for hard negatives...
==> Epoch[3](7800/8826): Loss: 0.0153
Allocated: 513.44 MB
Cached:    19.72 GB
>> Searching for hard negatives...
>> Searching for hard negatives...
>> Searching for hard negatives...
==> Epoch[3](7850/8826): Loss: 0.0037
Allocated: 518.60 MB
Cached:    19.94 GB
>> Searching for hard negatives...
>> Searching for hard negatives...
==> Epoch[3](7900/8826): Loss: 0.0091
Allocated: 513.44 MB
Cached:    19.85 GB
>> Searching for hard negatives...
>> Searching for hard negatives...
>> Searching for hard negatives...
==> Epoch[3](7950/8826): Loss: 0.0042
Allocated: 518.60 MB
Cached:    19.81 GB
>> Searching for hard negatives...
>> Searching for hard negatives...
==> Epoch[3](8000/8826): Loss: 0.0053
Allocated: 513.44 MB
Cached:    19.85 GB
>> Searching for hard negatives...
>> Searching for hard negatives...
>> Searching for hard negatives...
==> Epoch[3](8050/8826): Loss: 0.0018
Allocated: 518.60 MB
Cached:    20.83 GB
>> Searching for hard negatives...
>> Searching for hard negatives...
==> Epoch[3](8100/8826): Loss: 0.0050
Allocated: 513.44 MB
Cached:    19.85 GB
>> Searching for hard negatives...
>> Searching for hard negatives...
>> Searching for hard negatives...
==> Epoch[3](8150/8826): Loss: 0.0024
Allocated: 518.60 MB
Cached:    20.19 GB
>> Searching for hard negatives...
>> Searching for hard negatives...
==> Epoch[3](8200/8826): Loss: 0.0085
Allocated: 513.44 MB
Cached:    19.94 GB
>> Searching for hard negatives...
>> Searching for hard negatives...
>> Searching for hard negatives...
==> Epoch[3](8250/8826): Loss: 0.0062
Allocated: 518.60 MB
Cached:    25.94 GB
>> Searching for hard negatives...
>> Searching for hard negatives...
==> Epoch[3](8300/8826): Loss: 0.0044
Allocated: 513.44 MB
Cached:    20.83 GB
>> Searching for hard negatives...
>> Searching for hard negatives...
>> Searching for hard negatives...
==> Epoch[3](8350/8826): Loss: 0.0077
Allocated: 518.60 MB
Cached:    19.94 GB
>> Searching for hard negatives...
>> Searching for hard negatives...
==> Epoch[3](8400/8826): Loss: 0.0061
Allocated: 513.44 MB
Cached:    20.19 GB
>> Searching for hard negatives...
>> Searching for hard negatives...
>> Searching for hard negatives...
==> Epoch[3](8450/8826): Loss: 0.0030
Allocated: 518.60 MB
Cached:    19.81 GB
>> Searching for hard negatives...
>> Searching for hard negatives...
==> Epoch[3](8500/8826): Loss: 0.0105
Allocated: 513.44 MB
Cached:    19.85 GB
>> Searching for hard negatives...
>> Searching for hard negatives...
>> Searching for hard negatives...
==> Epoch[3](8550/8826): Loss: 0.0054
Allocated: 518.60 MB
Cached:    21.13 GB
>> Searching for hard negatives...
>> Searching for hard negatives...
==> Epoch[3](8600/8826): Loss: 0.0034
Allocated: 513.44 MB
Cached:    19.92 GB
>> Searching for hard negatives...
>> Searching for hard negatives...
>> Searching for hard negatives...
==> Epoch[3](8650/8826): Loss: 0.0028
Allocated: 518.60 MB
Cached:    19.72 GB
>> Searching for hard negatives...
>> Searching for hard negatives...
==> Epoch[3](8700/8826): Loss: 0.0044
Allocated: 513.54 MB
Cached:    19.94 GB
>> Searching for hard negatives...
>> Searching for hard negatives...
>> Searching for hard negatives...
==> Epoch[3](8750/8826): Loss: 0.0066
Allocated: 518.60 MB
Cached:    20.60 GB
>> Searching for hard negatives...
>> Searching for hard negatives...
==> Epoch[3](8800/8826): Loss: 0.0064
Allocated: 513.44 MB
Cached:    19.85 GB
>> Searching for hard negatives...
>> Searching for hard negatives...
===> Epoch 3 Complete: Avg. Loss: 0.0051
====> Extracting Features
===>computing query features
===> computing database features
====> Building faiss index
====> Calculating recall @ N
====> Recall@1: 0.6378
====> Recall@5: 0.7635
====> Recall@10: 0.7932
====> Recall@20: 0.8297
====> Recall@50: 0.8689
====> Recall@100: 0.9000
>> Searching for hard negatives...
>> Searching for hard negatives...
