Sun Feb 11 16:33:03 EST 2024
/home/m.maqboolbhutta/usman_ws/codes/patchnetvlad
/home/m.maqboolbhutta/.conda/envs/patchnetvlad/bin/python
Host: c1007a-s29
Other nodes: 
Starting  process(es) on each node...
/home/m.maqboolbhutta/models/patchnetvlad/pc-0209/Feb08_17-27-27_mapillary_nopanos/checkpoints/checkpoint_epoch5.pth.tar
/home/m.maqboolbhutta/models/patchnetvlad/pc-0209/Feb08_17-27-27_mapillary_nopanos/checkpoints/checkpoint_epoch2.pth.tar
/home/m.maqboolbhutta/models/patchnetvlad/pc-0209/Feb08_17-27-27_mapillary_nopanos/checkpoints/checkpoint_epoch1.pth.tar
/home/m.maqboolbhutta/models/patchnetvlad/pc-0209/Feb08_17-27-27_mapillary_nopanos/checkpoints/checkpoint_epoch6.pth.tar
/home/m.maqboolbhutta/models/patchnetvlad/pc-0209/Feb08_17-27-27_mapillary_nopanos/checkpoints/checkpoint_epoch4.pth.tar
/home/m.maqboolbhutta/models/patchnetvlad/pc-0209/Feb08_17-27-27_mapillary_nopanos/checkpoints/model_best.pth.tar
/home/m.maqboolbhutta/models/patchnetvlad/pc-0209/Feb08_17-27-27_mapillary_nopanos/checkpoints/checkpoint_epoch3.pth.tar
Building PCA Model of /home/m.maqboolbhutta/models/patchnetvlad/pc-0209/Feb08_17-27-27_mapillary_nopanos/checkpoints/checkpoint_epoch5.pth.tar file...
/home/m.maqboolbhutta/models/patchnetvlad/pc-0209/Feb08_17-27-27_mapillary_nopanos/checkpoints/checkpoint_epoch5_WPCA4096.pth.tar
checkpoint_epoch5
Adding PCA Layer
Namespace(config_path='patchnetvlad/configs/train.ini', dataset_choice='mapillary', dataset_root_dir='/home/m.maqboolbhutta/usman_ws/datasets/mapillary_sls/', nocuda=False, resume_path='/home/m.maqboolbhutta/models/patchnetvlad/pc-0209/Feb08_17-27-27_mapillary_nopanos/checkpoints/checkpoint_epoch5.pth.tar', threads=6, vd16_offtheshelf_path=None)
===> Building model
=> loading checkpoint '/home/m.maqboolbhutta/models/patchnetvlad/pc-0209/Feb08_17-27-27_mapillary_nopanos/checkpoints/checkpoint_epoch5.pth.tar'
=> loaded checkpoint '/home/m.maqboolbhutta/models/patchnetvlad/pc-0209/Feb08_17-27-27_mapillary_nopanos/checkpoints/checkpoint_epoch5.pth.tar'
===> Loading PCA dataset(s)
Exclude panoramas: True
=====> trondheim
=====> london
=====> boston
=====> melbourne
=====> amsterdam
=====> helsinki
=====> tokyo
=====> toronto
=====> saopaulo
=====> moscow
=====> zurich
=====> paris
=====> bangkok
=====> budapest
=====> austin
=====> berlin
=====> ottawa
=====> phoenix
=====> goa
=====> amman
=====> nairobi
=====> manila
===> Do inference to extract features and save them.
====> Extracting Features
Compute 10000 features
===> Compute PCA, takes a while
PCA for 10000 points of dimension 8192 to PCA dimension 4096
Compute 4096 eigenvectors
===> Add PCA Whiten
Done
Extracting Features of mapillarysf Index Images
Namespace(config_path='patchnetvlad/configs/performance.ini', dataset_file_path='mapillarysf_imageNames_index.txt', dataset_root_dir='/home/m.maqboolbhutta/usman_ws/datasets/', nocuda=False, output_features_dir='/home/m.maqboolbhutta/usman_ws/models/features/mapillarysf_index', resume_path='/home/m.maqboolbhutta/models/patchnetvlad/pc-0209/Feb08_17-27-27_mapillary_nopanos/checkpoints/checkpoint_epoch5_WPCA4096.pth.tar')
Parsing dataset...
Done! Found 6315 images
=> loading checkpoint '/home/m.maqboolbhutta/models/patchnetvlad/pc-0209/Feb08_17-27-27_mapillary_nopanos/checkpoints/checkpoint_epoch5_WPCA4096.pth.tar'
=> loaded checkpoint '/home/m.maqboolbhutta/models/patchnetvlad/pc-0209/Feb08_17-27-27_mapillary_nopanos/checkpoints/checkpoint_epoch5_WPCA4096.pth.tar'
====> Extracting Features


Done. Finished extracting and saving features
Extracting Features of mapillarysf Query Images
Namespace(config_path='patchnetvlad/configs/performance.ini', dataset_file_path='mapillarysf_imageNames_query.txt', dataset_root_dir='/home/m.maqboolbhutta/usman_ws/datasets/', nocuda=False, output_features_dir='/home/m.maqboolbhutta/usman_ws/models/features/mapillarysf_query', resume_path='/home/m.maqboolbhutta/models/patchnetvlad/pc-0209/Feb08_17-27-27_mapillary_nopanos/checkpoints/checkpoint_epoch5_WPCA4096.pth.tar')
Parsing dataset...
Done! Found 242 images
=> loading checkpoint '/home/m.maqboolbhutta/models/patchnetvlad/pc-0209/Feb08_17-27-27_mapillary_nopanos/checkpoints/checkpoint_epoch5_WPCA4096.pth.tar'
=> loaded checkpoint '/home/m.maqboolbhutta/models/patchnetvlad/pc-0209/Feb08_17-27-27_mapillary_nopanos/checkpoints/checkpoint_epoch5_WPCA4096.pth.tar'
====> Extracting Features


Done. Finished extracting and saving features
Performing Features Matching and Recall Result of mapillarysf
Namespace(config_path='patchnetvlad/configs/performance.ini', dataset_root_dir='/home/m.maqboolbhutta/usman_ws/datasets/', ground_truth_path=None, index_file_path='mapillarysf_imageNames_index.txt', index_input_features_dir='/home/m.maqboolbhutta/usman_ws/models/features/mapillarysf_index', nocuda=False, posDistThr=None, query_file_path='mapillarysf_imageNames_query.txt', query_input_features_dir='/home/m.maqboolbhutta/usman_ws/models/features/mapillarysf_query', result_save_folder='./patchnetvlad/results/mapillarysf')
Parsing dataset...
Done! Found 242 images
Parsing dataset...
Done! Found 6315 images
====> Building faiss index
Writing results to ./patchnetvlad/results/mapillarysf/NetVLAD_predictions.txt
Finished matching features.
No ground truth was provided; not calculating recalls.
Done
Extracting Features of mapillarycph Index Images
Namespace(config_path='patchnetvlad/configs/performance.ini', dataset_file_path='mapillarycph_imageNames_index.txt', dataset_root_dir='/home/m.maqboolbhutta/usman_ws/datasets/', nocuda=False, output_features_dir='/home/m.maqboolbhutta/usman_ws/models/features/mapillarycph_index', resume_path='/home/m.maqboolbhutta/models/patchnetvlad/pc-0209/Feb08_17-27-27_mapillary_nopanos/checkpoints/checkpoint_epoch5_WPCA4096.pth.tar')
Parsing dataset...
Done! Found 12556 images
=> loading checkpoint '/home/m.maqboolbhutta/models/patchnetvlad/pc-0209/Feb08_17-27-27_mapillary_nopanos/checkpoints/checkpoint_epoch5_WPCA4096.pth.tar'
=> loaded checkpoint '/home/m.maqboolbhutta/models/patchnetvlad/pc-0209/Feb08_17-27-27_mapillary_nopanos/checkpoints/checkpoint_epoch5_WPCA4096.pth.tar'
====> Extracting Features


Done. Finished extracting and saving features
Extracting Features of mapillarycph Query Images
Namespace(config_path='patchnetvlad/configs/performance.ini', dataset_file_path='mapillarycph_imageNames_query.txt', dataset_root_dir='/home/m.maqboolbhutta/usman_ws/datasets/', nocuda=False, output_features_dir='/home/m.maqboolbhutta/usman_ws/models/features/mapillarycph_query', resume_path='/home/m.maqboolbhutta/models/patchnetvlad/pc-0209/Feb08_17-27-27_mapillary_nopanos/checkpoints/checkpoint_epoch5_WPCA4096.pth.tar')
Parsing dataset...
Done! Found 498 images
=> loading checkpoint '/home/m.maqboolbhutta/models/patchnetvlad/pc-0209/Feb08_17-27-27_mapillary_nopanos/checkpoints/checkpoint_epoch5_WPCA4096.pth.tar'
=> loaded checkpoint '/home/m.maqboolbhutta/models/patchnetvlad/pc-0209/Feb08_17-27-27_mapillary_nopanos/checkpoints/checkpoint_epoch5_WPCA4096.pth.tar'
====> Extracting Features


Done. Finished extracting and saving features
Performing Features Matching and Recall Result of mapillarycph
Namespace(config_path='patchnetvlad/configs/performance.ini', dataset_root_dir='/home/m.maqboolbhutta/usman_ws/datasets/', ground_truth_path=None, index_file_path='mapillarycph_imageNames_index.txt', index_input_features_dir='/home/m.maqboolbhutta/usman_ws/models/features/mapillarycph_index', nocuda=False, posDistThr=None, query_file_path='mapillarycph_imageNames_query.txt', query_input_features_dir='/home/m.maqboolbhutta/usman_ws/models/features/mapillarycph_query', result_save_folder='./patchnetvlad/results/mapillarycph')
Parsing dataset...
Done! Found 498 images
Parsing dataset...
Done! Found 12556 images
====> Building faiss index
Writing results to ./patchnetvlad/results/mapillarycph/NetVLAD_predictions.txt
Finished matching features.
No ground truth was provided; not calculating recalls.
Done
Recall Results of /home/m.maqboolbhutta/models/patchnetvlad/pc-0209/Feb08_17-27-27_mapillary_nopanos/checkpoints/checkpoint_epoch5_WPCA4096.pth.tar file...
Ignoring sequence length 3 for the im2im task. (Setting to 1)
=====> cph
=====> sf
all_recall@1: 0.689
all_recall@5: 0.800
all_recall@10: 0.841
all_recall@20: 0.870
all_map@1: 0.689
all_map@5: 0.509
all_map@10: 0.453
all_map@20: 0.439
Building PCA Model of /home/m.maqboolbhutta/models/patchnetvlad/pc-0209/Feb08_17-27-27_mapillary_nopanos/checkpoints/checkpoint_epoch2.pth.tar file...
/home/m.maqboolbhutta/models/patchnetvlad/pc-0209/Feb08_17-27-27_mapillary_nopanos/checkpoints/checkpoint_epoch2_WPCA4096.pth.tar
checkpoint_epoch2
Adding PCA Layer
Namespace(config_path='patchnetvlad/configs/train.ini', dataset_choice='mapillary', dataset_root_dir='/home/m.maqboolbhutta/usman_ws/datasets/mapillary_sls/', nocuda=False, resume_path='/home/m.maqboolbhutta/models/patchnetvlad/pc-0209/Feb08_17-27-27_mapillary_nopanos/checkpoints/checkpoint_epoch2.pth.tar', threads=6, vd16_offtheshelf_path=None)
===> Building model
=> loading checkpoint '/home/m.maqboolbhutta/models/patchnetvlad/pc-0209/Feb08_17-27-27_mapillary_nopanos/checkpoints/checkpoint_epoch2.pth.tar'
=> loaded checkpoint '/home/m.maqboolbhutta/models/patchnetvlad/pc-0209/Feb08_17-27-27_mapillary_nopanos/checkpoints/checkpoint_epoch2.pth.tar'
===> Loading PCA dataset(s)
Exclude panoramas: True
=====> trondheim
=====> london
=====> boston
=====> melbourne
=====> amsterdam
=====> helsinki
=====> tokyo
=====> toronto
=====> saopaulo
=====> moscow
=====> zurich
=====> paris
=====> bangkok
=====> budapest
=====> austin
=====> berlin
=====> ottawa
=====> phoenix
=====> goa
=====> amman
=====> nairobi
=====> manila
===> Do inference to extract features and save them.
====> Extracting Features
Compute 10000 features
===> Compute PCA, takes a while
PCA for 10000 points of dimension 8192 to PCA dimension 4096
Compute 4096 eigenvectors
===> Add PCA Whiten
Done
Extracting Features of mapillarysf Index Images
Namespace(config_path='patchnetvlad/configs/performance.ini', dataset_file_path='mapillarysf_imageNames_index.txt', dataset_root_dir='/home/m.maqboolbhutta/usman_ws/datasets/', nocuda=False, output_features_dir='/home/m.maqboolbhutta/usman_ws/models/features/mapillarysf_index', resume_path='/home/m.maqboolbhutta/models/patchnetvlad/pc-0209/Feb08_17-27-27_mapillary_nopanos/checkpoints/checkpoint_epoch2_WPCA4096.pth.tar')
Parsing dataset...
Done! Found 6315 images
=> loading checkpoint '/home/m.maqboolbhutta/models/patchnetvlad/pc-0209/Feb08_17-27-27_mapillary_nopanos/checkpoints/checkpoint_epoch2_WPCA4096.pth.tar'
=> loaded checkpoint '/home/m.maqboolbhutta/models/patchnetvlad/pc-0209/Feb08_17-27-27_mapillary_nopanos/checkpoints/checkpoint_epoch2_WPCA4096.pth.tar'
====> Extracting Features


Done. Finished extracting and saving features
Extracting Features of mapillarysf Query Images
Namespace(config_path='patchnetvlad/configs/performance.ini', dataset_file_path='mapillarysf_imageNames_query.txt', dataset_root_dir='/home/m.maqboolbhutta/usman_ws/datasets/', nocuda=False, output_features_dir='/home/m.maqboolbhutta/usman_ws/models/features/mapillarysf_query', resume_path='/home/m.maqboolbhutta/models/patchnetvlad/pc-0209/Feb08_17-27-27_mapillary_nopanos/checkpoints/checkpoint_epoch2_WPCA4096.pth.tar')
Parsing dataset...
Done! Found 242 images
=> loading checkpoint '/home/m.maqboolbhutta/models/patchnetvlad/pc-0209/Feb08_17-27-27_mapillary_nopanos/checkpoints/checkpoint_epoch2_WPCA4096.pth.tar'
=> loaded checkpoint '/home/m.maqboolbhutta/models/patchnetvlad/pc-0209/Feb08_17-27-27_mapillary_nopanos/checkpoints/checkpoint_epoch2_WPCA4096.pth.tar'
====> Extracting Features


Done. Finished extracting and saving features
Performing Features Matching and Recall Result of mapillarysf
Namespace(config_path='patchnetvlad/configs/performance.ini', dataset_root_dir='/home/m.maqboolbhutta/usman_ws/datasets/', ground_truth_path=None, index_file_path='mapillarysf_imageNames_index.txt', index_input_features_dir='/home/m.maqboolbhutta/usman_ws/models/features/mapillarysf_index', nocuda=False, posDistThr=None, query_file_path='mapillarysf_imageNames_query.txt', query_input_features_dir='/home/m.maqboolbhutta/usman_ws/models/features/mapillarysf_query', result_save_folder='./patchnetvlad/results/mapillarysf')
Parsing dataset...
Done! Found 242 images
Parsing dataset...
Done! Found 6315 images
====> Building faiss index
Writing results to ./patchnetvlad/results/mapillarysf/NetVLAD_predictions.txt
Finished matching features.
No ground truth was provided; not calculating recalls.
Done
Extracting Features of mapillarycph Index Images
Namespace(config_path='patchnetvlad/configs/performance.ini', dataset_file_path='mapillarycph_imageNames_index.txt', dataset_root_dir='/home/m.maqboolbhutta/usman_ws/datasets/', nocuda=False, output_features_dir='/home/m.maqboolbhutta/usman_ws/models/features/mapillarycph_index', resume_path='/home/m.maqboolbhutta/models/patchnetvlad/pc-0209/Feb08_17-27-27_mapillary_nopanos/checkpoints/checkpoint_epoch2_WPCA4096.pth.tar')
Parsing dataset...
Done! Found 12556 images
=> loading checkpoint '/home/m.maqboolbhutta/models/patchnetvlad/pc-0209/Feb08_17-27-27_mapillary_nopanos/checkpoints/checkpoint_epoch2_WPCA4096.pth.tar'
=> loaded checkpoint '/home/m.maqboolbhutta/models/patchnetvlad/pc-0209/Feb08_17-27-27_mapillary_nopanos/checkpoints/checkpoint_epoch2_WPCA4096.pth.tar'
====> Extracting Features


Done. Finished extracting and saving features
Extracting Features of mapillarycph Query Images
Namespace(config_path='patchnetvlad/configs/performance.ini', dataset_file_path='mapillarycph_imageNames_query.txt', dataset_root_dir='/home/m.maqboolbhutta/usman_ws/datasets/', nocuda=False, output_features_dir='/home/m.maqboolbhutta/usman_ws/models/features/mapillarycph_query', resume_path='/home/m.maqboolbhutta/models/patchnetvlad/pc-0209/Feb08_17-27-27_mapillary_nopanos/checkpoints/checkpoint_epoch2_WPCA4096.pth.tar')
Parsing dataset...
Done! Found 498 images
=> loading checkpoint '/home/m.maqboolbhutta/models/patchnetvlad/pc-0209/Feb08_17-27-27_mapillary_nopanos/checkpoints/checkpoint_epoch2_WPCA4096.pth.tar'
=> loaded checkpoint '/home/m.maqboolbhutta/models/patchnetvlad/pc-0209/Feb08_17-27-27_mapillary_nopanos/checkpoints/checkpoint_epoch2_WPCA4096.pth.tar'
====> Extracting Features


Done. Finished extracting and saving features
Performing Features Matching and Recall Result of mapillarycph
Namespace(config_path='patchnetvlad/configs/performance.ini', dataset_root_dir='/home/m.maqboolbhutta/usman_ws/datasets/', ground_truth_path=None, index_file_path='mapillarycph_imageNames_index.txt', index_input_features_dir='/home/m.maqboolbhutta/usman_ws/models/features/mapillarycph_index', nocuda=False, posDistThr=None, query_file_path='mapillarycph_imageNames_query.txt', query_input_features_dir='/home/m.maqboolbhutta/usman_ws/models/features/mapillarycph_query', result_save_folder='./patchnetvlad/results/mapillarycph')
Parsing dataset...
Done! Found 498 images
Parsing dataset...
Done! Found 12556 images
====> Building faiss index
Writing results to ./patchnetvlad/results/mapillarycph/NetVLAD_predictions.txt
Finished matching features.
No ground truth was provided; not calculating recalls.
Done
Recall Results of /home/m.maqboolbhutta/models/patchnetvlad/pc-0209/Feb08_17-27-27_mapillary_nopanos/checkpoints/checkpoint_epoch2_WPCA4096.pth.tar file...
Ignoring sequence length 3 for the im2im task. (Setting to 1)
=====> cph
=====> sf
all_recall@1: 0.730
all_recall@5: 0.826
all_recall@10: 0.855
all_recall@20: 0.892
all_map@1: 0.730
all_map@5: 0.532
all_map@10: 0.466
all_map@20: 0.446
Building PCA Model of /home/m.maqboolbhutta/models/patchnetvlad/pc-0209/Feb08_17-27-27_mapillary_nopanos/checkpoints/checkpoint_epoch1.pth.tar file...
/home/m.maqboolbhutta/models/patchnetvlad/pc-0209/Feb08_17-27-27_mapillary_nopanos/checkpoints/checkpoint_epoch1_WPCA4096.pth.tar
checkpoint_epoch1
Adding PCA Layer
Namespace(config_path='patchnetvlad/configs/train.ini', dataset_choice='mapillary', dataset_root_dir='/home/m.maqboolbhutta/usman_ws/datasets/mapillary_sls/', nocuda=False, resume_path='/home/m.maqboolbhutta/models/patchnetvlad/pc-0209/Feb08_17-27-27_mapillary_nopanos/checkpoints/checkpoint_epoch1.pth.tar', threads=6, vd16_offtheshelf_path=None)
===> Building model
=> loading checkpoint '/home/m.maqboolbhutta/models/patchnetvlad/pc-0209/Feb08_17-27-27_mapillary_nopanos/checkpoints/checkpoint_epoch1.pth.tar'
=> loaded checkpoint '/home/m.maqboolbhutta/models/patchnetvlad/pc-0209/Feb08_17-27-27_mapillary_nopanos/checkpoints/checkpoint_epoch1.pth.tar'
===> Loading PCA dataset(s)
Exclude panoramas: True
=====> trondheim
=====> london
=====> boston
=====> melbourne
=====> amsterdam
=====> helsinki
=====> tokyo
=====> toronto
=====> saopaulo
=====> moscow
=====> zurich
=====> paris
=====> bangkok
=====> budapest
=====> austin
=====> berlin
=====> ottawa
=====> phoenix
=====> goa
=====> amman
=====> nairobi
=====> manila
===> Do inference to extract features and save them.
====> Extracting Features
Compute 10000 features
===> Compute PCA, takes a while
PCA for 10000 points of dimension 8192 to PCA dimension 4096
Compute 4096 eigenvectors
===> Add PCA Whiten
Done
Extracting Features of mapillarysf Index Images
Namespace(config_path='patchnetvlad/configs/performance.ini', dataset_file_path='mapillarysf_imageNames_index.txt', dataset_root_dir='/home/m.maqboolbhutta/usman_ws/datasets/', nocuda=False, output_features_dir='/home/m.maqboolbhutta/usman_ws/models/features/mapillarysf_index', resume_path='/home/m.maqboolbhutta/models/patchnetvlad/pc-0209/Feb08_17-27-27_mapillary_nopanos/checkpoints/checkpoint_epoch1_WPCA4096.pth.tar')
Parsing dataset...
Done! Found 6315 images
=> loading checkpoint '/home/m.maqboolbhutta/models/patchnetvlad/pc-0209/Feb08_17-27-27_mapillary_nopanos/checkpoints/checkpoint_epoch1_WPCA4096.pth.tar'
=> loaded checkpoint '/home/m.maqboolbhutta/models/patchnetvlad/pc-0209/Feb08_17-27-27_mapillary_nopanos/checkpoints/checkpoint_epoch1_WPCA4096.pth.tar'
====> Extracting Features


Done. Finished extracting and saving features
Extracting Features of mapillarysf Query Images
Namespace(config_path='patchnetvlad/configs/performance.ini', dataset_file_path='mapillarysf_imageNames_query.txt', dataset_root_dir='/home/m.maqboolbhutta/usman_ws/datasets/', nocuda=False, output_features_dir='/home/m.maqboolbhutta/usman_ws/models/features/mapillarysf_query', resume_path='/home/m.maqboolbhutta/models/patchnetvlad/pc-0209/Feb08_17-27-27_mapillary_nopanos/checkpoints/checkpoint_epoch1_WPCA4096.pth.tar')
Parsing dataset...
Done! Found 242 images
=> loading checkpoint '/home/m.maqboolbhutta/models/patchnetvlad/pc-0209/Feb08_17-27-27_mapillary_nopanos/checkpoints/checkpoint_epoch1_WPCA4096.pth.tar'
=> loaded checkpoint '/home/m.maqboolbhutta/models/patchnetvlad/pc-0209/Feb08_17-27-27_mapillary_nopanos/checkpoints/checkpoint_epoch1_WPCA4096.pth.tar'
====> Extracting Features


Done. Finished extracting and saving features
Performing Features Matching and Recall Result of mapillarysf
Namespace(config_path='patchnetvlad/configs/performance.ini', dataset_root_dir='/home/m.maqboolbhutta/usman_ws/datasets/', ground_truth_path=None, index_file_path='mapillarysf_imageNames_index.txt', index_input_features_dir='/home/m.maqboolbhutta/usman_ws/models/features/mapillarysf_index', nocuda=False, posDistThr=None, query_file_path='mapillarysf_imageNames_query.txt', query_input_features_dir='/home/m.maqboolbhutta/usman_ws/models/features/mapillarysf_query', result_save_folder='./patchnetvlad/results/mapillarysf')
Parsing dataset...
Done! Found 242 images
Parsing dataset...
Done! Found 6315 images
====> Building faiss index
Writing results to ./patchnetvlad/results/mapillarysf/NetVLAD_predictions.txt
Finished matching features.
No ground truth was provided; not calculating recalls.
Done
Extracting Features of mapillarycph Index Images
Namespace(config_path='patchnetvlad/configs/performance.ini', dataset_file_path='mapillarycph_imageNames_index.txt', dataset_root_dir='/home/m.maqboolbhutta/usman_ws/datasets/', nocuda=False, output_features_dir='/home/m.maqboolbhutta/usman_ws/models/features/mapillarycph_index', resume_path='/home/m.maqboolbhutta/models/patchnetvlad/pc-0209/Feb08_17-27-27_mapillary_nopanos/checkpoints/checkpoint_epoch1_WPCA4096.pth.tar')
Parsing dataset...
Done! Found 12556 images
=> loading checkpoint '/home/m.maqboolbhutta/models/patchnetvlad/pc-0209/Feb08_17-27-27_mapillary_nopanos/checkpoints/checkpoint_epoch1_WPCA4096.pth.tar'
=> loaded checkpoint '/home/m.maqboolbhutta/models/patchnetvlad/pc-0209/Feb08_17-27-27_mapillary_nopanos/checkpoints/checkpoint_epoch1_WPCA4096.pth.tar'
====> Extracting Features


Done. Finished extracting and saving features
Extracting Features of mapillarycph Query Images
Namespace(config_path='patchnetvlad/configs/performance.ini', dataset_file_path='mapillarycph_imageNames_query.txt', dataset_root_dir='/home/m.maqboolbhutta/usman_ws/datasets/', nocuda=False, output_features_dir='/home/m.maqboolbhutta/usman_ws/models/features/mapillarycph_query', resume_path='/home/m.maqboolbhutta/models/patchnetvlad/pc-0209/Feb08_17-27-27_mapillary_nopanos/checkpoints/checkpoint_epoch1_WPCA4096.pth.tar')
Parsing dataset...
Done! Found 498 images
=> loading checkpoint '/home/m.maqboolbhutta/models/patchnetvlad/pc-0209/Feb08_17-27-27_mapillary_nopanos/checkpoints/checkpoint_epoch1_WPCA4096.pth.tar'
=> loaded checkpoint '/home/m.maqboolbhutta/models/patchnetvlad/pc-0209/Feb08_17-27-27_mapillary_nopanos/checkpoints/checkpoint_epoch1_WPCA4096.pth.tar'
====> Extracting Features


Done. Finished extracting and saving features
Performing Features Matching and Recall Result of mapillarycph
Namespace(config_path='patchnetvlad/configs/performance.ini', dataset_root_dir='/home/m.maqboolbhutta/usman_ws/datasets/', ground_truth_path=None, index_file_path='mapillarycph_imageNames_index.txt', index_input_features_dir='/home/m.maqboolbhutta/usman_ws/models/features/mapillarycph_index', nocuda=False, posDistThr=None, query_file_path='mapillarycph_imageNames_query.txt', query_input_features_dir='/home/m.maqboolbhutta/usman_ws/models/features/mapillarycph_query', result_save_folder='./patchnetvlad/results/mapillarycph')
Parsing dataset...
Done! Found 498 images
Parsing dataset...
Done! Found 12556 images
====> Building faiss index
Writing results to ./patchnetvlad/results/mapillarycph/NetVLAD_predictions.txt
Finished matching features.
No ground truth was provided; not calculating recalls.
Done
Recall Results of /home/m.maqboolbhutta/models/patchnetvlad/pc-0209/Feb08_17-27-27_mapillary_nopanos/checkpoints/checkpoint_epoch1_WPCA4096.pth.tar file...
Ignoring sequence length 3 for the im2im task. (Setting to 1)
=====> cph
=====> sf
all_recall@1: 0.680
all_recall@5: 0.792
all_recall@10: 0.831
all_recall@20: 0.866
all_map@1: 0.680
all_map@5: 0.492
all_map@10: 0.427
all_map@20: 0.409
Building PCA Model of /home/m.maqboolbhutta/models/patchnetvlad/pc-0209/Feb08_17-27-27_mapillary_nopanos/checkpoints/checkpoint_epoch6.pth.tar file...
/home/m.maqboolbhutta/models/patchnetvlad/pc-0209/Feb08_17-27-27_mapillary_nopanos/checkpoints/checkpoint_epoch6_WPCA4096.pth.tar
checkpoint_epoch6
Adding PCA Layer
Namespace(config_path='patchnetvlad/configs/train.ini', dataset_choice='mapillary', dataset_root_dir='/home/m.maqboolbhutta/usman_ws/datasets/mapillary_sls/', nocuda=False, resume_path='/home/m.maqboolbhutta/models/patchnetvlad/pc-0209/Feb08_17-27-27_mapillary_nopanos/checkpoints/checkpoint_epoch6.pth.tar', threads=6, vd16_offtheshelf_path=None)
===> Building model
=> loading checkpoint '/home/m.maqboolbhutta/models/patchnetvlad/pc-0209/Feb08_17-27-27_mapillary_nopanos/checkpoints/checkpoint_epoch6.pth.tar'
=> loaded checkpoint '/home/m.maqboolbhutta/models/patchnetvlad/pc-0209/Feb08_17-27-27_mapillary_nopanos/checkpoints/checkpoint_epoch6.pth.tar'
===> Loading PCA dataset(s)
Exclude panoramas: True
=====> trondheim
=====> london
=====> boston
=====> melbourne
=====> amsterdam
=====> helsinki
=====> tokyo
=====> toronto
=====> saopaulo
=====> moscow
=====> zurich
=====> paris
=====> bangkok
=====> budapest
=====> austin
=====> berlin
=====> ottawa
=====> phoenix
=====> goa
=====> amman
=====> nairobi
=====> manila
===> Do inference to extract features and save them.
====> Extracting Features
Compute 10000 features
===> Compute PCA, takes a while
PCA for 10000 points of dimension 8192 to PCA dimension 4096
Compute 4096 eigenvectors
===> Add PCA Whiten
Done
Extracting Features of mapillarysf Index Images
Namespace(config_path='patchnetvlad/configs/performance.ini', dataset_file_path='mapillarysf_imageNames_index.txt', dataset_root_dir='/home/m.maqboolbhutta/usman_ws/datasets/', nocuda=False, output_features_dir='/home/m.maqboolbhutta/usman_ws/models/features/mapillarysf_index', resume_path='/home/m.maqboolbhutta/models/patchnetvlad/pc-0209/Feb08_17-27-27_mapillary_nopanos/checkpoints/checkpoint_epoch6_WPCA4096.pth.tar')
Parsing dataset...
Done! Found 6315 images
=> loading checkpoint '/home/m.maqboolbhutta/models/patchnetvlad/pc-0209/Feb08_17-27-27_mapillary_nopanos/checkpoints/checkpoint_epoch6_WPCA4096.pth.tar'
=> loaded checkpoint '/home/m.maqboolbhutta/models/patchnetvlad/pc-0209/Feb08_17-27-27_mapillary_nopanos/checkpoints/checkpoint_epoch6_WPCA4096.pth.tar'
====> Extracting Features


Done. Finished extracting and saving features
Extracting Features of mapillarysf Query Images
Namespace(config_path='patchnetvlad/configs/performance.ini', dataset_file_path='mapillarysf_imageNames_query.txt', dataset_root_dir='/home/m.maqboolbhutta/usman_ws/datasets/', nocuda=False, output_features_dir='/home/m.maqboolbhutta/usman_ws/models/features/mapillarysf_query', resume_path='/home/m.maqboolbhutta/models/patchnetvlad/pc-0209/Feb08_17-27-27_mapillary_nopanos/checkpoints/checkpoint_epoch6_WPCA4096.pth.tar')
Parsing dataset...
Done! Found 242 images
=> loading checkpoint '/home/m.maqboolbhutta/models/patchnetvlad/pc-0209/Feb08_17-27-27_mapillary_nopanos/checkpoints/checkpoint_epoch6_WPCA4096.pth.tar'
=> loaded checkpoint '/home/m.maqboolbhutta/models/patchnetvlad/pc-0209/Feb08_17-27-27_mapillary_nopanos/checkpoints/checkpoint_epoch6_WPCA4096.pth.tar'
====> Extracting Features


Done. Finished extracting and saving features
Performing Features Matching and Recall Result of mapillarysf
Namespace(config_path='patchnetvlad/configs/performance.ini', dataset_root_dir='/home/m.maqboolbhutta/usman_ws/datasets/', ground_truth_path=None, index_file_path='mapillarysf_imageNames_index.txt', index_input_features_dir='/home/m.maqboolbhutta/usman_ws/models/features/mapillarysf_index', nocuda=False, posDistThr=None, query_file_path='mapillarysf_imageNames_query.txt', query_input_features_dir='/home/m.maqboolbhutta/usman_ws/models/features/mapillarysf_query', result_save_folder='./patchnetvlad/results/mapillarysf')
Parsing dataset...
Done! Found 242 images
Parsing dataset...
Done! Found 6315 images
====> Building faiss index
Writing results to ./patchnetvlad/results/mapillarysf/NetVLAD_predictions.txt
Finished matching features.
No ground truth was provided; not calculating recalls.
Done
Extracting Features of mapillarycph Index Images
Namespace(config_path='patchnetvlad/configs/performance.ini', dataset_file_path='mapillarycph_imageNames_index.txt', dataset_root_dir='/home/m.maqboolbhutta/usman_ws/datasets/', nocuda=False, output_features_dir='/home/m.maqboolbhutta/usman_ws/models/features/mapillarycph_index', resume_path='/home/m.maqboolbhutta/models/patchnetvlad/pc-0209/Feb08_17-27-27_mapillary_nopanos/checkpoints/checkpoint_epoch6_WPCA4096.pth.tar')
Parsing dataset...
Done! Found 12556 images
=> loading checkpoint '/home/m.maqboolbhutta/models/patchnetvlad/pc-0209/Feb08_17-27-27_mapillary_nopanos/checkpoints/checkpoint_epoch6_WPCA4096.pth.tar'
=> loaded checkpoint '/home/m.maqboolbhutta/models/patchnetvlad/pc-0209/Feb08_17-27-27_mapillary_nopanos/checkpoints/checkpoint_epoch6_WPCA4096.pth.tar'
====> Extracting Features


Done. Finished extracting and saving features
Extracting Features of mapillarycph Query Images
Namespace(config_path='patchnetvlad/configs/performance.ini', dataset_file_path='mapillarycph_imageNames_query.txt', dataset_root_dir='/home/m.maqboolbhutta/usman_ws/datasets/', nocuda=False, output_features_dir='/home/m.maqboolbhutta/usman_ws/models/features/mapillarycph_query', resume_path='/home/m.maqboolbhutta/models/patchnetvlad/pc-0209/Feb08_17-27-27_mapillary_nopanos/checkpoints/checkpoint_epoch6_WPCA4096.pth.tar')
Parsing dataset...
Done! Found 498 images
=> loading checkpoint '/home/m.maqboolbhutta/models/patchnetvlad/pc-0209/Feb08_17-27-27_mapillary_nopanos/checkpoints/checkpoint_epoch6_WPCA4096.pth.tar'
=> loaded checkpoint '/home/m.maqboolbhutta/models/patchnetvlad/pc-0209/Feb08_17-27-27_mapillary_nopanos/checkpoints/checkpoint_epoch6_WPCA4096.pth.tar'
====> Extracting Features


Done. Finished extracting and saving features
Performing Features Matching and Recall Result of mapillarycph
Namespace(config_path='patchnetvlad/configs/performance.ini', dataset_root_dir='/home/m.maqboolbhutta/usman_ws/datasets/', ground_truth_path=None, index_file_path='mapillarycph_imageNames_index.txt', index_input_features_dir='/home/m.maqboolbhutta/usman_ws/models/features/mapillarycph_index', nocuda=False, posDistThr=None, query_file_path='mapillarycph_imageNames_query.txt', query_input_features_dir='/home/m.maqboolbhutta/usman_ws/models/features/mapillarycph_query', result_save_folder='./patchnetvlad/results/mapillarycph')
Parsing dataset...
Done! Found 498 images
Parsing dataset...
Done! Found 12556 images
====> Building faiss index
Writing results to ./patchnetvlad/results/mapillarycph/NetVLAD_predictions.txt
Finished matching features.
No ground truth was provided; not calculating recalls.
Done
Recall Results of /home/m.maqboolbhutta/models/patchnetvlad/pc-0209/Feb08_17-27-27_mapillary_nopanos/checkpoints/checkpoint_epoch6_WPCA4096.pth.tar file...
Ignoring sequence length 3 for the im2im task. (Setting to 1)
=====> cph
=====> sf
all_recall@1: 0.730
all_recall@5: 0.820
all_recall@10: 0.851
all_recall@20: 0.885
all_map@1: 0.730
all_map@5: 0.542
all_map@10: 0.480
all_map@20: 0.463
Building PCA Model of /home/m.maqboolbhutta/models/patchnetvlad/pc-0209/Feb08_17-27-27_mapillary_nopanos/checkpoints/checkpoint_epoch4.pth.tar file...
/home/m.maqboolbhutta/models/patchnetvlad/pc-0209/Feb08_17-27-27_mapillary_nopanos/checkpoints/checkpoint_epoch4_WPCA4096.pth.tar
checkpoint_epoch4
Adding PCA Layer
Namespace(config_path='patchnetvlad/configs/train.ini', dataset_choice='mapillary', dataset_root_dir='/home/m.maqboolbhutta/usman_ws/datasets/mapillary_sls/', nocuda=False, resume_path='/home/m.maqboolbhutta/models/patchnetvlad/pc-0209/Feb08_17-27-27_mapillary_nopanos/checkpoints/checkpoint_epoch4.pth.tar', threads=6, vd16_offtheshelf_path=None)
===> Building model
=> loading checkpoint '/home/m.maqboolbhutta/models/patchnetvlad/pc-0209/Feb08_17-27-27_mapillary_nopanos/checkpoints/checkpoint_epoch4.pth.tar'
=> loaded checkpoint '/home/m.maqboolbhutta/models/patchnetvlad/pc-0209/Feb08_17-27-27_mapillary_nopanos/checkpoints/checkpoint_epoch4.pth.tar'
===> Loading PCA dataset(s)
Exclude panoramas: True
=====> trondheim
=====> london
=====> boston
=====> melbourne
=====> amsterdam
=====> helsinki
=====> tokyo
=====> toronto
=====> saopaulo
=====> moscow
=====> zurich
=====> paris
=====> bangkok
=====> budapest
=====> austin
=====> berlin
=====> ottawa
=====> phoenix
=====> goa
=====> amman
=====> nairobi
=====> manila
===> Do inference to extract features and save them.
====> Extracting Features
Compute 10000 features
===> Compute PCA, takes a while
PCA for 10000 points of dimension 8192 to PCA dimension 4096
Compute 4096 eigenvectors
===> Add PCA Whiten
Done
Extracting Features of mapillarysf Index Images
Namespace(config_path='patchnetvlad/configs/performance.ini', dataset_file_path='mapillarysf_imageNames_index.txt', dataset_root_dir='/home/m.maqboolbhutta/usman_ws/datasets/', nocuda=False, output_features_dir='/home/m.maqboolbhutta/usman_ws/models/features/mapillarysf_index', resume_path='/home/m.maqboolbhutta/models/patchnetvlad/pc-0209/Feb08_17-27-27_mapillary_nopanos/checkpoints/checkpoint_epoch4_WPCA4096.pth.tar')
Parsing dataset...
Done! Found 6315 images
=> loading checkpoint '/home/m.maqboolbhutta/models/patchnetvlad/pc-0209/Feb08_17-27-27_mapillary_nopanos/checkpoints/checkpoint_epoch4_WPCA4096.pth.tar'
=> loaded checkpoint '/home/m.maqboolbhutta/models/patchnetvlad/pc-0209/Feb08_17-27-27_mapillary_nopanos/checkpoints/checkpoint_epoch4_WPCA4096.pth.tar'
====> Extracting Features


Done. Finished extracting and saving features
Extracting Features of mapillarysf Query Images
Namespace(config_path='patchnetvlad/configs/performance.ini', dataset_file_path='mapillarysf_imageNames_query.txt', dataset_root_dir='/home/m.maqboolbhutta/usman_ws/datasets/', nocuda=False, output_features_dir='/home/m.maqboolbhutta/usman_ws/models/features/mapillarysf_query', resume_path='/home/m.maqboolbhutta/models/patchnetvlad/pc-0209/Feb08_17-27-27_mapillary_nopanos/checkpoints/checkpoint_epoch4_WPCA4096.pth.tar')
Parsing dataset...
Done! Found 242 images
=> loading checkpoint '/home/m.maqboolbhutta/models/patchnetvlad/pc-0209/Feb08_17-27-27_mapillary_nopanos/checkpoints/checkpoint_epoch4_WPCA4096.pth.tar'
=> loaded checkpoint '/home/m.maqboolbhutta/models/patchnetvlad/pc-0209/Feb08_17-27-27_mapillary_nopanos/checkpoints/checkpoint_epoch4_WPCA4096.pth.tar'
====> Extracting Features


Done. Finished extracting and saving features
Performing Features Matching and Recall Result of mapillarysf
Namespace(config_path='patchnetvlad/configs/performance.ini', dataset_root_dir='/home/m.maqboolbhutta/usman_ws/datasets/', ground_truth_path=None, index_file_path='mapillarysf_imageNames_index.txt', index_input_features_dir='/home/m.maqboolbhutta/usman_ws/models/features/mapillarysf_index', nocuda=False, posDistThr=None, query_file_path='mapillarysf_imageNames_query.txt', query_input_features_dir='/home/m.maqboolbhutta/usman_ws/models/features/mapillarysf_query', result_save_folder='./patchnetvlad/results/mapillarysf')
Parsing dataset...
Done! Found 242 images
Parsing dataset...
Done! Found 6315 images
====> Building faiss index
Writing results to ./patchnetvlad/results/mapillarysf/NetVLAD_predictions.txt
Finished matching features.
No ground truth was provided; not calculating recalls.
Done
Extracting Features of mapillarycph Index Images
Namespace(config_path='patchnetvlad/configs/performance.ini', dataset_file_path='mapillarycph_imageNames_index.txt', dataset_root_dir='/home/m.maqboolbhutta/usman_ws/datasets/', nocuda=False, output_features_dir='/home/m.maqboolbhutta/usman_ws/models/features/mapillarycph_index', resume_path='/home/m.maqboolbhutta/models/patchnetvlad/pc-0209/Feb08_17-27-27_mapillary_nopanos/checkpoints/checkpoint_epoch4_WPCA4096.pth.tar')
Parsing dataset...
Done! Found 12556 images
=> loading checkpoint '/home/m.maqboolbhutta/models/patchnetvlad/pc-0209/Feb08_17-27-27_mapillary_nopanos/checkpoints/checkpoint_epoch4_WPCA4096.pth.tar'
=> loaded checkpoint '/home/m.maqboolbhutta/models/patchnetvlad/pc-0209/Feb08_17-27-27_mapillary_nopanos/checkpoints/checkpoint_epoch4_WPCA4096.pth.tar'
====> Extracting Features


Done. Finished extracting and saving features
Extracting Features of mapillarycph Query Images
Namespace(config_path='patchnetvlad/configs/performance.ini', dataset_file_path='mapillarycph_imageNames_query.txt', dataset_root_dir='/home/m.maqboolbhutta/usman_ws/datasets/', nocuda=False, output_features_dir='/home/m.maqboolbhutta/usman_ws/models/features/mapillarycph_query', resume_path='/home/m.maqboolbhutta/models/patchnetvlad/pc-0209/Feb08_17-27-27_mapillary_nopanos/checkpoints/checkpoint_epoch4_WPCA4096.pth.tar')
Parsing dataset...
Done! Found 498 images
=> loading checkpoint '/home/m.maqboolbhutta/models/patchnetvlad/pc-0209/Feb08_17-27-27_mapillary_nopanos/checkpoints/checkpoint_epoch4_WPCA4096.pth.tar'
=> loaded checkpoint '/home/m.maqboolbhutta/models/patchnetvlad/pc-0209/Feb08_17-27-27_mapillary_nopanos/checkpoints/checkpoint_epoch4_WPCA4096.pth.tar'
====> Extracting Features


Done. Finished extracting and saving features
Performing Features Matching and Recall Result of mapillarycph
Namespace(config_path='patchnetvlad/configs/performance.ini', dataset_root_dir='/home/m.maqboolbhutta/usman_ws/datasets/', ground_truth_path=None, index_file_path='mapillarycph_imageNames_index.txt', index_input_features_dir='/home/m.maqboolbhutta/usman_ws/models/features/mapillarycph_index', nocuda=False, posDistThr=None, query_file_path='mapillarycph_imageNames_query.txt', query_input_features_dir='/home/m.maqboolbhutta/usman_ws/models/features/mapillarycph_query', result_save_folder='./patchnetvlad/results/mapillarycph')
Parsing dataset...
Done! Found 498 images
Parsing dataset...
Done! Found 12556 images
====> Building faiss index
Writing results to ./patchnetvlad/results/mapillarycph/NetVLAD_predictions.txt
Finished matching features.
No ground truth was provided; not calculating recalls.
Done
Recall Results of /home/m.maqboolbhutta/models/patchnetvlad/pc-0209/Feb08_17-27-27_mapillary_nopanos/checkpoints/checkpoint_epoch4_WPCA4096.pth.tar file...
Ignoring sequence length 3 for the im2im task. (Setting to 1)
=====> cph
=====> sf
all_recall@1: 0.707
all_recall@5: 0.812
all_recall@10: 0.841
all_recall@20: 0.880
all_map@1: 0.707
all_map@5: 0.524
all_map@10: 0.470
all_map@20: 0.455
Building PCA Model of /home/m.maqboolbhutta/models/patchnetvlad/pc-0209/Feb08_17-27-27_mapillary_nopanos/checkpoints/model_best.pth.tar file...
/home/m.maqboolbhutta/models/patchnetvlad/pc-0209/Feb08_17-27-27_mapillary_nopanos/checkpoints/model_best_WPCA4096.pth.tar
model_best
Adding PCA Layer
Namespace(config_path='patchnetvlad/configs/train.ini', dataset_choice='mapillary', dataset_root_dir='/home/m.maqboolbhutta/usman_ws/datasets/mapillary_sls/', nocuda=False, resume_path='/home/m.maqboolbhutta/models/patchnetvlad/pc-0209/Feb08_17-27-27_mapillary_nopanos/checkpoints/model_best.pth.tar', threads=6, vd16_offtheshelf_path=None)
===> Building model
=> loading checkpoint '/home/m.maqboolbhutta/models/patchnetvlad/pc-0209/Feb08_17-27-27_mapillary_nopanos/checkpoints/model_best.pth.tar'
=> loaded checkpoint '/home/m.maqboolbhutta/models/patchnetvlad/pc-0209/Feb08_17-27-27_mapillary_nopanos/checkpoints/model_best.pth.tar'
===> Loading PCA dataset(s)
Exclude panoramas: True
=====> trondheim
=====> london
=====> boston
=====> melbourne
=====> amsterdam
=====> helsinki
=====> tokyo
=====> toronto
=====> saopaulo
=====> moscow
=====> zurich
=====> paris
=====> bangkok
=====> budapest
=====> austin
=====> berlin
=====> ottawa
=====> phoenix
=====> goa
=====> amman
=====> nairobi
=====> manila
===> Do inference to extract features and save them.
====> Extracting Features
Compute 10000 features
===> Compute PCA, takes a while
PCA for 10000 points of dimension 8192 to PCA dimension 4096
Compute 4096 eigenvectors
===> Add PCA Whiten
Done
Extracting Features of mapillarysf Index Images
Namespace(config_path='patchnetvlad/configs/performance.ini', dataset_file_path='mapillarysf_imageNames_index.txt', dataset_root_dir='/home/m.maqboolbhutta/usman_ws/datasets/', nocuda=False, output_features_dir='/home/m.maqboolbhutta/usman_ws/models/features/mapillarysf_index', resume_path='/home/m.maqboolbhutta/models/patchnetvlad/pc-0209/Feb08_17-27-27_mapillary_nopanos/checkpoints/model_best_WPCA4096.pth.tar')
Parsing dataset...
Done! Found 6315 images
=> loading checkpoint '/home/m.maqboolbhutta/models/patchnetvlad/pc-0209/Feb08_17-27-27_mapillary_nopanos/checkpoints/model_best_WPCA4096.pth.tar'
=> loaded checkpoint '/home/m.maqboolbhutta/models/patchnetvlad/pc-0209/Feb08_17-27-27_mapillary_nopanos/checkpoints/model_best_WPCA4096.pth.tar'
====> Extracting Features


Done. Finished extracting and saving features
Extracting Features of mapillarysf Query Images
Namespace(config_path='patchnetvlad/configs/performance.ini', dataset_file_path='mapillarysf_imageNames_query.txt', dataset_root_dir='/home/m.maqboolbhutta/usman_ws/datasets/', nocuda=False, output_features_dir='/home/m.maqboolbhutta/usman_ws/models/features/mapillarysf_query', resume_path='/home/m.maqboolbhutta/models/patchnetvlad/pc-0209/Feb08_17-27-27_mapillary_nopanos/checkpoints/model_best_WPCA4096.pth.tar')
Parsing dataset...
Done! Found 242 images
=> loading checkpoint '/home/m.maqboolbhutta/models/patchnetvlad/pc-0209/Feb08_17-27-27_mapillary_nopanos/checkpoints/model_best_WPCA4096.pth.tar'
=> loaded checkpoint '/home/m.maqboolbhutta/models/patchnetvlad/pc-0209/Feb08_17-27-27_mapillary_nopanos/checkpoints/model_best_WPCA4096.pth.tar'
====> Extracting Features


Done. Finished extracting and saving features
Performing Features Matching and Recall Result of mapillarysf
Namespace(config_path='patchnetvlad/configs/performance.ini', dataset_root_dir='/home/m.maqboolbhutta/usman_ws/datasets/', ground_truth_path=None, index_file_path='mapillarysf_imageNames_index.txt', index_input_features_dir='/home/m.maqboolbhutta/usman_ws/models/features/mapillarysf_index', nocuda=False, posDistThr=None, query_file_path='mapillarysf_imageNames_query.txt', query_input_features_dir='/home/m.maqboolbhutta/usman_ws/models/features/mapillarysf_query', result_save_folder='./patchnetvlad/results/mapillarysf')
Parsing dataset...
Done! Found 242 images
Parsing dataset...
Done! Found 6315 images
====> Building faiss index
Writing results to ./patchnetvlad/results/mapillarysf/NetVLAD_predictions.txt
Finished matching features.
No ground truth was provided; not calculating recalls.
Done
Extracting Features of mapillarycph Index Images
Namespace(config_path='patchnetvlad/configs/performance.ini', dataset_file_path='mapillarycph_imageNames_index.txt', dataset_root_dir='/home/m.maqboolbhutta/usman_ws/datasets/', nocuda=False, output_features_dir='/home/m.maqboolbhutta/usman_ws/models/features/mapillarycph_index', resume_path='/home/m.maqboolbhutta/models/patchnetvlad/pc-0209/Feb08_17-27-27_mapillary_nopanos/checkpoints/model_best_WPCA4096.pth.tar')
Parsing dataset...
Done! Found 12556 images
=> loading checkpoint '/home/m.maqboolbhutta/models/patchnetvlad/pc-0209/Feb08_17-27-27_mapillary_nopanos/checkpoints/model_best_WPCA4096.pth.tar'
=> loaded checkpoint '/home/m.maqboolbhutta/models/patchnetvlad/pc-0209/Feb08_17-27-27_mapillary_nopanos/checkpoints/model_best_WPCA4096.pth.tar'
====> Extracting Features


Done. Finished extracting and saving features
Extracting Features of mapillarycph Query Images
Namespace(config_path='patchnetvlad/configs/performance.ini', dataset_file_path='mapillarycph_imageNames_query.txt', dataset_root_dir='/home/m.maqboolbhutta/usman_ws/datasets/', nocuda=False, output_features_dir='/home/m.maqboolbhutta/usman_ws/models/features/mapillarycph_query', resume_path='/home/m.maqboolbhutta/models/patchnetvlad/pc-0209/Feb08_17-27-27_mapillary_nopanos/checkpoints/model_best_WPCA4096.pth.tar')
Parsing dataset...
Done! Found 498 images
=> loading checkpoint '/home/m.maqboolbhutta/models/patchnetvlad/pc-0209/Feb08_17-27-27_mapillary_nopanos/checkpoints/model_best_WPCA4096.pth.tar'
=> loaded checkpoint '/home/m.maqboolbhutta/models/patchnetvlad/pc-0209/Feb08_17-27-27_mapillary_nopanos/checkpoints/model_best_WPCA4096.pth.tar'
====> Extracting Features


Done. Finished extracting and saving features
Performing Features Matching and Recall Result of mapillarycph
Namespace(config_path='patchnetvlad/configs/performance.ini', dataset_root_dir='/home/m.maqboolbhutta/usman_ws/datasets/', ground_truth_path=None, index_file_path='mapillarycph_imageNames_index.txt', index_input_features_dir='/home/m.maqboolbhutta/usman_ws/models/features/mapillarycph_index', nocuda=False, posDistThr=None, query_file_path='mapillarycph_imageNames_query.txt', query_input_features_dir='/home/m.maqboolbhutta/usman_ws/models/features/mapillarycph_query', result_save_folder='./patchnetvlad/results/mapillarycph')
Parsing dataset...
Done! Found 498 images
Parsing dataset...
Done! Found 12556 images
====> Building faiss index
Writing results to ./patchnetvlad/results/mapillarycph/NetVLAD_predictions.txt
Finished matching features.
No ground truth was provided; not calculating recalls.
Done
Recall Results of /home/m.maqboolbhutta/models/patchnetvlad/pc-0209/Feb08_17-27-27_mapillary_nopanos/checkpoints/model_best_WPCA4096.pth.tar file...
Ignoring sequence length 3 for the im2im task. (Setting to 1)
=====> cph
=====> sf
all_recall@1: 0.730
all_recall@5: 0.820
all_recall@10: 0.851
all_recall@20: 0.885
all_map@1: 0.730
all_map@5: 0.542
all_map@10: 0.480
all_map@20: 0.463
Building PCA Model of /home/m.maqboolbhutta/models/patchnetvlad/pc-0209/Feb08_17-27-27_mapillary_nopanos/checkpoints/checkpoint_epoch3.pth.tar file...
/home/m.maqboolbhutta/models/patchnetvlad/pc-0209/Feb08_17-27-27_mapillary_nopanos/checkpoints/checkpoint_epoch3_WPCA4096.pth.tar
checkpoint_epoch3
Adding PCA Layer
Namespace(config_path='patchnetvlad/configs/train.ini', dataset_choice='mapillary', dataset_root_dir='/home/m.maqboolbhutta/usman_ws/datasets/mapillary_sls/', nocuda=False, resume_path='/home/m.maqboolbhutta/models/patchnetvlad/pc-0209/Feb08_17-27-27_mapillary_nopanos/checkpoints/checkpoint_epoch3.pth.tar', threads=6, vd16_offtheshelf_path=None)
===> Building model
=> loading checkpoint '/home/m.maqboolbhutta/models/patchnetvlad/pc-0209/Feb08_17-27-27_mapillary_nopanos/checkpoints/checkpoint_epoch3.pth.tar'
=> loaded checkpoint '/home/m.maqboolbhutta/models/patchnetvlad/pc-0209/Feb08_17-27-27_mapillary_nopanos/checkpoints/checkpoint_epoch3.pth.tar'
===> Loading PCA dataset(s)
Exclude panoramas: True
=====> trondheim
=====> london
=====> boston
=====> melbourne
=====> amsterdam
=====> helsinki
=====> tokyo
=====> toronto
=====> saopaulo
=====> moscow
=====> zurich
=====> paris
=====> bangkok
=====> budapest
=====> austin
=====> berlin
=====> ottawa
=====> phoenix
=====> goa
=====> amman
=====> nairobi
=====> manila
===> Do inference to extract features and save them.
====> Extracting Features
Compute 10000 features
===> Compute PCA, takes a while
PCA for 10000 points of dimension 8192 to PCA dimension 4096
Compute 4096 eigenvectors
===> Add PCA Whiten
Done
Extracting Features of mapillarysf Index Images
Namespace(config_path='patchnetvlad/configs/performance.ini', dataset_file_path='mapillarysf_imageNames_index.txt', dataset_root_dir='/home/m.maqboolbhutta/usman_ws/datasets/', nocuda=False, output_features_dir='/home/m.maqboolbhutta/usman_ws/models/features/mapillarysf_index', resume_path='/home/m.maqboolbhutta/models/patchnetvlad/pc-0209/Feb08_17-27-27_mapillary_nopanos/checkpoints/checkpoint_epoch3_WPCA4096.pth.tar')
Parsing dataset...
Done! Found 6315 images
=> loading checkpoint '/home/m.maqboolbhutta/models/patchnetvlad/pc-0209/Feb08_17-27-27_mapillary_nopanos/checkpoints/checkpoint_epoch3_WPCA4096.pth.tar'
=> loaded checkpoint '/home/m.maqboolbhutta/models/patchnetvlad/pc-0209/Feb08_17-27-27_mapillary_nopanos/checkpoints/checkpoint_epoch3_WPCA4096.pth.tar'
====> Extracting Features


Done. Finished extracting and saving features
Extracting Features of mapillarysf Query Images
Namespace(config_path='patchnetvlad/configs/performance.ini', dataset_file_path='mapillarysf_imageNames_query.txt', dataset_root_dir='/home/m.maqboolbhutta/usman_ws/datasets/', nocuda=False, output_features_dir='/home/m.maqboolbhutta/usman_ws/models/features/mapillarysf_query', resume_path='/home/m.maqboolbhutta/models/patchnetvlad/pc-0209/Feb08_17-27-27_mapillary_nopanos/checkpoints/checkpoint_epoch3_WPCA4096.pth.tar')
Parsing dataset...
Done! Found 242 images
=> loading checkpoint '/home/m.maqboolbhutta/models/patchnetvlad/pc-0209/Feb08_17-27-27_mapillary_nopanos/checkpoints/checkpoint_epoch3_WPCA4096.pth.tar'
=> loaded checkpoint '/home/m.maqboolbhutta/models/patchnetvlad/pc-0209/Feb08_17-27-27_mapillary_nopanos/checkpoints/checkpoint_epoch3_WPCA4096.pth.tar'
====> Extracting Features


Done. Finished extracting and saving features
Performing Features Matching and Recall Result of mapillarysf
Namespace(config_path='patchnetvlad/configs/performance.ini', dataset_root_dir='/home/m.maqboolbhutta/usman_ws/datasets/', ground_truth_path=None, index_file_path='mapillarysf_imageNames_index.txt', index_input_features_dir='/home/m.maqboolbhutta/usman_ws/models/features/mapillarysf_index', nocuda=False, posDistThr=None, query_file_path='mapillarysf_imageNames_query.txt', query_input_features_dir='/home/m.maqboolbhutta/usman_ws/models/features/mapillarysf_query', result_save_folder='./patchnetvlad/results/mapillarysf')
Parsing dataset...
Done! Found 242 images
Parsing dataset...
Done! Found 6315 images
====> Building faiss index
Writing results to ./patchnetvlad/results/mapillarysf/NetVLAD_predictions.txt
Finished matching features.
No ground truth was provided; not calculating recalls.
Done
Extracting Features of mapillarycph Index Images
Namespace(config_path='patchnetvlad/configs/performance.ini', dataset_file_path='mapillarycph_imageNames_index.txt', dataset_root_dir='/home/m.maqboolbhutta/usman_ws/datasets/', nocuda=False, output_features_dir='/home/m.maqboolbhutta/usman_ws/models/features/mapillarycph_index', resume_path='/home/m.maqboolbhutta/models/patchnetvlad/pc-0209/Feb08_17-27-27_mapillary_nopanos/checkpoints/checkpoint_epoch3_WPCA4096.pth.tar')
Parsing dataset...
Done! Found 12556 images
=> loading checkpoint '/home/m.maqboolbhutta/models/patchnetvlad/pc-0209/Feb08_17-27-27_mapillary_nopanos/checkpoints/checkpoint_epoch3_WPCA4096.pth.tar'
=> loaded checkpoint '/home/m.maqboolbhutta/models/patchnetvlad/pc-0209/Feb08_17-27-27_mapillary_nopanos/checkpoints/checkpoint_epoch3_WPCA4096.pth.tar'
====> Extracting Features


Done. Finished extracting and saving features
Extracting Features of mapillarycph Query Images
Namespace(config_path='patchnetvlad/configs/performance.ini', dataset_file_path='mapillarycph_imageNames_query.txt', dataset_root_dir='/home/m.maqboolbhutta/usman_ws/datasets/', nocuda=False, output_features_dir='/home/m.maqboolbhutta/usman_ws/models/features/mapillarycph_query', resume_path='/home/m.maqboolbhutta/models/patchnetvlad/pc-0209/Feb08_17-27-27_mapillary_nopanos/checkpoints/checkpoint_epoch3_WPCA4096.pth.tar')
Parsing dataset...
Done! Found 498 images
=> loading checkpoint '/home/m.maqboolbhutta/models/patchnetvlad/pc-0209/Feb08_17-27-27_mapillary_nopanos/checkpoints/checkpoint_epoch3_WPCA4096.pth.tar'
=> loaded checkpoint '/home/m.maqboolbhutta/models/patchnetvlad/pc-0209/Feb08_17-27-27_mapillary_nopanos/checkpoints/checkpoint_epoch3_WPCA4096.pth.tar'
====> Extracting Features


Done. Finished extracting and saving features
Performing Features Matching and Recall Result of mapillarycph
Namespace(config_path='patchnetvlad/configs/performance.ini', dataset_root_dir='/home/m.maqboolbhutta/usman_ws/datasets/', ground_truth_path=None, index_file_path='mapillarycph_imageNames_index.txt', index_input_features_dir='/home/m.maqboolbhutta/usman_ws/models/features/mapillarycph_index', nocuda=False, posDistThr=None, query_file_path='mapillarycph_imageNames_query.txt', query_input_features_dir='/home/m.maqboolbhutta/usman_ws/models/features/mapillarycph_query', result_save_folder='./patchnetvlad/results/mapillarycph')
Parsing dataset...
Done! Found 498 images
Parsing dataset...
Done! Found 12556 images
====> Building faiss index
Writing results to ./patchnetvlad/results/mapillarycph/NetVLAD_predictions.txt
Finished matching features.
No ground truth was provided; not calculating recalls.
Done
Recall Results of /home/m.maqboolbhutta/models/patchnetvlad/pc-0209/Feb08_17-27-27_mapillary_nopanos/checkpoints/checkpoint_epoch3_WPCA4096.pth.tar file...
Ignoring sequence length 3 for the im2im task. (Setting to 1)
=====> cph
=====> sf
all_recall@1: 0.730
all_recall@5: 0.815
all_recall@10: 0.849
all_recall@20: 0.882
all_map@1: 0.730
all_map@5: 0.539
all_map@10: 0.479
all_map@20: 0.461
