
      Test Iter:   0%|          | 0/1263 [00:00<?, ?it/s][A
                                                         [ATraceback (most recent call last):
  File "feature_extract.py", line 183, in <module>
    main()
  File "feature_extract.py", line 175, in main
    feature_extract(dataset, model, device, opt, config)
  File "feature_extract.py", line 97, in feature_extract
    vlad_global_pca = model(input_data)
  File "/home/m.maqboolbhutta/.conda/envs/patchnetvlad/lib/python3.8/site-packages/torch/nn/modules/module.py", line 1102, in _call_impl
    return forward_call(*input, **kwargs)
  File "/blue/hmedeiros/m.maqboolbhutta/codes/patchnetvlad/patchnetvlad/models/netvlad.py", line 644, in forward
    NB, x_size, x_cropped = self.SelectRegions(x)
  File "/home/m.maqboolbhutta/.conda/envs/patchnetvlad/lib/python3.8/site-packages/torch/nn/modules/module.py", line 1177, in __getattr__
    raise AttributeError("'{}' object has no attribute '{}'".format(
AttributeError: 'GraphVLADPCA' object has no attribute 'SelectRegions'

      Test Iter:   0%|          | 0/49 [00:00<?, ?it/s][A
                                                       [ATraceback (most recent call last):
  File "feature_extract.py", line 183, in <module>
    main()
  File "feature_extract.py", line 175, in main
    feature_extract(dataset, model, device, opt, config)
  File "feature_extract.py", line 97, in feature_extract
    vlad_global_pca = model(input_data)
  File "/home/m.maqboolbhutta/.conda/envs/patchnetvlad/lib/python3.8/site-packages/torch/nn/modules/module.py", line 1102, in _call_impl
    return forward_call(*input, **kwargs)
  File "/blue/hmedeiros/m.maqboolbhutta/codes/patchnetvlad/patchnetvlad/models/netvlad.py", line 644, in forward
    NB, x_size, x_cropped = self.SelectRegions(x)
  File "/home/m.maqboolbhutta/.conda/envs/patchnetvlad/lib/python3.8/site-packages/torch/nn/modules/module.py", line 1177, in __getattr__
    raise AttributeError("'{}' object has no attribute '{}'".format(
AttributeError: 'GraphVLADPCA' object has no attribute 'SelectRegions'
Traceback (most recent call last):
  File "feature_match.py", line 215, in <module>
    main()
  File "feature_match.py", line 207, in main
    feature_match(dataset, device, opt, config)
  File "feature_match.py", line 107, in feature_match
    qFeat = np.load(input_query_global_features_prefix)
  File "/home/m.maqboolbhutta/.conda/envs/patchnetvlad/lib/python3.8/site-packages/numpy/lib/npyio.py", line 417, in load
    fid = stack.enter_context(open(os_fspath(file), "rb"))
FileNotFoundError: [Errno 2] No such file or directory: '/home/m.maqboolbhutta/usman_ws/models/features/mapillarysf_query/globalfeats.npy'

      Test Iter:   0%|          | 0/2512 [00:00<?, ?it/s][A
                                                         [ATraceback (most recent call last):
  File "feature_extract.py", line 183, in <module>
    main()
  File "feature_extract.py", line 175, in main
    feature_extract(dataset, model, device, opt, config)
  File "feature_extract.py", line 97, in feature_extract
    vlad_global_pca = model(input_data)
  File "/home/m.maqboolbhutta/.conda/envs/patchnetvlad/lib/python3.8/site-packages/torch/nn/modules/module.py", line 1102, in _call_impl
    return forward_call(*input, **kwargs)
  File "/blue/hmedeiros/m.maqboolbhutta/codes/patchnetvlad/patchnetvlad/models/netvlad.py", line 644, in forward
    NB, x_size, x_cropped = self.SelectRegions(x)
  File "/home/m.maqboolbhutta/.conda/envs/patchnetvlad/lib/python3.8/site-packages/torch/nn/modules/module.py", line 1177, in __getattr__
    raise AttributeError("'{}' object has no attribute '{}'".format(
AttributeError: 'GraphVLADPCA' object has no attribute 'SelectRegions'

      Test Iter:   0%|          | 0/100 [00:00<?, ?it/s][A
                                                        [ATraceback (most recent call last):
  File "feature_extract.py", line 183, in <module>
    main()
  File "feature_extract.py", line 175, in main
    feature_extract(dataset, model, device, opt, config)
  File "feature_extract.py", line 97, in feature_extract
    vlad_global_pca = model(input_data)
  File "/home/m.maqboolbhutta/.conda/envs/patchnetvlad/lib/python3.8/site-packages/torch/nn/modules/module.py", line 1102, in _call_impl
    return forward_call(*input, **kwargs)
  File "/blue/hmedeiros/m.maqboolbhutta/codes/patchnetvlad/patchnetvlad/models/netvlad.py", line 644, in forward
    NB, x_size, x_cropped = self.SelectRegions(x)
  File "/home/m.maqboolbhutta/.conda/envs/patchnetvlad/lib/python3.8/site-packages/torch/nn/modules/module.py", line 1177, in __getattr__
    raise AttributeError("'{}' object has no attribute '{}'".format(
AttributeError: 'GraphVLADPCA' object has no attribute 'SelectRegions'
Traceback (most recent call last):
  File "feature_match.py", line 215, in <module>
    main()
  File "feature_match.py", line 207, in main
    feature_match(dataset, device, opt, config)
  File "feature_match.py", line 107, in feature_match
    qFeat = np.load(input_query_global_features_prefix)
  File "/home/m.maqboolbhutta/.conda/envs/patchnetvlad/lib/python3.8/site-packages/numpy/lib/npyio.py", line 417, in load
    fid = stack.enter_context(open(os_fspath(file), "rb"))
FileNotFoundError: [Errno 2] No such file or directory: '/home/m.maqboolbhutta/usman_ws/models/features/mapillarycph_query/globalfeats.npy'
/blue/hmedeiros/m.maqboolbhutta/codes/mapillary_sls/mapillary_sls/datasets/msls.py:217: VisibleDeprecationWarning: Creating an ndarray from ragged nested sequences (which is a list-or-tuple of lists-or-tuples-or ndarrays with different lengths or shapes) is deprecated. If you meant to do this, you must specify 'dtype=object' when creating the ndarray.
  self.pIdx = np.asarray(self.pIdx)
slurmstepd: error: *** JOB 24888580 ON c1110a-s23 CANCELLED AT 2024-02-29T14:10:50 ***
