Fri Feb 16 08:00:56 EST 2024
/home/m.maqboolbhutta/usman_ws/codes/patchnetvlad
/home/m.maqboolbhutta/.conda/envs/patchnetvlad/bin/python
Host: c0906a-s11
Other nodes: 
Starting  process(es) on each node...
/home/m.maqboolbhutta/models/patchnetvlad/pc/Feb14_17-16-27_mapillary_nopanos/checkpoints/checkpoint_epoch2.pth.tar
/home/m.maqboolbhutta/models/patchnetvlad/pc/Feb14_17-16-27_mapillary_nopanos/checkpoints/checkpoint_epoch1.pth.tar
/home/m.maqboolbhutta/models/patchnetvlad/pc/Feb14_17-16-27_mapillary_nopanos/checkpoints/model_best.pth.tar
/home/m.maqboolbhutta/models/patchnetvlad/pc/Feb14_17-16-27_mapillary_nopanos/checkpoints/checkpoint_epoch3.pth.tar
Building PCA Model of /home/m.maqboolbhutta/models/patchnetvlad/pc/Feb14_17-16-27_mapillary_nopanos/checkpoints/checkpoint_epoch2.pth.tar file...
/home/m.maqboolbhutta/models/patchnetvlad/pc/Feb14_17-16-27_mapillary_nopanos/checkpoints/checkpoint_epoch2_WPCA4096.pth.tar
checkpoint_epoch2
Adding PCA Layer
Namespace(config_path='patchnetvlad/configs/train.ini', dataset_choice='mapillary', dataset_root_dir='/home/m.maqboolbhutta/usman_ws/datasets/mapillary_sls/', nocuda=False, resume_path='/home/m.maqboolbhutta/models/patchnetvlad/pc/Feb14_17-16-27_mapillary_nopanos/checkpoints/checkpoint_epoch2.pth.tar', threads=6, vd16_offtheshelf_path=None)
===> Building model
=> loading checkpoint '/home/m.maqboolbhutta/models/patchnetvlad/pc/Feb14_17-16-27_mapillary_nopanos/checkpoints/checkpoint_epoch2.pth.tar'
=> loaded checkpoint '/home/m.maqboolbhutta/models/patchnetvlad/pc/Feb14_17-16-27_mapillary_nopanos/checkpoints/checkpoint_epoch2.pth.tar'
===> Loading PCA dataset(s)
Exclude panoramas: True
=====> trondheim
=====> london
=====> boston
=====> melbourne
=====> amsterdam
=====> helsinki
=====> tokyo
=====> toronto
=====> saopaulo
=====> moscow
=====> zurich
=====> paris
=====> bangkok
=====> budapest
=====> austin
=====> berlin
=====> ottawa
=====> phoenix
=====> goa
=====> amman
=====> nairobi
=====> manila
===> Do inference to extract features and save them.
====> Extracting Features
Compute 10000 features
