Tue Apr 30 23:06:57 EDT 2024
/home/m.maqboolbhutta/usman_ws/codes/patchnetvlad
/home/m.maqboolbhutta/.conda/envs/patchnetvlad/bin/python
Host: c1004a-s35
Other nodes: 
Starting  process(es) on each node...
==========Starting Training=============
Saving checkpoints at /home/m.maqboolbhutta/usman_ws/models/patchnetvlad/graphvlad-triplet-lr0.01-30-Apr
========================================
Namespace(cache_path='/home/m.maqboolbhutta/usman_ws/datasets/netvlad-official/', cluster_path='/home/m.maqboolbhutta/usman_ws/datasets/netvlad-official/centroids/vgg16_mapillary_16_desc_cen.hdf5', config_path='patchnetvlad/configs/train-slurm.ini', dataset_root_dir='/home/m.maqboolbhutta/usman_ws/datasets/mapillary_sls/', esp_encoder='/home/m.maqboolbhutta/usman_ws/datasets/netvlad-official/espnet-encoder/espnet_p_2_q_8.pth', identifier='mapillary_nopanos', loss='triplet', method='graphvlad', nEpochs=5, nocuda=False, resume_path='', save_every_epoch=True, save_path='/home/m.maqboolbhutta/usman_ws/models/patchnetvlad/graphvlad-triplet-lr0.01-30-Apr', start_epoch=0, threads=6, vd16_offtheshelf_path='/home/m.maqboolbhutta/usman_ws/datasets/netvlad-official/vd16_offtheshelf_conv5_3_max.pth')
===> Building model
===> Loading model
===> Loading segmentation model
Encoder loaded!
Creating model graphvlad
===> Loading dataset(s)
Exclude panoramas: True
=====> trondheim
=====> london
=====> boston
=====> melbourne
=====> amsterdam
=====> helsinki
=====> tokyo
=====> toronto
=====> saopaulo
=====> moscow
=====> zurich
=====> paris
=====> bangkok
=====> budapest
=====> austin
=====> berlin
=====> ottawa
=====> phoenix
=====> goa
=====> amman
=====> nairobi
=====> manila
#Sideways [21262/441280]; #Night; [4666/441280]
Forward and Day weighted with 1.0000
Forward and Night weighted with 95.5735
Sideways and Day weighted with 21.7544
Sideways and Night weighted with 116.3279
Exclude panoramas: True
=====> cph
=====> sf
===> Training query set: 441280
===> Evaluating on val set, query count: 740
===> Training model
>> Searching for hard negatives...
>> Searching for hard negatives...
>> Searching for hard negatives...
>> Searching for hard negatives...
>> Searching for hard negatives...
==> Epoch[1](50/4012): Loss: 0.0466
Allocated: 425.59 MB
Cached:    62.96 GB
>> Searching for hard negatives...
>> Searching for hard negatives...
>> Searching for hard negatives...
>> Searching for hard negatives...
>> Searching for hard negatives...
==> Epoch[1](100/4012): Loss: 0.0040
Allocated: 423.16 MB
Cached:    49.26 GB
>> Searching for hard negatives...
>> Searching for hard negatives...
>> Searching for hard negatives...
>> Searching for hard negatives...
>> Searching for hard negatives...
==> Epoch[1](150/4012): Loss: 0.0063
Allocated: 425.59 MB
Cached:    63.01 GB
>> Searching for hard negatives...
>> Searching for hard negatives...
>> Searching for hard negatives...
>> Searching for hard negatives...
>> Searching for hard negatives...
==> Epoch[1](200/4012): Loss: 0.0677
Allocated: 425.59 MB
Cached:    48.75 GB
>> Searching for hard negatives...
>> Searching for hard negatives...
>> Searching for hard negatives...
>> Searching for hard negatives...
>> Searching for hard negatives...
==> Epoch[1](250/4012): Loss: 0.0304
Allocated: 423.16 MB
Cached:    49.21 GB
>> Searching for hard negatives...
>> Searching for hard negatives...
>> Searching for hard negatives...
>> Searching for hard negatives...
>> Searching for hard negatives...
==> Epoch[1](300/4012): Loss: 0.0315
Allocated: 425.59 MB
Cached:    49.21 GB
>> Searching for hard negatives...
>> Searching for hard negatives...
>> Searching for hard negatives...
>> Searching for hard negatives...
>> Searching for hard negatives...
==> Epoch[1](350/4012): Loss: 0.0000
Allocated: 423.16 MB
Cached:    49.21 GB
>> Searching for hard negatives...
>> Searching for hard negatives...
>> Searching for hard negatives...
>> Searching for hard negatives...
>> Searching for hard negatives...
==> Epoch[1](400/4012): Loss: 0.0262
Allocated: 425.59 MB
Cached:    63.48 GB
>> Searching for hard negatives...
>> Searching for hard negatives...
>> Searching for hard negatives...
>> Searching for hard negatives...
>> Searching for hard negatives...
==> Epoch[1](450/4012): Loss: 0.0016
Allocated: 425.59 MB
Cached:    63.48 GB
>> Searching for hard negatives...
>> Searching for hard negatives...
>> Searching for hard negatives...
>> Searching for hard negatives...
>> Searching for hard negatives...
==> Epoch[1](500/4012): Loss: 0.0026
Allocated: 425.59 MB
Cached:    49.26 GB
>> Searching for hard negatives...
>> Searching for hard negatives...
>> Searching for hard negatives...
>> Searching for hard negatives...
>> Searching for hard negatives...
==> Epoch[1](550/4012): Loss: 0.0099
Allocated: 425.59 MB
Cached:    48.75 GB
>> Searching for hard negatives...
>> Searching for hard negatives...
>> Searching for hard negatives...
>> Searching for hard negatives...
>> Searching for hard negatives...
==> Epoch[1](600/4012): Loss: 0.0184
Allocated: 425.59 MB
Cached:    48.82 GB
>> Searching for hard negatives...
>> Searching for hard negatives...
>> Searching for hard negatives...
>> Searching for hard negatives...
>> Searching for hard negatives...
==> Epoch[1](650/4012): Loss: 0.0000
Allocated: 423.16 MB
Cached:    48.75 GB
>> Searching for hard negatives...
>> Searching for hard negatives...
>> Searching for hard negatives...
>> Searching for hard negatives...
>> Searching for hard negatives...
==> Epoch[1](700/4012): Loss: 0.0061
Allocated: 425.59 MB
Cached:    48.81 GB
>> Searching for hard negatives...
>> Searching for hard negatives...
>> Searching for hard negatives...
>> Searching for hard negatives...
>> Searching for hard negatives...
==> Epoch[1](750/4012): Loss: 0.0035
Allocated: 425.59 MB
Cached:    49.27 GB
>> Searching for hard negatives...
>> Searching for hard negatives...
>> Searching for hard negatives...
>> Searching for hard negatives...
>> Searching for hard negatives...
==> Epoch[1](800/4012): Loss: 0.0000
Allocated: 425.59 MB
Cached:    49.26 GB
>> Searching for hard negatives...
>> Searching for hard negatives...
>> Searching for hard negatives...
>> Searching for hard negatives...
>> Searching for hard negatives...
==> Epoch[1](850/4012): Loss: 0.0000
Allocated: 425.59 MB
Cached:    48.74 GB
>> Searching for hard negatives...
>> Searching for hard negatives...
>> Searching for hard negatives...
>> Searching for hard negatives...
>> Searching for hard negatives...
==> Epoch[1](900/4012): Loss: 0.0012
Allocated: 423.16 MB
Cached:    49.27 GB
>> Searching for hard negatives...
>> Searching for hard negatives...
>> Searching for hard negatives...
>> Searching for hard negatives...
>> Searching for hard negatives...
==> Epoch[1](950/4012): Loss: 0.0000
Allocated: 423.18 MB
Cached:    48.80 GB
>> Searching for hard negatives...
>> Searching for hard negatives...
>> Searching for hard negatives...
>> Searching for hard negatives...
>> Searching for hard negatives...
==> Epoch[1](1000/4012): Loss: 0.0021
Allocated: 423.15 MB
Cached:    62.96 GB
>> Searching for hard negatives...
>> Searching for hard negatives...
>> Searching for hard negatives...
>> Searching for hard negatives...
>> Searching for hard negatives...
==> Epoch[1](1050/4012): Loss: 0.0000
Allocated: 425.59 MB
Cached:    48.80 GB
>> Searching for hard negatives...
>> Searching for hard negatives...
>> Searching for hard negatives...
>> Searching for hard negatives...
>> Searching for hard negatives...
==> Epoch[1](1100/4012): Loss: 0.0000
Allocated: 423.15 MB
Cached:    48.74 GB
>> Searching for hard negatives...
>> Searching for hard negatives...
>> Searching for hard negatives...
>> Searching for hard negatives...
>> Searching for hard negatives...
==> Epoch[1](1150/4012): Loss: 0.0200
Allocated: 423.16 MB
Cached:    48.74 GB
>> Searching for hard negatives...
>> Searching for hard negatives...
>> Searching for hard negatives...
>> Searching for hard negatives...
>> Searching for hard negatives...
==> Epoch[1](1200/4012): Loss: 0.0215
Allocated: 423.01 MB
Cached:    48.70 GB
>> Searching for hard negatives...
>> Searching for hard negatives...
>> Searching for hard negatives...
>> Searching for hard negatives...
>> Searching for hard negatives...
==> Epoch[1](1250/4012): Loss: 0.0000
Allocated: 423.16 MB
Cached:    49.21 GB
>> Searching for hard negatives...
>> Searching for hard negatives...
>> Searching for hard negatives...
>> Searching for hard negatives...
>> Searching for hard negatives...
==> Epoch[1](1300/4012): Loss: 0.0000
Allocated: 423.20 MB
Cached:    48.80 GB
>> Searching for hard negatives...
>> Searching for hard negatives...
>> Searching for hard negatives...
>> Searching for hard negatives...
>> Searching for hard negatives...
==> Epoch[1](1350/4012): Loss: 0.0024
Allocated: 425.59 MB
Cached:    49.26 GB
>> Searching for hard negatives...
>> Searching for hard negatives...
>> Searching for hard negatives...
>> Searching for hard negatives...
>> Searching for hard negatives...
==> Epoch[1](1400/4012): Loss: 0.0008
Allocated: 425.59 MB
Cached:    48.74 GB
>> Searching for hard negatives...
>> Searching for hard negatives...
>> Searching for hard negatives...
>> Searching for hard negatives...
>> Searching for hard negatives...
==> Epoch[1](1450/4012): Loss: 0.0033
Allocated: 423.16 MB
Cached:    48.75 GB
>> Searching for hard negatives...
>> Searching for hard negatives...
>> Searching for hard negatives...
>> Searching for hard negatives...
>> Searching for hard negatives...
==> Epoch[1](1500/4012): Loss: 0.0000
Allocated: 423.16 MB
Cached:    63.47 GB
>> Searching for hard negatives...
>> Searching for hard negatives...
>> Searching for hard negatives...
>> Searching for hard negatives...
>> Searching for hard negatives...
==> Epoch[1](1550/4012): Loss: 0.0003
Allocated: 425.59 MB
Cached:    62.96 GB
>> Searching for hard negatives...
>> Searching for hard negatives...
>> Searching for hard negatives...
>> Searching for hard negatives...
>> Searching for hard negatives...
==> Epoch[1](1600/4012): Loss: 0.0012
Allocated: 423.16 MB
Cached:    49.21 GB
>> Searching for hard negatives...
>> Searching for hard negatives...
>> Searching for hard negatives...
>> Searching for hard negatives...
>> Searching for hard negatives...
==> Epoch[1](1650/4012): Loss: 0.0000
Allocated: 423.16 MB
Cached:    49.21 GB
>> Searching for hard negatives...
>> Searching for hard negatives...
>> Searching for hard negatives...
>> Searching for hard negatives...
>> Searching for hard negatives...
==> Epoch[1](1700/4012): Loss: 0.0151
Allocated: 423.16 MB
Cached:    49.20 GB
>> Searching for hard negatives...
>> Searching for hard negatives...
>> Searching for hard negatives...
>> Searching for hard negatives...
>> Searching for hard negatives...
==> Epoch[1](1750/4012): Loss: 0.0000
Allocated: 423.15 MB
Cached:    49.20 GB
>> Searching for hard negatives...
>> Searching for hard negatives...
>> Searching for hard negatives...
>> Searching for hard negatives...
>> Searching for hard negatives...
==> Epoch[1](1800/4012): Loss: 0.0090
Allocated: 423.16 MB
Cached:    63.03 GB
>> Searching for hard negatives...
>> Searching for hard negatives...
>> Searching for hard negatives...
>> Searching for hard negatives...
>> Searching for hard negatives...
==> Epoch[1](1850/4012): Loss: 0.0000
Allocated: 423.16 MB
Cached:    63.01 GB
>> Searching for hard negatives...
>> Searching for hard negatives...
>> Searching for hard negatives...
>> Searching for hard negatives...
>> Searching for hard negatives...
==> Epoch[1](1900/4012): Loss: 0.0000
Allocated: 423.18 MB
Cached:    63.01 GB
>> Searching for hard negatives...
>> Searching for hard negatives...
>> Searching for hard negatives...
>> Searching for hard negatives...
>> Searching for hard negatives...
==> Epoch[1](1950/4012): Loss: 0.0618
Allocated: 423.16 MB
Cached:    48.75 GB
>> Searching for hard negatives...
>> Searching for hard negatives...
>> Searching for hard negatives...
>> Searching for hard negatives...
>> Searching for hard negatives...
==> Epoch[1](2000/4012): Loss: 0.0009
Allocated: 423.16 MB
Cached:    62.95 GB
>> Searching for hard negatives...
>> Searching for hard negatives...
>> Searching for hard negatives...
>> Searching for hard negatives...
>> Searching for hard negatives...
==> Epoch[1](2050/4012): Loss: 0.0126
Allocated: 420.16 MB
Cached:    48.26 GB
>> Searching for hard negatives...
>> Searching for hard negatives...
>> Searching for hard negatives...
>> Searching for hard negatives...
>> Searching for hard negatives...
==> Epoch[1](2100/4012): Loss: 0.0000
Allocated: 423.16 MB
Cached:    63.48 GB
>> Searching for hard negatives...
>> Searching for hard negatives...
>> Searching for hard negatives...
>> Searching for hard negatives...
>> Searching for hard negatives...
==> Epoch[1](2150/4012): Loss: 0.0724
Allocated: 423.15 MB
Cached:    63.02 GB
>> Searching for hard negatives...
>> Searching for hard negatives...
>> Searching for hard negatives...
>> Searching for hard negatives...
>> Searching for hard negatives...
==> Epoch[1](2200/4012): Loss: 0.0076
Allocated: 423.15 MB
Cached:    49.15 GB
>> Searching for hard negatives...
>> Searching for hard negatives...
>> Searching for hard negatives...
>> Searching for hard negatives...
>> Searching for hard negatives...
==> Epoch[1](2250/4012): Loss: 0.0025
Allocated: 423.20 MB
Cached:    63.02 GB
>> Searching for hard negatives...
>> Searching for hard negatives...
>> Searching for hard negatives...
>> Searching for hard negatives...
>> Searching for hard negatives...
==> Epoch[1](2300/4012): Loss: 0.0000
Allocated: 423.20 MB
Cached:    63.01 GB
>> Searching for hard negatives...
>> Searching for hard negatives...
>> Searching for hard negatives...
>> Searching for hard negatives...
>> Searching for hard negatives...
==> Epoch[1](2350/4012): Loss: 0.0000
Allocated: 423.20 MB
Cached:    63.02 GB
>> Searching for hard negatives...
>> Searching for hard negatives...
>> Searching for hard negatives...
>> Searching for hard negatives...
>> Searching for hard negatives...
==> Epoch[1](2400/4012): Loss: 0.0201
Allocated: 423.16 MB
Cached:    49.21 GB
>> Searching for hard negatives...
>> Searching for hard negatives...
>> Searching for hard negatives...
>> Searching for hard negatives...
>> Searching for hard negatives...
==> Epoch[1](2450/4012): Loss: 0.0048
Allocated: 423.18 MB
Cached:    63.01 GB
>> Searching for hard negatives...
>> Searching for hard negatives...
>> Searching for hard negatives...
>> Searching for hard negatives...
>> Searching for hard negatives...
==> Epoch[1](2500/4012): Loss: 0.0053
Allocated: 420.16 MB
Cached:    63.01 GB
>> Searching for hard negatives...
>> Searching for hard negatives...
>> Searching for hard negatives...
>> Searching for hard negatives...
>> Searching for hard negatives...
==> Epoch[1](2550/4012): Loss: 0.0003
Allocated: 422.76 MB
Cached:    62.96 GB
>> Searching for hard negatives...
>> Searching for hard negatives...
>> Searching for hard negatives...
>> Searching for hard negatives...
>> Searching for hard negatives...
==> Epoch[1](2600/4012): Loss: 0.0083
Allocated: 423.16 MB
Cached:    48.26 GB
>> Searching for hard negatives...
>> Searching for hard negatives...
>> Searching for hard negatives...
>> Searching for hard negatives...
>> Searching for hard negatives...
==> Epoch[1](2650/4012): Loss: 0.0215
Allocated: 420.48 MB
Cached:    49.21 GB
>> Searching for hard negatives...
>> Searching for hard negatives...
>> Searching for hard negatives...
>> Searching for hard negatives...
>> Searching for hard negatives...
==> Epoch[1](2700/4012): Loss: 0.0000
Allocated: 423.15 MB
Cached:    63.47 GB
>> Searching for hard negatives...
>> Searching for hard negatives...
>> Searching for hard negatives...
>> Searching for hard negatives...
>> Searching for hard negatives...
==> Epoch[1](2750/4012): Loss: 0.0188
Allocated: 423.15 MB
Cached:    49.21 GB
>> Searching for hard negatives...
>> Searching for hard negatives...
>> Searching for hard negatives...
>> Searching for hard negatives...
>> Searching for hard negatives...
==> Epoch[1](2800/4012): Loss: 0.0000
Allocated: 423.15 MB
Cached:    62.96 GB
>> Searching for hard negatives...
>> Searching for hard negatives...
>> Searching for hard negatives...
>> Searching for hard negatives...
>> Searching for hard negatives...
==> Epoch[1](2850/4012): Loss: 0.0000
Allocated: 423.20 MB
Cached:    62.96 GB
>> Searching for hard negatives...
>> Searching for hard negatives...
>> Searching for hard negatives...
>> Searching for hard negatives...
>> Searching for hard negatives...
==> Epoch[1](2900/4012): Loss: 0.0000
Allocated: 423.16 MB
Cached:    49.26 GB
>> Searching for hard negatives...
>> Searching for hard negatives...
>> Searching for hard negatives...
>> Searching for hard negatives...
>> Searching for hard negatives...
==> Epoch[1](2950/4012): Loss: 0.0000
Allocated: 423.15 MB
Cached:    49.21 GB
>> Searching for hard negatives...
>> Searching for hard negatives...
>> Searching for hard negatives...
>> Searching for hard negatives...
>> Searching for hard negatives...
==> Epoch[1](3000/4012): Loss: 0.0047
Allocated: 423.16 MB
Cached:    63.48 GB
>> Searching for hard negatives...
>> Searching for hard negatives...
>> Searching for hard negatives...
>> Searching for hard negatives...
>> Searching for hard negatives...
==> Epoch[1](3050/4012): Loss: 0.0000
Allocated: 423.15 MB
Cached:    49.20 GB
>> Searching for hard negatives...
>> Searching for hard negatives...
>> Searching for hard negatives...
>> Searching for hard negatives...
>> Searching for hard negatives...
==> Epoch[1](3100/4012): Loss: 0.0000
Allocated: 423.15 MB
Cached:    63.48 GB
>> Searching for hard negatives...
>> Searching for hard negatives...
>> Searching for hard negatives...
>> Searching for hard negatives...
>> Searching for hard negatives...
==> Epoch[1](3150/4012): Loss: 0.0066
Allocated: 423.16 MB
Cached:    49.21 GB
>> Searching for hard negatives...
>> Searching for hard negatives...
>> Searching for hard negatives...
>> Searching for hard negatives...
>> Searching for hard negatives...
==> Epoch[1](3200/4012): Loss: 0.0029
Allocated: 423.16 MB
Cached:    49.21 GB
>> Searching for hard negatives...
>> Searching for hard negatives...
>> Searching for hard negatives...
>> Searching for hard negatives...
>> Searching for hard negatives...
==> Epoch[1](3250/4012): Loss: 0.0000
Allocated: 423.16 MB
Cached:    49.21 GB
>> Searching for hard negatives...
>> Searching for hard negatives...
>> Searching for hard negatives...
>> Searching for hard negatives...
>> Searching for hard negatives...
==> Epoch[1](3300/4012): Loss: 0.0039
Allocated: 420.48 MB
Cached:    49.20 GB
>> Searching for hard negatives...
>> Searching for hard negatives...
>> Searching for hard negatives...
>> Searching for hard negatives...
>> Searching for hard negatives...
==> Epoch[1](3350/4012): Loss: 0.0020
Allocated: 423.16 MB
Cached:    49.21 GB
>> Searching for hard negatives...
>> Searching for hard negatives...
>> Searching for hard negatives...
>> Searching for hard negatives...
>> Searching for hard negatives...
==> Epoch[1](3400/4012): Loss: 0.0000
Allocated: 423.16 MB
Cached:    49.20 GB
>> Searching for hard negatives...
>> Searching for hard negatives...
>> Searching for hard negatives...
>> Searching for hard negatives...
>> Searching for hard negatives...
==> Epoch[1](3450/4012): Loss: 0.0000
Allocated: 422.87 MB
Cached:    49.11 GB
>> Searching for hard negatives...
>> Searching for hard negatives...
>> Searching for hard negatives...
>> Searching for hard negatives...
>> Searching for hard negatives...
==> Epoch[1](3500/4012): Loss: 0.0000
Allocated: 423.16 MB
Cached:    62.95 GB
>> Searching for hard negatives...
>> Searching for hard negatives...
>> Searching for hard negatives...
>> Searching for hard negatives...
>> Searching for hard negatives...
==> Epoch[1](3550/4012): Loss: 0.0354
Allocated: 423.16 MB
Cached:    49.21 GB
>> Searching for hard negatives...
>> Searching for hard negatives...
>> Searching for hard negatives...
>> Searching for hard negatives...
>> Searching for hard negatives...
==> Epoch[1](3600/4012): Loss: 0.0000
Allocated: 423.16 MB
Cached:    63.02 GB
>> Searching for hard negatives...
>> Searching for hard negatives...
>> Searching for hard negatives...
>> Searching for hard negatives...
>> Searching for hard negatives...
==> Epoch[1](3650/4012): Loss: 0.0000
Allocated: 423.20 MB
Cached:    49.17 GB
>> Searching for hard negatives...
>> Searching for hard negatives...
>> Searching for hard negatives...
>> Searching for hard negatives...
>> Searching for hard negatives...
==> Epoch[1](3700/4012): Loss: 0.0000
Allocated: 423.20 MB
Cached:    48.73 GB
>> Searching for hard negatives...
>> Searching for hard negatives...
>> Searching for hard negatives...
>> Searching for hard negatives...
>> Searching for hard negatives...
==> Epoch[1](3750/4012): Loss: 0.0000
Allocated: 415.00 MB
Cached:    63.03 GB
>> Searching for hard negatives...
>> Searching for hard negatives...
>> Searching for hard negatives...
>> Searching for hard negatives...
>> Searching for hard negatives...
==> Epoch[1](3800/4012): Loss: 0.0000
Allocated: 423.18 MB
Cached:    48.19 GB
>> Searching for hard negatives...
>> Searching for hard negatives...
>> Searching for hard negatives...
>> Searching for hard negatives...
>> Searching for hard negatives...
==> Epoch[1](3850/4012): Loss: 0.0016
Allocated: 423.20 MB
Cached:    63.01 GB
>> Searching for hard negatives...
>> Searching for hard negatives...
>> Searching for hard negatives...
>> Searching for hard negatives...
>> Searching for hard negatives...
==> Epoch[1](3900/4012): Loss: 0.0000
Allocated: 423.16 MB
Cached:    63.46 GB
>> Searching for hard negatives...
>> Searching for hard negatives...
>> Searching for hard negatives...
>> Searching for hard negatives...
>> Searching for hard negatives...
==> Epoch[1](3950/4012): Loss: 0.0000
Allocated: 423.16 MB
Cached:    48.24 GB
>> Searching for hard negatives...
>> Searching for hard negatives...
>> Searching for hard negatives...
>> Searching for hard negatives...
>> Searching for hard negatives...
==> Epoch[1](4000/4012): Loss: 0.0000
Allocated: 423.20 MB
Cached:    63.01 GB
>> Searching for hard negatives...
>> Searching for hard negatives...
>> Searching for hard negatives...
>> Searching for hard negatives...
>> Searching for hard negatives...
==> Epoch[1](4050/4012): Loss: 0.0078
Allocated: 423.16 MB
Cached:    49.21 GB
>> Searching for hard negatives...
>> Searching for hard negatives...
>> Searching for hard negatives...
>> Searching for hard negatives...
>> Searching for hard negatives...
==> Epoch[1](4100/4012): Loss: 0.0000
Allocated: 423.16 MB
Cached:    63.02 GB
>> Searching for hard negatives...
>> Searching for hard negatives...
>> Searching for hard negatives...
>> Searching for hard negatives...
>> Searching for hard negatives...
==> Epoch[1](4150/4012): Loss: 0.0027
Allocated: 423.15 MB
Cached:    63.48 GB
>> Searching for hard negatives...
>> Searching for hard negatives...
>> Searching for hard negatives...
>> Searching for hard negatives...
>> Searching for hard negatives...
==> Epoch[1](4200/4012): Loss: 0.0000
Allocated: 423.15 MB
Cached:    62.95 GB
>> Searching for hard negatives...
>> Searching for hard negatives...
>> Searching for hard negatives...
>> Searching for hard negatives...
>> Searching for hard negatives...
==> Epoch[1](4250/4012): Loss: 0.0000
Allocated: 423.16 MB
Cached:    48.30 GB
>> Searching for hard negatives...
>> Searching for hard negatives...
>> Searching for hard negatives...
>> Searching for hard negatives...
>> Searching for hard negatives...
==> Epoch[1](4300/4012): Loss: 0.0030
Allocated: 423.18 MB
Cached:    63.02 GB
>> Searching for hard negatives...
>> Searching for hard negatives...
>> Searching for hard negatives...
>> Searching for hard negatives...
>> Searching for hard negatives...
==> Epoch[1](4350/4012): Loss: 0.0037
Allocated: 420.79 MB
Cached:    63.03 GB
>> Searching for hard negatives...
>> Searching for hard negatives...
>> Searching for hard negatives...
>> Searching for hard negatives...
>> Searching for hard negatives...
==> Epoch[1](4400/4012): Loss: 0.0000
Allocated: 423.16 MB
Cached:    62.97 GB
>> Searching for hard negatives...
>> Searching for hard negatives...
===> Epoch 1 Complete: Avg. Loss: 0.0085
====> Extracting Features
====> Building faiss index
====> Calculating recall @ N
====> Recall@1: 0.6243
====> Recall@5: 0.7554
====> Recall@10: 0.8027
====> Recall@20: 0.8392
====> Recall@50: 0.8703
====> Recall@100: 0.9000
>> Searching for hard negatives...
>> Searching for hard negatives...
>> Searching for hard negatives...
>> Searching for hard negatives...
>> Searching for hard negatives...
==> Epoch[2](50/4012): Loss: 0.0163
Allocated: 423.16 MB
Cached:    63.47 GB
>> Searching for hard negatives...
>> Searching for hard negatives...
>> Searching for hard negatives...
>> Searching for hard negatives...
>> Searching for hard negatives...
==> Epoch[2](100/4012): Loss: 0.0042
Allocated: 423.16 MB
Cached:    63.48 GB
>> Searching for hard negatives...
>> Searching for hard negatives...
>> Searching for hard negatives...
>> Searching for hard negatives...
>> Searching for hard negatives...
==> Epoch[2](150/4012): Loss: 0.0000
Allocated: 425.59 MB
Cached:    49.27 GB
>> Searching for hard negatives...
>> Searching for hard negatives...
>> Searching for hard negatives...
>> Searching for hard negatives...
>> Searching for hard negatives...
==> Epoch[2](200/4012): Loss: 0.0000
Allocated: 425.56 MB
Cached:    62.96 GB
>> Searching for hard negatives...
>> Searching for hard negatives...
>> Searching for hard negatives...
>> Searching for hard negatives...
>> Searching for hard negatives...
==> Epoch[2](250/4012): Loss: 0.0000
Allocated: 425.59 MB
Cached:    49.20 GB
>> Searching for hard negatives...
>> Searching for hard negatives...
>> Searching for hard negatives...
>> Searching for hard negatives...
>> Searching for hard negatives...
==> Epoch[2](300/4012): Loss: 0.0000
Allocated: 425.59 MB
Cached:    48.81 GB
>> Searching for hard negatives...
>> Searching for hard negatives...
>> Searching for hard negatives...
>> Searching for hard negatives...
>> Searching for hard negatives...
==> Epoch[2](350/4012): Loss: 0.0000
Allocated: 425.59 MB
Cached:    48.80 GB
>> Searching for hard negatives...
>> Searching for hard negatives...
>> Searching for hard negatives...
>> Searching for hard negatives...
>> Searching for hard negatives...
==> Epoch[2](400/4012): Loss: 0.0000
Allocated: 425.59 MB
Cached:    48.74 GB
>> Searching for hard negatives...
>> Searching for hard negatives...
>> Searching for hard negatives...
>> Searching for hard negatives...
>> Searching for hard negatives...
==> Epoch[2](450/4012): Loss: 0.0000
Allocated: 425.59 MB
Cached:    62.95 GB
>> Searching for hard negatives...
>> Searching for hard negatives...
>> Searching for hard negatives...
>> Searching for hard negatives...
>> Searching for hard negatives...
==> Epoch[2](500/4012): Loss: 0.0000
Allocated: 425.59 MB
Cached:    49.26 GB
>> Searching for hard negatives...
>> Searching for hard negatives...
>> Searching for hard negatives...
>> Searching for hard negatives...
>> Searching for hard negatives...
==> Epoch[2](550/4012): Loss: 0.0000
Allocated: 425.59 MB
Cached:    48.74 GB
>> Searching for hard negatives...
>> Searching for hard negatives...
>> Searching for hard negatives...
>> Searching for hard negatives...
>> Searching for hard negatives...
==> Epoch[2](600/4012): Loss: 0.0000
Allocated: 425.59 MB
Cached:    63.01 GB
>> Searching for hard negatives...
>> Searching for hard negatives...
>> Searching for hard negatives...
>> Searching for hard negatives...
>> Searching for hard negatives...
==> Epoch[2](650/4012): Loss: 0.0000
Allocated: 423.20 MB
Cached:    48.80 GB
>> Searching for hard negatives...
>> Searching for hard negatives...
>> Searching for hard negatives...
>> Searching for hard negatives...
>> Searching for hard negatives...
==> Epoch[2](700/4012): Loss: 0.0000
Allocated: 423.16 MB
Cached:    48.81 GB
>> Searching for hard negatives...
>> Searching for hard negatives...
>> Searching for hard negatives...
>> Searching for hard negatives...
>> Searching for hard negatives...
==> Epoch[2](750/4012): Loss: 0.0000
Allocated: 423.16 MB
Cached:    49.21 GB
>> Searching for hard negatives...
>> Searching for hard negatives...
>> Searching for hard negatives...
>> Searching for hard negatives...
>> Searching for hard negatives...
==> Epoch[2](800/4012): Loss: 0.0802
Allocated: 425.59 MB
Cached:    48.73 GB
>> Searching for hard negatives...
>> Searching for hard negatives...
>> Searching for hard negatives...
>> Searching for hard negatives...
>> Searching for hard negatives...
==> Epoch[2](850/4012): Loss: 0.0095
Allocated: 423.15 MB
Cached:    49.27 GB
>> Searching for hard negatives...
>> Searching for hard negatives...
>> Searching for hard negatives...
>> Searching for hard negatives...
>> Searching for hard negatives...
==> Epoch[2](900/4012): Loss: 0.0095
Allocated: 425.59 MB
Cached:    48.81 GB
>> Searching for hard negatives...
>> Searching for hard negatives...
>> Searching for hard negatives...
>> Searching for hard negatives...
>> Searching for hard negatives...
==> Epoch[2](950/4012): Loss: 0.0056
Allocated: 423.20 MB
Cached:    48.80 GB
>> Searching for hard negatives...
>> Searching for hard negatives...
>> Searching for hard negatives...
>> Searching for hard negatives...
>> Searching for hard negatives...
==> Epoch[2](1000/4012): Loss: 0.0000
Allocated: 423.16 MB
Cached:    48.76 GB
>> Searching for hard negatives...
>> Searching for hard negatives...
>> Searching for hard negatives...
>> Searching for hard negatives...
>> Searching for hard negatives...
==> Epoch[2](1050/4012): Loss: 0.0000
Allocated: 425.59 MB
Cached:    48.80 GB
>> Searching for hard negatives...
>> Searching for hard negatives...
>> Searching for hard negatives...
>> Searching for hard negatives...
>> Searching for hard negatives...
==> Epoch[2](1100/4012): Loss: 0.0000
Allocated: 422.76 MB
Cached:    62.96 GB
>> Searching for hard negatives...
>> Searching for hard negatives...
>> Searching for hard negatives...
>> Searching for hard negatives...
>> Searching for hard negatives...
==> Epoch[2](1150/4012): Loss: 0.0000
Allocated: 425.59 MB
Cached:    63.47 GB
>> Searching for hard negatives...
>> Searching for hard negatives...
>> Searching for hard negatives...
>> Searching for hard negatives...
>> Searching for hard negatives...
==> Epoch[2](1200/4012): Loss: 0.0000
Allocated: 420.48 MB
Cached:    49.20 GB
>> Searching for hard negatives...
>> Searching for hard negatives...
>> Searching for hard negatives...
>> Searching for hard negatives...
>> Searching for hard negatives...
==> Epoch[2](1250/4012): Loss: 0.0012
Allocated: 425.59 MB
Cached:    63.02 GB
>> Searching for hard negatives...
>> Searching for hard negatives...
>> Searching for hard negatives...
>> Searching for hard negatives...
>> Searching for hard negatives...
==> Epoch[2](1300/4012): Loss: 0.0000
Allocated: 423.20 MB
Cached:    63.02 GB
>> Searching for hard negatives...
>> Searching for hard negatives...
>> Searching for hard negatives...
>> Searching for hard negatives...
>> Searching for hard negatives...
==> Epoch[2](1350/4012): Loss: 0.0000
Allocated: 425.59 MB
Cached:    48.81 GB
>> Searching for hard negatives...
>> Searching for hard negatives...
>> Searching for hard negatives...
>> Searching for hard negatives...
>> Searching for hard negatives...
==> Epoch[2](1400/4012): Loss: 0.0000
Allocated: 423.20 MB
Cached:    48.80 GB
>> Searching for hard negatives...
>> Searching for hard negatives...
>> Searching for hard negatives...
>> Searching for hard negatives...
>> Searching for hard negatives...
==> Epoch[2](1450/4012): Loss: 0.0469
Allocated: 423.16 MB
Cached:    63.48 GB
>> Searching for hard negatives...
>> Searching for hard negatives...
>> Searching for hard negatives...
>> Searching for hard negatives...
>> Searching for hard negatives...
==> Epoch[2](1500/4012): Loss: 0.0021
Allocated: 423.15 MB
Cached:    62.96 GB
>> Searching for hard negatives...
>> Searching for hard negatives...
>> Searching for hard negatives...
>> Searching for hard negatives...
>> Searching for hard negatives...
==> Epoch[2](1550/4012): Loss: 0.0000
Allocated: 423.15 MB
Cached:    49.20 GB
>> Searching for hard negatives...
>> Searching for hard negatives...
>> Searching for hard negatives...
>> Searching for hard negatives...
>> Searching for hard negatives...
==> Epoch[2](1600/4012): Loss: 0.0000
Allocated: 425.59 MB
Cached:    48.80 GB
>> Searching for hard negatives...
>> Searching for hard negatives...
>> Searching for hard negatives...
>> Searching for hard negatives...
>> Searching for hard negatives...
==> Epoch[2](1650/4012): Loss: 0.0038
Allocated: 423.16 MB
Cached:    62.96 GB
>> Searching for hard negatives...
>> Searching for hard negatives...
>> Searching for hard negatives...
>> Searching for hard negatives...
>> Searching for hard negatives...
==> Epoch[2](1700/4012): Loss: 0.0000
Allocated: 423.15 MB
Cached:    62.96 GB
>> Searching for hard negatives...
>> Searching for hard negatives...
>> Searching for hard negatives...
>> Searching for hard negatives...
>> Searching for hard negatives...
==> Epoch[2](1750/4012): Loss: 0.0000
Allocated: 423.16 MB
Cached:    63.03 GB
>> Searching for hard negatives...
>> Searching for hard negatives...
>> Searching for hard negatives...
>> Searching for hard negatives...
>> Searching for hard negatives...
==> Epoch[2](1800/4012): Loss: 0.0000
Allocated: 423.15 MB
Cached:    49.21 GB
>> Searching for hard negatives...
>> Searching for hard negatives...
>> Searching for hard negatives...
>> Searching for hard negatives...
>> Searching for hard negatives...
==> Epoch[2](1850/4012): Loss: 0.0000
Allocated: 423.18 MB
Cached:    63.02 GB
>> Searching for hard negatives...
>> Searching for hard negatives...
>> Searching for hard negatives...
>> Searching for hard negatives...
>> Searching for hard negatives...
==> Epoch[2](1900/4012): Loss: 0.0038
Allocated: 423.15 MB
Cached:    49.21 GB
>> Searching for hard negatives...
>> Searching for hard negatives...
>> Searching for hard negatives...
>> Searching for hard negatives...
>> Searching for hard negatives...
==> Epoch[2](1950/4012): Loss: 0.0000
Allocated: 423.16 MB
Cached:    63.48 GB
>> Searching for hard negatives...
>> Searching for hard negatives...
>> Searching for hard negatives...
>> Searching for hard negatives...
>> Searching for hard negatives...
==> Epoch[2](2000/4012): Loss: 0.0006
Allocated: 423.01 MB
Cached:    48.70 GB
>> Searching for hard negatives...
>> Searching for hard negatives...
>> Searching for hard negatives...
>> Searching for hard negatives...
>> Searching for hard negatives...
==> Epoch[2](2050/4012): Loss: 0.0031
Allocated: 423.15 MB
Cached:    49.21 GB
>> Searching for hard negatives...
>> Searching for hard negatives...
>> Searching for hard negatives...
>> Searching for hard negatives...
>> Searching for hard negatives...
==> Epoch[2](2100/4012): Loss: 0.0008
Allocated: 423.16 MB
Cached:    62.96 GB
>> Searching for hard negatives...
>> Searching for hard negatives...
>> Searching for hard negatives...
>> Searching for hard negatives...
>> Searching for hard negatives...
==> Epoch[2](2150/4012): Loss: 0.0000
Allocated: 423.16 MB
Cached:    63.47 GB
>> Searching for hard negatives...
>> Searching for hard negatives...
>> Searching for hard negatives...
>> Searching for hard negatives...
>> Searching for hard negatives...
==> Epoch[2](2200/4012): Loss: 0.0000
Allocated: 423.16 MB
Cached:    49.21 GB
>> Searching for hard negatives...
>> Searching for hard negatives...
>> Searching for hard negatives...
>> Searching for hard negatives...
>> Searching for hard negatives...
==> Epoch[2](2250/4012): Loss: 0.0000
Allocated: 423.16 MB
Cached:    48.81 GB
>> Searching for hard negatives...
>> Searching for hard negatives...
>> Searching for hard negatives...
>> Searching for hard negatives...
>> Searching for hard negatives...
==> Epoch[2](2300/4012): Loss: 0.0000
Allocated: 423.15 MB
Cached:    49.21 GB
>> Searching for hard negatives...
>> Searching for hard negatives...
>> Searching for hard negatives...
>> Searching for hard negatives...
>> Searching for hard negatives...
==> Epoch[2](2350/4012): Loss: 0.0000
Allocated: 423.20 MB
Cached:    63.02 GB
>> Searching for hard negatives...
>> Searching for hard negatives...
>> Searching for hard negatives...
>> Searching for hard negatives...
>> Searching for hard negatives...
==> Epoch[2](2400/4012): Loss: 0.0000
Allocated: 423.18 MB
Cached:    63.01 GB
>> Searching for hard negatives...
>> Searching for hard negatives...
>> Searching for hard negatives...
>> Searching for hard negatives...
>> Searching for hard negatives...
==> Epoch[2](2450/4012): Loss: 0.0000
Allocated: 423.15 MB
Cached:    49.21 GB
>> Searching for hard negatives...
>> Searching for hard negatives...
>> Searching for hard negatives...
>> Searching for hard negatives...
>> Searching for hard negatives...
==> Epoch[2](2500/4012): Loss: 0.0000
Allocated: 423.15 MB
Cached:    49.21 GB
>> Searching for hard negatives...
>> Searching for hard negatives...
>> Searching for hard negatives...
>> Searching for hard negatives...
>> Searching for hard negatives...
==> Epoch[2](2550/4012): Loss: 0.0033
Allocated: 423.16 MB
Cached:    63.02 GB
>> Searching for hard negatives...
>> Searching for hard negatives...
>> Searching for hard negatives...
>> Searching for hard negatives...
>> Searching for hard negatives...
==> Epoch[2](2600/4012): Loss: 0.0215
Allocated: 423.16 MB
Cached:    62.97 GB
>> Searching for hard negatives...
>> Searching for hard negatives...
>> Searching for hard negatives...
>> Searching for hard negatives...
>> Searching for hard negatives...
==> Epoch[2](2650/4012): Loss: 0.0000
Allocated: 423.16 MB
Cached:    63.48 GB
>> Searching for hard negatives...
>> Searching for hard negatives...
>> Searching for hard negatives...
>> Searching for hard negatives...
>> Searching for hard negatives...
==> Epoch[2](2700/4012): Loss: 0.0000
Allocated: 423.16 MB
Cached:    49.21 GB
>> Searching for hard negatives...
>> Searching for hard negatives...
>> Searching for hard negatives...
>> Searching for hard negatives...
>> Searching for hard negatives...
==> Epoch[2](2750/4012): Loss: 0.0026
Allocated: 423.20 MB
Cached:    48.73 GB
>> Searching for hard negatives...
>> Searching for hard negatives...
>> Searching for hard negatives...
>> Searching for hard negatives...
>> Searching for hard negatives...
==> Epoch[2](2800/4012): Loss: 0.0000
Allocated: 423.16 MB
Cached:    62.97 GB
>> Searching for hard negatives...
>> Searching for hard negatives...
>> Searching for hard negatives...
>> Searching for hard negatives...
>> Searching for hard negatives...
==> Epoch[2](2850/4012): Loss: 0.0000
Allocated: 417.61 MB
Cached:    62.96 GB
>> Searching for hard negatives...
>> Searching for hard negatives...
>> Searching for hard negatives...
>> Searching for hard negatives...
>> Searching for hard negatives...
==> Epoch[2](2900/4012): Loss: 0.0000
Allocated: 423.16 MB
Cached:    62.96 GB
>> Searching for hard negatives...
>> Searching for hard negatives...
>> Searching for hard negatives...
>> Searching for hard negatives...
>> Searching for hard negatives...
==> Epoch[2](2950/4012): Loss: 0.0063
Allocated: 423.16 MB
Cached:    49.20 GB
>> Searching for hard negatives...
>> Searching for hard negatives...
>> Searching for hard negatives...
>> Searching for hard negatives...
>> Searching for hard negatives...
==> Epoch[2](3000/4012): Loss: 0.0001
Allocated: 423.16 MB
Cached:    63.02 GB
>> Searching for hard negatives...
>> Searching for hard negatives...
>> Searching for hard negatives...
>> Searching for hard negatives...
>> Searching for hard negatives...
==> Epoch[2](3050/4012): Loss: 0.0000
Allocated: 423.16 MB
Cached:    63.47 GB
>> Searching for hard negatives...
>> Searching for hard negatives...
>> Searching for hard negatives...
>> Searching for hard negatives...
>> Searching for hard negatives...
==> Epoch[2](3100/4012): Loss: 0.0000
Allocated: 420.48 MB
Cached:    49.20 GB
>> Searching for hard negatives...
>> Searching for hard negatives...
>> Searching for hard negatives...
>> Searching for hard negatives...
>> Searching for hard negatives...
==> Epoch[2](3150/4012): Loss: 0.0000
Allocated: 420.16 MB
Cached:    62.96 GB
>> Searching for hard negatives...
>> Searching for hard negatives...
>> Searching for hard negatives...
>> Searching for hard negatives...
>> Searching for hard negatives...
==> Epoch[2](3200/4012): Loss: 0.0245
Allocated: 423.16 MB
Cached:    62.96 GB
>> Searching for hard negatives...
>> Searching for hard negatives...
>> Searching for hard negatives...
>> Searching for hard negatives...
>> Searching for hard negatives...
==> Epoch[2](3250/4012): Loss: 0.0000
Allocated: 423.16 MB
Cached:    48.75 GB
>> Searching for hard negatives...
>> Searching for hard negatives...
>> Searching for hard negatives...
>> Searching for hard negatives...
>> Searching for hard negatives...
==> Epoch[2](3300/4012): Loss: 0.0000
Allocated: 423.16 MB
Cached:    62.97 GB
>> Searching for hard negatives...
>> Searching for hard negatives...
>> Searching for hard negatives...
>> Searching for hard negatives...
>> Searching for hard negatives...
==> Epoch[2](3350/4012): Loss: 0.0000
Allocated: 423.16 MB
Cached:    49.21 GB
>> Searching for hard negatives...
>> Searching for hard negatives...
>> Searching for hard negatives...
>> Searching for hard negatives...
>> Searching for hard negatives...
==> Epoch[2](3400/4012): Loss: 0.0077
Allocated: 423.16 MB
Cached:    62.96 GB
>> Searching for hard negatives...
>> Searching for hard negatives...
>> Searching for hard negatives...
>> Searching for hard negatives...
>> Searching for hard negatives...
==> Epoch[2](3450/4012): Loss: 0.0000
Allocated: 423.16 MB
Cached:    63.49 GB
>> Searching for hard negatives...
>> Searching for hard negatives...
>> Searching for hard negatives...
>> Searching for hard negatives...
>> Searching for hard negatives...
==> Epoch[2](3500/4012): Loss: 0.0020
Allocated: 423.16 MB
Cached:    62.96 GB
>> Searching for hard negatives...
>> Searching for hard negatives...
>> Searching for hard negatives...
>> Searching for hard negatives...
>> Searching for hard negatives...
==> Epoch[2](3550/4012): Loss: 0.0000
Allocated: 423.15 MB
Cached:    62.96 GB
>> Searching for hard negatives...
>> Searching for hard negatives...
>> Searching for hard negatives...
>> Searching for hard negatives...
>> Searching for hard negatives...
==> Epoch[2](3600/4012): Loss: 0.0002
Allocated: 423.20 MB
Cached:    63.02 GB
>> Searching for hard negatives...
>> Searching for hard negatives...
>> Searching for hard negatives...
>> Searching for hard negatives...
>> Searching for hard negatives...
==> Epoch[2](3650/4012): Loss: 0.0000
Allocated: 423.16 MB
Cached:    49.22 GB
>> Searching for hard negatives...
>> Searching for hard negatives...
>> Searching for hard negatives...
>> Searching for hard negatives...
>> Searching for hard negatives...
==> Epoch[2](3700/4012): Loss: 0.0022
Allocated: 423.16 MB
Cached:    62.95 GB
>> Searching for hard negatives...
>> Searching for hard negatives...
>> Searching for hard negatives...
>> Searching for hard negatives...
>> Searching for hard negatives...
==> Epoch[2](3750/4012): Loss: 0.0000
Allocated: 423.16 MB
Cached:    48.73 GB
>> Searching for hard negatives...
>> Searching for hard negatives...
>> Searching for hard negatives...
>> Searching for hard negatives...
>> Searching for hard negatives...
==> Epoch[2](3800/4012): Loss: 0.0032
Allocated: 423.16 MB
Cached:    49.21 GB
>> Searching for hard negatives...
>> Searching for hard negatives...
>> Searching for hard negatives...
>> Searching for hard negatives...
>> Searching for hard negatives...
==> Epoch[2](3850/4012): Loss: 0.0008
Allocated: 423.16 MB
Cached:    63.48 GB
>> Searching for hard negatives...
>> Searching for hard negatives...
>> Searching for hard negatives...
>> Searching for hard negatives...
>> Searching for hard negatives...
==> Epoch[2](3900/4012): Loss: 0.0000
Allocated: 423.16 MB
Cached:    49.21 GB
>> Searching for hard negatives...
>> Searching for hard negatives...
>> Searching for hard negatives...
>> Searching for hard negatives...
>> Searching for hard negatives...
==> Epoch[2](3950/4012): Loss: 0.0194
Allocated: 423.16 MB
Cached:    63.47 GB
>> Searching for hard negatives...
>> Searching for hard negatives...
>> Searching for hard negatives...
>> Searching for hard negatives...
>> Searching for hard negatives...
==> Epoch[2](4000/4012): Loss: 0.0173
Allocated: 423.16 MB
Cached:    49.21 GB
>> Searching for hard negatives...
>> Searching for hard negatives...
>> Searching for hard negatives...
>> Searching for hard negatives...
>> Searching for hard negatives...
>> Searching for hard negatives...
==> Epoch[2](4050/4012): Loss: 0.0035
Allocated: 658.47 MB
Cached:    49.26 GB
>> Searching for hard negatives...
>> Searching for hard negatives...
>> Searching for hard negatives...
>> Searching for hard negatives...
>> Searching for hard negatives...
==> Epoch[2](4100/4012): Loss: 0.0028
Allocated: 658.47 MB
Cached:    48.81 GB
>> Searching for hard negatives...
>> Searching for hard negatives...
>> Searching for hard negatives...
>> Searching for hard negatives...
>> Searching for hard negatives...
==> Epoch[2](4150/4012): Loss: 0.0059
Allocated: 658.44 MB
Cached:    49.21 GB
>> Searching for hard negatives...
>> Searching for hard negatives...
>> Searching for hard negatives...
>> Searching for hard negatives...
>> Searching for hard negatives...
==> Epoch[2](4200/4012): Loss: 0.0001
Allocated: 658.44 MB
Cached:    49.10 GB
>> Searching for hard negatives...
>> Searching for hard negatives...
>> Searching for hard negatives...
>> Searching for hard negatives...
>> Searching for hard negatives...
==> Epoch[2](4250/4012): Loss: 0.0061
Allocated: 658.47 MB
Cached:    48.80 GB
>> Searching for hard negatives...
>> Searching for hard negatives...
>> Searching for hard negatives...
>> Searching for hard negatives...
>> Searching for hard negatives...
==> Epoch[2](4300/4012): Loss: 0.0042
Allocated: 658.47 MB
Cached:    48.74 GB
>> Searching for hard negatives...
>> Searching for hard negatives...
>> Searching for hard negatives...
>> Searching for hard negatives...
>> Searching for hard negatives...
==> Epoch[2](4350/4012): Loss: 0.0027
Allocated: 658.47 MB
Cached:    48.80 GB
>> Searching for hard negatives...
>> Searching for hard negatives...
>> Searching for hard negatives...
>> Searching for hard negatives...
>> Searching for hard negatives...
==> Epoch[2](4400/4012): Loss: 0.0025
Allocated: 658.41 MB
Cached:    49.20 GB
>> Searching for hard negatives...
===> Epoch 2 Complete: Avg. Loss: 0.0039
====> Extracting Features
====> Building faiss index
====> Calculating recall @ N
====> Recall@1: 0.5851
====> Recall@5: 0.7162
====> Recall@10: 0.7757
====> Recall@20: 0.8176
====> Recall@50: 0.8622
====> Recall@100: 0.8892
>> Searching for hard negatives...
>> Searching for hard negatives...
>> Searching for hard negatives...
>> Searching for hard negatives...
>> Searching for hard negatives...
==> Epoch[3](50/4012): Loss: 0.0055
Allocated: 425.59 MB
Cached:    48.75 GB
>> Searching for hard negatives...
>> Searching for hard negatives...
>> Searching for hard negatives...
>> Searching for hard negatives...
>> Searching for hard negatives...
==> Epoch[3](100/4012): Loss: 0.0759
Allocated: 425.59 MB
Cached:    48.80 GB
>> Searching for hard negatives...
>> Searching for hard negatives...
>> Searching for hard negatives...
>> Searching for hard negatives...
>> Searching for hard negatives...
==> Epoch[3](150/4012): Loss: 0.0037
Allocated: 425.59 MB
Cached:    49.27 GB
>> Searching for hard negatives...
>> Searching for hard negatives...
>> Searching for hard negatives...
>> Searching for hard negatives...
>> Searching for hard negatives...
==> Epoch[3](200/4012): Loss: 0.0006
Allocated: 417.61 MB
Cached:    48.79 GB
>> Searching for hard negatives...
>> Searching for hard negatives...
>> Searching for hard negatives...
>> Searching for hard negatives...
>> Searching for hard negatives...
==> Epoch[3](250/4012): Loss: 0.0000
Allocated: 423.20 MB
Cached:    48.80 GB
>> Searching for hard negatives...
>> Searching for hard negatives...
>> Searching for hard negatives...
>> Searching for hard negatives...
>> Searching for hard negatives...
==> Epoch[3](300/4012): Loss: 0.0041
Allocated: 425.59 MB
Cached:    49.20 GB
>> Searching for hard negatives...
>> Searching for hard negatives...
>> Searching for hard negatives...
>> Searching for hard negatives...
>> Searching for hard negatives...
==> Epoch[3](350/4012): Loss: 0.0117
Allocated: 423.15 MB
Cached:    62.96 GB
>> Searching for hard negatives...
>> Searching for hard negatives...
>> Searching for hard negatives...
>> Searching for hard negatives...
>> Searching for hard negatives...
==> Epoch[3](400/4012): Loss: 0.0000
Allocated: 423.16 MB
Cached:    48.82 GB
>> Searching for hard negatives...
>> Searching for hard negatives...
>> Searching for hard negatives...
>> Searching for hard negatives...
>> Searching for hard negatives...
==> Epoch[3](450/4012): Loss: 0.0000
Allocated: 425.59 MB
Cached:    48.80 GB
>> Searching for hard negatives...
>> Searching for hard negatives...
>> Searching for hard negatives...
>> Searching for hard negatives...
>> Searching for hard negatives...
==> Epoch[3](500/4012): Loss: 0.0061
Allocated: 423.20 MB
Cached:    48.81 GB
>> Searching for hard negatives...
>> Searching for hard negatives...
>> Searching for hard negatives...
>> Searching for hard negatives...
>> Searching for hard negatives...
==> Epoch[3](550/4012): Loss: 0.0008
Allocated: 425.59 MB
Cached:    63.48 GB
>> Searching for hard negatives...
>> Searching for hard negatives...
>> Searching for hard negatives...
>> Searching for hard negatives...
>> Searching for hard negatives...
==> Epoch[3](600/4012): Loss: 0.0140
Allocated: 425.59 MB
Cached:    63.01 GB
>> Searching for hard negatives...
>> Searching for hard negatives...
>> Searching for hard negatives...
>> Searching for hard negatives...
>> Searching for hard negatives...
==> Epoch[3](650/4012): Loss: 0.0055
Allocated: 423.16 MB
Cached:    48.80 GB
>> Searching for hard negatives...
>> Searching for hard negatives...
>> Searching for hard negatives...
>> Searching for hard negatives...
>> Searching for hard negatives...
==> Epoch[3](700/4012): Loss: 0.0335
Allocated: 425.59 MB
Cached:    48.75 GB
>> Searching for hard negatives...
>> Searching for hard negatives...
