Thu Mar 14 00:02:25 EDT 2024
/home/m.maqboolbhutta/usman_ws/codes/patchnetvlad
/home/m.maqboolbhutta/.conda/envs/patchnetvlad/bin/python
Host: c1010a-s23
Other nodes: 
Starting  process(es) on each node...
==========Starting Training=============
Saving checkpoints at /home/m.maqboolbhutta/usman_ws/models/patchnetvlad/graphvlad-triplet-14-Mar-cen-map-16-lr0_001
========================================
Namespace(cache_path='/home/m.maqboolbhutta/usman_ws/datasets/netvlad-official/', cluster_path='/home/m.maqboolbhutta/usman_ws/datasets/netvlad-official/centroids/vgg16_mapillary_16_desc_cen.hdf5', config_path='patchnetvlad/configs/train-slurm.ini', dataset_root_dir='/home/m.maqboolbhutta/usman_ws/datasets/mapillary_sls/', esp_encoder='/home/m.maqboolbhutta/usman_ws/datasets/netvlad-official/espnet-encoder/espnet_p_2_q_8.pth', identifier='mapillary_nopanos', loss='triplet', method='graphvlad', nEpochs=30, nocuda=False, resume_path='', save_every_epoch=True, save_path='/home/m.maqboolbhutta/usman_ws/models/patchnetvlad/graphvlad-triplet-14-Mar-cen-map-16-lr0_001', start_epoch=0, threads=6)
===> Building model
===> Loading model
===> Loading segmentation model
Encoder loaded!
Creating model graphvlad
===> Loading dataset(s)
Exclude panoramas: True
=====> trondheim
=====> london
=====> boston
=====> melbourne
=====> amsterdam
=====> helsinki
=====> tokyo
=====> toronto
=====> saopaulo
=====> moscow
=====> zurich
=====> paris
=====> bangkok
=====> budapest
=====> austin
=====> berlin
=====> ottawa
=====> phoenix
=====> goa
=====> amman
=====> nairobi
=====> manila
#Sideways [21262/441280]; #Night; [4666/441280]
Forward and Day weighted with 1.0000
Forward and Night weighted with 95.5735
Sideways and Day weighted with 21.7544
Sideways and Night weighted with 116.3279
Exclude panoramas: True
=====> cph
=====> sf
===> Training query set: 441280
===> Evaluating on val set, query count: 740
===> Training model
>> Searching for hard negatives...
>> Searching for hard negatives...
==> Epoch[1](50/18387): Loss: 0.1126
Allocated: 504.94 MB
Cached:    20.24 GB
>> Searching for hard negatives...
==> Epoch[1](100/18387): Loss: 0.1245
Allocated: 504.94 MB
Cached:    20.24 GB
>> Searching for hard negatives...
==> Epoch[1](150/18387): Loss: 0.0378
Allocated: 504.94 MB
Cached:    20.25 GB
>> Searching for hard negatives...
==> Epoch[1](200/18387): Loss: 0.0747
Allocated: 504.94 MB
Cached:    20.24 GB
>> Searching for hard negatives...
==> Epoch[1](250/18387): Loss: 0.0257
Allocated: 504.94 MB
Cached:    20.24 GB
>> Searching for hard negatives...
>> Searching for hard negatives...
==> Epoch[1](300/18387): Loss: 0.1035
Allocated: 504.94 MB
Cached:    20.24 GB
>> Searching for hard negatives...
==> Epoch[1](350/18387): Loss: 0.0590
Allocated: 504.94 MB
Cached:    20.24 GB
>> Searching for hard negatives...
==> Epoch[1](400/18387): Loss: 0.0552
Allocated: 504.94 MB
Cached:    20.25 GB
>> Searching for hard negatives...
==> Epoch[1](450/18387): Loss: 0.0621
Allocated: 504.94 MB
Cached:    20.24 GB
>> Searching for hard negatives...
==> Epoch[1](500/18387): Loss: 0.0788
Allocated: 504.94 MB
Cached:    20.24 GB
>> Searching for hard negatives...
>> Searching for hard negatives...
==> Epoch[1](550/18387): Loss: 0.0413
Allocated: 504.94 MB
Cached:    19.88 GB
>> Searching for hard negatives...
==> Epoch[1](600/18387): Loss: 0.0482
Allocated: 504.94 MB
Cached:    20.25 GB
>> Searching for hard negatives...
==> Epoch[1](650/18387): Loss: 0.0291
Allocated: 504.94 MB
Cached:    20.24 GB
>> Searching for hard negatives...
==> Epoch[1](700/18387): Loss: 0.0997
Allocated: 504.94 MB
Cached:    20.25 GB
>> Searching for hard negatives...
==> Epoch[1](750/18387): Loss: 0.0039
Allocated: 504.94 MB
Cached:    20.25 GB
>> Searching for hard negatives...
>> Searching for hard negatives...
==> Epoch[1](800/18387): Loss: 0.0013
Allocated: 504.94 MB
Cached:    20.25 GB
>> Searching for hard negatives...
==> Epoch[1](850/18387): Loss: 0.0596
Allocated: 504.94 MB
Cached:    19.89 GB
>> Searching for hard negatives...
==> Epoch[1](900/18387): Loss: 0.0054
Allocated: 504.94 MB
Cached:    20.25 GB
>> Searching for hard negatives...
==> Epoch[1](950/18387): Loss: 0.0176
Allocated: 504.94 MB
Cached:    20.24 GB
>> Searching for hard negatives...
==> Epoch[1](1000/18387): Loss: 0.0121
Allocated: 504.94 MB
Cached:    19.92 GB
>> Searching for hard negatives...
==> Epoch[1](1050/18387): Loss: 0.0276
Allocated: 502.75 MB
Cached:    19.89 GB
>> Searching for hard negatives...
>> Searching for hard negatives...
==> Epoch[1](1100/18387): Loss: 0.0089
Allocated: 504.94 MB
Cached:    20.25 GB
>> Searching for hard negatives...
==> Epoch[1](1150/18387): Loss: 0.0236
Allocated: 504.94 MB
Cached:    20.25 GB
>> Searching for hard negatives...
==> Epoch[1](1200/18387): Loss: 0.0307
Allocated: 504.94 MB
Cached:    19.92 GB
>> Searching for hard negatives...
==> Epoch[1](1250/18387): Loss: 0.0431
Allocated: 504.94 MB
Cached:    20.25 GB
>> Searching for hard negatives...
==> Epoch[1](1300/18387): Loss: 0.0266
Allocated: 504.94 MB
Cached:    20.25 GB
>> Searching for hard negatives...
>> Searching for hard negatives...
==> Epoch[1](1350/18387): Loss: 0.0041
Allocated: 504.94 MB
Cached:    20.25 GB
>> Searching for hard negatives...
==> Epoch[1](1400/18387): Loss: 0.0142
Allocated: 504.94 MB
Cached:    20.25 GB
>> Searching for hard negatives...
==> Epoch[1](1450/18387): Loss: 0.0171
Allocated: 504.94 MB
Cached:    19.92 GB
>> Searching for hard negatives...
==> Epoch[1](1500/18387): Loss: 0.0305
Allocated: 504.94 MB
Cached:    20.25 GB
>> Searching for hard negatives...
==> Epoch[1](1550/18387): Loss: 0.0273
Allocated: 504.94 MB
Cached:    19.92 GB
>> Searching for hard negatives...
>> Searching for hard negatives...
==> Epoch[1](1600/18387): Loss: 0.0368
Allocated: 504.94 MB
Cached:    20.28 GB
>> Searching for hard negatives...
==> Epoch[1](1650/18387): Loss: 0.0269
Allocated: 504.94 MB
Cached:    20.24 GB
>> Searching for hard negatives...
==> Epoch[1](1700/18387): Loss: 0.0456
Allocated: 504.94 MB
Cached:    20.25 GB
>> Searching for hard negatives...
==> Epoch[1](1750/18387): Loss: 0.0313
Allocated: 504.94 MB
Cached:    19.92 GB
>> Searching for hard negatives...
==> Epoch[1](1800/18387): Loss: 0.0347
Allocated: 504.94 MB
Cached:    20.25 GB
>> Searching for hard negatives...
>> Searching for hard negatives...
==> Epoch[1](1850/18387): Loss: 0.0029
Allocated: 504.94 MB
Cached:    20.24 GB
>> Searching for hard negatives...
==> Epoch[1](1900/18387): Loss: 0.0282
Allocated: 504.94 MB
Cached:    20.25 GB
>> Searching for hard negatives...
==> Epoch[1](1950/18387): Loss: 0.0231
Allocated: 504.94 MB
Cached:    20.25 GB
>> Searching for hard negatives...
==> Epoch[1](2000/18387): Loss: 0.0212
Allocated: 504.94 MB
Cached:    20.24 GB
>> Searching for hard negatives...
==> Epoch[1](2050/18387): Loss: 0.0145
Allocated: 504.94 MB
Cached:    20.24 GB
>> Searching for hard negatives...
==> Epoch[1](2100/18387): Loss: 0.0050
Allocated: 502.53 MB
Cached:    20.26 GB
>> Searching for hard negatives...
>> Searching for hard negatives...
==> Epoch[1](2150/18387): Loss: 0.0133
Allocated: 504.94 MB
Cached:    20.25 GB
>> Searching for hard negatives...
==> Epoch[1](2200/18387): Loss: 0.0140
Allocated: 504.94 MB
Cached:    20.24 GB
>> Searching for hard negatives...
==> Epoch[1](2250/18387): Loss: 0.0101
Allocated: 504.94 MB
Cached:    20.25 GB
>> Searching for hard negatives...
==> Epoch[1](2300/18387): Loss: 0.0547
Allocated: 504.94 MB
Cached:    20.25 GB
>> Searching for hard negatives...
==> Epoch[1](2350/18387): Loss: 0.0299
Allocated: 504.94 MB
Cached:    20.25 GB
>> Searching for hard negatives...
>> Searching for hard negatives...
==> Epoch[1](2400/18387): Loss: 0.0274
Allocated: 504.94 MB
Cached:    20.24 GB
>> Searching for hard negatives...
==> Epoch[1](2450/18387): Loss: 0.0213
Allocated: 504.94 MB
Cached:    20.24 GB
>> Searching for hard negatives...
==> Epoch[1](2500/18387): Loss: 0.0217
Allocated: 504.94 MB
Cached:    20.25 GB
>> Searching for hard negatives...
==> Epoch[1](2550/18387): Loss: 0.0107
Allocated: 504.94 MB
Cached:    20.25 GB
>> Searching for hard negatives...
==> Epoch[1](2600/18387): Loss: 0.0170
Allocated: 504.94 MB
Cached:    20.25 GB
>> Searching for hard negatives...
>> Searching for hard negatives...
==> Epoch[1](2650/18387): Loss: 0.0537
Allocated: 504.94 MB
Cached:    20.27 GB
>> Searching for hard negatives...
==> Epoch[1](2700/18387): Loss: 0.0179
Allocated: 504.94 MB
Cached:    20.25 GB
>> Searching for hard negatives...
==> Epoch[1](2750/18387): Loss: 0.0162
Allocated: 504.94 MB
Cached:    20.26 GB
>> Searching for hard negatives...
==> Epoch[1](2800/18387): Loss: 0.0121
Allocated: 504.94 MB
Cached:    20.24 GB
>> Searching for hard negatives...
==> Epoch[1](2850/18387): Loss: 0.0411
Allocated: 504.94 MB
Cached:    20.25 GB
>> Searching for hard negatives...
>> Searching for hard negatives...
==> Epoch[1](2900/18387): Loss: 0.0045
Allocated: 504.94 MB
Cached:    20.24 GB
>> Searching for hard negatives...
==> Epoch[1](2950/18387): Loss: 0.0023
Allocated: 504.94 MB
Cached:    19.92 GB
>> Searching for hard negatives...
==> Epoch[1](3000/18387): Loss: 0.0244
Allocated: 504.94 MB
Cached:    20.25 GB
>> Searching for hard negatives...
==> Epoch[1](3050/18387): Loss: 0.0296
Allocated: 504.94 MB
Cached:    20.24 GB
>> Searching for hard negatives...
==> Epoch[1](3100/18387): Loss: 0.0075
Allocated: 504.94 MB
Cached:    20.24 GB
>> Searching for hard negatives...
==> Epoch[1](3150/18387): Loss: 0.0005
Allocated: 502.75 MB
Cached:    20.27 GB
>> Searching for hard negatives...
>> Searching for hard negatives...
==> Epoch[1](3200/18387): Loss: 0.0054
Allocated: 504.94 MB
Cached:    20.25 GB
>> Searching for hard negatives...
==> Epoch[1](3250/18387): Loss: 0.0098
Allocated: 504.94 MB
Cached:    20.26 GB
>> Searching for hard negatives...
==> Epoch[1](3300/18387): Loss: 0.0393
Allocated: 504.94 MB
Cached:    20.27 GB
>> Searching for hard negatives...
==> Epoch[1](3350/18387): Loss: 0.0051
Allocated: 504.94 MB
Cached:    20.24 GB
>> Searching for hard negatives...
==> Epoch[1](3400/18387): Loss: 0.0079
Allocated: 504.94 MB
Cached:    20.25 GB
>> Searching for hard negatives...
>> Searching for hard negatives...
==> Epoch[1](3450/18387): Loss: 0.0337
Allocated: 504.94 MB
Cached:    20.27 GB
>> Searching for hard negatives...
==> Epoch[1](3500/18387): Loss: 0.0060
Allocated: 504.94 MB
Cached:    20.25 GB
>> Searching for hard negatives...
==> Epoch[1](3550/18387): Loss: 0.0226
Allocated: 504.94 MB
Cached:    20.24 GB
>> Searching for hard negatives...
==> Epoch[1](3600/18387): Loss: 0.0278
Allocated: 504.94 MB
Cached:    20.28 GB
>> Searching for hard negatives...
==> Epoch[1](3650/18387): Loss: 0.0191
Allocated: 504.94 MB
Cached:    20.24 GB
>> Searching for hard negatives...
>> Searching for hard negatives...
==> Epoch[1](3700/18387): Loss: 0.0094
Allocated: 504.94 MB
Cached:    19.92 GB
>> Searching for hard negatives...
==> Epoch[1](3750/18387): Loss: 0.0074
Allocated: 504.94 MB
Cached:    20.27 GB
>> Searching for hard negatives...
==> Epoch[1](3800/18387): Loss: 0.0137
Allocated: 504.94 MB
Cached:    20.26 GB
>> Searching for hard negatives...
==> Epoch[1](3850/18387): Loss: 0.0030
Allocated: 504.94 MB
Cached:    20.24 GB
>> Searching for hard negatives...
==> Epoch[1](3900/18387): Loss: 0.0162
Allocated: 504.94 MB
Cached:    19.98 GB
>> Searching for hard negatives...
>> Searching for hard negatives...
==> Epoch[1](3950/18387): Loss: 0.0070
Allocated: 504.94 MB
Cached:    20.25 GB
>> Searching for hard negatives...
==> Epoch[1](4000/18387): Loss: 0.0145
Allocated: 504.94 MB
Cached:    20.25 GB
>> Searching for hard negatives...
==> Epoch[1](4050/18387): Loss: 0.0124
Allocated: 504.94 MB
Cached:    20.24 GB
>> Searching for hard negatives...
==> Epoch[1](4100/18387): Loss: 0.0086
Allocated: 504.94 MB
Cached:    19.97 GB
>> Searching for hard negatives...
==> Epoch[1](4150/18387): Loss: 0.0013
Allocated: 504.94 MB
Cached:    19.98 GB
>> Searching for hard negatives...
==> Epoch[1](4200/18387): Loss: 0.0072
Allocated: 502.97 MB
Cached:    20.24 GB
>> Searching for hard negatives...
>> Searching for hard negatives...
==> Epoch[1](4250/18387): Loss: 0.0232
Allocated: 504.94 MB
Cached:    20.25 GB
>> Searching for hard negatives...
==> Epoch[1](4300/18387): Loss: 0.0073
Allocated: 504.94 MB
Cached:    20.25 GB
>> Searching for hard negatives...
==> Epoch[1](4350/18387): Loss: 0.0048
Allocated: 504.94 MB
Cached:    20.27 GB
>> Searching for hard negatives...
==> Epoch[1](4400/18387): Loss: 0.0288
Allocated: 504.94 MB
Cached:    20.25 GB
>> Searching for hard negatives...
==> Epoch[1](4450/18387): Loss: 0.0575
Allocated: 504.94 MB
Cached:    20.24 GB
>> Searching for hard negatives...
>> Searching for hard negatives...
==> Epoch[1](4500/18387): Loss: 0.0162
Allocated: 504.94 MB
Cached:    20.24 GB
>> Searching for hard negatives...
==> Epoch[1](4550/18387): Loss: 0.0065
Allocated: 504.94 MB
Cached:    20.26 GB
>> Searching for hard negatives...
==> Epoch[1](4600/18387): Loss: 0.0217
Allocated: 504.94 MB
Cached:    20.24 GB
>> Searching for hard negatives...
==> Epoch[1](4650/18387): Loss: 0.0191
Allocated: 504.94 MB
Cached:    20.24 GB
>> Searching for hard negatives...
==> Epoch[1](4700/18387): Loss: 0.0096
Allocated: 504.94 MB
Cached:    20.24 GB
>> Searching for hard negatives...
>> Searching for hard negatives...
==> Epoch[1](4750/18387): Loss: 0.0387
Allocated: 504.94 MB
Cached:    20.24 GB
>> Searching for hard negatives...
==> Epoch[1](4800/18387): Loss: 0.0179
Allocated: 504.94 MB
Cached:    20.24 GB
>> Searching for hard negatives...
==> Epoch[1](4850/18387): Loss: 0.0000
Allocated: 504.94 MB
Cached:    20.24 GB
>> Searching for hard negatives...
==> Epoch[1](4900/18387): Loss: 0.0075
Allocated: 504.94 MB
Cached:    20.24 GB
>> Searching for hard negatives...
==> Epoch[1](4950/18387): Loss: 0.0048
Allocated: 504.94 MB
Cached:    20.25 GB
>> Searching for hard negatives...
>> Searching for hard negatives...
==> Epoch[1](5000/18387): Loss: 0.0162
Allocated: 504.94 MB
Cached:    20.27 GB
>> Searching for hard negatives...
==> Epoch[1](5050/18387): Loss: 0.0140
Allocated: 504.94 MB
Cached:    20.25 GB
>> Searching for hard negatives...
==> Epoch[1](5100/18387): Loss: 0.0027
Allocated: 504.94 MB
Cached:    20.25 GB
>> Searching for hard negatives...
==> Epoch[1](5150/18387): Loss: 0.0435
Allocated: 504.94 MB
Cached:    20.24 GB
>> Searching for hard negatives...
==> Epoch[1](5200/18387): Loss: 0.0041
Allocated: 504.94 MB
Cached:    20.26 GB
>> Searching for hard negatives...
==> Epoch[1](5250/18387): Loss: 0.0149
Allocated: 502.97 MB
Cached:    20.24 GB
>> Searching for hard negatives...
>> Searching for hard negatives...
==> Epoch[1](5300/18387): Loss: 0.0039
Allocated: 504.94 MB
Cached:    19.88 GB
>> Searching for hard negatives...
==> Epoch[1](5350/18387): Loss: 0.0042
Allocated: 504.94 MB
Cached:    20.25 GB
>> Searching for hard negatives...
==> Epoch[1](5400/18387): Loss: 0.0068
Allocated: 504.94 MB
Cached:    20.25 GB
>> Searching for hard negatives...
==> Epoch[1](5450/18387): Loss: 0.0181
Allocated: 504.94 MB
Cached:    20.26 GB
>> Searching for hard negatives...
==> Epoch[1](5500/18387): Loss: 0.0072
Allocated: 504.94 MB
Cached:    20.24 GB
>> Searching for hard negatives...
>> Searching for hard negatives...
==> Epoch[1](5550/18387): Loss: 0.0077
Allocated: 504.94 MB
Cached:    20.25 GB
>> Searching for hard negatives...
==> Epoch[1](5600/18387): Loss: 0.0260
Allocated: 504.94 MB
Cached:    20.25 GB
>> Searching for hard negatives...
==> Epoch[1](5650/18387): Loss: 0.0057
Allocated: 504.94 MB
Cached:    20.24 GB
>> Searching for hard negatives...
==> Epoch[1](5700/18387): Loss: 0.0097
Allocated: 504.94 MB
Cached:    20.23 GB
>> Searching for hard negatives...
==> Epoch[1](5750/18387): Loss: 0.0112
Allocated: 504.94 MB
Cached:    20.24 GB
>> Searching for hard negatives...
>> Searching for hard negatives...
==> Epoch[1](5800/18387): Loss: 0.0038
Allocated: 504.94 MB
Cached:    20.27 GB
>> Searching for hard negatives...
==> Epoch[1](5850/18387): Loss: 0.0092
Allocated: 504.94 MB
Cached:    19.89 GB
>> Searching for hard negatives...
==> Epoch[1](5900/18387): Loss: 0.0031
Allocated: 504.94 MB
Cached:    20.25 GB
>> Searching for hard negatives...
==> Epoch[1](5950/18387): Loss: 0.0114
Allocated: 504.94 MB
Cached:    20.24 GB
>> Searching for hard negatives...
==> Epoch[1](6000/18387): Loss: 0.0029
Allocated: 504.94 MB
Cached:    20.26 GB
>> Searching for hard negatives...
>> Searching for hard negatives...
==> Epoch[1](6050/18387): Loss: 0.0099
Allocated: 504.94 MB
Cached:    20.25 GB
>> Searching for hard negatives...
==> Epoch[1](6100/18387): Loss: 0.0022
Allocated: 504.94 MB
Cached:    20.25 GB
>> Searching for hard negatives...
==> Epoch[1](6150/18387): Loss: 0.0150
Allocated: 504.94 MB
Cached:    20.24 GB
>> Searching for hard negatives...
==> Epoch[1](6200/18387): Loss: 0.0038
Allocated: 504.94 MB
Cached:    20.25 GB
>> Searching for hard negatives...
==> Epoch[1](6250/18387): Loss: 0.0093
Allocated: 504.94 MB
Cached:    20.25 GB
>> Searching for hard negatives...
==> Epoch[1](6300/18387): Loss: 0.0077
Allocated: 502.75 MB
Cached:    20.27 GB
>> Searching for hard negatives...
>> Searching for hard negatives...
==> Epoch[1](6350/18387): Loss: 0.0059
Allocated: 504.94 MB
Cached:    20.24 GB
>> Searching for hard negatives...
==> Epoch[1](6400/18387): Loss: 0.0093
Allocated: 504.94 MB
Cached:    20.24 GB
>> Searching for hard negatives...
==> Epoch[1](6450/18387): Loss: 0.0048
Allocated: 504.94 MB
Cached:    20.25 GB
>> Searching for hard negatives...
==> Epoch[1](6500/18387): Loss: 0.0180
Allocated: 504.94 MB
Cached:    20.24 GB
>> Searching for hard negatives...
==> Epoch[1](6550/18387): Loss: 0.0060
Allocated: 504.94 MB
Cached:    20.24 GB
>> Searching for hard negatives...
>> Searching for hard negatives...
==> Epoch[1](6600/18387): Loss: 0.0166
Allocated: 504.94 MB
Cached:    20.26 GB
>> Searching for hard negatives...
==> Epoch[1](6650/18387): Loss: 0.0058
Allocated: 504.94 MB
Cached:    20.27 GB
>> Searching for hard negatives...
==> Epoch[1](6700/18387): Loss: 0.0006
Allocated: 504.94 MB
Cached:    20.25 GB
>> Searching for hard negatives...
==> Epoch[1](6750/18387): Loss: 0.0044
Allocated: 504.94 MB
Cached:    20.27 GB
>> Searching for hard negatives...
==> Epoch[1](6800/18387): Loss: 0.0059
Allocated: 504.94 MB
Cached:    20.26 GB
>> Searching for hard negatives...
>> Searching for hard negatives...
==> Epoch[1](6850/18387): Loss: 0.0079
Allocated: 504.94 MB
Cached:    19.92 GB
>> Searching for hard negatives...
==> Epoch[1](6900/18387): Loss: 0.0042
Allocated: 504.94 MB
Cached:    20.23 GB
>> Searching for hard negatives...
==> Epoch[1](6950/18387): Loss: 0.0239
Allocated: 504.94 MB
Cached:    20.27 GB
>> Searching for hard negatives...
==> Epoch[1](7000/18387): Loss: 0.0092
Allocated: 504.94 MB
Cached:    20.25 GB
>> Searching for hard negatives...
==> Epoch[1](7050/18387): Loss: 0.0037
Allocated: 504.94 MB
Cached:    20.23 GB
>> Searching for hard negatives...
>> Searching for hard negatives...
==> Epoch[1](7100/18387): Loss: 0.0327
Allocated: 504.94 MB
Cached:    20.26 GB
>> Searching for hard negatives...
==> Epoch[1](7150/18387): Loss: 0.0077
Allocated: 504.94 MB
Cached:    20.24 GB
>> Searching for hard negatives...
==> Epoch[1](7200/18387): Loss: 0.0113
Allocated: 504.94 MB
Cached:    20.24 GB
>> Searching for hard negatives...
==> Epoch[1](7250/18387): Loss: 0.0039
Allocated: 504.94 MB
Cached:    20.24 GB
>> Searching for hard negatives...
==> Epoch[1](7300/18387): Loss: 0.0040
Allocated: 504.94 MB
Cached:    20.25 GB
>> Searching for hard negatives...
==> Epoch[1](7350/18387): Loss: 0.0280
Allocated: 503.35 MB
Cached:    20.24 GB
>> Searching for hard negatives...
>> Searching for hard negatives...
==> Epoch[1](7400/18387): Loss: 0.0151
Allocated: 504.94 MB
Cached:    20.04 GB
>> Searching for hard negatives...
==> Epoch[1](7450/18387): Loss: 0.0107
Allocated: 504.94 MB
Cached:    20.04 GB
>> Searching for hard negatives...
==> Epoch[1](7500/18387): Loss: 0.0070
Allocated: 504.94 MB
Cached:    20.25 GB
>> Searching for hard negatives...
==> Epoch[1](7550/18387): Loss: 0.0010
Allocated: 504.94 MB
Cached:    20.25 GB
>> Searching for hard negatives...
==> Epoch[1](7600/18387): Loss: 0.0016
Allocated: 504.94 MB
Cached:    20.24 GB
>> Searching for hard negatives...
>> Searching for hard negatives...
==> Epoch[1](7650/18387): Loss: 0.0039
Allocated: 504.94 MB
Cached:    20.24 GB
>> Searching for hard negatives...
==> Epoch[1](7700/18387): Loss: 0.0060
Allocated: 504.94 MB
Cached:    20.25 GB
>> Searching for hard negatives...
==> Epoch[1](7750/18387): Loss: 0.0014
Allocated: 504.94 MB
Cached:    20.24 GB
>> Searching for hard negatives...
==> Epoch[1](7800/18387): Loss: 0.0142
Allocated: 504.94 MB
Cached:    20.02 GB
>> Searching for hard negatives...
==> Epoch[1](7850/18387): Loss: 0.0128
Allocated: 504.94 MB
Cached:    20.26 GB
>> Searching for hard negatives...
>> Searching for hard negatives...
==> Epoch[1](7900/18387): Loss: 0.0163
Allocated: 504.94 MB
Cached:    20.13 GB
>> Searching for hard negatives...
==> Epoch[1](7950/18387): Loss: 0.0020
Allocated: 504.94 MB
Cached:    20.25 GB
>> Searching for hard negatives...
==> Epoch[1](8000/18387): Loss: 0.0109
Allocated: 504.94 MB
Cached:    20.24 GB
>> Searching for hard negatives...
==> Epoch[1](8050/18387): Loss: 0.0154
Allocated: 504.94 MB
Cached:    20.24 GB
>> Searching for hard negatives...
==> Epoch[1](8100/18387): Loss: 0.0108
Allocated: 504.94 MB
Cached:    20.25 GB
>> Searching for hard negatives...
>> Searching for hard negatives...
==> Epoch[1](8150/18387): Loss: 0.0057
Allocated: 504.94 MB
Cached:    20.26 GB
>> Searching for hard negatives...
==> Epoch[1](8200/18387): Loss: 0.0078
Allocated: 504.94 MB
Cached:    20.25 GB
>> Searching for hard negatives...
==> Epoch[1](8250/18387): Loss: 0.0057
Allocated: 504.94 MB
Cached:    20.26 GB
>> Searching for hard negatives...
==> Epoch[1](8300/18387): Loss: 0.0029
Allocated: 504.94 MB
Cached:    19.88 GB
>> Searching for hard negatives...
==> Epoch[1](8350/18387): Loss: 0.0241
Allocated: 504.94 MB
Cached:    20.24 GB
>> Searching for hard negatives...
==> Epoch[1](8400/18387): Loss: 0.0105
Allocated: 502.53 MB
Cached:    20.25 GB
>> Searching for hard negatives...
>> Searching for hard negatives...
==> Epoch[1](8450/18387): Loss: 0.0008
Allocated: 504.94 MB
Cached:    20.25 GB
>> Searching for hard negatives...
==> Epoch[1](8500/18387): Loss: 0.0157
Allocated: 504.94 MB
Cached:    20.24 GB
>> Searching for hard negatives...
==> Epoch[1](8550/18387): Loss: 0.0174
Allocated: 504.94 MB
Cached:    20.27 GB
>> Searching for hard negatives...
==> Epoch[1](8600/18387): Loss: 0.0211
Allocated: 504.94 MB
Cached:    20.25 GB
>> Searching for hard negatives...
==> Epoch[1](8650/18387): Loss: 0.0023
Allocated: 504.94 MB
Cached:    20.27 GB
>> Searching for hard negatives...
>> Searching for hard negatives...
==> Epoch[1](8700/18387): Loss: 0.0051
Allocated: 504.94 MB
Cached:    20.27 GB
>> Searching for hard negatives...
==> Epoch[1](8750/18387): Loss: 0.0106
Allocated: 504.94 MB
Cached:    20.24 GB
>> Searching for hard negatives...
==> Epoch[1](8800/18387): Loss: 0.0219
Allocated: 504.94 MB
Cached:    20.25 GB
>> Searching for hard negatives...
==> Epoch[1](8850/18387): Loss: 0.0070
Allocated: 504.94 MB
Cached:    20.26 GB
>> Searching for hard negatives...
==> Epoch[1](8900/18387): Loss: 0.0121
Allocated: 504.94 MB
Cached:    20.26 GB
>> Searching for hard negatives...
>> Searching for hard negatives...
==> Epoch[1](8950/18387): Loss: 0.0117
Allocated: 504.94 MB
Cached:    19.88 GB
>> Searching for hard negatives...
==> Epoch[1](9000/18387): Loss: 0.0058
Allocated: 504.94 MB
Cached:    20.27 GB
>> Searching for hard negatives...
==> Epoch[1](9050/18387): Loss: 0.0029
Allocated: 504.94 MB
Cached:    20.24 GB
>> Searching for hard negatives...
==> Epoch[1](9100/18387): Loss: 0.0225
Allocated: 504.94 MB
Cached:    20.24 GB
>> Searching for hard negatives...
==> Epoch[1](9150/18387): Loss: 0.0108
Allocated: 504.94 MB
Cached:    20.25 GB
>> Searching for hard negatives...
>> Searching for hard negatives...
==> Epoch[1](9200/18387): Loss: 0.0291
Allocated: 504.94 MB
Cached:    20.27 GB
>> Searching for hard negatives...
==> Epoch[1](9250/18387): Loss: 0.0042
Allocated: 504.94 MB
Cached:    20.25 GB
>> Searching for hard negatives...
==> Epoch[1](9300/18387): Loss: 0.0055
Allocated: 504.94 MB
Cached:    19.88 GB
>> Searching for hard negatives...
==> Epoch[1](9350/18387): Loss: 0.0016
Allocated: 504.94 MB
Cached:    20.27 GB
>> Searching for hard negatives...
==> Epoch[1](9400/18387): Loss: 0.0454
Allocated: 504.94 MB
Cached:    20.27 GB
>> Searching for hard negatives...
==> Epoch[1](9450/18387): Loss: 0.0009
Allocated: 502.53 MB
Cached:    20.24 GB
>> Searching for hard negatives...
>> Searching for hard negatives...
==> Epoch[1](9500/18387): Loss: 0.0094
Allocated: 504.94 MB
Cached:    20.25 GB
>> Searching for hard negatives...
==> Epoch[1](9550/18387): Loss: 0.0282
Allocated: 504.94 MB
Cached:    20.24 GB
>> Searching for hard negatives...
==> Epoch[1](9600/18387): Loss: 0.0110
Allocated: 504.94 MB
Cached:    20.26 GB
>> Searching for hard negatives...
==> Epoch[1](9650/18387): Loss: 0.0013
Allocated: 504.94 MB
Cached:    20.24 GB
>> Searching for hard negatives...
==> Epoch[1](9700/18387): Loss: 0.0167
Allocated: 504.94 MB
Cached:    20.24 GB
>> Searching for hard negatives...
>> Searching for hard negatives...
==> Epoch[1](9750/18387): Loss: 0.0037
Allocated: 504.94 MB
Cached:    20.25 GB
>> Searching for hard negatives...
==> Epoch[1](9800/18387): Loss: 0.0045
Allocated: 504.94 MB
Cached:    20.26 GB
>> Searching for hard negatives...
==> Epoch[1](9850/18387): Loss: 0.0009
Allocated: 504.94 MB
Cached:    20.26 GB
>> Searching for hard negatives...
==> Epoch[1](9900/18387): Loss: 0.0047
Allocated: 504.94 MB
Cached:    20.25 GB
>> Searching for hard negatives...
==> Epoch[1](9950/18387): Loss: 0.0192
Allocated: 504.94 MB
Cached:    20.25 GB
>> Searching for hard negatives...
>> Searching for hard negatives...
==> Epoch[1](10000/18387): Loss: 0.0136
Allocated: 504.94 MB
Cached:    20.23 GB
>> Searching for hard negatives...
==> Epoch[1](10050/18387): Loss: 0.0025
Allocated: 504.94 MB
Cached:    20.24 GB
>> Searching for hard negatives...
==> Epoch[1](10100/18387): Loss: 0.0131
Allocated: 504.94 MB
Cached:    20.24 GB
>> Searching for hard negatives...
==> Epoch[1](10150/18387): Loss: 0.0071
Allocated: 504.94 MB
Cached:    20.24 GB
>> Searching for hard negatives...
==> Epoch[1](10200/18387): Loss: 0.0218
Allocated: 504.94 MB
Cached:    20.24 GB
>> Searching for hard negatives...
>> Searching for hard negatives...
==> Epoch[1](10250/18387): Loss: 0.0038
Allocated: 504.94 MB
Cached:    20.27 GB
>> Searching for hard negatives...
==> Epoch[1](10300/18387): Loss: 0.0051
Allocated: 504.94 MB
Cached:    20.24 GB
>> Searching for hard negatives...
==> Epoch[1](10350/18387): Loss: 0.0214
Allocated: 504.94 MB
Cached:    20.26 GB
>> Searching for hard negatives...
==> Epoch[1](10400/18387): Loss: 0.0179
Allocated: 504.94 MB
Cached:    20.25 GB
>> Searching for hard negatives...
==> Epoch[1](10450/18387): Loss: 0.0114
Allocated: 504.94 MB
Cached:    20.25 GB
>> Searching for hard negatives...
==> Epoch[1](10500/18387): Loss: 0.0248
Allocated: 502.53 MB
Cached:    20.25 GB
>> Searching for hard negatives...
>> Searching for hard negatives...
==> Epoch[1](10550/18387): Loss: 0.0053
Allocated: 504.94 MB
Cached:    20.25 GB
>> Searching for hard negatives...
==> Epoch[1](10600/18387): Loss: 0.0032
Allocated: 504.94 MB
Cached:    20.13 GB
>> Searching for hard negatives...
==> Epoch[1](10650/18387): Loss: 0.0071
Allocated: 504.94 MB
Cached:    20.24 GB
>> Searching for hard negatives...
==> Epoch[1](10700/18387): Loss: 0.0024
Allocated: 504.94 MB
Cached:    20.24 GB
>> Searching for hard negatives...
==> Epoch[1](10750/18387): Loss: 0.0089
Allocated: 504.94 MB
Cached:    20.28 GB
>> Searching for hard negatives...
>> Searching for hard negatives...
==> Epoch[1](10800/18387): Loss: 0.0001
Allocated: 504.94 MB
Cached:    20.24 GB
>> Searching for hard negatives...
==> Epoch[1](10850/18387): Loss: 0.0021
Allocated: 504.94 MB
Cached:    20.26 GB
>> Searching for hard negatives...
==> Epoch[1](10900/18387): Loss: 0.0037
Allocated: 504.94 MB
Cached:    20.27 GB
>> Searching for hard negatives...
==> Epoch[1](10950/18387): Loss: 0.0071
Allocated: 504.94 MB
Cached:    20.26 GB
>> Searching for hard negatives...
==> Epoch[1](11000/18387): Loss: 0.0161
Allocated: 504.94 MB
Cached:    20.24 GB
>> Searching for hard negatives...
>> Searching for hard negatives...
==> Epoch[1](11050/18387): Loss: 0.0027
Allocated: 504.94 MB
Cached:    20.26 GB
>> Searching for hard negatives...
==> Epoch[1](11100/18387): Loss: 0.0006
Allocated: 504.94 MB
Cached:    20.25 GB
>> Searching for hard negatives...
==> Epoch[1](11150/18387): Loss: 0.0160
Allocated: 504.94 MB
Cached:    20.25 GB
>> Searching for hard negatives...
==> Epoch[1](11200/18387): Loss: 0.0009
Allocated: 504.94 MB
Cached:    20.25 GB
>> Searching for hard negatives...
==> Epoch[1](11250/18387): Loss: 0.0082
Allocated: 504.94 MB
Cached:    20.24 GB
>> Searching for hard negatives...
>> Searching for hard negatives...
==> Epoch[1](11300/18387): Loss: 0.0114
Allocated: 504.94 MB
Cached:    20.23 GB
>> Searching for hard negatives...
==> Epoch[1](11350/18387): Loss: 0.0005
Allocated: 504.94 MB
Cached:    20.24 GB
>> Searching for hard negatives...
==> Epoch[1](11400/18387): Loss: 0.0019
Allocated: 504.94 MB
Cached:    20.24 GB
>> Searching for hard negatives...
==> Epoch[1](11450/18387): Loss: 0.0049
Allocated: 504.94 MB
Cached:    20.24 GB
>> Searching for hard negatives...
==> Epoch[1](11500/18387): Loss: 0.0121
Allocated: 504.94 MB
Cached:    19.90 GB
>> Searching for hard negatives...
==> Epoch[1](11550/18387): Loss: 0.0000
Allocated: 502.09 MB
Cached:    20.25 GB
>> Searching for hard negatives...
>> Searching for hard negatives...
==> Epoch[1](11600/18387): Loss: 0.0056
Allocated: 504.94 MB
Cached:    20.27 GB
>> Searching for hard negatives...
==> Epoch[1](11650/18387): Loss: 0.0084
Allocated: 504.94 MB
Cached:    20.25 GB
>> Searching for hard negatives...
==> Epoch[1](11700/18387): Loss: 0.0060
Allocated: 504.94 MB
Cached:    20.25 GB
>> Searching for hard negatives...
==> Epoch[1](11750/18387): Loss: 0.0047
Allocated: 504.94 MB
Cached:    20.25 GB
>> Searching for hard negatives...
==> Epoch[1](11800/18387): Loss: 0.0101
Allocated: 504.94 MB
Cached:    20.24 GB
>> Searching for hard negatives...
>> Searching for hard negatives...
==> Epoch[1](11850/18387): Loss: 0.0009
Allocated: 504.94 MB
Cached:    20.27 GB
>> Searching for hard negatives...
==> Epoch[1](11900/18387): Loss: 0.0073
Allocated: 504.94 MB
Cached:    20.24 GB
>> Searching for hard negatives...
==> Epoch[1](11950/18387): Loss: 0.0031
Allocated: 504.94 MB
Cached:    20.26 GB
>> Searching for hard negatives...
==> Epoch[1](12000/18387): Loss: 0.0004
Allocated: 504.94 MB
Cached:    20.25 GB
>> Searching for hard negatives...
==> Epoch[1](12050/18387): Loss: 0.0130
Allocated: 504.94 MB
Cached:    20.24 GB
>> Searching for hard negatives...
>> Searching for hard negatives...
==> Epoch[1](12100/18387): Loss: 0.0033
Allocated: 504.94 MB
Cached:    20.24 GB
>> Searching for hard negatives...
==> Epoch[1](12150/18387): Loss: 0.0152
Allocated: 504.94 MB
Cached:    20.27 GB
>> Searching for hard negatives...
==> Epoch[1](12200/18387): Loss: 0.0009
Allocated: 504.94 MB
Cached:    20.24 GB
>> Searching for hard negatives...
==> Epoch[1](12250/18387): Loss: 0.0396
Allocated: 504.94 MB
Cached:    20.25 GB
>> Searching for hard negatives...
==> Epoch[1](12300/18387): Loss: 0.0052
Allocated: 504.94 MB
Cached:    20.25 GB
>> Searching for hard negatives...
>> Searching for hard negatives...
==> Epoch[1](12350/18387): Loss: 0.0053
Allocated: 504.94 MB
Cached:    20.23 GB
>> Searching for hard negatives...
==> Epoch[1](12400/18387): Loss: 0.0030
Allocated: 504.94 MB
Cached:    20.24 GB
>> Searching for hard negatives...
==> Epoch[1](12450/18387): Loss: 0.0017
Allocated: 504.94 MB
Cached:    20.24 GB
>> Searching for hard negatives...
==> Epoch[1](12500/18387): Loss: 0.0098
Allocated: 504.94 MB
Cached:    20.27 GB
>> Searching for hard negatives...
==> Epoch[1](12550/18387): Loss: 0.0069
Allocated: 504.94 MB
Cached:    20.23 GB
>> Searching for hard negatives...
==> Epoch[1](12600/18387): Loss: 0.0178
Allocated: 502.75 MB
Cached:    20.13 GB
>> Searching for hard negatives...
>> Searching for hard negatives...
==> Epoch[1](12650/18387): Loss: 0.0034
Allocated: 504.94 MB
Cached:    20.24 GB
>> Searching for hard negatives...
==> Epoch[1](12700/18387): Loss: 0.0412
Allocated: 504.94 MB
Cached:    20.25 GB
>> Searching for hard negatives...
==> Epoch[1](12750/18387): Loss: 0.0076
Allocated: 504.94 MB
Cached:    20.27 GB
>> Searching for hard negatives...
==> Epoch[1](12800/18387): Loss: 0.0289
Allocated: 504.94 MB
Cached:    20.24 GB
>> Searching for hard negatives...
==> Epoch[1](12850/18387): Loss: 0.0015
Allocated: 504.94 MB
Cached:    20.24 GB
>> Searching for hard negatives...
>> Searching for hard negatives...
==> Epoch[1](12900/18387): Loss: 0.0240
Allocated: 504.94 MB
Cached:    20.25 GB
>> Searching for hard negatives...
==> Epoch[1](12950/18387): Loss: 0.0063
Allocated: 504.94 MB
Cached:    19.87 GB
>> Searching for hard negatives...
==> Epoch[1](13000/18387): Loss: 0.0044
Allocated: 504.94 MB
Cached:    20.02 GB
>> Searching for hard negatives...
==> Epoch[1](13050/18387): Loss: 0.0043
Allocated: 504.94 MB
Cached:    20.25 GB
>> Searching for hard negatives...
==> Epoch[1](13100/18387): Loss: 0.0021
Allocated: 504.94 MB
Cached:    20.26 GB
>> Searching for hard negatives...
>> Searching for hard negatives...
==> Epoch[1](13150/18387): Loss: 0.0126
Allocated: 504.94 MB
Cached:    20.27 GB
>> Searching for hard negatives...
==> Epoch[1](13200/18387): Loss: 0.0048
Allocated: 504.94 MB
Cached:    20.25 GB
>> Searching for hard negatives...
==> Epoch[1](13250/18387): Loss: 0.0235
Allocated: 504.94 MB
Cached:    20.26 GB
>> Searching for hard negatives...
==> Epoch[1](13300/18387): Loss: 0.0000
Allocated: 504.94 MB
Cached:    20.28 GB
>> Searching for hard negatives...
==> Epoch[1](13350/18387): Loss: 0.0006
Allocated: 504.94 MB
Cached:    20.25 GB
>> Searching for hard negatives...
>> Searching for hard negatives...
==> Epoch[1](13400/18387): Loss: 0.0074
Allocated: 504.94 MB
Cached:    20.24 GB
>> Searching for hard negatives...
==> Epoch[1](13450/18387): Loss: 0.0124
Allocated: 504.94 MB
Cached:    20.24 GB
>> Searching for hard negatives...
==> Epoch[1](13500/18387): Loss: 0.0033
Allocated: 504.94 MB
Cached:    20.25 GB
>> Searching for hard negatives...
==> Epoch[1](13550/18387): Loss: 0.0031
Allocated: 504.94 MB
Cached:    20.26 GB
>> Searching for hard negatives...
==> Epoch[1](13600/18387): Loss: 0.0079
Allocated: 504.94 MB
Cached:    19.88 GB
>> Searching for hard negatives...
==> Epoch[1](13650/18387): Loss: 0.0017
Allocated: 502.31 MB
Cached:    20.25 GB
>> Searching for hard negatives...
>> Searching for hard negatives...
==> Epoch[1](13700/18387): Loss: 0.0018
Allocated: 504.94 MB
Cached:    20.24 GB
>> Searching for hard negatives...
==> Epoch[1](13750/18387): Loss: 0.0063
Allocated: 504.94 MB
Cached:    20.25 GB
>> Searching for hard negatives...
==> Epoch[1](13800/18387): Loss: 0.0157
Allocated: 504.94 MB
Cached:    20.27 GB
>> Searching for hard negatives...
==> Epoch[1](13850/18387): Loss: 0.0089
Allocated: 504.94 MB
Cached:    20.25 GB
>> Searching for hard negatives...
==> Epoch[1](13900/18387): Loss: 0.0043
Allocated: 504.94 MB
Cached:    20.25 GB
>> Searching for hard negatives...
>> Searching for hard negatives...
==> Epoch[1](13950/18387): Loss: 0.0020
Allocated: 504.94 MB
Cached:    20.24 GB
>> Searching for hard negatives...
==> Epoch[1](14000/18387): Loss: 0.0022
Allocated: 504.94 MB
Cached:    20.24 GB
>> Searching for hard negatives...
==> Epoch[1](14050/18387): Loss: 0.0005
Allocated: 504.94 MB
Cached:    20.24 GB
>> Searching for hard negatives...
==> Epoch[1](14100/18387): Loss: 0.0138
Allocated: 504.94 MB
Cached:    19.88 GB
>> Searching for hard negatives...
==> Epoch[1](14150/18387): Loss: 0.0218
Allocated: 504.94 MB
Cached:    20.24 GB
>> Searching for hard negatives...
>> Searching for hard negatives...
==> Epoch[1](14200/18387): Loss: 0.0035
Allocated: 504.94 MB
Cached:    20.27 GB
>> Searching for hard negatives...
==> Epoch[1](14250/18387): Loss: 0.0023
Allocated: 504.94 MB
Cached:    20.25 GB
>> Searching for hard negatives...
==> Epoch[1](14300/18387): Loss: 0.0039
Allocated: 504.94 MB
Cached:    20.27 GB
>> Searching for hard negatives...
==> Epoch[1](14350/18387): Loss: 0.0032
Allocated: 504.94 MB
Cached:    20.27 GB
>> Searching for hard negatives...
==> Epoch[1](14400/18387): Loss: 0.0008
Allocated: 504.94 MB
Cached:    20.24 GB
>> Searching for hard negatives...
>> Searching for hard negatives...
==> Epoch[1](14450/18387): Loss: 0.0068
Allocated: 504.94 MB
Cached:    20.26 GB
>> Searching for hard negatives...
==> Epoch[1](14500/18387): Loss: 0.0084
Allocated: 504.94 MB
Cached:    20.25 GB
>> Searching for hard negatives...
==> Epoch[1](14550/18387): Loss: 0.0125
Allocated: 504.94 MB
Cached:    20.24 GB
>> Searching for hard negatives...
==> Epoch[1](14600/18387): Loss: 0.0000
Allocated: 504.94 MB
Cached:    20.26 GB
>> Searching for hard negatives...
==> Epoch[1](14650/18387): Loss: 0.0048
Allocated: 504.94 MB
Cached:    20.25 GB
>> Searching for hard negatives...
==> Epoch[1](14700/18387): Loss: 0.0042
Allocated: 502.75 MB
Cached:    20.25 GB
>> Searching for hard negatives...
>> Searching for hard negatives...
==> Epoch[1](14750/18387): Loss: 0.0052
Allocated: 504.94 MB
Cached:    20.25 GB
>> Searching for hard negatives...
==> Epoch[1](14800/18387): Loss: 0.0072
Allocated: 504.94 MB
Cached:    20.24 GB
>> Searching for hard negatives...
==> Epoch[1](14850/18387): Loss: 0.0011
Allocated: 504.94 MB
Cached:    20.24 GB
>> Searching for hard negatives...
==> Epoch[1](14900/18387): Loss: 0.0010
Allocated: 504.94 MB
Cached:    20.25 GB
>> Searching for hard negatives...
==> Epoch[1](14950/18387): Loss: 0.0023
Allocated: 504.94 MB
Cached:    20.25 GB
>> Searching for hard negatives...
>> Searching for hard negatives...
==> Epoch[1](15000/18387): Loss: 0.0145
Allocated: 504.94 MB
Cached:    20.25 GB
>> Searching for hard negatives...
==> Epoch[1](15050/18387): Loss: 0.0199
Allocated: 504.94 MB
Cached:    20.27 GB
>> Searching for hard negatives...
==> Epoch[1](15100/18387): Loss: 0.0310
Allocated: 504.94 MB
Cached:    20.27 GB
>> Searching for hard negatives...
==> Epoch[1](15150/18387): Loss: 0.0026
Allocated: 504.94 MB
Cached:    20.24 GB
>> Searching for hard negatives...
==> Epoch[1](15200/18387): Loss: 0.0007
Allocated: 504.94 MB
Cached:    20.25 GB
>> Searching for hard negatives...
>> Searching for hard negatives...
==> Epoch[1](15250/18387): Loss: 0.0149
Allocated: 504.94 MB
Cached:    20.27 GB
>> Searching for hard negatives...
==> Epoch[1](15300/18387): Loss: 0.0059
Allocated: 504.94 MB
Cached:    20.25 GB
>> Searching for hard negatives...
==> Epoch[1](15350/18387): Loss: 0.0021
Allocated: 504.94 MB
Cached:    19.88 GB
>> Searching for hard negatives...
==> Epoch[1](15400/18387): Loss: 0.0117
Allocated: 504.94 MB
Cached:    20.26 GB
>> Searching for hard negatives...
==> Epoch[1](15450/18387): Loss: 0.0050
Allocated: 504.94 MB
Cached:    20.24 GB
>> Searching for hard negatives...
>> Searching for hard negatives...
==> Epoch[1](15500/18387): Loss: 0.0095
Allocated: 504.94 MB
Cached:    20.24 GB
>> Searching for hard negatives...
==> Epoch[1](15550/18387): Loss: 0.0044
Allocated: 504.94 MB
Cached:    20.27 GB
>> Searching for hard negatives...
==> Epoch[1](15600/18387): Loss: 0.0140
Allocated: 504.94 MB
Cached:    20.25 GB
>> Searching for hard negatives...
==> Epoch[1](15650/18387): Loss: 0.0037
Allocated: 504.94 MB
Cached:    20.24 GB
>> Searching for hard negatives...
==> Epoch[1](15700/18387): Loss: 0.0130
Allocated: 504.94 MB
Cached:    20.25 GB
>> Searching for hard negatives...
==> Epoch[1](15750/18387): Loss: 0.0112
Allocated: 501.87 MB
Cached:    20.24 GB
>> Searching for hard negatives...
>> Searching for hard negatives...
==> Epoch[1](15800/18387): Loss: 0.0042
Allocated: 504.94 MB
Cached:    20.28 GB
>> Searching for hard negatives...
==> Epoch[1](15850/18387): Loss: 0.0067
Allocated: 504.94 MB
Cached:    20.24 GB
>> Searching for hard negatives...
==> Epoch[1](15900/18387): Loss: 0.0333
Allocated: 504.94 MB
Cached:    20.24 GB
>> Searching for hard negatives...
==> Epoch[1](15950/18387): Loss: 0.0001
Allocated: 504.94 MB
Cached:    20.25 GB
>> Searching for hard negatives...
==> Epoch[1](16000/18387): Loss: 0.0000
Allocated: 504.94 MB
Cached:    20.24 GB
>> Searching for hard negatives...
>> Searching for hard negatives...
==> Epoch[1](16050/18387): Loss: 0.0018
Allocated: 504.94 MB
Cached:    20.28 GB
>> Searching for hard negatives...
==> Epoch[1](16100/18387): Loss: 0.0012
Allocated: 504.94 MB
Cached:    20.24 GB
>> Searching for hard negatives...
==> Epoch[1](16150/18387): Loss: 0.0008
Allocated: 504.94 MB
Cached:    20.26 GB
>> Searching for hard negatives...
==> Epoch[1](16200/18387): Loss: 0.0063
Allocated: 504.94 MB
Cached:    19.88 GB
>> Searching for hard negatives...
==> Epoch[1](16250/18387): Loss: 0.0098
Allocated: 504.94 MB
Cached:    20.26 GB
>> Searching for hard negatives...
>> Searching for hard negatives...
==> Epoch[1](16300/18387): Loss: 0.0000
Allocated: 504.94 MB
Cached:    20.05 GB
>> Searching for hard negatives...
==> Epoch[1](16350/18387): Loss: 0.0080
Allocated: 504.94 MB
Cached:    20.24 GB
>> Searching for hard negatives...
==> Epoch[1](16400/18387): Loss: 0.0020
Allocated: 504.94 MB
Cached:    20.24 GB
>> Searching for hard negatives...
==> Epoch[1](16450/18387): Loss: 0.0095
Allocated: 504.94 MB
Cached:    20.23 GB
>> Searching for hard negatives...
==> Epoch[1](16500/18387): Loss: 0.0005
Allocated: 504.94 MB
Cached:    20.24 GB
>> Searching for hard negatives...
>> Searching for hard negatives...
==> Epoch[1](16550/18387): Loss: 0.0072
Allocated: 504.94 MB
Cached:    20.24 GB
>> Searching for hard negatives...
==> Epoch[1](16600/18387): Loss: 0.0054
Allocated: 504.94 MB
Cached:    20.24 GB
>> Searching for hard negatives...
==> Epoch[1](16650/18387): Loss: 0.0084
Allocated: 504.94 MB
Cached:    20.27 GB
>> Searching for hard negatives...
==> Epoch[1](16700/18387): Loss: 0.0121
Allocated: 504.94 MB
Cached:    20.25 GB
>> Searching for hard negatives...
==> Epoch[1](16750/18387): Loss: 0.0404
Allocated: 504.94 MB
Cached:    20.26 GB
>> Searching for hard negatives...
==> Epoch[1](16800/18387): Loss: 0.0003
Allocated: 502.31 MB
Cached:    20.24 GB
>> Searching for hard negatives...
>> Searching for hard negatives...
==> Epoch[1](16850/18387): Loss: 0.0033
Allocated: 504.94 MB
Cached:    20.24 GB
>> Searching for hard negatives...
==> Epoch[1](16900/18387): Loss: 0.0064
Allocated: 504.94 MB
Cached:    20.27 GB
>> Searching for hard negatives...
==> Epoch[1](16950/18387): Loss: 0.0050
Allocated: 504.94 MB
Cached:    20.24 GB
>> Searching for hard negatives...
==> Epoch[1](17000/18387): Loss: 0.0002
Allocated: 504.94 MB
Cached:    20.24 GB
>> Searching for hard negatives...
==> Epoch[1](17050/18387): Loss: 0.0001
Allocated: 504.94 MB
Cached:    20.25 GB
>> Searching for hard negatives...
>> Searching for hard negatives...
==> Epoch[1](17100/18387): Loss: 0.0047
Allocated: 504.94 MB
Cached:    20.23 GB
>> Searching for hard negatives...
==> Epoch[1](17150/18387): Loss: 0.0085
Allocated: 504.94 MB
Cached:    19.78 GB
>> Searching for hard negatives...
==> Epoch[1](17200/18387): Loss: 0.0041
Allocated: 504.94 MB
Cached:    20.25 GB
>> Searching for hard negatives...
==> Epoch[1](17250/18387): Loss: 0.0152
Allocated: 504.94 MB
Cached:    20.24 GB
>> Searching for hard negatives...
==> Epoch[1](17300/18387): Loss: 0.0016
Allocated: 504.94 MB
Cached:    20.25 GB
>> Searching for hard negatives...
>> Searching for hard negatives...
==> Epoch[1](17350/18387): Loss: 0.0006
Allocated: 504.94 MB
Cached:    20.24 GB
>> Searching for hard negatives...
==> Epoch[1](17400/18387): Loss: 0.0000
Allocated: 504.94 MB
Cached:    20.25 GB
>> Searching for hard negatives...
==> Epoch[1](17450/18387): Loss: 0.0036
Allocated: 504.94 MB
Cached:    20.27 GB
>> Searching for hard negatives...
==> Epoch[1](17500/18387): Loss: 0.0199
Allocated: 504.94 MB
Cached:    20.25 GB
>> Searching for hard negatives...
==> Epoch[1](17550/18387): Loss: 0.0039
Allocated: 504.94 MB
Cached:    20.25 GB
>> Searching for hard negatives...
>> Searching for hard negatives...
==> Epoch[1](17600/18387): Loss: 0.0024
Allocated: 504.94 MB
Cached:    20.25 GB
>> Searching for hard negatives...
==> Epoch[1](17650/18387): Loss: 0.0000
Allocated: 504.94 MB
Cached:    20.13 GB
>> Searching for hard negatives...
==> Epoch[1](17700/18387): Loss: 0.0049
Allocated: 504.94 MB
Cached:    20.25 GB
>> Searching for hard negatives...
==> Epoch[1](17750/18387): Loss: 0.0218
Allocated: 504.94 MB
Cached:    20.26 GB
>> Searching for hard negatives...
==> Epoch[1](17800/18387): Loss: 0.0022
Allocated: 504.94 MB
Cached:    20.24 GB
>> Searching for hard negatives...
==> Epoch[1](17850/18387): Loss: 0.0170
Allocated: 502.53 MB
Cached:    20.25 GB
>> Searching for hard negatives...
>> Searching for hard negatives...
==> Epoch[1](17900/18387): Loss: 0.0025
Allocated: 504.94 MB
Cached:    20.24 GB
>> Searching for hard negatives...
==> Epoch[1](17950/18387): Loss: 0.0086
Allocated: 504.94 MB
Cached:    20.25 GB
>> Searching for hard negatives...
==> Epoch[1](18000/18387): Loss: 0.0019
Allocated: 504.94 MB
Cached:    20.25 GB
>> Searching for hard negatives...
==> Epoch[1](18050/18387): Loss: 0.0044
Allocated: 504.94 MB
Cached:    20.24 GB
>> Searching for hard negatives...
==> Epoch[1](18100/18387): Loss: 0.0028
Allocated: 504.94 MB
Cached:    20.24 GB
>> Searching for hard negatives...
>> Searching for hard negatives...
==> Epoch[1](18150/18387): Loss: 0.0084
Allocated: 504.94 MB
Cached:    20.25 GB
>> Searching for hard negatives...
==> Epoch[1](18200/18387): Loss: 0.0151
Allocated: 504.94 MB
Cached:    20.26 GB
>> Searching for hard negatives...
==> Epoch[1](18250/18387): Loss: 0.0075
Allocated: 504.94 MB
Cached:    20.24 GB
>> Searching for hard negatives...
==> Epoch[1](18300/18387): Loss: 0.0057
Allocated: 504.94 MB
Cached:    20.25 GB
>> Searching for hard negatives...
==> Epoch[1](18350/18387): Loss: 0.0013
Allocated: 504.94 MB
Cached:    20.25 GB
>> Searching for hard negatives...
>> Searching for hard negatives...
==> Epoch[1](18400/18387): Loss: 0.0071
Allocated: 504.94 MB
Cached:    20.24 GB
>> Searching for hard negatives...
==> Epoch[1](18450/18387): Loss: 0.0006
Allocated: 504.94 MB
Cached:    20.25 GB
>> Searching for hard negatives...
==> Epoch[1](18500/18387): Loss: 0.0115
Allocated: 504.94 MB
Cached:    20.24 GB
>> Searching for hard negatives...
==> Epoch[1](18550/18387): Loss: 0.0012
Allocated: 504.94 MB
Cached:    20.25 GB
===> Epoch 1 Complete: Avg. Loss: 0.0133
====> Extracting Features
