Wed Mar 13 07:39:10 EDT 2024
/home/m.maqboolbhutta/usman_ws/codes/patchnetvlad
/home/m.maqboolbhutta/.conda/envs/patchnetvlad/bin/python
Host: c1010a-s23
Other nodes: 
Starting  process(es) on each node...
==========Starting Training=============
Saving checkpoints at /home/m.maqboolbhutta/usman_ws/models/patchnetvlad/graphvlad-triplet-13-Mar-cen-map-16-lr0_001
========================================
Namespace(cache_path='/home/m.maqboolbhutta/usman_ws/datasets/netvlad-official/', cluster_path='/home/m.maqboolbhutta/usman_ws/datasets/netvlad-official/centroids/vgg16_mapillary_16_desc_cen.hdf5', config_path='patchnetvlad/configs/train-slurm.ini', dataset_root_dir='/home/m.maqboolbhutta/usman_ws/datasets/mapillary_sls/', esp_encoder='/home/m.maqboolbhutta/usman_ws/datasets/netvlad-official/espnet-encoder/espnet_p_2_q_8.pth', identifier='mapillary_nopanos', loss='triplet', method='graphvlad', nEpochs=30, nocuda=False, resume_path='', save_every_epoch=True, save_path='/home/m.maqboolbhutta/usman_ws/models/patchnetvlad/graphvlad-triplet-13-Mar-cen-map-16-lr0_001', start_epoch=0, threads=6)
===> Building model
===> Loading model
===> Loading segmentation model
Encoder loaded!
Creating model graphvlad
===> Loading dataset(s)
Exclude panoramas: True
=====> trondheim
=====> london
=====> boston
=====> melbourne
=====> amsterdam
=====> helsinki
=====> tokyo
=====> toronto
=====> saopaulo
=====> moscow
=====> zurich
=====> paris
=====> bangkok
=====> budapest
=====> austin
=====> berlin
=====> ottawa
=====> phoenix
=====> goa
=====> amman
=====> nairobi
=====> manila
#Sideways [21262/441280]; #Night; [4666/441280]
Forward and Day weighted with 1.0000
Forward and Night weighted with 95.5735
Sideways and Day weighted with 21.7544
Sideways and Night weighted with 116.3279
Exclude panoramas: True
=====> cph
=====> sf
===> Training query set: 441280
===> Evaluating on val set, query count: 740
===> Training model
>> Searching for hard negatives...
>> Searching for hard negatives...
==> Epoch[1](50/18387): Loss: 0.1126
Allocated: 504.94 MB
Cached:    20.24 GB
>> Searching for hard negatives...
==> Epoch[1](100/18387): Loss: 0.1245
Allocated: 504.94 MB
Cached:    20.24 GB
>> Searching for hard negatives...
==> Epoch[1](150/18387): Loss: 0.0377
Allocated: 504.94 MB
Cached:    20.25 GB
>> Searching for hard negatives...
==> Epoch[1](200/18387): Loss: 0.0747
Allocated: 504.94 MB
Cached:    20.24 GB
>> Searching for hard negatives...
==> Epoch[1](250/18387): Loss: 0.0257
Allocated: 504.94 MB
Cached:    20.24 GB
>> Searching for hard negatives...
>> Searching for hard negatives...
==> Epoch[1](300/18387): Loss: 0.1034
Allocated: 504.94 MB
Cached:    20.24 GB
>> Searching for hard negatives...
==> Epoch[1](350/18387): Loss: 0.0590
Allocated: 504.94 MB
Cached:    20.24 GB
>> Searching for hard negatives...
==> Epoch[1](400/18387): Loss: 0.0552
Allocated: 504.94 MB
Cached:    20.25 GB
>> Searching for hard negatives...
==> Epoch[1](450/18387): Loss: 0.0622
Allocated: 504.94 MB
Cached:    20.24 GB
>> Searching for hard negatives...
==> Epoch[1](500/18387): Loss: 0.0787
Allocated: 504.94 MB
Cached:    20.24 GB
>> Searching for hard negatives...
>> Searching for hard negatives...
==> Epoch[1](550/18387): Loss: 0.0413
Allocated: 504.94 MB
Cached:    19.88 GB
>> Searching for hard negatives...
==> Epoch[1](600/18387): Loss: 0.0488
Allocated: 504.94 MB
Cached:    20.25 GB
>> Searching for hard negatives...
==> Epoch[1](650/18387): Loss: 0.0291
Allocated: 504.94 MB
Cached:    20.24 GB
>> Searching for hard negatives...
==> Epoch[1](700/18387): Loss: 0.0995
Allocated: 504.94 MB
Cached:    20.25 GB
>> Searching for hard negatives...
==> Epoch[1](750/18387): Loss: 0.0038
Allocated: 504.94 MB
Cached:    20.25 GB
>> Searching for hard negatives...
>> Searching for hard negatives...
==> Epoch[1](800/18387): Loss: 0.0014
Allocated: 504.94 MB
Cached:    20.25 GB
>> Searching for hard negatives...
==> Epoch[1](850/18387): Loss: 0.0598
Allocated: 504.94 MB
Cached:    19.89 GB
>> Searching for hard negatives...
==> Epoch[1](900/18387): Loss: 0.0054
Allocated: 504.94 MB
Cached:    20.25 GB
>> Searching for hard negatives...
==> Epoch[1](950/18387): Loss: 0.0175
Allocated: 504.94 MB
Cached:    20.24 GB
>> Searching for hard negatives...
==> Epoch[1](1000/18387): Loss: 0.0119
Allocated: 504.94 MB
Cached:    19.92 GB
>> Searching for hard negatives...
==> Epoch[1](1050/18387): Loss: 0.0311
Allocated: 502.75 MB
Cached:    19.89 GB
>> Searching for hard negatives...
>> Searching for hard negatives...
==> Epoch[1](1100/18387): Loss: 0.0116
Allocated: 504.94 MB
Cached:    20.25 GB
>> Searching for hard negatives...
==> Epoch[1](1150/18387): Loss: 0.0226
Allocated: 504.94 MB
Cached:    20.25 GB
>> Searching for hard negatives...
==> Epoch[1](1200/18387): Loss: 0.0331
Allocated: 504.94 MB
Cached:    20.24 GB
>> Searching for hard negatives...
==> Epoch[1](1250/18387): Loss: 0.0451
Allocated: 504.94 MB
Cached:    20.25 GB
>> Searching for hard negatives...
==> Epoch[1](1300/18387): Loss: 0.0290
Allocated: 504.94 MB
Cached:    20.25 GB
>> Searching for hard negatives...
>> Searching for hard negatives...
==> Epoch[1](1350/18387): Loss: 0.0129
Allocated: 504.94 MB
Cached:    20.24 GB
>> Searching for hard negatives...
==> Epoch[1](1400/18387): Loss: 0.0111
Allocated: 504.94 MB
Cached:    20.25 GB
>> Searching for hard negatives...
==> Epoch[1](1450/18387): Loss: 0.0268
Allocated: 504.94 MB
Cached:    20.24 GB
>> Searching for hard negatives...
==> Epoch[1](1500/18387): Loss: 0.0303
Allocated: 504.94 MB
Cached:    20.25 GB
>> Searching for hard negatives...
==> Epoch[1](1550/18387): Loss: 0.0271
Allocated: 504.94 MB
Cached:    20.25 GB
>> Searching for hard negatives...
>> Searching for hard negatives...
==> Epoch[1](1600/18387): Loss: 0.0366
Allocated: 504.94 MB
Cached:    20.25 GB
>> Searching for hard negatives...
==> Epoch[1](1650/18387): Loss: 0.0268
Allocated: 504.94 MB
Cached:    20.24 GB
>> Searching for hard negatives...
==> Epoch[1](1700/18387): Loss: 0.0203
Allocated: 504.94 MB
Cached:    20.25 GB
>> Searching for hard negatives...
==> Epoch[1](1750/18387): Loss: 0.0311
Allocated: 504.94 MB
Cached:    20.26 GB
>> Searching for hard negatives...
==> Epoch[1](1800/18387): Loss: 0.0345
Allocated: 504.94 MB
Cached:    20.24 GB
>> Searching for hard negatives...
>> Searching for hard negatives...
==> Epoch[1](1850/18387): Loss: 0.0028
Allocated: 504.94 MB
Cached:    20.24 GB
>> Searching for hard negatives...
==> Epoch[1](1900/18387): Loss: 0.0281
Allocated: 504.94 MB
Cached:    20.25 GB
>> Searching for hard negatives...
==> Epoch[1](1950/18387): Loss: 0.0230
Allocated: 504.94 MB
Cached:    20.25 GB
>> Searching for hard negatives...
==> Epoch[1](2000/18387): Loss: 0.0213
Allocated: 504.94 MB
Cached:    20.24 GB
>> Searching for hard negatives...
==> Epoch[1](2050/18387): Loss: 0.0119
Allocated: 504.94 MB
Cached:    20.24 GB
>> Searching for hard negatives...
==> Epoch[1](2100/18387): Loss: 0.0052
Allocated: 502.53 MB
Cached:    20.26 GB
>> Searching for hard negatives...
>> Searching for hard negatives...
==> Epoch[1](2150/18387): Loss: 0.0135
Allocated: 504.94 MB
Cached:    20.25 GB
>> Searching for hard negatives...
==> Epoch[1](2200/18387): Loss: 0.0139
Allocated: 504.94 MB
Cached:    20.24 GB
>> Searching for hard negatives...
==> Epoch[1](2250/18387): Loss: 0.0101
Allocated: 504.94 MB
Cached:    20.25 GB
>> Searching for hard negatives...
==> Epoch[1](2300/18387): Loss: 0.0552
Allocated: 504.94 MB
Cached:    20.25 GB
>> Searching for hard negatives...
==> Epoch[1](2350/18387): Loss: 0.0294
Allocated: 504.94 MB
Cached:    20.25 GB
>> Searching for hard negatives...
>> Searching for hard negatives...
==> Epoch[1](2400/18387): Loss: 0.0282
Allocated: 504.94 MB
Cached:    20.24 GB
>> Searching for hard negatives...
==> Epoch[1](2450/18387): Loss: 0.0212
Allocated: 504.94 MB
Cached:    20.24 GB
>> Searching for hard negatives...
==> Epoch[1](2500/18387): Loss: 0.0217
Allocated: 504.94 MB
Cached:    20.25 GB
>> Searching for hard negatives...
==> Epoch[1](2550/18387): Loss: 0.0100
Allocated: 504.94 MB
Cached:    20.25 GB
>> Searching for hard negatives...
==> Epoch[1](2600/18387): Loss: 0.0172
Allocated: 504.94 MB
Cached:    20.25 GB
>> Searching for hard negatives...
>> Searching for hard negatives...
==> Epoch[1](2650/18387): Loss: 0.0532
Allocated: 504.94 MB
Cached:    20.27 GB
>> Searching for hard negatives...
==> Epoch[1](2700/18387): Loss: 0.0182
Allocated: 504.94 MB
Cached:    20.25 GB
>> Searching for hard negatives...
==> Epoch[1](2750/18387): Loss: 0.0160
Allocated: 504.94 MB
Cached:    20.26 GB
>> Searching for hard negatives...
==> Epoch[1](2800/18387): Loss: 0.0116
Allocated: 504.94 MB
Cached:    20.24 GB
>> Searching for hard negatives...
==> Epoch[1](2850/18387): Loss: 0.0411
Allocated: 504.94 MB
Cached:    20.25 GB
>> Searching for hard negatives...
>> Searching for hard negatives...
==> Epoch[1](2900/18387): Loss: 0.0043
Allocated: 504.94 MB
Cached:    20.24 GB
>> Searching for hard negatives...
==> Epoch[1](2950/18387): Loss: 0.0050
Allocated: 504.94 MB
Cached:    20.24 GB
>> Searching for hard negatives...
==> Epoch[1](3000/18387): Loss: 0.0239
Allocated: 504.94 MB
Cached:    20.25 GB
>> Searching for hard negatives...
==> Epoch[1](3050/18387): Loss: 0.0090
Allocated: 504.94 MB
Cached:    20.24 GB
>> Searching for hard negatives...
==> Epoch[1](3100/18387): Loss: 0.0073
Allocated: 504.94 MB
Cached:    20.26 GB
>> Searching for hard negatives...
==> Epoch[1](3150/18387): Loss: 0.0009
Allocated: 502.75 MB
Cached:    20.25 GB
>> Searching for hard negatives...
>> Searching for hard negatives...
==> Epoch[1](3200/18387): Loss: 0.0055
Allocated: 504.94 MB
Cached:    20.25 GB
>> Searching for hard negatives...
==> Epoch[1](3250/18387): Loss: 0.0100
Allocated: 504.94 MB
Cached:    20.26 GB
>> Searching for hard negatives...
==> Epoch[1](3300/18387): Loss: 0.0379
Allocated: 504.94 MB
Cached:    20.27 GB
>> Searching for hard negatives...
==> Epoch[1](3350/18387): Loss: 0.0048
Allocated: 504.94 MB
Cached:    20.24 GB
>> Searching for hard negatives...
==> Epoch[1](3400/18387): Loss: 0.0074
Allocated: 504.94 MB
Cached:    20.25 GB
>> Searching for hard negatives...
>> Searching for hard negatives...
==> Epoch[1](3450/18387): Loss: 0.0332
Allocated: 504.94 MB
Cached:    20.27 GB
>> Searching for hard negatives...
==> Epoch[1](3500/18387): Loss: 0.0058
Allocated: 504.94 MB
Cached:    20.25 GB
>> Searching for hard negatives...
==> Epoch[1](3550/18387): Loss: 0.0216
Allocated: 504.94 MB
Cached:    20.24 GB
>> Searching for hard negatives...
==> Epoch[1](3600/18387): Loss: 0.0338
Allocated: 504.94 MB
Cached:    20.28 GB
>> Searching for hard negatives...
==> Epoch[1](3650/18387): Loss: 0.0193
Allocated: 504.94 MB
Cached:    20.24 GB
>> Searching for hard negatives...
>> Searching for hard negatives...
==> Epoch[1](3700/18387): Loss: 0.0125
Allocated: 504.94 MB
Cached:    20.26 GB
>> Searching for hard negatives...
==> Epoch[1](3750/18387): Loss: 0.0073
Allocated: 504.94 MB
Cached:    20.25 GB
>> Searching for hard negatives...
==> Epoch[1](3800/18387): Loss: 0.0136
Allocated: 504.94 MB
Cached:    19.92 GB
>> Searching for hard negatives...
==> Epoch[1](3850/18387): Loss: 0.0187
Allocated: 504.94 MB
Cached:    20.25 GB
>> Searching for hard negatives...
==> Epoch[1](3900/18387): Loss: 0.0135
Allocated: 504.94 MB
Cached:    20.26 GB
>> Searching for hard negatives...
>> Searching for hard negatives...
==> Epoch[1](3950/18387): Loss: 0.0080
Allocated: 504.94 MB
Cached:    20.26 GB
>> Searching for hard negatives...
==> Epoch[1](4000/18387): Loss: 0.0196
Allocated: 504.94 MB
Cached:    20.25 GB
>> Searching for hard negatives...
==> Epoch[1](4050/18387): Loss: 0.0121
Allocated: 504.94 MB
Cached:    20.24 GB
>> Searching for hard negatives...
==> Epoch[1](4100/18387): Loss: 0.0051
Allocated: 504.94 MB
Cached:    19.97 GB
>> Searching for hard negatives...
==> Epoch[1](4150/18387): Loss: 0.0018
Allocated: 504.94 MB
Cached:    19.98 GB
>> Searching for hard negatives...
==> Epoch[1](4200/18387): Loss: 0.0084
Allocated: 502.75 MB
Cached:    20.24 GB
>> Searching for hard negatives...
>> Searching for hard negatives...
==> Epoch[1](4250/18387): Loss: 0.0224
Allocated: 504.94 MB
Cached:    20.26 GB
>> Searching for hard negatives...
==> Epoch[1](4300/18387): Loss: 0.0106
Allocated: 504.94 MB
Cached:    20.25 GB
>> Searching for hard negatives...
==> Epoch[1](4350/18387): Loss: 0.0049
Allocated: 504.94 MB
Cached:    20.24 GB
>> Searching for hard negatives...
==> Epoch[1](4400/18387): Loss: 0.0278
Allocated: 504.94 MB
Cached:    20.27 GB
>> Searching for hard negatives...
==> Epoch[1](4450/18387): Loss: 0.0526
Allocated: 504.94 MB
Cached:    20.25 GB
>> Searching for hard negatives...
>> Searching for hard negatives...
==> Epoch[1](4500/18387): Loss: 0.0159
Allocated: 504.94 MB
Cached:    20.26 GB
>> Searching for hard negatives...
==> Epoch[1](4550/18387): Loss: 0.0064
Allocated: 504.94 MB
Cached:    20.23 GB
>> Searching for hard negatives...
==> Epoch[1](4600/18387): Loss: 0.0220
Allocated: 504.94 MB
Cached:    20.24 GB
>> Searching for hard negatives...
==> Epoch[1](4650/18387): Loss: 0.0192
Allocated: 504.94 MB
Cached:    20.26 GB
>> Searching for hard negatives...
==> Epoch[1](4700/18387): Loss: 0.0094
Allocated: 504.94 MB
Cached:    20.24 GB
>> Searching for hard negatives...
>> Searching for hard negatives...
==> Epoch[1](4750/18387): Loss: 0.0387
Allocated: 504.94 MB
Cached:    20.24 GB
>> Searching for hard negatives...
==> Epoch[1](4800/18387): Loss: 0.0188
Allocated: 504.94 MB
Cached:    20.25 GB
>> Searching for hard negatives...
==> Epoch[1](4850/18387): Loss: 0.0000
Allocated: 504.94 MB
Cached:    20.24 GB
>> Searching for hard negatives...
==> Epoch[1](4900/18387): Loss: 0.0073
Allocated: 504.94 MB
Cached:    20.25 GB
>> Searching for hard negatives...
==> Epoch[1](4950/18387): Loss: 0.0027
Allocated: 504.94 MB
Cached:    20.25 GB
>> Searching for hard negatives...
>> Searching for hard negatives...
==> Epoch[1](5000/18387): Loss: 0.0185
Allocated: 504.94 MB
Cached:    20.27 GB
>> Searching for hard negatives...
==> Epoch[1](5050/18387): Loss: 0.0138
Allocated: 504.94 MB
Cached:    20.25 GB
>> Searching for hard negatives...
==> Epoch[1](5100/18387): Loss: 0.0028
Allocated: 504.94 MB
Cached:    20.25 GB
>> Searching for hard negatives...
==> Epoch[1](5150/18387): Loss: 0.0435
Allocated: 504.94 MB
Cached:    20.24 GB
>> Searching for hard negatives...
==> Epoch[1](5200/18387): Loss: 0.0041
Allocated: 504.94 MB
Cached:    20.26 GB
>> Searching for hard negatives...
==> Epoch[1](5250/18387): Loss: 0.0153
Allocated: 502.97 MB
Cached:    20.24 GB
>> Searching for hard negatives...
>> Searching for hard negatives...
==> Epoch[1](5300/18387): Loss: 0.0043
Allocated: 504.94 MB
Cached:    19.88 GB
>> Searching for hard negatives...
==> Epoch[1](5350/18387): Loss: 0.0044
Allocated: 504.94 MB
Cached:    20.25 GB
>> Searching for hard negatives...
==> Epoch[1](5400/18387): Loss: 0.0064
Allocated: 504.94 MB
Cached:    20.25 GB
>> Searching for hard negatives...
==> Epoch[1](5450/18387): Loss: 0.0179
Allocated: 504.94 MB
Cached:    20.26 GB
>> Searching for hard negatives...
==> Epoch[1](5500/18387): Loss: 0.0061
Allocated: 504.94 MB
Cached:    20.24 GB
>> Searching for hard negatives...
>> Searching for hard negatives...
==> Epoch[1](5550/18387): Loss: 0.0078
Allocated: 504.94 MB
Cached:    20.25 GB
>> Searching for hard negatives...
==> Epoch[1](5600/18387): Loss: 0.0073
Allocated: 504.94 MB
Cached:    20.25 GB
>> Searching for hard negatives...
==> Epoch[1](5650/18387): Loss: 0.0055
Allocated: 504.94 MB
Cached:    20.24 GB
>> Searching for hard negatives...
==> Epoch[1](5700/18387): Loss: 0.0102
Allocated: 504.94 MB
Cached:    20.05 GB
>> Searching for hard negatives...
==> Epoch[1](5750/18387): Loss: 0.0106
Allocated: 504.94 MB
Cached:    20.25 GB
>> Searching for hard negatives...
>> Searching for hard negatives...
==> Epoch[1](5800/18387): Loss: 0.0039
Allocated: 504.94 MB
Cached:    20.25 GB
>> Searching for hard negatives...
==> Epoch[1](5850/18387): Loss: 0.0079
Allocated: 504.94 MB
Cached:    19.89 GB
>> Searching for hard negatives...
==> Epoch[1](5900/18387): Loss: 0.0034
Allocated: 504.94 MB
Cached:    20.25 GB
>> Searching for hard negatives...
==> Epoch[1](5950/18387): Loss: 0.0218
Allocated: 504.94 MB
Cached:    20.24 GB
>> Searching for hard negatives...
==> Epoch[1](6000/18387): Loss: 0.0019
Allocated: 504.94 MB
Cached:    20.26 GB
>> Searching for hard negatives...
>> Searching for hard negatives...
==> Epoch[1](6050/18387): Loss: 0.0099
Allocated: 504.94 MB
Cached:    20.25 GB
>> Searching for hard negatives...
==> Epoch[1](6100/18387): Loss: 0.0023
Allocated: 504.94 MB
Cached:    20.25 GB
>> Searching for hard negatives...
==> Epoch[1](6150/18387): Loss: 0.0153
Allocated: 504.94 MB
Cached:    20.24 GB
>> Searching for hard negatives...
==> Epoch[1](6200/18387): Loss: 0.0060
Allocated: 504.94 MB
Cached:    20.25 GB
>> Searching for hard negatives...
==> Epoch[1](6250/18387): Loss: 0.0197
Allocated: 504.94 MB
Cached:    20.25 GB
>> Searching for hard negatives...
==> Epoch[1](6300/18387): Loss: 0.0081
Allocated: 502.75 MB
Cached:    20.25 GB
>> Searching for hard negatives...
>> Searching for hard negatives...
==> Epoch[1](6350/18387): Loss: 0.0063
Allocated: 504.94 MB
Cached:    20.24 GB
>> Searching for hard negatives...
==> Epoch[1](6400/18387): Loss: 0.0085
Allocated: 504.94 MB
Cached:    20.24 GB
>> Searching for hard negatives...
==> Epoch[1](6450/18387): Loss: 0.0048
Allocated: 504.94 MB
Cached:    20.25 GB
>> Searching for hard negatives...
==> Epoch[1](6500/18387): Loss: 0.0182
Allocated: 504.94 MB
Cached:    20.24 GB
>> Searching for hard negatives...
==> Epoch[1](6550/18387): Loss: 0.0061
Allocated: 504.94 MB
Cached:    20.24 GB
>> Searching for hard negatives...
>> Searching for hard negatives...
==> Epoch[1](6600/18387): Loss: 0.0047
Allocated: 504.94 MB
Cached:    20.26 GB
>> Searching for hard negatives...
==> Epoch[1](6650/18387): Loss: 0.0056
Allocated: 504.94 MB
Cached:    20.26 GB
>> Searching for hard negatives...
==> Epoch[1](6700/18387): Loss: 0.0000
Allocated: 504.94 MB
Cached:    20.27 GB
>> Searching for hard negatives...
==> Epoch[1](6750/18387): Loss: 0.0047
Allocated: 504.94 MB
Cached:    20.26 GB
>> Searching for hard negatives...
==> Epoch[1](6800/18387): Loss: 0.0059
Allocated: 504.94 MB
Cached:    20.27 GB
>> Searching for hard negatives...
>> Searching for hard negatives...
==> Epoch[1](6850/18387): Loss: 0.0078
Allocated: 504.94 MB
Cached:    20.27 GB
>> Searching for hard negatives...
==> Epoch[1](6900/18387): Loss: 0.0042
Allocated: 504.94 MB
Cached:    20.14 GB
>> Searching for hard negatives...
==> Epoch[1](6950/18387): Loss: 0.0239
Allocated: 504.94 MB
Cached:    20.25 GB
>> Searching for hard negatives...
==> Epoch[1](7000/18387): Loss: 0.0105
Allocated: 504.94 MB
Cached:    20.24 GB
>> Searching for hard negatives...
==> Epoch[1](7050/18387): Loss: 0.0041
Allocated: 504.94 MB
Cached:    20.05 GB
>> Searching for hard negatives...
>> Searching for hard negatives...
==> Epoch[1](7100/18387): Loss: 0.0329
Allocated: 504.94 MB
Cached:    20.26 GB
>> Searching for hard negatives...
==> Epoch[1](7150/18387): Loss: 0.0078
Allocated: 504.94 MB
Cached:    20.24 GB
>> Searching for hard negatives...
==> Epoch[1](7200/18387): Loss: 0.0167
Allocated: 504.94 MB
Cached:    20.24 GB
>> Searching for hard negatives...
==> Epoch[1](7250/18387): Loss: 0.0040
Allocated: 504.94 MB
Cached:    20.24 GB
>> Searching for hard negatives...
==> Epoch[1](7300/18387): Loss: 0.0044
Allocated: 504.94 MB
Cached:    20.25 GB
>> Searching for hard negatives...
==> Epoch[1](7350/18387): Loss: 0.0346
Allocated: 503.35 MB
Cached:    20.24 GB
>> Searching for hard negatives...
>> Searching for hard negatives...
==> Epoch[1](7400/18387): Loss: 0.0152
Allocated: 504.94 MB
Cached:    20.24 GB
>> Searching for hard negatives...
==> Epoch[1](7450/18387): Loss: 0.0067
Allocated: 504.94 MB
Cached:    20.26 GB
>> Searching for hard negatives...
==> Epoch[1](7500/18387): Loss: 0.0057
Allocated: 504.94 MB
Cached:    20.25 GB
>> Searching for hard negatives...
==> Epoch[1](7550/18387): Loss: 0.0012
Allocated: 504.94 MB
Cached:    20.25 GB
>> Searching for hard negatives...
==> Epoch[1](7600/18387): Loss: 0.0012
Allocated: 504.94 MB
Cached:    20.24 GB
>> Searching for hard negatives...
>> Searching for hard negatives...
==> Epoch[1](7650/18387): Loss: 0.0047
Allocated: 504.94 MB
Cached:    20.24 GB
>> Searching for hard negatives...
==> Epoch[1](7700/18387): Loss: 0.0146
Allocated: 504.94 MB
Cached:    20.25 GB
>> Searching for hard negatives...
==> Epoch[1](7750/18387): Loss: 0.0002
Allocated: 504.94 MB
Cached:    20.24 GB
>> Searching for hard negatives...
==> Epoch[1](7800/18387): Loss: 0.0196
Allocated: 504.94 MB
Cached:    20.02 GB
>> Searching for hard negatives...
==> Epoch[1](7850/18387): Loss: 0.0120
Allocated: 504.94 MB
Cached:    20.26 GB
>> Searching for hard negatives...
>> Searching for hard negatives...
==> Epoch[1](7900/18387): Loss: 0.0166
Allocated: 504.94 MB
Cached:    20.13 GB
>> Searching for hard negatives...
==> Epoch[1](7950/18387): Loss: 0.0019
Allocated: 504.94 MB
Cached:    20.25 GB
>> Searching for hard negatives...
==> Epoch[1](8000/18387): Loss: 0.0106
Allocated: 504.94 MB
Cached:    20.24 GB
>> Searching for hard negatives...
==> Epoch[1](8050/18387): Loss: 0.0153
Allocated: 504.94 MB
Cached:    20.24 GB
>> Searching for hard negatives...
==> Epoch[1](8100/18387): Loss: 0.0107
Allocated: 504.94 MB
Cached:    20.25 GB
>> Searching for hard negatives...
>> Searching for hard negatives...
==> Epoch[1](8150/18387): Loss: 0.0068
Allocated: 504.94 MB
Cached:    20.26 GB
>> Searching for hard negatives...
==> Epoch[1](8200/18387): Loss: 0.0075
Allocated: 504.94 MB
Cached:    20.25 GB
>> Searching for hard negatives...
==> Epoch[1](8250/18387): Loss: 0.0058
Allocated: 504.94 MB
Cached:    20.26 GB
>> Searching for hard negatives...
==> Epoch[1](8300/18387): Loss: 0.0012
Allocated: 504.94 MB
Cached:    19.88 GB
>> Searching for hard negatives...
==> Epoch[1](8350/18387): Loss: 0.0270
Allocated: 504.94 MB
Cached:    20.24 GB
>> Searching for hard negatives...
==> Epoch[1](8400/18387): Loss: 0.0101
Allocated: 502.53 MB
Cached:    20.25 GB
>> Searching for hard negatives...
>> Searching for hard negatives...
==> Epoch[1](8450/18387): Loss: 0.0013
Allocated: 504.94 MB
Cached:    20.25 GB
>> Searching for hard negatives...
==> Epoch[1](8500/18387): Loss: 0.0141
Allocated: 504.94 MB
Cached:    20.24 GB
>> Searching for hard negatives...
==> Epoch[1](8550/18387): Loss: 0.0180
Allocated: 504.94 MB
Cached:    20.27 GB
>> Searching for hard negatives...
==> Epoch[1](8600/18387): Loss: 0.0166
Allocated: 504.94 MB
Cached:    20.25 GB
>> Searching for hard negatives...
==> Epoch[1](8650/18387): Loss: 0.0024
Allocated: 504.94 MB
Cached:    20.25 GB
>> Searching for hard negatives...
>> Searching for hard negatives...
==> Epoch[1](8700/18387): Loss: 0.0048
Allocated: 504.94 MB
Cached:    20.25 GB
>> Searching for hard negatives...
==> Epoch[1](8750/18387): Loss: 0.0110
Allocated: 504.94 MB
Cached:    20.25 GB
>> Searching for hard negatives...
==> Epoch[1](8800/18387): Loss: 0.0211
Allocated: 504.94 MB
Cached:    20.25 GB
>> Searching for hard negatives...
==> Epoch[1](8850/18387): Loss: 0.0042
Allocated: 504.94 MB
Cached:    20.26 GB
>> Searching for hard negatives...
==> Epoch[1](8900/18387): Loss: 0.0142
Allocated: 504.94 MB
Cached:    20.26 GB
>> Searching for hard negatives...
>> Searching for hard negatives...
==> Epoch[1](8950/18387): Loss: 0.0128
Allocated: 504.94 MB
Cached:    19.88 GB
>> Searching for hard negatives...
==> Epoch[1](9000/18387): Loss: 0.0057
Allocated: 504.94 MB
Cached:    20.27 GB
>> Searching for hard negatives...
==> Epoch[1](9050/18387): Loss: 0.0040
Allocated: 504.94 MB
Cached:    20.24 GB
>> Searching for hard negatives...
==> Epoch[1](9100/18387): Loss: 0.0219
Allocated: 504.94 MB
Cached:    20.24 GB
>> Searching for hard negatives...
==> Epoch[1](9150/18387): Loss: 0.0080
Allocated: 504.94 MB
Cached:    20.25 GB
>> Searching for hard negatives...
>> Searching for hard negatives...
==> Epoch[1](9200/18387): Loss: 0.0297
Allocated: 504.94 MB
Cached:    20.27 GB
>> Searching for hard negatives...
==> Epoch[1](9250/18387): Loss: 0.0048
Allocated: 504.94 MB
Cached:    20.25 GB
>> Searching for hard negatives...
==> Epoch[1](9300/18387): Loss: 0.0056
Allocated: 504.94 MB
Cached:    19.88 GB
>> Searching for hard negatives...
==> Epoch[1](9350/18387): Loss: 0.0018
Allocated: 504.94 MB
Cached:    20.27 GB
>> Searching for hard negatives...
==> Epoch[1](9400/18387): Loss: 0.0423
Allocated: 504.94 MB
Cached:    20.27 GB
>> Searching for hard negatives...
==> Epoch[1](9450/18387): Loss: 0.0247
Allocated: 502.31 MB
Cached:    20.24 GB
>> Searching for hard negatives...
>> Searching for hard negatives...
==> Epoch[1](9500/18387): Loss: 0.0105
Allocated: 504.94 MB
Cached:    20.25 GB
>> Searching for hard negatives...
==> Epoch[1](9550/18387): Loss: 0.0277
Allocated: 504.94 MB
Cached:    20.24 GB
>> Searching for hard negatives...
==> Epoch[1](9600/18387): Loss: 0.0125
Allocated: 504.94 MB
Cached:    20.26 GB
>> Searching for hard negatives...
==> Epoch[1](9650/18387): Loss: 0.0013
Allocated: 504.94 MB
Cached:    20.24 GB
>> Searching for hard negatives...
==> Epoch[1](9700/18387): Loss: 0.0168
Allocated: 504.94 MB
Cached:    20.24 GB
>> Searching for hard negatives...
>> Searching for hard negatives...
==> Epoch[1](9750/18387): Loss: 0.0055
Allocated: 504.94 MB
Cached:    20.25 GB
>> Searching for hard negatives...
==> Epoch[1](9800/18387): Loss: 0.0068
Allocated: 504.94 MB
Cached:    20.26 GB
>> Searching for hard negatives...
==> Epoch[1](9850/18387): Loss: 0.0009
Allocated: 504.94 MB
Cached:    20.26 GB
>> Searching for hard negatives...
==> Epoch[1](9900/18387): Loss: 0.0047
Allocated: 504.94 MB
Cached:    20.25 GB
>> Searching for hard negatives...
==> Epoch[1](9950/18387): Loss: 0.0230
Allocated: 504.94 MB
Cached:    20.25 GB
>> Searching for hard negatives...
>> Searching for hard negatives...
==> Epoch[1](10000/18387): Loss: 0.0131
Allocated: 504.94 MB
Cached:    20.23 GB
>> Searching for hard negatives...
==> Epoch[1](10050/18387): Loss: 0.0053
Allocated: 504.94 MB
Cached:    20.24 GB
>> Searching for hard negatives...
==> Epoch[1](10100/18387): Loss: 0.0154
Allocated: 504.94 MB
Cached:    20.24 GB
>> Searching for hard negatives...
==> Epoch[1](10150/18387): Loss: 0.0072
Allocated: 504.94 MB
Cached:    20.24 GB
>> Searching for hard negatives...
==> Epoch[1](10200/18387): Loss: 0.0193
Allocated: 504.94 MB
Cached:    20.24 GB
>> Searching for hard negatives...
>> Searching for hard negatives...
==> Epoch[1](10250/18387): Loss: 0.0038
Allocated: 504.94 MB
Cached:    20.27 GB
>> Searching for hard negatives...
==> Epoch[1](10300/18387): Loss: 0.0053
Allocated: 504.94 MB
Cached:    20.24 GB
>> Searching for hard negatives...
==> Epoch[1](10350/18387): Loss: 0.0182
Allocated: 504.94 MB
Cached:    20.26 GB
>> Searching for hard negatives...
==> Epoch[1](10400/18387): Loss: 0.0181
Allocated: 504.94 MB
Cached:    20.25 GB
>> Searching for hard negatives...
==> Epoch[1](10450/18387): Loss: 0.0117
Allocated: 504.94 MB
Cached:    20.25 GB
>> Searching for hard negatives...
==> Epoch[1](10500/18387): Loss: 0.0259
Allocated: 502.53 MB
Cached:    20.25 GB
>> Searching for hard negatives...
>> Searching for hard negatives...
==> Epoch[1](10550/18387): Loss: 0.0052
Allocated: 504.94 MB
Cached:    20.25 GB
>> Searching for hard negatives...
==> Epoch[1](10600/18387): Loss: 0.0051
Allocated: 504.94 MB
Cached:    20.13 GB
>> Searching for hard negatives...
==> Epoch[1](10650/18387): Loss: 0.0073
Allocated: 504.94 MB
Cached:    20.24 GB
>> Searching for hard negatives...
==> Epoch[1](10700/18387): Loss: 0.0021
Allocated: 504.94 MB
Cached:    20.24 GB
>> Searching for hard negatives...
==> Epoch[1](10750/18387): Loss: 0.0087
Allocated: 504.94 MB
Cached:    20.28 GB
>> Searching for hard negatives...
>> Searching for hard negatives...
==> Epoch[1](10800/18387): Loss: 0.0010
Allocated: 504.94 MB
Cached:    20.24 GB
>> Searching for hard negatives...
==> Epoch[1](10850/18387): Loss: 0.0037
Allocated: 504.94 MB
Cached:    20.26 GB
>> Searching for hard negatives...
==> Epoch[1](10900/18387): Loss: 0.0036
Allocated: 504.94 MB
Cached:    20.27 GB
>> Searching for hard negatives...
==> Epoch[1](10950/18387): Loss: 0.0066
Allocated: 504.94 MB
Cached:    20.26 GB
>> Searching for hard negatives...
==> Epoch[1](11000/18387): Loss: 0.0115
Allocated: 504.94 MB
Cached:    20.24 GB
>> Searching for hard negatives...
>> Searching for hard negatives...
==> Epoch[1](11050/18387): Loss: 0.0026
Allocated: 504.94 MB
Cached:    20.26 GB
>> Searching for hard negatives...
==> Epoch[1](11100/18387): Loss: 0.0005
Allocated: 504.94 MB
Cached:    20.25 GB
>> Searching for hard negatives...
==> Epoch[1](11150/18387): Loss: 0.0037
Allocated: 504.94 MB
Cached:    20.25 GB
>> Searching for hard negatives...
==> Epoch[1](11200/18387): Loss: 0.0010
Allocated: 504.94 MB
Cached:    20.25 GB
>> Searching for hard negatives...
==> Epoch[1](11250/18387): Loss: 0.0031
Allocated: 504.94 MB
Cached:    20.24 GB
>> Searching for hard negatives...
>> Searching for hard negatives...
==> Epoch[1](11300/18387): Loss: 0.0108
Allocated: 504.94 MB
Cached:    20.23 GB
>> Searching for hard negatives...
==> Epoch[1](11350/18387): Loss: 0.0007
Allocated: 504.94 MB
Cached:    20.24 GB
>> Searching for hard negatives...
==> Epoch[1](11400/18387): Loss: 0.0018
Allocated: 504.94 MB
Cached:    20.24 GB
>> Searching for hard negatives...
==> Epoch[1](11450/18387): Loss: 0.0044
Allocated: 504.94 MB
Cached:    20.24 GB
>> Searching for hard negatives...
==> Epoch[1](11500/18387): Loss: 0.0119
Allocated: 504.94 MB
Cached:    19.90 GB
>> Searching for hard negatives...
==> Epoch[1](11550/18387): Loss: 0.0000
Allocated: 502.09 MB
Cached:    20.25 GB
>> Searching for hard negatives...
>> Searching for hard negatives...
==> Epoch[1](11600/18387): Loss: 0.0059
Allocated: 504.94 MB
Cached:    20.27 GB
>> Searching for hard negatives...
==> Epoch[1](11650/18387): Loss: 0.0076
Allocated: 504.94 MB
Cached:    20.25 GB
>> Searching for hard negatives...
==> Epoch[1](11700/18387): Loss: 0.0059
Allocated: 504.94 MB
Cached:    20.25 GB
>> Searching for hard negatives...
==> Epoch[1](11750/18387): Loss: 0.0046
Allocated: 504.94 MB
Cached:    20.25 GB
>> Searching for hard negatives...
==> Epoch[1](11800/18387): Loss: 0.0103
Allocated: 504.94 MB
Cached:    20.24 GB
>> Searching for hard negatives...
>> Searching for hard negatives...
==> Epoch[1](11850/18387): Loss: 0.0011
Allocated: 504.94 MB
Cached:    20.27 GB
>> Searching for hard negatives...
==> Epoch[1](11900/18387): Loss: 0.0070
Allocated: 504.94 MB
Cached:    20.24 GB
>> Searching for hard negatives...
==> Epoch[1](11950/18387): Loss: 0.0032
Allocated: 504.94 MB
Cached:    20.26 GB
>> Searching for hard negatives...
==> Epoch[1](12000/18387): Loss: 0.0002
Allocated: 504.94 MB
Cached:    20.25 GB
>> Searching for hard negatives...
==> Epoch[1](12050/18387): Loss: 0.0146
Allocated: 504.94 MB
Cached:    20.24 GB
>> Searching for hard negatives...
>> Searching for hard negatives...
==> Epoch[1](12100/18387): Loss: 0.0031
Allocated: 504.94 MB
Cached:    20.24 GB
>> Searching for hard negatives...
==> Epoch[1](12150/18387): Loss: 0.0155
Allocated: 504.94 MB
Cached:    20.27 GB
>> Searching for hard negatives...
==> Epoch[1](12200/18387): Loss: 0.0009
Allocated: 504.94 MB
Cached:    20.24 GB
>> Searching for hard negatives...
==> Epoch[1](12250/18387): Loss: 0.0386
Allocated: 504.94 MB
Cached:    20.25 GB
>> Searching for hard negatives...
==> Epoch[1](12300/18387): Loss: 0.0051
Allocated: 504.94 MB
Cached:    20.25 GB
>> Searching for hard negatives...
