Tue Jun 11 08:30:23 EDT 2024
/home/m.maqboolbhutta/usman_ws/codes/patchnetvlad
/home/m.maqboolbhutta/.conda/envs/patchnetvlad/bin/python
Host: c0907a-s11
Other nodes: 
Starting  process(es) on each node...
==========Starting Training=============
Saving checkpoints at /home/m.maqboolbhutta/usman_ws/models/patchnetvlad/graphvlad-triplet-11-Jun
========================================
Namespace(cache_path='/home/m.maqboolbhutta/usman_ws/datasets/netvlad-official/', cluster_path='/home/m.maqboolbhutta/usman_ws/datasets/netvlad-official/centroids/vgg16_mapillary_16_desc_cen.hdf5', config_path='patchnetvlad/configs/train-slurm.ini', dataset_root_dir='/home/m.maqboolbhutta/usman_ws/datasets/mapillary_sls/', esp_encoder='/home/m.maqboolbhutta/usman_ws/datasets/netvlad-official/espnet-encoder/espnet_p_2_q_8.pth', identifier='mapillary_nopanos', loss='triplet', method='graphvlad', nEpochs=30, nocuda=False, resume_path='/home/m.maqboolbhutta/usman_ws/models/patchnetvlad/graphvlad-triplet-16-May-lr-0_001/May16_21-36-11_mapillary_nopanos/checkpoints/checkpoint_epoch10.pth.tar', save_every_epoch=True, save_path='/home/m.maqboolbhutta/usman_ws/models/patchnetvlad/graphvlad-triplet-11-Jun', start_epoch=0, threads=6, vd16_offtheshelf_path='/home/m.maqboolbhutta/usman_ws/datasets/netvlad-official/vd16_offtheshelf_conv5_3_max.pth')
===> Building model
=> loading checkpoint '/home/m.maqboolbhutta/usman_ws/models/patchnetvlad/graphvlad-triplet-16-May-lr-0_001/May16_21-36-11_mapillary_nopanos/checkpoints/checkpoint_epoch10.pth.tar'
===> Loading segmentation model
Encoder loaded!
Creating model graphvlad
=> loaded checkpoint '/home/m.maqboolbhutta/usman_ws/models/patchnetvlad/graphvlad-triplet-16-May-lr-0_001/May16_21-36-11_mapillary_nopanos/checkpoints/checkpoint_epoch10.pth.tar'
===> Loading dataset(s)
Exclude panoramas: True
=====> trondheim
=====> london
=====> boston
=====> melbourne
=====> amsterdam
=====> helsinki
=====> tokyo
=====> toronto
=====> saopaulo
=====> moscow
=====> zurich
=====> paris
=====> bangkok
=====> budapest
=====> austin
=====> berlin
=====> ottawa
=====> phoenix
=====> goa
=====> amman
=====> nairobi
=====> manila
#Sideways [21262/441280]; #Night; [4666/441280]
Forward and Day weighted with 1.0000
Forward and Night weighted with 95.5735
Sideways and Day weighted with 21.7544
Sideways and Night weighted with 116.3279
Exclude panoramas: True
=====> cph
=====> sf
===> Training query set: 441280
===> Evaluating on val set, query count: 740
===> Training model
>> Searching for hard negatives...
>> Searching for hard negatives...
>> Searching for hard negatives...
==> Epoch[11](50/8826): Loss: 0.0032
Allocated: 621.90 MB
Cached:    39.72 GB
>> Searching for hard negatives...
>> Searching for hard negatives...
==> Epoch[11](100/8826): Loss: 0.0040
Allocated: 616.97 MB
Cached:    41.44 GB
>> Searching for hard negatives...
>> Searching for hard negatives...
>> Searching for hard negatives...
==> Epoch[11](150/8826): Loss: 0.0002
Allocated: 621.90 MB
Cached:    41.44 GB
>> Searching for hard negatives...
>> Searching for hard negatives...
==> Epoch[11](200/8826): Loss: 0.0004
Allocated: 616.97 MB
Cached:    41.44 GB
>> Searching for hard negatives...
>> Searching for hard negatives...
>> Searching for hard negatives...
==> Epoch[11](250/8826): Loss: 0.0000
Allocated: 621.90 MB
Cached:    41.50 GB
>> Searching for hard negatives...
>> Searching for hard negatives...
==> Epoch[11](300/8826): Loss: 0.0014
Allocated: 616.97 MB
Cached:    41.51 GB
>> Searching for hard negatives...
>> Searching for hard negatives...
>> Searching for hard negatives...
==> Epoch[11](350/8826): Loss: 0.0020
Allocated: 621.90 MB
Cached:    38.91 GB
>> Searching for hard negatives...
>> Searching for hard negatives...
==> Epoch[11](400/8826): Loss: 0.0000
Allocated: 616.97 MB
Cached:    38.91 GB
>> Searching for hard negatives...
>> Searching for hard negatives...
>> Searching for hard negatives...
==> Epoch[11](450/8826): Loss: 0.0004
Allocated: 621.90 MB
Cached:    38.91 GB
>> Searching for hard negatives...
>> Searching for hard negatives...
==> Epoch[11](500/8826): Loss: 0.0000
Allocated: 616.97 MB
Cached:    38.91 GB
>> Searching for hard negatives...
>> Searching for hard negatives...
>> Searching for hard negatives...
==> Epoch[11](550/8826): Loss: 0.0073
Allocated: 621.90 MB
Cached:    38.91 GB
>> Searching for hard negatives...
>> Searching for hard negatives...
==> Epoch[11](600/8826): Loss: 0.0002
Allocated: 616.97 MB
Cached:    38.91 GB
>> Searching for hard negatives...
>> Searching for hard negatives...
>> Searching for hard negatives...
==> Epoch[11](650/8826): Loss: 0.0003
Allocated: 621.90 MB
Cached:    38.91 GB
>> Searching for hard negatives...
>> Searching for hard negatives...
==> Epoch[11](700/8826): Loss: 0.0008
Allocated: 616.97 MB
Cached:    38.91 GB
>> Searching for hard negatives...
>> Searching for hard negatives...
>> Searching for hard negatives...
==> Epoch[11](750/8826): Loss: 0.0000
Allocated: 621.90 MB
Cached:    38.91 GB
>> Searching for hard negatives...
>> Searching for hard negatives...
==> Epoch[11](800/8826): Loss: 0.0005
Allocated: 616.97 MB
Cached:    38.91 GB
>> Searching for hard negatives...
>> Searching for hard negatives...
>> Searching for hard negatives...
==> Epoch[11](850/8826): Loss: 0.0000
Allocated: 621.90 MB
Cached:    38.91 GB
>> Searching for hard negatives...
>> Searching for hard negatives...
==> Epoch[11](900/8826): Loss: 0.0000
Allocated: 616.97 MB
Cached:    38.91 GB
>> Searching for hard negatives...
>> Searching for hard negatives...
>> Searching for hard negatives...
==> Epoch[11](950/8826): Loss: 0.0008
Allocated: 621.90 MB
Cached:    38.91 GB
>> Searching for hard negatives...
>> Searching for hard negatives...
==> Epoch[11](1000/8826): Loss: 0.0004
Allocated: 616.97 MB
Cached:    38.91 GB
>> Searching for hard negatives...
>> Searching for hard negatives...
>> Searching for hard negatives...
==> Epoch[11](1050/8826): Loss: 0.0006
Allocated: 621.90 MB
Cached:    38.91 GB
>> Searching for hard negatives...
>> Searching for hard negatives...
==> Epoch[11](1100/8826): Loss: 0.0000
Allocated: 616.97 MB
Cached:    38.91 GB
>> Searching for hard negatives...
>> Searching for hard negatives...
>> Searching for hard negatives...
==> Epoch[11](1150/8826): Loss: 0.0002
Allocated: 621.90 MB
Cached:    38.91 GB
>> Searching for hard negatives...
>> Searching for hard negatives...
==> Epoch[11](1200/8826): Loss: 0.0000
Allocated: 616.97 MB
Cached:    38.91 GB
>> Searching for hard negatives...
>> Searching for hard negatives...
>> Searching for hard negatives...
==> Epoch[11](1250/8826): Loss: 0.0003
Allocated: 621.90 MB
Cached:    38.91 GB
>> Searching for hard negatives...
>> Searching for hard negatives...
==> Epoch[11](1300/8826): Loss: 0.0020
Allocated: 616.97 MB
Cached:    38.91 GB
>> Searching for hard negatives...
>> Searching for hard negatives...
>> Searching for hard negatives...
==> Epoch[11](1350/8826): Loss: 0.0022
Allocated: 621.90 MB
Cached:    38.91 GB
>> Searching for hard negatives...
>> Searching for hard negatives...
==> Epoch[11](1400/8826): Loss: 0.0000
Allocated: 616.97 MB
Cached:    38.91 GB
>> Searching for hard negatives...
>> Searching for hard negatives...
>> Searching for hard negatives...
==> Epoch[11](1450/8826): Loss: 0.0010
Allocated: 621.90 MB
Cached:    38.91 GB
>> Searching for hard negatives...
>> Searching for hard negatives...
==> Epoch[11](1500/8826): Loss: 0.0000
Allocated: 616.97 MB
Cached:    38.99 GB
>> Searching for hard negatives...
>> Searching for hard negatives...
>> Searching for hard negatives...
==> Epoch[11](1550/8826): Loss: 0.0000
Allocated: 621.90 MB
Cached:    38.91 GB
>> Searching for hard negatives...
>> Searching for hard negatives...
==> Epoch[11](1600/8826): Loss: 0.0003
Allocated: 616.97 MB
Cached:    38.91 GB
>> Searching for hard negatives...
>> Searching for hard negatives...
>> Searching for hard negatives...
==> Epoch[11](1650/8826): Loss: 0.0019
Allocated: 621.90 MB
Cached:    38.91 GB
>> Searching for hard negatives...
>> Searching for hard negatives...
==> Epoch[11](1700/8826): Loss: 0.0000
Allocated: 616.97 MB
Cached:    38.91 GB
>> Searching for hard negatives...
>> Searching for hard negatives...
>> Searching for hard negatives...
==> Epoch[11](1750/8826): Loss: 0.0002
Allocated: 621.90 MB
Cached:    38.91 GB
>> Searching for hard negatives...
>> Searching for hard negatives...
==> Epoch[11](1800/8826): Loss: 0.0009
Allocated: 616.97 MB
Cached:    38.91 GB
>> Searching for hard negatives...
>> Searching for hard negatives...
>> Searching for hard negatives...
==> Epoch[11](1850/8826): Loss: 0.0000
Allocated: 621.90 MB
Cached:    38.91 GB
>> Searching for hard negatives...
>> Searching for hard negatives...
==> Epoch[11](1900/8826): Loss: 0.0019
Allocated: 616.97 MB
Cached:    38.91 GB
>> Searching for hard negatives...
>> Searching for hard negatives...
>> Searching for hard negatives...
==> Epoch[11](1950/8826): Loss: 0.0000
Allocated: 621.90 MB
Cached:    38.91 GB
>> Searching for hard negatives...
>> Searching for hard negatives...
==> Epoch[11](2000/8826): Loss: 0.0005
Allocated: 616.97 MB
Cached:    38.91 GB
>> Searching for hard negatives...
>> Searching for hard negatives...
>> Searching for hard negatives...
==> Epoch[11](2050/8826): Loss: 0.0001
Allocated: 621.90 MB
Cached:    38.91 GB
>> Searching for hard negatives...
>> Searching for hard negatives...
==> Epoch[11](2100/8826): Loss: 0.0005
Allocated: 616.97 MB
Cached:    38.91 GB
>> Searching for hard negatives...
>> Searching for hard negatives...
>> Searching for hard negatives...
==> Epoch[11](2150/8826): Loss: 0.0008
Allocated: 621.90 MB
Cached:    38.91 GB
>> Searching for hard negatives...
>> Searching for hard negatives...
==> Epoch[11](2200/8826): Loss: 0.0010
Allocated: 616.97 MB
Cached:    38.91 GB
>> Searching for hard negatives...
>> Searching for hard negatives...
>> Searching for hard negatives...
==> Epoch[11](2250/8826): Loss: 0.0011
Allocated: 621.90 MB
Cached:    38.91 GB
>> Searching for hard negatives...
>> Searching for hard negatives...
==> Epoch[11](2300/8826): Loss: 0.0040
Allocated: 616.97 MB
Cached:    38.91 GB
>> Searching for hard negatives...
>> Searching for hard negatives...
>> Searching for hard negatives...
==> Epoch[11](2350/8826): Loss: 0.0004
Allocated: 621.90 MB
Cached:    38.91 GB
>> Searching for hard negatives...
>> Searching for hard negatives...
==> Epoch[11](2400/8826): Loss: 0.0018
Allocated: 616.97 MB
Cached:    38.91 GB
>> Searching for hard negatives...
>> Searching for hard negatives...
>> Searching for hard negatives...
==> Epoch[11](2450/8826): Loss: 0.0000
Allocated: 621.90 MB
Cached:    38.91 GB
>> Searching for hard negatives...
>> Searching for hard negatives...
==> Epoch[11](2500/8826): Loss: 0.0035
Allocated: 616.97 MB
Cached:    38.91 GB
>> Searching for hard negatives...
>> Searching for hard negatives...
>> Searching for hard negatives...
==> Epoch[11](2550/8826): Loss: 0.0008
Allocated: 621.90 MB
Cached:    38.91 GB
>> Searching for hard negatives...
>> Searching for hard negatives...
==> Epoch[11](2600/8826): Loss: 0.0015
Allocated: 616.97 MB
Cached:    38.91 GB
>> Searching for hard negatives...
>> Searching for hard negatives...
>> Searching for hard negatives...
==> Epoch[11](2650/8826): Loss: 0.0000
Allocated: 621.90 MB
Cached:    38.91 GB
>> Searching for hard negatives...
>> Searching for hard negatives...
==> Epoch[11](2700/8826): Loss: 0.0014
Allocated: 616.97 MB
Cached:    38.91 GB
>> Searching for hard negatives...
>> Searching for hard negatives...
>> Searching for hard negatives...
==> Epoch[11](2750/8826): Loss: 0.0007
Allocated: 621.90 MB
Cached:    38.91 GB
>> Searching for hard negatives...
>> Searching for hard negatives...
==> Epoch[11](2800/8826): Loss: 0.0000
Allocated: 616.97 MB
Cached:    38.91 GB
>> Searching for hard negatives...
>> Searching for hard negatives...
>> Searching for hard negatives...
==> Epoch[11](2850/8826): Loss: 0.0002
Allocated: 621.90 MB
Cached:    38.91 GB
>> Searching for hard negatives...
>> Searching for hard negatives...
==> Epoch[11](2900/8826): Loss: 0.0007
Allocated: 616.97 MB
Cached:    38.91 GB
>> Searching for hard negatives...
>> Searching for hard negatives...
>> Searching for hard negatives...
==> Epoch[11](2950/8826): Loss: 0.0005
Allocated: 621.90 MB
Cached:    38.91 GB
>> Searching for hard negatives...
>> Searching for hard negatives...
==> Epoch[11](3000/8826): Loss: 0.0026
Allocated: 616.97 MB
Cached:    38.91 GB
>> Searching for hard negatives...
>> Searching for hard negatives...
>> Searching for hard negatives...
==> Epoch[11](3050/8826): Loss: 0.0005
Allocated: 621.90 MB
Cached:    38.91 GB
>> Searching for hard negatives...
>> Searching for hard negatives...
==> Epoch[11](3100/8826): Loss: 0.0000
Allocated: 616.97 MB
Cached:    38.91 GB
>> Searching for hard negatives...
>> Searching for hard negatives...
>> Searching for hard negatives...
==> Epoch[11](3150/8826): Loss: 0.0000
Allocated: 621.90 MB
Cached:    38.91 GB
>> Searching for hard negatives...
>> Searching for hard negatives...
==> Epoch[11](3200/8826): Loss: 0.0012
Allocated: 616.97 MB
Cached:    38.91 GB
>> Searching for hard negatives...
>> Searching for hard negatives...
>> Searching for hard negatives...
==> Epoch[11](3250/8826): Loss: 0.0000
Allocated: 621.90 MB
Cached:    38.91 GB
>> Searching for hard negatives...
>> Searching for hard negatives...
==> Epoch[11](3300/8826): Loss: 0.0014
Allocated: 612.04 MB
Cached:    38.91 GB
>> Searching for hard negatives...
>> Searching for hard negatives...
>> Searching for hard negatives...
==> Epoch[11](3350/8826): Loss: 0.0000
Allocated: 621.90 MB
Cached:    38.99 GB
>> Searching for hard negatives...
>> Searching for hard negatives...
==> Epoch[11](3400/8826): Loss: 0.0006
Allocated: 612.04 MB
Cached:    38.99 GB
>> Searching for hard negatives...
>> Searching for hard negatives...
>> Searching for hard negatives...
==> Epoch[11](3450/8826): Loss: 0.0066
Allocated: 621.90 MB
Cached:    38.99 GB
>> Searching for hard negatives...
>> Searching for hard negatives...
==> Epoch[11](3500/8826): Loss: 0.0000
Allocated: 612.04 MB
Cached:    38.99 GB
>> Searching for hard negatives...
>> Searching for hard negatives...
>> Searching for hard negatives...
==> Epoch[11](3550/8826): Loss: 0.0019
Allocated: 621.90 MB
Cached:    38.99 GB
>> Searching for hard negatives...
>> Searching for hard negatives...
==> Epoch[11](3600/8826): Loss: 0.0000
Allocated: 612.04 MB
Cached:    38.99 GB
>> Searching for hard negatives...
>> Searching for hard negatives...
>> Searching for hard negatives...
==> Epoch[11](3650/8826): Loss: 0.0020
Allocated: 621.90 MB
Cached:    38.99 GB
>> Searching for hard negatives...
>> Searching for hard negatives...
==> Epoch[11](3700/8826): Loss: 0.0000
Allocated: 612.04 MB
Cached:    38.99 GB
>> Searching for hard negatives...
>> Searching for hard negatives...
>> Searching for hard negatives...
==> Epoch[11](3750/8826): Loss: 0.0004
Allocated: 621.90 MB
Cached:    38.99 GB
>> Searching for hard negatives...
>> Searching for hard negatives...
==> Epoch[11](3800/8826): Loss: 0.0002
Allocated: 612.04 MB
Cached:    38.99 GB
>> Searching for hard negatives...
>> Searching for hard negatives...
>> Searching for hard negatives...
==> Epoch[11](3850/8826): Loss: 0.0005
Allocated: 621.90 MB
Cached:    38.99 GB
>> Searching for hard negatives...
>> Searching for hard negatives...
==> Epoch[11](3900/8826): Loss: 0.0033
Allocated: 612.04 MB
Cached:    38.99 GB
>> Searching for hard negatives...
>> Searching for hard negatives...
>> Searching for hard negatives...
==> Epoch[11](3950/8826): Loss: 0.0000
Allocated: 621.90 MB
Cached:    38.99 GB
>> Searching for hard negatives...
>> Searching for hard negatives...
==> Epoch[11](4000/8826): Loss: 0.0000
Allocated: 612.04 MB
Cached:    38.99 GB
>> Searching for hard negatives...
>> Searching for hard negatives...
>> Searching for hard negatives...
==> Epoch[11](4050/8826): Loss: 0.0000
Allocated: 621.90 MB
Cached:    38.99 GB
>> Searching for hard negatives...
>> Searching for hard negatives...
==> Epoch[11](4100/8826): Loss: 0.0008
Allocated: 612.04 MB
Cached:    38.99 GB
>> Searching for hard negatives...
>> Searching for hard negatives...
>> Searching for hard negatives...
==> Epoch[11](4150/8826): Loss: 0.0012
Allocated: 621.90 MB
Cached:    38.99 GB
>> Searching for hard negatives...
>> Searching for hard negatives...
==> Epoch[11](4200/8826): Loss: 0.0012
Allocated: 612.04 MB
Cached:    38.99 GB
>> Searching for hard negatives...
>> Searching for hard negatives...
>> Searching for hard negatives...
==> Epoch[11](4250/8826): Loss: 0.0000
Allocated: 621.90 MB
Cached:    38.99 GB
>> Searching for hard negatives...
>> Searching for hard negatives...
==> Epoch[11](4300/8826): Loss: 0.0001
Allocated: 612.04 MB
Cached:    38.99 GB
>> Searching for hard negatives...
>> Searching for hard negatives...
>> Searching for hard negatives...
==> Epoch[11](4350/8826): Loss: 0.0000
Allocated: 621.90 MB
Cached:    38.99 GB
>> Searching for hard negatives...
>> Searching for hard negatives...
==> Epoch[11](4400/8826): Loss: 0.0000
Allocated: 612.04 MB
Cached:    38.99 GB
>> Searching for hard negatives...
>> Searching for hard negatives...
>> Searching for hard negatives...
==> Epoch[11](4450/8826): Loss: 0.0000
Allocated: 621.90 MB
Cached:    38.99 GB
>> Searching for hard negatives...
>> Searching for hard negatives...
==> Epoch[11](4500/8826): Loss: 0.0010
Allocated: 612.04 MB
Cached:    38.99 GB
>> Searching for hard negatives...
>> Searching for hard negatives...
>> Searching for hard negatives...
==> Epoch[11](4550/8826): Loss: 0.0003
Allocated: 621.90 MB
Cached:    38.99 GB
>> Searching for hard negatives...
>> Searching for hard negatives...
==> Epoch[11](4600/8826): Loss: 0.0046
Allocated: 612.04 MB
Cached:    38.99 GB
>> Searching for hard negatives...
>> Searching for hard negatives...
>> Searching for hard negatives...
==> Epoch[11](4650/8826): Loss: 0.0000
Allocated: 621.90 MB
Cached:    38.99 GB
>> Searching for hard negatives...
>> Searching for hard negatives...
==> Epoch[11](4700/8826): Loss: 0.0000
Allocated: 612.04 MB
Cached:    38.99 GB
>> Searching for hard negatives...
>> Searching for hard negatives...
>> Searching for hard negatives...
==> Epoch[11](4750/8826): Loss: 0.0009
Allocated: 621.90 MB
Cached:    38.99 GB
>> Searching for hard negatives...
>> Searching for hard negatives...
==> Epoch[11](4800/8826): Loss: 0.0007
Allocated: 612.04 MB
Cached:    38.99 GB
>> Searching for hard negatives...
>> Searching for hard negatives...
>> Searching for hard negatives...
==> Epoch[11](4850/8826): Loss: 0.0013
Allocated: 621.90 MB
Cached:    38.99 GB
>> Searching for hard negatives...
>> Searching for hard negatives...
==> Epoch[11](4900/8826): Loss: 0.0003
Allocated: 612.04 MB
Cached:    38.99 GB
>> Searching for hard negatives...
>> Searching for hard negatives...
>> Searching for hard negatives...
==> Epoch[11](4950/8826): Loss: 0.0004
Allocated: 621.90 MB
Cached:    38.99 GB
>> Searching for hard negatives...
>> Searching for hard negatives...
==> Epoch[11](5000/8826): Loss: 0.0003
Allocated: 612.04 MB
Cached:    38.99 GB
>> Searching for hard negatives...
>> Searching for hard negatives...
>> Searching for hard negatives...
==> Epoch[11](5050/8826): Loss: 0.0010
Allocated: 621.90 MB
Cached:    38.99 GB
>> Searching for hard negatives...
>> Searching for hard negatives...
==> Epoch[11](5100/8826): Loss: 0.0000
Allocated: 612.04 MB
Cached:    38.99 GB
>> Searching for hard negatives...
>> Searching for hard negatives...
>> Searching for hard negatives...
==> Epoch[11](5150/8826): Loss: 0.0001
Allocated: 621.90 MB
Cached:    38.99 GB
>> Searching for hard negatives...
>> Searching for hard negatives...
==> Epoch[11](5200/8826): Loss: 0.0000
Allocated: 612.04 MB
Cached:    38.99 GB
>> Searching for hard negatives...
>> Searching for hard negatives...
>> Searching for hard negatives...
==> Epoch[11](5250/8826): Loss: 0.0006
Allocated: 621.90 MB
Cached:    38.99 GB
>> Searching for hard negatives...
>> Searching for hard negatives...
==> Epoch[11](5300/8826): Loss: 0.0000
Allocated: 612.04 MB
Cached:    38.99 GB
>> Searching for hard negatives...
>> Searching for hard negatives...
>> Searching for hard negatives...
==> Epoch[11](5350/8826): Loss: 0.0003
Allocated: 621.90 MB
Cached:    38.99 GB
>> Searching for hard negatives...
>> Searching for hard negatives...
==> Epoch[11](5400/8826): Loss: 0.0001
Allocated: 612.04 MB
Cached:    38.99 GB
>> Searching for hard negatives...
>> Searching for hard negatives...
>> Searching for hard negatives...
==> Epoch[11](5450/8826): Loss: 0.0001
Allocated: 621.90 MB
Cached:    38.99 GB
>> Searching for hard negatives...
>> Searching for hard negatives...
==> Epoch[11](5500/8826): Loss: 0.0001
Allocated: 612.04 MB
Cached:    38.99 GB
>> Searching for hard negatives...
>> Searching for hard negatives...
>> Searching for hard negatives...
==> Epoch[11](5550/8826): Loss: 0.0000
Allocated: 621.90 MB
Cached:    38.99 GB
>> Searching for hard negatives...
>> Searching for hard negatives...
==> Epoch[11](5600/8826): Loss: 0.0027
Allocated: 612.04 MB
Cached:    38.99 GB
>> Searching for hard negatives...
>> Searching for hard negatives...
>> Searching for hard negatives...
==> Epoch[11](5650/8826): Loss: 0.0001
Allocated: 621.90 MB
Cached:    38.99 GB
>> Searching for hard negatives...
>> Searching for hard negatives...
==> Epoch[11](5700/8826): Loss: 0.0007
Allocated: 612.04 MB
Cached:    38.99 GB
>> Searching for hard negatives...
>> Searching for hard negatives...
>> Searching for hard negatives...
==> Epoch[11](5750/8826): Loss: 0.0001
Allocated: 621.90 MB
Cached:    38.99 GB
>> Searching for hard negatives...
>> Searching for hard negatives...
==> Epoch[11](5800/8826): Loss: 0.0000
Allocated: 612.04 MB
Cached:    38.99 GB
>> Searching for hard negatives...
>> Searching for hard negatives...
>> Searching for hard negatives...
==> Epoch[11](5850/8826): Loss: 0.0009
Allocated: 621.90 MB
Cached:    38.99 GB
>> Searching for hard negatives...
>> Searching for hard negatives...
==> Epoch[11](5900/8826): Loss: 0.0017
Allocated: 612.04 MB
Cached:    38.99 GB
>> Searching for hard negatives...
>> Searching for hard negatives...
>> Searching for hard negatives...
==> Epoch[11](5950/8826): Loss: 0.0024
Allocated: 621.90 MB
Cached:    38.99 GB
>> Searching for hard negatives...
>> Searching for hard negatives...
==> Epoch[11](6000/8826): Loss: 0.0002
Allocated: 612.04 MB
Cached:    38.99 GB
>> Searching for hard negatives...
>> Searching for hard negatives...
>> Searching for hard negatives...
==> Epoch[11](6050/8826): Loss: 0.0003
Allocated: 621.90 MB
Cached:    38.99 GB
>> Searching for hard negatives...
>> Searching for hard negatives...
==> Epoch[11](6100/8826): Loss: 0.0005
Allocated: 612.04 MB
Cached:    38.99 GB
>> Searching for hard negatives...
>> Searching for hard negatives...
>> Searching for hard negatives...
==> Epoch[11](6150/8826): Loss: 0.0011
Allocated: 621.90 MB
Cached:    38.99 GB
>> Searching for hard negatives...
>> Searching for hard negatives...
==> Epoch[11](6200/8826): Loss: 0.0036
Allocated: 612.04 MB
Cached:    38.99 GB
>> Searching for hard negatives...
>> Searching for hard negatives...
>> Searching for hard negatives...
==> Epoch[11](6250/8826): Loss: 0.0005
Allocated: 621.90 MB
Cached:    38.99 GB
>> Searching for hard negatives...
>> Searching for hard negatives...
==> Epoch[11](6300/8826): Loss: 0.0020
Allocated: 612.04 MB
Cached:    38.99 GB
>> Searching for hard negatives...
>> Searching for hard negatives...
>> Searching for hard negatives...
==> Epoch[11](6350/8826): Loss: 0.0018
Allocated: 621.90 MB
Cached:    38.99 GB
>> Searching for hard negatives...
>> Searching for hard negatives...
==> Epoch[11](6400/8826): Loss: 0.0005
Allocated: 612.04 MB
Cached:    38.99 GB
>> Searching for hard negatives...
>> Searching for hard negatives...
>> Searching for hard negatives...
==> Epoch[11](6450/8826): Loss: 0.0002
Allocated: 621.90 MB
Cached:    38.99 GB
>> Searching for hard negatives...
>> Searching for hard negatives...
==> Epoch[11](6500/8826): Loss: 0.0015
Allocated: 612.04 MB
Cached:    38.99 GB
>> Searching for hard negatives...
>> Searching for hard negatives...
>> Searching for hard negatives...
==> Epoch[11](6550/8826): Loss: 0.0000
Allocated: 621.90 MB
Cached:    38.99 GB
>> Searching for hard negatives...
>> Searching for hard negatives...
==> Epoch[11](6600/8826): Loss: 0.0005
Allocated: 612.04 MB
Cached:    38.99 GB
>> Searching for hard negatives...
>> Searching for hard negatives...
>> Searching for hard negatives...
==> Epoch[11](6650/8826): Loss: 0.0005
Allocated: 621.90 MB
Cached:    38.99 GB
>> Searching for hard negatives...
>> Searching for hard negatives...
==> Epoch[11](6700/8826): Loss: 0.0011
Allocated: 612.04 MB
Cached:    38.99 GB
>> Searching for hard negatives...
>> Searching for hard negatives...
>> Searching for hard negatives...
==> Epoch[11](6750/8826): Loss: 0.0009
Allocated: 621.90 MB
Cached:    38.99 GB
>> Searching for hard negatives...
>> Searching for hard negatives...
==> Epoch[11](6800/8826): Loss: 0.0006
Allocated: 612.04 MB
Cached:    38.99 GB
>> Searching for hard negatives...
>> Searching for hard negatives...
>> Searching for hard negatives...
==> Epoch[11](6850/8826): Loss: 0.0006
Allocated: 621.90 MB
Cached:    38.99 GB
>> Searching for hard negatives...
>> Searching for hard negatives...
==> Epoch[11](6900/8826): Loss: 0.0005
Allocated: 612.04 MB
Cached:    38.99 GB
>> Searching for hard negatives...
>> Searching for hard negatives...
>> Searching for hard negatives...
==> Epoch[11](6950/8826): Loss: 0.0012
Allocated: 621.90 MB
Cached:    38.99 GB
>> Searching for hard negatives...
>> Searching for hard negatives...
==> Epoch[11](7000/8826): Loss: 0.0006
Allocated: 612.04 MB
Cached:    38.99 GB
>> Searching for hard negatives...
>> Searching for hard negatives...
>> Searching for hard negatives...
==> Epoch[11](7050/8826): Loss: 0.0002
Allocated: 621.90 MB
Cached:    38.99 GB
>> Searching for hard negatives...
>> Searching for hard negatives...
==> Epoch[11](7100/8826): Loss: 0.0000
Allocated: 612.04 MB
Cached:    38.99 GB
>> Searching for hard negatives...
>> Searching for hard negatives...
>> Searching for hard negatives...
==> Epoch[11](7150/8826): Loss: 0.0000
Allocated: 621.90 MB
Cached:    38.99 GB
>> Searching for hard negatives...
>> Searching for hard negatives...
==> Epoch[11](7200/8826): Loss: 0.0000
Allocated: 612.04 MB
Cached:    38.99 GB
>> Searching for hard negatives...
>> Searching for hard negatives...
>> Searching for hard negatives...
==> Epoch[11](7250/8826): Loss: 0.0000
Allocated: 621.90 MB
Cached:    38.99 GB
>> Searching for hard negatives...
>> Searching for hard negatives...
==> Epoch[11](7300/8826): Loss: 0.0002
Allocated: 612.04 MB
Cached:    38.99 GB
>> Searching for hard negatives...
>> Searching for hard negatives...
>> Searching for hard negatives...
==> Epoch[11](7350/8826): Loss: 0.0013
Allocated: 621.90 MB
Cached:    38.99 GB
>> Searching for hard negatives...
>> Searching for hard negatives...
==> Epoch[11](7400/8826): Loss: 0.0016
Allocated: 612.04 MB
Cached:    38.99 GB
>> Searching for hard negatives...
>> Searching for hard negatives...
>> Searching for hard negatives...
==> Epoch[11](7450/8826): Loss: 0.0010
Allocated: 621.90 MB
Cached:    38.99 GB
>> Searching for hard negatives...
>> Searching for hard negatives...
==> Epoch[11](7500/8826): Loss: 0.0013
Allocated: 612.04 MB
Cached:    38.99 GB
>> Searching for hard negatives...
>> Searching for hard negatives...
>> Searching for hard negatives...
==> Epoch[11](7550/8826): Loss: 0.0006
Allocated: 621.90 MB
Cached:    38.99 GB
>> Searching for hard negatives...
>> Searching for hard negatives...
==> Epoch[11](7600/8826): Loss: 0.0013
Allocated: 612.04 MB
Cached:    38.99 GB
>> Searching for hard negatives...
>> Searching for hard negatives...
>> Searching for hard negatives...
==> Epoch[11](7650/8826): Loss: 0.0000
Allocated: 621.90 MB
Cached:    38.99 GB
>> Searching for hard negatives...
>> Searching for hard negatives...
==> Epoch[11](7700/8826): Loss: 0.0000
Allocated: 612.04 MB
Cached:    38.99 GB
>> Searching for hard negatives...
>> Searching for hard negatives...
>> Searching for hard negatives...
==> Epoch[11](7750/8826): Loss: 0.0008
Allocated: 621.90 MB
Cached:    38.99 GB
>> Searching for hard negatives...
>> Searching for hard negatives...
==> Epoch[11](7800/8826): Loss: 0.0000
Allocated: 612.04 MB
Cached:    38.99 GB
>> Searching for hard negatives...
>> Searching for hard negatives...
>> Searching for hard negatives...
==> Epoch[11](7850/8826): Loss: 0.0003
Allocated: 621.90 MB
Cached:    38.99 GB
>> Searching for hard negatives...
>> Searching for hard negatives...
==> Epoch[11](7900/8826): Loss: 0.0000
Allocated: 612.04 MB
Cached:    38.99 GB
>> Searching for hard negatives...
>> Searching for hard negatives...
>> Searching for hard negatives...
==> Epoch[11](7950/8826): Loss: 0.0001
Allocated: 621.90 MB
Cached:    38.99 GB
>> Searching for hard negatives...
>> Searching for hard negatives...
==> Epoch[11](8000/8826): Loss: 0.0004
Allocated: 612.04 MB
Cached:    38.99 GB
>> Searching for hard negatives...
>> Searching for hard negatives...
>> Searching for hard negatives...
==> Epoch[11](8050/8826): Loss: 0.0000
Allocated: 621.90 MB
Cached:    38.99 GB
>> Searching for hard negatives...
>> Searching for hard negatives...
==> Epoch[11](8100/8826): Loss: 0.0006
Allocated: 612.04 MB
Cached:    38.99 GB
>> Searching for hard negatives...
>> Searching for hard negatives...
>> Searching for hard negatives...
==> Epoch[11](8150/8826): Loss: 0.0011
Allocated: 621.90 MB
Cached:    38.99 GB
>> Searching for hard negatives...
>> Searching for hard negatives...
==> Epoch[11](8200/8826): Loss: 0.0003
Allocated: 612.04 MB
Cached:    38.99 GB
>> Searching for hard negatives...
>> Searching for hard negatives...
>> Searching for hard negatives...
==> Epoch[11](8250/8826): Loss: 0.0000
Allocated: 621.90 MB
Cached:    38.99 GB
>> Searching for hard negatives...
>> Searching for hard negatives...
==> Epoch[11](8300/8826): Loss: 0.0021
Allocated: 612.04 MB
Cached:    38.99 GB
>> Searching for hard negatives...
>> Searching for hard negatives...
>> Searching for hard negatives...
==> Epoch[11](8350/8826): Loss: 0.0016
Allocated: 621.90 MB
Cached:    38.99 GB
>> Searching for hard negatives...
>> Searching for hard negatives...
==> Epoch[11](8400/8826): Loss: 0.0007
Allocated: 612.04 MB
Cached:    38.99 GB
>> Searching for hard negatives...
>> Searching for hard negatives...
>> Searching for hard negatives...
==> Epoch[11](8450/8826): Loss: 0.0023
Allocated: 621.90 MB
Cached:    38.99 GB
>> Searching for hard negatives...
>> Searching for hard negatives...
==> Epoch[11](8500/8826): Loss: 0.0004
Allocated: 612.04 MB
Cached:    38.99 GB
>> Searching for hard negatives...
>> Searching for hard negatives...
>> Searching for hard negatives...
==> Epoch[11](8550/8826): Loss: 0.0000
Allocated: 621.90 MB
Cached:    38.99 GB
>> Searching for hard negatives...
>> Searching for hard negatives...
==> Epoch[11](8600/8826): Loss: 0.0021
Allocated: 612.04 MB
Cached:    38.99 GB
>> Searching for hard negatives...
>> Searching for hard negatives...
>> Searching for hard negatives...
==> Epoch[11](8650/8826): Loss: 0.0005
Allocated: 621.90 MB
Cached:    38.99 GB
>> Searching for hard negatives...
>> Searching for hard negatives...
==> Epoch[11](8700/8826): Loss: 0.0016
Allocated: 612.04 MB
Cached:    38.99 GB
>> Searching for hard negatives...
>> Searching for hard negatives...
>> Searching for hard negatives...
==> Epoch[11](8750/8826): Loss: 0.0001
Allocated: 621.90 MB
Cached:    38.99 GB
>> Searching for hard negatives...
>> Searching for hard negatives...
==> Epoch[11](8800/8826): Loss: 0.0000
Allocated: 612.04 MB
Cached:    38.99 GB
>> Searching for hard negatives...
>> Searching for hard negatives...
===> Epoch 11 Complete: Avg. Loss: 0.0008
====> Extracting Features
====> Building faiss index
====> Calculating recall @ N
====> Recall@1: 0.5473
====> Recall@5: 0.7230
====> Recall@10: 0.7635
====> Recall@20: 0.8176
====> Recall@50: 0.8770
====> Recall@100: 0.9054
>> Searching for hard negatives...
>> Searching for hard negatives...
>> Searching for hard negatives...
==> Epoch[12](50/8826): Loss: 0.0000
Allocated: 621.90 MB
Cached:    39.48 GB
>> Searching for hard negatives...
>> Searching for hard negatives...
==> Epoch[12](100/8826): Loss: 0.0044
Allocated: 616.97 MB
Cached:    39.72 GB
>> Searching for hard negatives...
>> Searching for hard negatives...
>> Searching for hard negatives...
==> Epoch[12](150/8826): Loss: 0.0006
Allocated: 621.90 MB
Cached:    38.91 GB
>> Searching for hard negatives...
>> Searching for hard negatives...
==> Epoch[12](200/8826): Loss: 0.0000
Allocated: 616.97 MB
Cached:    38.91 GB
>> Searching for hard negatives...
>> Searching for hard negatives...
>> Searching for hard negatives...
==> Epoch[12](250/8826): Loss: 0.0001
Allocated: 621.90 MB
Cached:    38.91 GB
>> Searching for hard negatives...
>> Searching for hard negatives...
==> Epoch[12](300/8826): Loss: 0.0002
Allocated: 616.97 MB
Cached:    38.91 GB
>> Searching for hard negatives...
>> Searching for hard negatives...
>> Searching for hard negatives...
==> Epoch[12](350/8826): Loss: 0.0016
Allocated: 621.90 MB
Cached:    38.91 GB
>> Searching for hard negatives...
>> Searching for hard negatives...
==> Epoch[12](400/8826): Loss: 0.0007
Allocated: 616.97 MB
Cached:    38.91 GB
>> Searching for hard negatives...
>> Searching for hard negatives...
>> Searching for hard negatives...
==> Epoch[12](450/8826): Loss: 0.0013
Allocated: 621.90 MB
Cached:    38.91 GB
>> Searching for hard negatives...
>> Searching for hard negatives...
==> Epoch[12](500/8826): Loss: 0.0014
Allocated: 616.97 MB
Cached:    38.91 GB
>> Searching for hard negatives...
>> Searching for hard negatives...
>> Searching for hard negatives...
==> Epoch[12](550/8826): Loss: 0.0006
Allocated: 621.90 MB
Cached:    38.91 GB
>> Searching for hard negatives...
>> Searching for hard negatives...
==> Epoch[12](600/8826): Loss: 0.0000
Allocated: 616.97 MB
Cached:    38.91 GB
>> Searching for hard negatives...
>> Searching for hard negatives...
>> Searching for hard negatives...
==> Epoch[12](650/8826): Loss: 0.0002
Allocated: 621.90 MB
Cached:    38.91 GB
>> Searching for hard negatives...
>> Searching for hard negatives...
==> Epoch[12](700/8826): Loss: 0.0000
Allocated: 616.97 MB
Cached:    38.91 GB
>> Searching for hard negatives...
>> Searching for hard negatives...
>> Searching for hard negatives...
==> Epoch[12](750/8826): Loss: 0.0000
Allocated: 621.90 MB
Cached:    38.91 GB
>> Searching for hard negatives...
>> Searching for hard negatives...
==> Epoch[12](800/8826): Loss: 0.0000
Allocated: 616.97 MB
Cached:    38.91 GB
>> Searching for hard negatives...
>> Searching for hard negatives...
>> Searching for hard negatives...
==> Epoch[12](850/8826): Loss: 0.0000
Allocated: 621.90 MB
Cached:    38.91 GB
>> Searching for hard negatives...
>> Searching for hard negatives...
==> Epoch[12](900/8826): Loss: 0.0000
Allocated: 616.97 MB
Cached:    38.99 GB
>> Searching for hard negatives...
>> Searching for hard negatives...
>> Searching for hard negatives...
==> Epoch[12](950/8826): Loss: 0.0001
Allocated: 621.90 MB
Cached:    38.91 GB
>> Searching for hard negatives...
>> Searching for hard negatives...
==> Epoch[12](1000/8826): Loss: 0.0004
Allocated: 616.97 MB
Cached:    38.91 GB
>> Searching for hard negatives...
>> Searching for hard negatives...
>> Searching for hard negatives...
==> Epoch[12](1050/8826): Loss: 0.0000
Allocated: 621.90 MB
Cached:    38.91 GB
>> Searching for hard negatives...
>> Searching for hard negatives...
==> Epoch[12](1100/8826): Loss: 0.0000
Allocated: 616.97 MB
Cached:    38.91 GB
>> Searching for hard negatives...
>> Searching for hard negatives...
>> Searching for hard negatives...
==> Epoch[12](1150/8826): Loss: 0.0012
Allocated: 621.90 MB
Cached:    38.91 GB
>> Searching for hard negatives...
>> Searching for hard negatives...
==> Epoch[12](1200/8826): Loss: 0.0003
Allocated: 616.97 MB
Cached:    38.91 GB
>> Searching for hard negatives...
>> Searching for hard negatives...
>> Searching for hard negatives...
==> Epoch[12](1250/8826): Loss: 0.0000
Allocated: 621.90 MB
Cached:    38.91 GB
>> Searching for hard negatives...
>> Searching for hard negatives...
==> Epoch[12](1300/8826): Loss: 0.0004
Allocated: 616.97 MB
Cached:    38.91 GB
>> Searching for hard negatives...
>> Searching for hard negatives...
>> Searching for hard negatives...
==> Epoch[12](1350/8826): Loss: 0.0009
Allocated: 621.90 MB
Cached:    38.91 GB
>> Searching for hard negatives...
>> Searching for hard negatives...
==> Epoch[12](1400/8826): Loss: 0.0005
Allocated: 616.97 MB
Cached:    38.99 GB
>> Searching for hard negatives...
>> Searching for hard negatives...
>> Searching for hard negatives...
==> Epoch[12](1450/8826): Loss: 0.0002
Allocated: 621.90 MB
Cached:    38.91 GB
>> Searching for hard negatives...
>> Searching for hard negatives...
==> Epoch[12](1500/8826): Loss: 0.0007
Allocated: 616.97 MB
Cached:    38.91 GB
>> Searching for hard negatives...
>> Searching for hard negatives...
>> Searching for hard negatives...
==> Epoch[12](1550/8826): Loss: 0.0016
Allocated: 621.90 MB
Cached:    38.91 GB
>> Searching for hard negatives...
>> Searching for hard negatives...
==> Epoch[12](1600/8826): Loss: 0.0016
Allocated: 616.97 MB
Cached:    38.91 GB
>> Searching for hard negatives...
>> Searching for hard negatives...
>> Searching for hard negatives...
==> Epoch[12](1650/8826): Loss: 0.0012
Allocated: 621.90 MB
Cached:    38.91 GB
>> Searching for hard negatives...
>> Searching for hard negatives...
==> Epoch[12](1700/8826): Loss: 0.0009
Allocated: 612.04 MB
Cached:    38.91 GB
>> Searching for hard negatives...
>> Searching for hard negatives...
>> Searching for hard negatives...
==> Epoch[12](1750/8826): Loss: 0.0022
Allocated: 621.90 MB
Cached:    38.91 GB
>> Searching for hard negatives...
>> Searching for hard negatives...
==> Epoch[12](1800/8826): Loss: 0.0003
Allocated: 616.97 MB
Cached:    38.91 GB
>> Searching for hard negatives...
>> Searching for hard negatives...
>> Searching for hard negatives...
==> Epoch[12](1850/8826): Loss: 0.0000
Allocated: 621.90 MB
Cached:    38.91 GB
>> Searching for hard negatives...
>> Searching for hard negatives...
==> Epoch[12](1900/8826): Loss: 0.0002
Allocated: 616.97 MB
Cached:    38.91 GB
>> Searching for hard negatives...
>> Searching for hard negatives...
>> Searching for hard negatives...
==> Epoch[12](1950/8826): Loss: 0.0035
Allocated: 621.90 MB
Cached:    38.91 GB
>> Searching for hard negatives...
>> Searching for hard negatives...
==> Epoch[12](2000/8826): Loss: 0.0000
Allocated: 616.97 MB
Cached:    38.91 GB
>> Searching for hard negatives...
>> Searching for hard negatives...
>> Searching for hard negatives...
==> Epoch[12](2050/8826): Loss: 0.0012
Allocated: 621.90 MB
Cached:    38.91 GB
>> Searching for hard negatives...
>> Searching for hard negatives...
==> Epoch[12](2100/8826): Loss: 0.0005
Allocated: 616.97 MB
Cached:    38.91 GB
>> Searching for hard negatives...
>> Searching for hard negatives...
>> Searching for hard negatives...
==> Epoch[12](2150/8826): Loss: 0.0002
Allocated: 621.90 MB
Cached:    38.91 GB
>> Searching for hard negatives...
>> Searching for hard negatives...
==> Epoch[12](2200/8826): Loss: 0.0000
Allocated: 616.97 MB
Cached:    38.91 GB
>> Searching for hard negatives...
>> Searching for hard negatives...
>> Searching for hard negatives...
==> Epoch[12](2250/8826): Loss: 0.0000
Allocated: 621.90 MB
Cached:    38.91 GB
>> Searching for hard negatives...
>> Searching for hard negatives...
==> Epoch[12](2300/8826): Loss: 0.0000
Allocated: 616.97 MB
Cached:    38.91 GB
>> Searching for hard negatives...
>> Searching for hard negatives...
>> Searching for hard negatives...
==> Epoch[12](2350/8826): Loss: 0.0000
Allocated: 621.90 MB
Cached:    38.91 GB
>> Searching for hard negatives...
>> Searching for hard negatives...
==> Epoch[12](2400/8826): Loss: 0.0057
Allocated: 616.97 MB
Cached:    38.91 GB
>> Searching for hard negatives...
>> Searching for hard negatives...
>> Searching for hard negatives...
==> Epoch[12](2450/8826): Loss: 0.0000
Allocated: 621.90 MB
Cached:    38.91 GB
>> Searching for hard negatives...
>> Searching for hard negatives...
==> Epoch[12](2500/8826): Loss: 0.0002
Allocated: 616.97 MB
Cached:    38.91 GB
>> Searching for hard negatives...
>> Searching for hard negatives...
>> Searching for hard negatives...
==> Epoch[12](2550/8826): Loss: 0.0011
Allocated: 621.90 MB
Cached:    38.91 GB
>> Searching for hard negatives...
>> Searching for hard negatives...
==> Epoch[12](2600/8826): Loss: 0.0001
Allocated: 616.97 MB
Cached:    38.91 GB
>> Searching for hard negatives...
>> Searching for hard negatives...
>> Searching for hard negatives...
==> Epoch[12](2650/8826): Loss: 0.0000
Allocated: 621.90 MB
Cached:    38.91 GB
>> Searching for hard negatives...
>> Searching for hard negatives...
==> Epoch[12](2700/8826): Loss: 0.0011
Allocated: 616.97 MB
Cached:    38.91 GB
>> Searching for hard negatives...
>> Searching for hard negatives...
>> Searching for hard negatives...
==> Epoch[12](2750/8826): Loss: 0.0014
Allocated: 621.90 MB
Cached:    38.91 GB
>> Searching for hard negatives...
>> Searching for hard negatives...
==> Epoch[12](2800/8826): Loss: 0.0004
Allocated: 616.97 MB
Cached:    38.91 GB
>> Searching for hard negatives...
>> Searching for hard negatives...
>> Searching for hard negatives...
==> Epoch[12](2850/8826): Loss: 0.0014
Allocated: 621.90 MB
Cached:    38.91 GB
>> Searching for hard negatives...
>> Searching for hard negatives...
==> Epoch[12](2900/8826): Loss: 0.0000
Allocated: 616.97 MB
Cached:    38.91 GB
>> Searching for hard negatives...
>> Searching for hard negatives...
>> Searching for hard negatives...
==> Epoch[12](2950/8826): Loss: 0.0000
Allocated: 621.90 MB
Cached:    38.91 GB
>> Searching for hard negatives...
>> Searching for hard negatives...
==> Epoch[12](3000/8826): Loss: 0.0012
Allocated: 616.97 MB
Cached:    38.91 GB
>> Searching for hard negatives...
>> Searching for hard negatives...
>> Searching for hard negatives...
==> Epoch[12](3050/8826): Loss: 0.0005
Allocated: 621.90 MB
Cached:    38.91 GB
>> Searching for hard negatives...
>> Searching for hard negatives...
==> Epoch[12](3100/8826): Loss: 0.0002
Allocated: 616.97 MB
Cached:    38.91 GB
>> Searching for hard negatives...
>> Searching for hard negatives...
>> Searching for hard negatives...
==> Epoch[12](3150/8826): Loss: 0.0000
Allocated: 621.90 MB
Cached:    38.91 GB
>> Searching for hard negatives...
>> Searching for hard negatives...
==> Epoch[12](3200/8826): Loss: 0.0000
Allocated: 616.97 MB
Cached:    38.91 GB
>> Searching for hard negatives...
>> Searching for hard negatives...
>> Searching for hard negatives...
==> Epoch[12](3250/8826): Loss: 0.0000
Allocated: 621.90 MB
Cached:    38.91 GB
>> Searching for hard negatives...
>> Searching for hard negatives...
==> Epoch[12](3300/8826): Loss: 0.0006
Allocated: 612.04 MB
Cached:    38.91 GB
>> Searching for hard negatives...
>> Searching for hard negatives...
>> Searching for hard negatives...
==> Epoch[12](3350/8826): Loss: 0.0029
Allocated: 621.90 MB
Cached:    38.99 GB
>> Searching for hard negatives...
>> Searching for hard negatives...
==> Epoch[12](3400/8826): Loss: 0.0008
Allocated: 612.04 MB
Cached:    38.99 GB
>> Searching for hard negatives...
>> Searching for hard negatives...
>> Searching for hard negatives...
==> Epoch[12](3450/8826): Loss: 0.0003
Allocated: 621.90 MB
Cached:    38.99 GB
>> Searching for hard negatives...
>> Searching for hard negatives...
==> Epoch[12](3500/8826): Loss: 0.0008
Allocated: 612.04 MB
Cached:    38.99 GB
>> Searching for hard negatives...
>> Searching for hard negatives...
>> Searching for hard negatives...
==> Epoch[12](3550/8826): Loss: 0.0000
Allocated: 621.90 MB
Cached:    38.99 GB
>> Searching for hard negatives...
>> Searching for hard negatives...
==> Epoch[12](3600/8826): Loss: 0.0011
Allocated: 612.04 MB
Cached:    38.99 GB
>> Searching for hard negatives...
>> Searching for hard negatives...
>> Searching for hard negatives...
==> Epoch[12](3650/8826): Loss: 0.0003
Allocated: 621.90 MB
Cached:    38.99 GB
>> Searching for hard negatives...
>> Searching for hard negatives...
==> Epoch[12](3700/8826): Loss: 0.0013
Allocated: 612.04 MB
Cached:    38.99 GB
>> Searching for hard negatives...
>> Searching for hard negatives...
>> Searching for hard negatives...
==> Epoch[12](3750/8826): Loss: 0.0004
Allocated: 621.90 MB
Cached:    38.99 GB
>> Searching for hard negatives...
>> Searching for hard negatives...
==> Epoch[12](3800/8826): Loss: 0.0011
Allocated: 612.04 MB
Cached:    38.99 GB
>> Searching for hard negatives...
>> Searching for hard negatives...
>> Searching for hard negatives...
==> Epoch[12](3850/8826): Loss: 0.0000
Allocated: 621.90 MB
Cached:    38.99 GB
>> Searching for hard negatives...
>> Searching for hard negatives...
==> Epoch[12](3900/8826): Loss: 0.0001
Allocated: 612.04 MB
Cached:    38.99 GB
>> Searching for hard negatives...
>> Searching for hard negatives...
>> Searching for hard negatives...
==> Epoch[12](3950/8826): Loss: 0.0000
Allocated: 621.90 MB
Cached:    38.99 GB
>> Searching for hard negatives...
>> Searching for hard negatives...
==> Epoch[12](4000/8826): Loss: 0.0000
Allocated: 612.04 MB
Cached:    38.99 GB
>> Searching for hard negatives...
>> Searching for hard negatives...
>> Searching for hard negatives...
==> Epoch[12](4050/8826): Loss: 0.0001
Allocated: 621.90 MB
Cached:    38.99 GB
>> Searching for hard negatives...
>> Searching for hard negatives...
==> Epoch[12](4100/8826): Loss: 0.0003
Allocated: 612.04 MB
Cached:    38.99 GB
>> Searching for hard negatives...
>> Searching for hard negatives...
>> Searching for hard negatives...
==> Epoch[12](4150/8826): Loss: 0.0002
Allocated: 621.90 MB
Cached:    38.99 GB
>> Searching for hard negatives...
>> Searching for hard negatives...
==> Epoch[12](4200/8826): Loss: 0.0000
Allocated: 612.04 MB
Cached:    38.99 GB
>> Searching for hard negatives...
>> Searching for hard negatives...
>> Searching for hard negatives...
==> Epoch[12](4250/8826): Loss: 0.0000
Allocated: 621.90 MB
Cached:    38.99 GB
>> Searching for hard negatives...
>> Searching for hard negatives...
==> Epoch[12](4300/8826): Loss: 0.0044
Allocated: 612.04 MB
Cached:    38.99 GB
>> Searching for hard negatives...
>> Searching for hard negatives...
>> Searching for hard negatives...
==> Epoch[12](4350/8826): Loss: 0.0000
Allocated: 621.90 MB
Cached:    38.99 GB
>> Searching for hard negatives...
>> Searching for hard negatives...
==> Epoch[12](4400/8826): Loss: 0.0000
Allocated: 612.04 MB
Cached:    38.99 GB
>> Searching for hard negatives...
>> Searching for hard negatives...
>> Searching for hard negatives...
==> Epoch[12](4450/8826): Loss: 0.0024
Allocated: 621.90 MB
Cached:    38.99 GB
>> Searching for hard negatives...
>> Searching for hard negatives...
==> Epoch[12](4500/8826): Loss: 0.0000
Allocated: 612.04 MB
Cached:    38.99 GB
>> Searching for hard negatives...
>> Searching for hard negatives...
>> Searching for hard negatives...
==> Epoch[12](4550/8826): Loss: 0.0003
Allocated: 621.90 MB
Cached:    38.99 GB
>> Searching for hard negatives...
>> Searching for hard negatives...
==> Epoch[12](4600/8826): Loss: 0.0000
Allocated: 612.04 MB
Cached:    38.99 GB
>> Searching for hard negatives...
>> Searching for hard negatives...
>> Searching for hard negatives...
==> Epoch[12](4650/8826): Loss: 0.0003
Allocated: 621.90 MB
Cached:    38.99 GB
>> Searching for hard negatives...
>> Searching for hard negatives...
==> Epoch[12](4700/8826): Loss: 0.0008
Allocated: 612.04 MB
Cached:    38.99 GB
>> Searching for hard negatives...
>> Searching for hard negatives...
>> Searching for hard negatives...
==> Epoch[12](4750/8826): Loss: 0.0001
Allocated: 621.90 MB
Cached:    38.99 GB
>> Searching for hard negatives...
>> Searching for hard negatives...
==> Epoch[12](4800/8826): Loss: 0.0000
Allocated: 612.04 MB
Cached:    38.99 GB
>> Searching for hard negatives...
>> Searching for hard negatives...
>> Searching for hard negatives...
==> Epoch[12](4850/8826): Loss: 0.0001
Allocated: 621.90 MB
Cached:    38.99 GB
>> Searching for hard negatives...
>> Searching for hard negatives...
==> Epoch[12](4900/8826): Loss: 0.0019
Allocated: 612.04 MB
Cached:    38.99 GB
>> Searching for hard negatives...
>> Searching for hard negatives...
>> Searching for hard negatives...
==> Epoch[12](4950/8826): Loss: 0.0000
Allocated: 621.90 MB
Cached:    38.99 GB
>> Searching for hard negatives...
>> Searching for hard negatives...
==> Epoch[12](5000/8826): Loss: 0.0000
Allocated: 612.04 MB
Cached:    38.99 GB
>> Searching for hard negatives...
>> Searching for hard negatives...
>> Searching for hard negatives...
==> Epoch[12](5050/8826): Loss: 0.0017
Allocated: 621.90 MB
Cached:    38.99 GB
>> Searching for hard negatives...
>> Searching for hard negatives...
==> Epoch[12](5100/8826): Loss: 0.0000
Allocated: 612.04 MB
Cached:    38.99 GB
>> Searching for hard negatives...
>> Searching for hard negatives...
>> Searching for hard negatives...
==> Epoch[12](5150/8826): Loss: 0.0022
Allocated: 621.90 MB
Cached:    38.99 GB
>> Searching for hard negatives...
>> Searching for hard negatives...
==> Epoch[12](5200/8826): Loss: 0.0005
Allocated: 612.04 MB
Cached:    38.99 GB
>> Searching for hard negatives...
>> Searching for hard negatives...
>> Searching for hard negatives...
==> Epoch[12](5250/8826): Loss: 0.0003
Allocated: 621.90 MB
Cached:    38.99 GB
>> Searching for hard negatives...
>> Searching for hard negatives...
==> Epoch[12](5300/8826): Loss: 0.0008
Allocated: 609.46 MB
Cached:    38.99 GB
>> Searching for hard negatives...
>> Searching for hard negatives...
>> Searching for hard negatives...
==> Epoch[12](5350/8826): Loss: 0.0000
Allocated: 621.90 MB
Cached:    38.99 GB
>> Searching for hard negatives...
>> Searching for hard negatives...
==> Epoch[12](5400/8826): Loss: 0.0011
Allocated: 612.04 MB
Cached:    38.99 GB
>> Searching for hard negatives...
>> Searching for hard negatives...
>> Searching for hard negatives...
==> Epoch[12](5450/8826): Loss: 0.0032
Allocated: 621.90 MB
Cached:    38.99 GB
>> Searching for hard negatives...
>> Searching for hard negatives...
==> Epoch[12](5500/8826): Loss: 0.0013
Allocated: 612.04 MB
Cached:    38.99 GB
>> Searching for hard negatives...
>> Searching for hard negatives...
>> Searching for hard negatives...
==> Epoch[12](5550/8826): Loss: 0.0009
Allocated: 621.90 MB
Cached:    38.99 GB
>> Searching for hard negatives...
>> Searching for hard negatives...
==> Epoch[12](5600/8826): Loss: 0.0023
Allocated: 612.04 MB
Cached:    38.99 GB
>> Searching for hard negatives...
>> Searching for hard negatives...
>> Searching for hard negatives...
==> Epoch[12](5650/8826): Loss: 0.0006
Allocated: 621.90 MB
Cached:    38.99 GB
>> Searching for hard negatives...
>> Searching for hard negatives...
==> Epoch[12](5700/8826): Loss: 0.0022
Allocated: 612.04 MB
Cached:    38.99 GB
>> Searching for hard negatives...
>> Searching for hard negatives...
>> Searching for hard negatives...
==> Epoch[12](5750/8826): Loss: 0.0003
Allocated: 621.90 MB
Cached:    38.99 GB
>> Searching for hard negatives...
>> Searching for hard negatives...
==> Epoch[12](5800/8826): Loss: 0.0010
Allocated: 612.04 MB
Cached:    38.99 GB
>> Searching for hard negatives...
>> Searching for hard negatives...
>> Searching for hard negatives...
==> Epoch[12](5850/8826): Loss: 0.0003
Allocated: 621.90 MB
Cached:    38.99 GB
>> Searching for hard negatives...
>> Searching for hard negatives...
==> Epoch[12](5900/8826): Loss: 0.0004
Allocated: 612.04 MB
Cached:    38.99 GB
>> Searching for hard negatives...
>> Searching for hard negatives...
>> Searching for hard negatives...
==> Epoch[12](5950/8826): Loss: 0.0000
Allocated: 621.90 MB
Cached:    38.99 GB
>> Searching for hard negatives...
>> Searching for hard negatives...
==> Epoch[12](6000/8826): Loss: 0.0001
Allocated: 612.04 MB
Cached:    38.99 GB
>> Searching for hard negatives...
>> Searching for hard negatives...
>> Searching for hard negatives...
==> Epoch[12](6050/8826): Loss: 0.0000
Allocated: 621.90 MB
Cached:    38.99 GB
>> Searching for hard negatives...
>> Searching for hard negatives...
==> Epoch[12](6100/8826): Loss: 0.0006
Allocated: 612.04 MB
Cached:    38.99 GB
>> Searching for hard negatives...
>> Searching for hard negatives...
>> Searching for hard negatives...
==> Epoch[12](6150/8826): Loss: 0.0005
Allocated: 621.90 MB
Cached:    38.99 GB
>> Searching for hard negatives...
>> Searching for hard negatives...
==> Epoch[12](6200/8826): Loss: 0.0011
Allocated: 612.04 MB
Cached:    38.99 GB
>> Searching for hard negatives...
>> Searching for hard negatives...
>> Searching for hard negatives...
==> Epoch[12](6250/8826): Loss: 0.0002
Allocated: 621.90 MB
Cached:    38.99 GB
>> Searching for hard negatives...
>> Searching for hard negatives...
==> Epoch[12](6300/8826): Loss: 0.0000
Allocated: 612.04 MB
Cached:    38.99 GB
>> Searching for hard negatives...
>> Searching for hard negatives...
>> Searching for hard negatives...
==> Epoch[12](6350/8826): Loss: 0.0003
Allocated: 621.90 MB
Cached:    38.99 GB
>> Searching for hard negatives...
>> Searching for hard negatives...
==> Epoch[12](6400/8826): Loss: 0.0009
Allocated: 612.04 MB
Cached:    38.99 GB
>> Searching for hard negatives...
>> Searching for hard negatives...
>> Searching for hard negatives...
==> Epoch[12](6450/8826): Loss: 0.0020
Allocated: 621.90 MB
Cached:    38.99 GB
>> Searching for hard negatives...
>> Searching for hard negatives...
==> Epoch[12](6500/8826): Loss: 0.0008
Allocated: 612.04 MB
Cached:    38.99 GB
>> Searching for hard negatives...
>> Searching for hard negatives...
>> Searching for hard negatives...
==> Epoch[12](6550/8826): Loss: 0.0001
Allocated: 621.90 MB
Cached:    38.99 GB
>> Searching for hard negatives...
>> Searching for hard negatives...
==> Epoch[12](6600/8826): Loss: 0.0002
Allocated: 612.04 MB
Cached:    38.99 GB
>> Searching for hard negatives...
>> Searching for hard negatives...
>> Searching for hard negatives...
==> Epoch[12](6650/8826): Loss: 0.0001
Allocated: 621.90 MB
Cached:    38.99 GB
>> Searching for hard negatives...
>> Searching for hard negatives...
==> Epoch[12](6700/8826): Loss: 0.0000
Allocated: 612.04 MB
Cached:    38.99 GB
>> Searching for hard negatives...
>> Searching for hard negatives...
>> Searching for hard negatives...
==> Epoch[12](6750/8826): Loss: 0.0000
Allocated: 621.90 MB
Cached:    38.99 GB
>> Searching for hard negatives...
>> Searching for hard negatives...
==> Epoch[12](6800/8826): Loss: 0.0000
Allocated: 612.04 MB
Cached:    38.99 GB
>> Searching for hard negatives...
>> Searching for hard negatives...
>> Searching for hard negatives...
==> Epoch[12](6850/8826): Loss: 0.0013
Allocated: 621.90 MB
Cached:    38.99 GB
>> Searching for hard negatives...
>> Searching for hard negatives...
==> Epoch[12](6900/8826): Loss: 0.0005
Allocated: 612.04 MB
Cached:    38.99 GB
>> Searching for hard negatives...
>> Searching for hard negatives...
>> Searching for hard negatives...
==> Epoch[12](6950/8826): Loss: 0.0000
Allocated: 621.90 MB
Cached:    38.99 GB
>> Searching for hard negatives...
>> Searching for hard negatives...
==> Epoch[12](7000/8826): Loss: 0.0000
Allocated: 612.04 MB
Cached:    38.99 GB
>> Searching for hard negatives...
>> Searching for hard negatives...
>> Searching for hard negatives...
==> Epoch[12](7050/8826): Loss: 0.0000
Allocated: 621.90 MB
Cached:    38.99 GB
>> Searching for hard negatives...
>> Searching for hard negatives...
==> Epoch[12](7100/8826): Loss: 0.0007
Allocated: 612.04 MB
Cached:    38.99 GB
>> Searching for hard negatives...
>> Searching for hard negatives...
>> Searching for hard negatives...
==> Epoch[12](7150/8826): Loss: 0.0004
Allocated: 621.90 MB
Cached:    38.99 GB
>> Searching for hard negatives...
>> Searching for hard negatives...
==> Epoch[12](7200/8826): Loss: 0.0001
Allocated: 612.04 MB
Cached:    38.99 GB
>> Searching for hard negatives...
>> Searching for hard negatives...
>> Searching for hard negatives...
==> Epoch[12](7250/8826): Loss: 0.0000
Allocated: 621.90 MB
Cached:    38.99 GB
>> Searching for hard negatives...
>> Searching for hard negatives...
==> Epoch[12](7300/8826): Loss: 0.0004
Allocated: 612.04 MB
Cached:    38.99 GB
>> Searching for hard negatives...
>> Searching for hard negatives...
>> Searching for hard negatives...
==> Epoch[12](7350/8826): Loss: 0.0002
Allocated: 621.90 MB
Cached:    38.99 GB
>> Searching for hard negatives...
>> Searching for hard negatives...
==> Epoch[12](7400/8826): Loss: 0.0003
Allocated: 612.04 MB
Cached:    38.99 GB
>> Searching for hard negatives...
>> Searching for hard negatives...
>> Searching for hard negatives...
==> Epoch[12](7450/8826): Loss: 0.0000
Allocated: 621.90 MB
Cached:    38.99 GB
>> Searching for hard negatives...
>> Searching for hard negatives...
==> Epoch[12](7500/8826): Loss: 0.0009
Allocated: 612.04 MB
Cached:    38.99 GB
>> Searching for hard negatives...
>> Searching for hard negatives...
>> Searching for hard negatives...
==> Epoch[12](7550/8826): Loss: 0.0000
Allocated: 621.90 MB
Cached:    38.99 GB
>> Searching for hard negatives...
>> Searching for hard negatives...
==> Epoch[12](7600/8826): Loss: 0.0000
Allocated: 612.04 MB
Cached:    38.99 GB
>> Searching for hard negatives...
>> Searching for hard negatives...
>> Searching for hard negatives...
==> Epoch[12](7650/8826): Loss: 0.0000
Allocated: 621.90 MB
Cached:    38.99 GB
>> Searching for hard negatives...
>> Searching for hard negatives...
==> Epoch[12](7700/8826): Loss: 0.0022
Allocated: 612.04 MB
Cached:    38.99 GB
>> Searching for hard negatives...
>> Searching for hard negatives...
>> Searching for hard negatives...
==> Epoch[12](7750/8826): Loss: 0.0004
Allocated: 621.90 MB
Cached:    38.99 GB
>> Searching for hard negatives...
>> Searching for hard negatives...
==> Epoch[12](7800/8826): Loss: 0.0047
Allocated: 612.04 MB
Cached:    38.99 GB
>> Searching for hard negatives...
>> Searching for hard negatives...
>> Searching for hard negatives...
==> Epoch[12](7850/8826): Loss: 0.0000
Allocated: 621.90 MB
Cached:    38.99 GB
>> Searching for hard negatives...
>> Searching for hard negatives...
==> Epoch[12](7900/8826): Loss: 0.0039
Allocated: 612.04 MB
Cached:    38.99 GB
>> Searching for hard negatives...
>> Searching for hard negatives...
>> Searching for hard negatives...
==> Epoch[12](7950/8826): Loss: 0.0003
Allocated: 621.90 MB
Cached:    38.99 GB
>> Searching for hard negatives...
>> Searching for hard negatives...
==> Epoch[12](8000/8826): Loss: 0.0011
Allocated: 612.04 MB
Cached:    38.99 GB
>> Searching for hard negatives...
>> Searching for hard negatives...
>> Searching for hard negatives...
==> Epoch[12](8050/8826): Loss: 0.0015
Allocated: 621.90 MB
Cached:    38.99 GB
>> Searching for hard negatives...
>> Searching for hard negatives...
==> Epoch[12](8100/8826): Loss: 0.0000
Allocated: 612.04 MB
Cached:    38.99 GB
>> Searching for hard negatives...
>> Searching for hard negatives...
>> Searching for hard negatives...
==> Epoch[12](8150/8826): Loss: 0.0011
Allocated: 621.90 MB
Cached:    38.99 GB
>> Searching for hard negatives...
>> Searching for hard negatives...
==> Epoch[12](8200/8826): Loss: 0.0004
Allocated: 612.04 MB
Cached:    38.99 GB
>> Searching for hard negatives...
