Sat Mar 16 16:11:07 EDT 2024
/home/m.maqboolbhutta/usman_ws/codes/patchnetvlad
/home/m.maqboolbhutta/.conda/envs/patchnetvlad/bin/python
Host: c1100a-s29
Other nodes: 
Starting  process(es) on each node...
==========Starting Training=============
Saving checkpoints at /home/m.maqboolbhutta/usman_ws/models/patchnetvlad/graphvlad-triplet-16-Mar-cen-map-16-lr0_001
========================================
Namespace(cache_path='/home/m.maqboolbhutta/usman_ws/datasets/netvlad-official/', cluster_path='/home/m.maqboolbhutta/usman_ws/datasets/netvlad-official/centroids/vgg16_mapillary_16_desc_cen.hdf5', config_path='patchnetvlad/configs/train-slurm.ini', dataset_root_dir='/home/m.maqboolbhutta/usman_ws/datasets/mapillary_sls/', esp_encoder='/home/m.maqboolbhutta/usman_ws/datasets/netvlad-official/espnet-encoder/espnet_p_2_q_8.pth', identifier='mapillary_nopanos', loss='triplet', method='graphvlad', nEpochs=30, nocuda=False, resume_path='', save_every_epoch=True, save_path='/home/m.maqboolbhutta/usman_ws/models/patchnetvlad/graphvlad-triplet-16-Mar-cen-map-16-lr0_001', start_epoch=0, threads=6)
===> Building model
===> Loading model
===> Loading segmentation model
Encoder loaded!
Creating model graphvlad
===> Loading dataset(s)
Exclude panoramas: True
=====> trondheim
=====> london
=====> boston
=====> melbourne
=====> amsterdam
=====> helsinki
=====> tokyo
=====> toronto
=====> saopaulo
=====> moscow
=====> zurich
=====> paris
=====> bangkok
=====> budapest
=====> austin
=====> berlin
=====> ottawa
=====> phoenix
=====> goa
=====> amman
=====> nairobi
=====> manila
#Sideways [21262/441280]; #Night; [4666/441280]
Forward and Day weighted with 1.0000
Forward and Night weighted with 95.5735
Sideways and Day weighted with 21.7544
Sideways and Night weighted with 116.3279
Exclude panoramas: True
=====> cph
=====> sf
===> Training query set: 441280
===> Evaluating on val set, query count: 740
===> Training model
>> Searching for hard negatives...
==> Epoch[1](50/22064): Loss: 0.0720
Allocated: 503.62 MB
Cached:    9.37 GB
>> Searching for hard negatives...
==> Epoch[1](100/22064): Loss: 0.0581
Allocated: 504.62 MB
Cached:    9.73 GB
>> Searching for hard negatives...
==> Epoch[1](150/22064): Loss: 0.0309
Allocated: 504.62 MB
Cached:    9.72 GB
>> Searching for hard negatives...
==> Epoch[1](200/22064): Loss: 0.0488
Allocated: 504.62 MB
Cached:    9.76 GB
>> Searching for hard negatives...
==> Epoch[1](250/22064): Loss: 0.0642
Allocated: 504.62 MB
Cached:    9.72 GB
>> Searching for hard negatives...
==> Epoch[1](300/22064): Loss: 0.0656
Allocated: 504.62 MB
Cached:    9.76 GB
>> Searching for hard negatives...
==> Epoch[1](350/22064): Loss: 0.0947
Allocated: 504.37 MB
Cached:    9.76 GB
>> Searching for hard negatives...
==> Epoch[1](400/22064): Loss: 0.0796
Allocated: 504.62 MB
Cached:    9.71 GB
>> Searching for hard negatives...
==> Epoch[1](450/22064): Loss: 0.0347
Allocated: 504.62 MB
Cached:    9.72 GB
>> Searching for hard negatives...
==> Epoch[1](500/22064): Loss: 0.0439
Allocated: 504.37 MB
Cached:    9.76 GB
>> Searching for hard negatives...
==> Epoch[1](550/22064): Loss: 0.0258
Allocated: 504.62 MB
Cached:    9.71 GB
>> Searching for hard negatives...
==> Epoch[1](600/22064): Loss: 0.0709
Allocated: 504.37 MB
Cached:    9.76 GB
>> Searching for hard negatives...
==> Epoch[1](650/22064): Loss: 0.0333
Allocated: 504.62 MB
Cached:    9.73 GB
>> Searching for hard negatives...
==> Epoch[1](700/22064): Loss: 0.0398
Allocated: 504.62 MB
Cached:    9.76 GB
>> Searching for hard negatives...
==> Epoch[1](750/22064): Loss: 0.0186
Allocated: 504.62 MB
Cached:    9.76 GB
>> Searching for hard negatives...
==> Epoch[1](800/22064): Loss: 0.0157
Allocated: 504.37 MB
Cached:    9.76 GB
>> Searching for hard negatives...
==> Epoch[1](850/22064): Loss: 0.0572
Allocated: 504.62 MB
Cached:    9.72 GB
>> Searching for hard negatives...
==> Epoch[1](900/22064): Loss: 0.0459
Allocated: 504.62 MB
Cached:    9.76 GB
>> Searching for hard negatives...
==> Epoch[1](950/22064): Loss: 0.0288
Allocated: 503.19 MB
Cached:    9.76 GB
>> Searching for hard negatives...
==> Epoch[1](1000/22064): Loss: 0.0197
Allocated: 503.62 MB
Cached:    9.73 GB
>> Searching for hard negatives...
==> Epoch[1](1050/22064): Loss: 0.0498
Allocated: 503.62 MB
Cached:    9.74 GB
>> Searching for hard negatives...
==> Epoch[1](1100/22064): Loss: 0.0239
Allocated: 503.40 MB
Cached:    9.73 GB
>> Searching for hard negatives...
==> Epoch[1](1150/22064): Loss: 0.0171
Allocated: 504.62 MB
Cached:    9.73 GB
>> Searching for hard negatives...
==> Epoch[1](1200/22064): Loss: 0.0047
Allocated: 502.97 MB
Cached:    9.72 GB
>> Searching for hard negatives...
==> Epoch[1](1250/22064): Loss: 0.0159
Allocated: 503.62 MB
Cached:    9.74 GB
>> Searching for hard negatives...
==> Epoch[1](1300/22064): Loss: 0.0175
Allocated: 503.62 MB
Cached:    9.73 GB
>> Searching for hard negatives...
==> Epoch[1](1350/22064): Loss: 0.0146
Allocated: 503.40 MB
Cached:    9.73 GB
>> Searching for hard negatives...
==> Epoch[1](1400/22064): Loss: 0.0689
Allocated: 504.62 MB
Cached:    9.73 GB
>> Searching for hard negatives...
==> Epoch[1](1450/22064): Loss: 0.0145
Allocated: 503.40 MB
Cached:    9.72 GB
>> Searching for hard negatives...
==> Epoch[1](1500/22064): Loss: 0.0331
Allocated: 504.62 MB
Cached:    9.73 GB
>> Searching for hard negatives...
==> Epoch[1](1550/22064): Loss: 0.0250
Allocated: 504.37 MB
Cached:    9.76 GB
>> Searching for hard negatives...
==> Epoch[1](1600/22064): Loss: 0.0367
Allocated: 504.62 MB
Cached:    9.72 GB
>> Searching for hard negatives...
==> Epoch[1](1650/22064): Loss: 0.0533
Allocated: 503.19 MB
Cached:    9.76 GB
>> Searching for hard negatives...
==> Epoch[1](1700/22064): Loss: 0.0295
Allocated: 504.62 MB
Cached:    9.73 GB
>> Searching for hard negatives...
==> Epoch[1](1750/22064): Loss: 0.0182
Allocated: 503.40 MB
Cached:    9.72 GB
>> Searching for hard negatives...
==> Epoch[1](1800/22064): Loss: 0.0079
Allocated: 504.62 MB
Cached:    9.73 GB
>> Searching for hard negatives...
==> Epoch[1](1850/22064): Loss: 0.0041
Allocated: 504.62 MB
Cached:    9.76 GB
>> Searching for hard negatives...
==> Epoch[1](1900/22064): Loss: 0.0062
Allocated: 504.37 MB
Cached:    9.71 GB
>> Searching for hard negatives...
==> Epoch[1](1950/22064): Loss: 0.0045
Allocated: 503.50 MB
Cached:    9.72 GB
>> Searching for hard negatives...
==> Epoch[1](2000/22064): Loss: 0.0390
Allocated: 503.62 MB
Cached:    9.74 GB
>> Searching for hard negatives...
==> Epoch[1](2050/22064): Loss: 0.0195
Allocated: 504.08 MB
Cached:    9.73 GB
>> Searching for hard negatives...
==> Epoch[1](2100/22064): Loss: 0.0197
Allocated: 503.62 MB
Cached:    9.72 GB
>> Searching for hard negatives...
==> Epoch[1](2150/22064): Loss: 0.0000
Allocated: 503.19 MB
Cached:    9.73 GB
>> Searching for hard negatives...
==> Epoch[1](2200/22064): Loss: 0.0142
Allocated: 504.62 MB
Cached:    9.72 GB
>> Searching for hard negatives...
==> Epoch[1](2250/22064): Loss: 0.0102
Allocated: 504.37 MB
Cached:    9.76 GB
>> Searching for hard negatives...
==> Epoch[1](2300/22064): Loss: 0.0199
Allocated: 504.08 MB
Cached:    9.72 GB
>> Searching for hard negatives...
==> Epoch[1](2350/22064): Loss: 0.0005
Allocated: 504.62 MB
Cached:    9.74 GB
>> Searching for hard negatives...
==> Epoch[1](2400/22064): Loss: 0.0172
Allocated: 504.37 MB
Cached:    9.76 GB
>> Searching for hard negatives...
==> Epoch[1](2450/22064): Loss: 0.0046
Allocated: 503.50 MB
Cached:    9.71 GB
>> Searching for hard negatives...
==> Epoch[1](2500/22064): Loss: 0.0130
Allocated: 503.40 MB
Cached:    9.74 GB
>> Searching for hard negatives...
==> Epoch[1](2550/22064): Loss: 0.0499
Allocated: 504.62 MB
Cached:    9.72 GB
>> Searching for hard negatives...
==> Epoch[1](2600/22064): Loss: 0.0005
Allocated: 504.37 MB
Cached:    9.71 GB
>> Searching for hard negatives...
==> Epoch[1](2650/22064): Loss: 0.0109
Allocated: 504.08 MB
Cached:    9.71 GB
>> Searching for hard negatives...
==> Epoch[1](2700/22064): Loss: 0.0098
Allocated: 503.62 MB
Cached:    9.73 GB
>> Searching for hard negatives...
==> Epoch[1](2750/22064): Loss: 0.0012
Allocated: 503.62 MB
Cached:    9.73 GB
>> Searching for hard negatives...
==> Epoch[1](2800/22064): Loss: 0.0402
Allocated: 504.62 MB
Cached:    9.74 GB
>> Searching for hard negatives...
==> Epoch[1](2850/22064): Loss: 0.0062
Allocated: 504.37 MB
Cached:    9.76 GB
>> Searching for hard negatives...
==> Epoch[1](2900/22064): Loss: 0.0326
Allocated: 504.08 MB
Cached:    9.71 GB
>> Searching for hard negatives...
==> Epoch[1](2950/22064): Loss: 0.0269
Allocated: 503.62 MB
Cached:    9.72 GB
>> Searching for hard negatives...
==> Epoch[1](3000/22064): Loss: 0.0591
Allocated: 503.62 MB
Cached:    9.73 GB
>> Searching for hard negatives...
==> Epoch[1](3050/22064): Loss: 0.0139
Allocated: 503.62 MB
Cached:    9.74 GB
>> Searching for hard negatives...
==> Epoch[1](3100/22064): Loss: 0.0111
Allocated: 503.40 MB
Cached:    9.73 GB
>> Searching for hard negatives...
==> Epoch[1](3150/22064): Loss: 0.0083
Allocated: 503.62 MB
Cached:    9.73 GB
>> Searching for hard negatives...
==> Epoch[1](3200/22064): Loss: 0.0136
Allocated: 504.62 MB
Cached:    9.74 GB
>> Searching for hard negatives...
==> Epoch[1](3250/22064): Loss: 0.0210
Allocated: 503.19 MB
Cached:    9.76 GB
>> Searching for hard negatives...
==> Epoch[1](3300/22064): Loss: 0.0158
Allocated: 504.62 MB
Cached:    9.73 GB
>> Searching for hard negatives...
==> Epoch[1](3350/22064): Loss: 0.0140
Allocated: 504.62 MB
Cached:    9.72 GB
>> Searching for hard negatives...
==> Epoch[1](3400/22064): Loss: 0.0058
Allocated: 504.62 MB
Cached:    9.76 GB
>> Searching for hard negatives...
==> Epoch[1](3450/22064): Loss: 0.0249
Allocated: 503.40 MB
Cached:    9.76 GB
>> Searching for hard negatives...
==> Epoch[1](3500/22064): Loss: 0.0586
Allocated: 504.62 MB
Cached:    9.73 GB
>> Searching for hard negatives...
==> Epoch[1](3550/22064): Loss: 0.0243
Allocated: 504.37 MB
Cached:    9.76 GB
>> Searching for hard negatives...
==> Epoch[1](3600/22064): Loss: 0.0165
Allocated: 504.08 MB
Cached:    9.72 GB
>> Searching for hard negatives...
==> Epoch[1](3650/22064): Loss: 0.0106
Allocated: 503.40 MB
Cached:    9.73 GB
>> Searching for hard negatives...
==> Epoch[1](3700/22064): Loss: 0.0270
Allocated: 503.62 MB
Cached:    9.73 GB
>> Searching for hard negatives...
==> Epoch[1](3750/22064): Loss: 0.0095
Allocated: 503.62 MB
Cached:    9.73 GB
>> Searching for hard negatives...
==> Epoch[1](3800/22064): Loss: 0.0076
Allocated: 503.62 MB
Cached:    9.73 GB
>> Searching for hard negatives...
==> Epoch[1](3850/22064): Loss: 0.0122
Allocated: 503.19 MB
Cached:    9.73 GB
>> Searching for hard negatives...
==> Epoch[1](3900/22064): Loss: 0.0464
Allocated: 503.19 MB
Cached:    9.73 GB
>> Searching for hard negatives...
==> Epoch[1](3950/22064): Loss: 0.0221
Allocated: 503.40 MB
Cached:    9.74 GB
>> Searching for hard negatives...
==> Epoch[1](4000/22064): Loss: 0.0385
Allocated: 502.97 MB
Cached:    9.73 GB
>> Searching for hard negatives...
==> Epoch[1](4050/22064): Loss: 0.0281
Allocated: 503.40 MB
Cached:    9.73 GB
>> Searching for hard negatives...
==> Epoch[1](4100/22064): Loss: 0.0388
Allocated: 503.62 MB
Cached:    9.74 GB
>> Searching for hard negatives...
==> Epoch[1](4150/22064): Loss: 0.0039
Allocated: 503.62 MB
Cached:    9.74 GB
>> Searching for hard negatives...
==> Epoch[1](4200/22064): Loss: 0.0064
Allocated: 503.62 MB
Cached:    9.73 GB
>> Searching for hard negatives...
==> Epoch[1](4250/22064): Loss: 0.0496
Allocated: 503.62 MB
Cached:    9.73 GB
>> Searching for hard negatives...
==> Epoch[1](4300/22064): Loss: 0.0026
Allocated: 503.40 MB
Cached:    9.74 GB
>> Searching for hard negatives...
==> Epoch[1](4350/22064): Loss: 0.0254
Allocated: 503.62 MB
Cached:    9.72 GB
>> Searching for hard negatives...
==> Epoch[1](4400/22064): Loss: 0.0202
Allocated: 503.40 MB
Cached:    9.74 GB
>> Searching for hard negatives...
==> Epoch[1](4450/22064): Loss: 0.0065
Allocated: 503.62 MB
Cached:    9.73 GB
>> Searching for hard negatives...
==> Epoch[1](4500/22064): Loss: 0.0103
Allocated: 504.62 MB
Cached:    9.74 GB
>> Searching for hard negatives...
==> Epoch[1](4550/22064): Loss: 0.0101
Allocated: 504.37 MB
Cached:    9.71 GB
>> Searching for hard negatives...
==> Epoch[1](4600/22064): Loss: 0.0121
Allocated: 504.62 MB
Cached:    9.72 GB
>> Searching for hard negatives...
==> Epoch[1](4650/22064): Loss: 0.0244
Allocated: 503.40 MB
Cached:    9.71 GB
>> Searching for hard negatives...
==> Epoch[1](4700/22064): Loss: 0.0038
Allocated: 504.62 MB
Cached:    9.73 GB
>> Searching for hard negatives...
==> Epoch[1](4750/22064): Loss: 0.0021
Allocated: 504.62 MB
Cached:    9.76 GB
>> Searching for hard negatives...
==> Epoch[1](4800/22064): Loss: 0.0093
Allocated: 503.40 MB
Cached:    9.76 GB
>> Searching for hard negatives...
==> Epoch[1](4850/22064): Loss: 0.0219
Allocated: 504.62 MB
Cached:    9.73 GB
>> Searching for hard negatives...
==> Epoch[1](4900/22064): Loss: 0.0036
Allocated: 503.40 MB
Cached:    9.71 GB
>> Searching for hard negatives...
==> Epoch[1](4950/22064): Loss: 0.0062
Allocated: 503.62 MB
Cached:    9.72 GB
>> Searching for hard negatives...
==> Epoch[1](5000/22064): Loss: 0.0105
Allocated: 503.62 MB
Cached:    9.73 GB
>> Searching for hard negatives...
==> Epoch[1](5050/22064): Loss: 0.0082
Allocated: 503.62 MB
Cached:    9.74 GB
>> Searching for hard negatives...
==> Epoch[1](5100/22064): Loss: 0.0116
Allocated: 503.40 MB
Cached:    9.73 GB
>> Searching for hard negatives...
==> Epoch[1](5150/22064): Loss: 0.0067
Allocated: 503.40 MB
Cached:    9.74 GB
>> Searching for hard negatives...
==> Epoch[1](5200/22064): Loss: 0.0260
Allocated: 503.19 MB
Cached:    9.73 GB
>> Searching for hard negatives...
==> Epoch[1](5250/22064): Loss: 0.0278
Allocated: 503.40 MB
Cached:    9.73 GB
>> Searching for hard negatives...
==> Epoch[1](5300/22064): Loss: 0.0296
Allocated: 503.40 MB
Cached:    9.73 GB
>> Searching for hard negatives...
==> Epoch[1](5350/22064): Loss: 0.0362
Allocated: 503.62 MB
Cached:    9.73 GB
>> Searching for hard negatives...
==> Epoch[1](5400/22064): Loss: 0.0023
Allocated: 504.62 MB
Cached:    9.73 GB
>> Searching for hard negatives...
==> Epoch[1](5450/22064): Loss: 0.0146
Allocated: 503.62 MB
Cached:    9.72 GB
>> Searching for hard negatives...
==> Epoch[1](5500/22064): Loss: 0.0019
Allocated: 504.08 MB
Cached:    9.73 GB
>> Searching for hard negatives...
==> Epoch[1](5550/22064): Loss: 0.0576
Allocated: 503.62 MB
Cached:    9.73 GB
>> Searching for hard negatives...
==> Epoch[1](5600/22064): Loss: 0.0024
Allocated: 503.62 MB
Cached:    9.72 GB
>> Searching for hard negatives...
==> Epoch[1](5650/22064): Loss: 0.0015
Allocated: 504.62 MB
Cached:    9.73 GB
>> Searching for hard negatives...
==> Epoch[1](5700/22064): Loss: 0.0025
Allocated: 504.37 MB
Cached:    9.76 GB
>> Searching for hard negatives...
==> Epoch[1](5750/22064): Loss: 0.0078
Allocated: 504.08 MB
Cached:    9.71 GB
>> Searching for hard negatives...
==> Epoch[1](5800/22064): Loss: 0.0163
Allocated: 504.62 MB
Cached:    9.73 GB
>> Searching for hard negatives...
==> Epoch[1](5850/22064): Loss: 0.0169
Allocated: 504.62 MB
Cached:    9.76 GB
>> Searching for hard negatives...
==> Epoch[1](5900/22064): Loss: 0.0047
Allocated: 503.40 MB
Cached:    9.76 GB
>> Searching for hard negatives...
==> Epoch[1](5950/22064): Loss: 0.0143
Allocated: 503.62 MB
Cached:    9.73 GB
>> Searching for hard negatives...
==> Epoch[1](6000/22064): Loss: 0.0124
Allocated: 504.62 MB
Cached:    9.73 GB
>> Searching for hard negatives...
==> Epoch[1](6050/22064): Loss: 0.0069
Allocated: 504.62 MB
Cached:    9.76 GB
>> Searching for hard negatives...
==> Epoch[1](6100/22064): Loss: 0.0009
Allocated: 503.40 MB
Cached:    9.76 GB
>> Searching for hard negatives...
==> Epoch[1](6150/22064): Loss: 0.0056
Allocated: 504.62 MB
Cached:    9.73 GB
>> Searching for hard negatives...
==> Epoch[1](6200/22064): Loss: 0.0033
Allocated: 503.40 MB
Cached:    9.72 GB
>> Searching for hard negatives...
==> Epoch[1](6250/22064): Loss: 0.0117
Allocated: 504.62 MB
Cached:    9.72 GB
>> Searching for hard negatives...
==> Epoch[1](6300/22064): Loss: 0.0024
Allocated: 503.40 MB
Cached:    9.71 GB
>> Searching for hard negatives...
==> Epoch[1](6350/22064): Loss: 0.0005
Allocated: 503.62 MB
Cached:    9.73 GB
>> Searching for hard negatives...
==> Epoch[1](6400/22064): Loss: 0.0178
Allocated: 503.62 MB
Cached:    9.73 GB
>> Searching for hard negatives...
==> Epoch[1](6450/22064): Loss: 0.0168
Allocated: 503.62 MB
Cached:    9.73 GB
>> Searching for hard negatives...
==> Epoch[1](6500/22064): Loss: 0.0096
Allocated: 503.62 MB
Cached:    9.72 GB
>> Searching for hard negatives...
==> Epoch[1](6550/22064): Loss: 0.0042
Allocated: 503.40 MB
Cached:    9.73 GB
>> Searching for hard negatives...
==> Epoch[1](6600/22064): Loss: 0.0128
Allocated: 502.97 MB
Cached:    9.74 GB
>> Searching for hard negatives...
==> Epoch[1](6650/22064): Loss: 0.0156
Allocated: 504.08 MB
Cached:    9.73 GB
>> Searching for hard negatives...
==> Epoch[1](6700/22064): Loss: 0.0008
Allocated: 503.62 MB
Cached:    9.72 GB
>> Searching for hard negatives...
==> Epoch[1](6750/22064): Loss: 0.0022
Allocated: 503.62 MB
Cached:    9.72 GB
>> Searching for hard negatives...
==> Epoch[1](6800/22064): Loss: 0.0086
Allocated: 503.62 MB
Cached:    9.72 GB
>> Searching for hard negatives...
==> Epoch[1](6850/22064): Loss: 0.0231
Allocated: 504.62 MB
Cached:    9.73 GB
>> Searching for hard negatives...
==> Epoch[1](6900/22064): Loss: 0.0346
Allocated: 504.37 MB
Cached:    9.76 GB
>> Searching for hard negatives...
==> Epoch[1](6950/22064): Loss: 0.0000
Allocated: 504.08 MB
Cached:    9.71 GB
>> Searching for hard negatives...
==> Epoch[1](7000/22064): Loss: 0.0000
Allocated: 503.40 MB
Cached:    9.74 GB
>> Searching for hard negatives...
==> Epoch[1](7050/22064): Loss: 0.0000
Allocated: 503.62 MB
Cached:    9.74 GB
>> Searching for hard negatives...
==> Epoch[1](7100/22064): Loss: 0.0117
Allocated: 503.62 MB
Cached:    9.73 GB
>> Searching for hard negatives...
==> Epoch[1](7150/22064): Loss: 0.0194
Allocated: 504.62 MB
Cached:    9.73 GB
>> Searching for hard negatives...
==> Epoch[1](7200/22064): Loss: 0.0141
Allocated: 504.37 MB
Cached:    9.76 GB
>> Searching for hard negatives...
==> Epoch[1](7250/22064): Loss: 0.0000
Allocated: 504.08 MB
Cached:    9.71 GB
>> Searching for hard negatives...
==> Epoch[1](7300/22064): Loss: 0.0042
Allocated: 504.62 MB
Cached:    9.73 GB
>> Searching for hard negatives...
==> Epoch[1](7350/22064): Loss: 0.0100
Allocated: 504.62 MB
Cached:    9.76 GB
>> Searching for hard negatives...
==> Epoch[1](7400/22064): Loss: 0.0180
Allocated: 503.40 MB
Cached:    9.76 GB
>> Searching for hard negatives...
==> Epoch[1](7450/22064): Loss: 0.0032
Allocated: 503.62 MB
Cached:    9.74 GB
>> Searching for hard negatives...
==> Epoch[1](7500/22064): Loss: 0.0059
Allocated: 503.62 MB
Cached:    9.74 GB
>> Searching for hard negatives...
==> Epoch[1](7550/22064): Loss: 0.0096
Allocated: 503.62 MB
Cached:    9.73 GB
>> Searching for hard negatives...
==> Epoch[1](7600/22064): Loss: 0.0104
Allocated: 504.62 MB
Cached:    9.72 GB
>> Searching for hard negatives...
==> Epoch[1](7650/22064): Loss: 0.0039
Allocated: 503.19 MB
Cached:    9.72 GB
>> Searching for hard negatives...
==> Epoch[1](7700/22064): Loss: 0.0102
Allocated: 504.62 MB
Cached:    9.74 GB
>> Searching for hard negatives...
==> Epoch[1](7750/22064): Loss: 0.0201
Allocated: 503.40 MB
Cached:    9.72 GB
>> Searching for hard negatives...
==> Epoch[1](7800/22064): Loss: 0.0134
Allocated: 503.62 MB
Cached:    9.73 GB
>> Searching for hard negatives...
==> Epoch[1](7850/22064): Loss: 0.0015
Allocated: 504.62 MB
Cached:    9.73 GB
>> Searching for hard negatives...
==> Epoch[1](7900/22064): Loss: 0.0024
Allocated: 504.37 MB
Cached:    9.71 GB
>> Searching for hard negatives...
==> Epoch[1](7950/22064): Loss: 0.0066
Allocated: 503.34 MB
Cached:    9.73 GB
>> Searching for hard negatives...
==> Epoch[1](8000/22064): Loss: 0.0040
Allocated: 503.62 MB
Cached:    9.74 GB
>> Searching for hard negatives...
==> Epoch[1](8050/22064): Loss: 0.0441
Allocated: 503.62 MB
Cached:    9.73 GB
>> Searching for hard negatives...
==> Epoch[1](8100/22064): Loss: 0.0131
Allocated: 503.19 MB
Cached:    9.74 GB
>> Searching for hard negatives...
==> Epoch[1](8150/22064): Loss: 0.0041
Allocated: 504.62 MB
Cached:    9.73 GB
>> Searching for hard negatives...
==> Epoch[1](8200/22064): Loss: 0.0271
Allocated: 503.19 MB
Cached:    9.76 GB
>> Searching for hard negatives...
==> Epoch[1](8250/22064): Loss: 0.0226
Allocated: 502.97 MB
Cached:    9.74 GB
>> Searching for hard negatives...
==> Epoch[1](8300/22064): Loss: 0.0210
Allocated: 504.08 MB
Cached:    9.74 GB
>> Searching for hard negatives...
==> Epoch[1](8350/22064): Loss: 0.0279
Allocated: 503.40 MB
Cached:    9.72 GB
>> Searching for hard negatives...
==> Epoch[1](8400/22064): Loss: 0.0415
Allocated: 503.40 MB
Cached:    9.72 GB
>> Searching for hard negatives...
==> Epoch[1](8450/22064): Loss: 0.0039
Allocated: 503.40 MB
Cached:    9.73 GB
>> Searching for hard negatives...
==> Epoch[1](8500/22064): Loss: 0.0100
Allocated: 502.97 MB
Cached:    9.73 GB
>> Searching for hard negatives...
==> Epoch[1](8550/22064): Loss: 0.0465
Allocated: 502.53 MB
Cached:    9.73 GB
>> Searching for hard negatives...
==> Epoch[1](8600/22064): Loss: 0.0042
Allocated: 503.19 MB
Cached:    9.73 GB
>> Searching for hard negatives...
==> Epoch[1](8650/22064): Loss: 0.0194
Allocated: 503.40 MB
Cached:    9.73 GB
>> Searching for hard negatives...
==> Epoch[1](8700/22064): Loss: 0.0211
Allocated: 503.40 MB
Cached:    9.74 GB
>> Searching for hard negatives...
==> Epoch[1](8750/22064): Loss: 0.0224
Allocated: 503.40 MB
Cached:    9.72 GB
>> Searching for hard negatives...
==> Epoch[1](8800/22064): Loss: 0.0000
Allocated: 503.19 MB
Cached:    9.73 GB
>> Searching for hard negatives...
==> Epoch[1](8850/22064): Loss: 0.0076
Allocated: 503.19 MB
Cached:    9.73 GB
>> Searching for hard negatives...
==> Epoch[1](8900/22064): Loss: 0.0180
Allocated: 503.40 MB
Cached:    9.73 GB
>> Searching for hard negatives...
==> Epoch[1](8950/22064): Loss: 0.0000
Allocated: 502.75 MB
Cached:    9.74 GB
>> Searching for hard negatives...
==> Epoch[1](9000/22064): Loss: 0.0024
Allocated: 503.40 MB
Cached:    9.72 GB
>> Searching for hard negatives...
==> Epoch[1](9050/22064): Loss: 0.0016
Allocated: 502.97 MB
Cached:    9.73 GB
>> Searching for hard negatives...
==> Epoch[1](9100/22064): Loss: 0.0262
Allocated: 503.40 MB
Cached:    9.73 GB
>> Searching for hard negatives...
==> Epoch[1](9150/22064): Loss: 0.0158
Allocated: 502.75 MB
Cached:    9.74 GB
>> Searching for hard negatives...
==> Epoch[1](9200/22064): Loss: 0.0046
Allocated: 503.40 MB
Cached:    9.74 GB
>> Searching for hard negatives...
==> Epoch[1](9250/22064): Loss: 0.0007
Allocated: 503.40 MB
Cached:    9.72 GB
>> Searching for hard negatives...
==> Epoch[1](9300/22064): Loss: 0.0025
Allocated: 503.62 MB
Cached:    9.73 GB
>> Searching for hard negatives...
==> Epoch[1](9350/22064): Loss: 0.0125
Allocated: 503.40 MB
Cached:    9.73 GB
>> Searching for hard negatives...
==> Epoch[1](9400/22064): Loss: 0.0003
Allocated: 503.19 MB
Cached:    9.72 GB
>> Searching for hard negatives...
==> Epoch[1](9450/22064): Loss: 0.0006
Allocated: 503.40 MB
Cached:    9.72 GB
>> Searching for hard negatives...
==> Epoch[1](9500/22064): Loss: 0.0131
Allocated: 503.19 MB
Cached:    9.74 GB
>> Searching for hard negatives...
==> Epoch[1](9550/22064): Loss: 0.0056
Allocated: 502.97 MB
Cached:    9.72 GB
>> Searching for hard negatives...
==> Epoch[1](9600/22064): Loss: 0.0193
Allocated: 503.19 MB
Cached:    9.72 GB
>> Searching for hard negatives...
==> Epoch[1](9650/22064): Loss: 0.0015
Allocated: 503.40 MB
Cached:    9.73 GB
>> Searching for hard negatives...
==> Epoch[1](9700/22064): Loss: 0.0019
Allocated: 503.62 MB
Cached:    9.74 GB
>> Searching for hard negatives...
==> Epoch[1](9750/22064): Loss: 0.0044
Allocated: 503.62 MB
Cached:    9.72 GB
>> Searching for hard negatives...
==> Epoch[1](9800/22064): Loss: 0.0051
Allocated: 503.19 MB
Cached:    9.73 GB
>> Searching for hard negatives...
==> Epoch[1](9850/22064): Loss: 0.0020
Allocated: 503.40 MB
Cached:    9.73 GB
>> Searching for hard negatives...
==> Epoch[1](9900/22064): Loss: 0.0206
Allocated: 503.19 MB
Cached:    9.73 GB
>> Searching for hard negatives...
==> Epoch[1](9950/22064): Loss: 0.0012
Allocated: 502.97 MB
Cached:    9.73 GB
>> Searching for hard negatives...
==> Epoch[1](10000/22064): Loss: 0.0106
Allocated: 503.40 MB
Cached:    9.73 GB
>> Searching for hard negatives...
==> Epoch[1](10050/22064): Loss: 0.0011
Allocated: 502.75 MB
Cached:    9.74 GB
>> Searching for hard negatives...
==> Epoch[1](10100/22064): Loss: 0.0176
Allocated: 503.19 MB
Cached:    9.74 GB
>> Searching for hard negatives...
==> Epoch[1](10150/22064): Loss: 0.0290
Allocated: 503.19 MB
Cached:    9.73 GB
>> Searching for hard negatives...
==> Epoch[1](10200/22064): Loss: 0.0081
Allocated: 503.40 MB
Cached:    9.74 GB
>> Searching for hard negatives...
==> Epoch[1](10250/22064): Loss: 0.0026
Allocated: 502.97 MB
Cached:    9.73 GB
>> Searching for hard negatives...
==> Epoch[1](10300/22064): Loss: 0.0029
Allocated: 504.08 MB
Cached:    9.73 GB
>> Searching for hard negatives...
==> Epoch[1](10350/22064): Loss: 0.0059
Allocated: 503.62 MB
Cached:    9.73 GB
>> Searching for hard negatives...
==> Epoch[1](10400/22064): Loss: 0.0056
Allocated: 503.19 MB
Cached:    9.73 GB
>> Searching for hard negatives...
==> Epoch[1](10450/22064): Loss: 0.0180
Allocated: 503.19 MB
Cached:    9.72 GB
>> Searching for hard negatives...
==> Epoch[1](10500/22064): Loss: 0.0112
Allocated: 504.08 MB
Cached:    9.74 GB
>> Searching for hard negatives...
==> Epoch[1](10550/22064): Loss: 0.0294
Allocated: 503.19 MB
Cached:    9.73 GB
>> Searching for hard negatives...
==> Epoch[1](10600/22064): Loss: 0.0065
Allocated: 504.08 MB
Cached:    9.73 GB
>> Searching for hard negatives...
==> Epoch[1](10650/22064): Loss: 0.0529
Allocated: 503.40 MB
Cached:    9.73 GB
>> Searching for hard negatives...
==> Epoch[1](10700/22064): Loss: 0.0066
Allocated: 503.62 MB
Cached:    9.74 GB
>> Searching for hard negatives...
==> Epoch[1](10750/22064): Loss: 0.0057
Allocated: 502.97 MB
Cached:    9.74 GB
>> Searching for hard negatives...
==> Epoch[1](10800/22064): Loss: 0.0234
Allocated: 503.40 MB
Cached:    9.73 GB
>> Searching for hard negatives...
==> Epoch[1](10850/22064): Loss: 0.0033
Allocated: 503.19 MB
Cached:    9.73 GB
>> Searching for hard negatives...
==> Epoch[1](10900/22064): Loss: 0.0030
Allocated: 503.40 MB
Cached:    9.72 GB
>> Searching for hard negatives...
==> Epoch[1](10950/22064): Loss: 0.0182
Allocated: 503.62 MB
Cached:    9.73 GB
>> Searching for hard negatives...
==> Epoch[1](11000/22064): Loss: 0.0216
Allocated: 502.75 MB
Cached:    9.74 GB
>> Searching for hard negatives...
==> Epoch[1](11050/22064): Loss: 0.0019
Allocated: 503.40 MB
Cached:    9.72 GB
>> Searching for hard negatives...
==> Epoch[1](11100/22064): Loss: 0.0127
Allocated: 503.19 MB
Cached:    9.73 GB
>> Searching for hard negatives...
==> Epoch[1](11150/22064): Loss: 0.0135
Allocated: 503.40 MB
Cached:    9.74 GB
>> Searching for hard negatives...
==> Epoch[1](11200/22064): Loss: 0.0072
Allocated: 503.40 MB
Cached:    9.73 GB
>> Searching for hard negatives...
==> Epoch[1](11250/22064): Loss: 0.0024
Allocated: 503.62 MB
Cached:    9.73 GB
>> Searching for hard negatives...
==> Epoch[1](11300/22064): Loss: 0.0154
Allocated: 503.40 MB
Cached:    9.73 GB
>> Searching for hard negatives...
==> Epoch[1](11350/22064): Loss: 0.0090
Allocated: 503.40 MB
Cached:    9.74 GB
>> Searching for hard negatives...
==> Epoch[1](11400/22064): Loss: 0.0051
Allocated: 503.62 MB
Cached:    9.73 GB
>> Searching for hard negatives...
==> Epoch[1](11450/22064): Loss: 0.0008
Allocated: 503.40 MB
Cached:    9.72 GB
>> Searching for hard negatives...
==> Epoch[1](11500/22064): Loss: 0.0042
Allocated: 503.40 MB
Cached:    9.73 GB
>> Searching for hard negatives...
==> Epoch[1](11550/22064): Loss: 0.0140
Allocated: 502.97 MB
Cached:    9.73 GB
>> Searching for hard negatives...
==> Epoch[1](11600/22064): Loss: 0.0010
Allocated: 503.19 MB
Cached:    9.72 GB
>> Searching for hard negatives...
==> Epoch[1](11650/22064): Loss: 0.0003
Allocated: 504.08 MB
Cached:    9.74 GB
>> Searching for hard negatives...
==> Epoch[1](11700/22064): Loss: 0.0081
Allocated: 503.19 MB
Cached:    9.73 GB
>> Searching for hard negatives...
==> Epoch[1](11750/22064): Loss: 0.0000
Allocated: 504.08 MB
Cached:    9.73 GB
>> Searching for hard negatives...
==> Epoch[1](11800/22064): Loss: 0.0018
Allocated: 503.40 MB
Cached:    9.74 GB
>> Searching for hard negatives...
==> Epoch[1](11850/22064): Loss: 0.0002
Allocated: 503.19 MB
Cached:    9.74 GB
>> Searching for hard negatives...
==> Epoch[1](11900/22064): Loss: 0.0161
Allocated: 503.40 MB
Cached:    9.73 GB
>> Searching for hard negatives...
==> Epoch[1](11950/22064): Loss: 0.0000
Allocated: 503.62 MB
Cached:    9.72 GB
>> Searching for hard negatives...
==> Epoch[1](12000/22064): Loss: 0.0062
Allocated: 502.97 MB
Cached:    9.73 GB
>> Searching for hard negatives...
==> Epoch[1](12050/22064): Loss: 0.0000
Allocated: 503.40 MB
Cached:    9.73 GB
>> Searching for hard negatives...
==> Epoch[1](12100/22064): Loss: 0.0334
Allocated: 503.40 MB
Cached:    9.73 GB
>> Searching for hard negatives...
==> Epoch[1](12150/22064): Loss: 0.0083
Allocated: 503.19 MB
Cached:    9.73 GB
>> Searching for hard negatives...
==> Epoch[1](12200/22064): Loss: 0.0021
Allocated: 504.08 MB
Cached:    9.73 GB
>> Searching for hard negatives...
==> Epoch[1](12250/22064): Loss: 0.0017
Allocated: 503.19 MB
Cached:    9.73 GB
>> Searching for hard negatives...
==> Epoch[1](12300/22064): Loss: 0.0039
Allocated: 504.08 MB
Cached:    9.72 GB
>> Searching for hard negatives...
==> Epoch[1](12350/22064): Loss: 0.0043
Allocated: 503.19 MB
Cached:    9.72 GB
>> Searching for hard negatives...
==> Epoch[1](12400/22064): Loss: 0.0099
Allocated: 503.40 MB
Cached:    9.74 GB
>> Searching for hard negatives...
==> Epoch[1](12450/22064): Loss: 0.0278
Allocated: 503.40 MB
Cached:    9.73 GB
>> Searching for hard negatives...
==> Epoch[1](12500/22064): Loss: 0.0151
Allocated: 503.40 MB
Cached:    9.74 GB
>> Searching for hard negatives...
==> Epoch[1](12550/22064): Loss: 0.0143
Allocated: 503.40 MB
Cached:    9.73 GB
>> Searching for hard negatives...
==> Epoch[1](12600/22064): Loss: 0.0023
Allocated: 503.19 MB
Cached:    9.74 GB
>> Searching for hard negatives...
==> Epoch[1](12650/22064): Loss: 0.0124
Allocated: 504.08 MB
Cached:    9.73 GB
>> Searching for hard negatives...
==> Epoch[1](12700/22064): Loss: 0.0135
Allocated: 502.97 MB
Cached:    9.73 GB
>> Searching for hard negatives...
==> Epoch[1](12750/22064): Loss: 0.0105
Allocated: 504.08 MB
Cached:    9.73 GB
>> Searching for hard negatives...
==> Epoch[1](12800/22064): Loss: 0.0000
Allocated: 503.19 MB
Cached:    9.74 GB
>> Searching for hard negatives...
==> Epoch[1](12850/22064): Loss: 0.0168
Allocated: 503.40 MB
Cached:    9.74 GB
>> Searching for hard negatives...
==> Epoch[1](12900/22064): Loss: 0.0058
Allocated: 503.40 MB
Cached:    9.73 GB
>> Searching for hard negatives...
==> Epoch[1](12950/22064): Loss: 0.0181
Allocated: 503.62 MB
Cached:    9.75 GB
>> Searching for hard negatives...
==> Epoch[1](13000/22064): Loss: 0.0159
Allocated: 503.62 MB
Cached:    9.73 GB
>> Searching for hard negatives...
==> Epoch[1](13050/22064): Loss: 0.0050
Allocated: 503.62 MB
Cached:    9.74 GB
>> Searching for hard negatives...
==> Epoch[1](13100/22064): Loss: 0.0055
Allocated: 503.62 MB
Cached:    9.72 GB
>> Searching for hard negatives...
==> Epoch[1](13150/22064): Loss: 0.0116
Allocated: 503.19 MB
Cached:    9.73 GB
>> Searching for hard negatives...
==> Epoch[1](13200/22064): Loss: 0.0075
Allocated: 502.97 MB
Cached:    9.73 GB
>> Searching for hard negatives...
==> Epoch[1](13250/22064): Loss: 0.0018
Allocated: 503.40 MB
Cached:    9.73 GB
>> Searching for hard negatives...
==> Epoch[1](13300/22064): Loss: 0.0037
Allocated: 503.19 MB
Cached:    9.74 GB
>> Searching for hard negatives...
==> Epoch[1](13350/22064): Loss: 0.0172
Allocated: 503.40 MB
Cached:    9.74 GB
>> Searching for hard negatives...
==> Epoch[1](13400/22064): Loss: 0.0009
Allocated: 502.34 MB
Cached:    9.73 GB
>> Searching for hard negatives...
==> Epoch[1](13450/22064): Loss: 0.0017
Allocated: 503.62 MB
Cached:    9.74 GB
>> Searching for hard negatives...
==> Epoch[1](13500/22064): Loss: 0.0000
Allocated: 503.62 MB
Cached:    9.72 GB
>> Searching for hard negatives...
==> Epoch[1](13550/22064): Loss: 0.0009
Allocated: 503.40 MB
Cached:    9.73 GB
>> Searching for hard negatives...
==> Epoch[1](13600/22064): Loss: 0.0074
Allocated: 503.40 MB
Cached:    9.73 GB
>> Searching for hard negatives...
==> Epoch[1](13650/22064): Loss: 0.0182
Allocated: 503.62 MB
Cached:    9.73 GB
>> Searching for hard negatives...
==> Epoch[1](13700/22064): Loss: 0.0049
Allocated: 503.62 MB
Cached:    9.73 GB
>> Searching for hard negatives...
==> Epoch[1](13750/22064): Loss: 0.0089
Allocated: 502.97 MB
Cached:    9.74 GB
>> Searching for hard negatives...
==> Epoch[1](13800/22064): Loss: 0.0076
Allocated: 504.08 MB
Cached:    9.73 GB
>> Searching for hard negatives...
==> Epoch[1](13850/22064): Loss: 0.0000
Allocated: 503.62 MB
Cached:    9.74 GB
>> Searching for hard negatives...
==> Epoch[1](13900/22064): Loss: 0.0024
Allocated: 503.62 MB
Cached:    9.73 GB
>> Searching for hard negatives...
==> Epoch[1](13950/22064): Loss: 0.0035
Allocated: 503.62 MB
Cached:    9.73 GB
>> Searching for hard negatives...
==> Epoch[1](14000/22064): Loss: 0.0123
Allocated: 503.40 MB
Cached:    9.73 GB
>> Searching for hard negatives...
==> Epoch[1](14050/22064): Loss: 0.0117
Allocated: 503.62 MB
Cached:    9.73 GB
>> Searching for hard negatives...
==> Epoch[1](14100/22064): Loss: 0.0029
Allocated: 503.62 MB
Cached:    9.73 GB
>> Searching for hard negatives...
==> Epoch[1](14150/22064): Loss: 0.0065
Allocated: 502.97 MB
Cached:    9.74 GB
>> Searching for hard negatives...
==> Epoch[1](14200/22064): Loss: 0.0015
Allocated: 504.08 MB
Cached:    9.73 GB
>> Searching for hard negatives...
==> Epoch[1](14250/22064): Loss: 0.0000
Allocated: 503.62 MB
Cached:    9.72 GB
>> Searching for hard negatives...
==> Epoch[1](14300/22064): Loss: 0.0010
Allocated: 503.40 MB
Cached:    9.73 GB
>> Searching for hard negatives...
==> Epoch[1](14350/22064): Loss: 0.0062
Allocated: 503.62 MB
Cached:    9.73 GB
>> Searching for hard negatives...
==> Epoch[1](14400/22064): Loss: 0.0065
Allocated: 503.40 MB
Cached:    9.73 GB
>> Searching for hard negatives...
==> Epoch[1](14450/22064): Loss: 0.0099
Allocated: 503.62 MB
Cached:    9.73 GB
>> Searching for hard negatives...
==> Epoch[1](14500/22064): Loss: 0.0000
Allocated: 503.19 MB
Cached:    9.73 GB
>> Searching for hard negatives...
==> Epoch[1](14550/22064): Loss: 0.0060
Allocated: 502.97 MB
Cached:    9.73 GB
>> Searching for hard negatives...
==> Epoch[1](14600/22064): Loss: 0.0200
Allocated: 503.40 MB
Cached:    9.73 GB
>> Searching for hard negatives...
==> Epoch[1](14650/22064): Loss: 0.0012
Allocated: 503.40 MB
Cached:    9.73 GB
>> Searching for hard negatives...
==> Epoch[1](14700/22064): Loss: 0.0024
Allocated: 503.62 MB
Cached:    9.73 GB
>> Searching for hard negatives...
==> Epoch[1](14750/22064): Loss: 0.0112
Allocated: 503.62 MB
Cached:    9.72 GB
>> Searching for hard negatives...
==> Epoch[1](14800/22064): Loss: 0.0023
Allocated: 503.40 MB
Cached:    9.73 GB
>> Searching for hard negatives...
==> Epoch[1](14850/22064): Loss: 0.0189
Allocated: 503.62 MB
Cached:    9.73 GB
>> Searching for hard negatives...
==> Epoch[1](14900/22064): Loss: 0.0021
Allocated: 503.19 MB
Cached:    9.74 GB
>> Searching for hard negatives...
==> Epoch[1](14950/22064): Loss: 0.0064
Allocated: 503.19 MB
Cached:    9.72 GB
>> Searching for hard negatives...
==> Epoch[1](15000/22064): Loss: 0.0160
Allocated: 504.08 MB
Cached:    9.73 GB
>> Searching for hard negatives...
==> Epoch[1](15050/22064): Loss: 0.0080
Allocated: 503.40 MB
Cached:    9.74 GB
>> Searching for hard negatives...
==> Epoch[1](15100/22064): Loss: 0.0000
Allocated: 503.40 MB
Cached:    9.73 GB
>> Searching for hard negatives...
==> Epoch[1](15150/22064): Loss: 0.0468
Allocated: 503.62 MB
Cached:    9.73 GB
>> Searching for hard negatives...
==> Epoch[1](15200/22064): Loss: 0.0184
Allocated: 503.40 MB
Cached:    9.74 GB
>> Searching for hard negatives...
==> Epoch[1](15250/22064): Loss: 0.0024
Allocated: 503.40 MB
Cached:    9.73 GB
>> Searching for hard negatives...
==> Epoch[1](15300/22064): Loss: 0.0000
Allocated: 503.62 MB
Cached:    9.73 GB
>> Searching for hard negatives...
==> Epoch[1](15350/22064): Loss: 0.0066
Allocated: 503.19 MB
Cached:    9.72 GB
>> Searching for hard negatives...
==> Epoch[1](15400/22064): Loss: 0.0094
Allocated: 503.40 MB
Cached:    9.74 GB
>> Searching for hard negatives...
==> Epoch[1](15450/22064): Loss: 0.0119
Allocated: 503.40 MB
Cached:    9.72 GB
>> Searching for hard negatives...
==> Epoch[1](15500/22064): Loss: 0.0001
Allocated: 503.40 MB
Cached:    9.74 GB
>> Searching for hard negatives...
==> Epoch[1](15550/22064): Loss: 0.0002
Allocated: 503.62 MB
Cached:    9.74 GB
>> Searching for hard negatives...
==> Epoch[1](15600/22064): Loss: 0.0061
Allocated: 503.40 MB
Cached:    9.73 GB
>> Searching for hard negatives...
==> Epoch[1](15650/22064): Loss: 0.0174
Allocated: 503.62 MB
Cached:    9.73 GB
>> Searching for hard negatives...
==> Epoch[1](15700/22064): Loss: 0.0026
Allocated: 503.40 MB
Cached:    9.73 GB
>> Searching for hard negatives...
==> Epoch[1](15750/22064): Loss: 0.0012
Allocated: 503.62 MB
Cached:    9.74 GB
>> Searching for hard negatives...
==> Epoch[1](15800/22064): Loss: 0.0028
Allocated: 503.62 MB
Cached:    9.75 GB
>> Searching for hard negatives...
==> Epoch[1](15850/22064): Loss: 0.0125
Allocated: 503.40 MB
Cached:    9.74 GB
>> Searching for hard negatives...
==> Epoch[1](15900/22064): Loss: 0.0072
Allocated: 503.19 MB
Cached:    9.73 GB
>> Searching for hard negatives...
==> Epoch[1](15950/22064): Loss: 0.0000
Allocated: 504.08 MB
Cached:    9.71 GB
>> Searching for hard negatives...
==> Epoch[1](16000/22064): Loss: 0.0025
Allocated: 503.40 MB
Cached:    9.73 GB
>> Searching for hard negatives...
==> Epoch[1](16050/22064): Loss: 0.0007
Allocated: 502.97 MB
Cached:    9.73 GB
>> Searching for hard negatives...
==> Epoch[1](16100/22064): Loss: 0.0000
Allocated: 503.19 MB
Cached:    9.73 GB
>> Searching for hard negatives...
==> Epoch[1](16150/22064): Loss: 0.0195
Allocated: 504.08 MB
Cached:    9.72 GB
>> Searching for hard negatives...
==> Epoch[1](16200/22064): Loss: 0.0061
Allocated: 503.19 MB
Cached:    9.73 GB
>> Searching for hard negatives...
==> Epoch[1](16250/22064): Loss: 0.0015
Allocated: 503.19 MB
Cached:    9.73 GB
>> Searching for hard negatives...
==> Epoch[1](16300/22064): Loss: 0.0227
Allocated: 504.08 MB
Cached:    9.72 GB
>> Searching for hard negatives...
==> Epoch[1](16350/22064): Loss: 0.0107
Allocated: 503.40 MB
Cached:    9.73 GB
>> Searching for hard negatives...
==> Epoch[1](16400/22064): Loss: 0.0121
Allocated: 503.62 MB
Cached:    9.74 GB
>> Searching for hard negatives...
==> Epoch[1](16450/22064): Loss: 0.0012
Allocated: 503.19 MB
Cached:    9.74 GB
>> Searching for hard negatives...
==> Epoch[1](16500/22064): Loss: 0.0136
Allocated: 503.40 MB
Cached:    9.72 GB
>> Searching for hard negatives...
==> Epoch[1](16550/22064): Loss: 0.0033
Allocated: 503.62 MB
Cached:    9.74 GB
>> Searching for hard negatives...
==> Epoch[1](16600/22064): Loss: 0.0040
Allocated: 503.40 MB
Cached:    9.72 GB
>> Searching for hard negatives...
==> Epoch[1](16650/22064): Loss: 0.0002
Allocated: 503.40 MB
Cached:    9.73 GB
>> Searching for hard negatives...
==> Epoch[1](16700/22064): Loss: 0.0012
Allocated: 502.97 MB
Cached:    9.73 GB
>> Searching for hard negatives...
==> Epoch[1](16750/22064): Loss: 0.0008
Allocated: 503.40 MB
Cached:    9.72 GB
>> Searching for hard negatives...
==> Epoch[1](16800/22064): Loss: 0.0000
Allocated: 503.19 MB
Cached:    9.73 GB
>> Searching for hard negatives...
==> Epoch[1](16850/22064): Loss: 0.0091
Allocated: 503.40 MB
Cached:    9.73 GB
>> Searching for hard negatives...
==> Epoch[1](16900/22064): Loss: 0.0013
Allocated: 503.62 MB
Cached:    9.73 GB
>> Searching for hard negatives...
==> Epoch[1](16950/22064): Loss: 0.0042
Allocated: 503.40 MB
Cached:    9.74 GB
>> Searching for hard negatives...
==> Epoch[1](17000/22064): Loss: 0.0114
Allocated: 503.62 MB
Cached:    9.74 GB
>> Searching for hard negatives...
==> Epoch[1](17050/22064): Loss: 0.0018
Allocated: 503.40 MB
Cached:    9.74 GB
>> Searching for hard negatives...
==> Epoch[1](17100/22064): Loss: 0.0001
Allocated: 502.75 MB
Cached:    9.75 GB
>> Searching for hard negatives...
==> Epoch[1](17150/22064): Loss: 0.0095
Allocated: 504.08 MB
Cached:    9.74 GB
>> Searching for hard negatives...
==> Epoch[1](17200/22064): Loss: 0.0031
Allocated: 503.19 MB
Cached:    9.74 GB
>> Searching for hard negatives...
==> Epoch[1](17250/22064): Loss: 0.0351
Allocated: 502.97 MB
Cached:    9.73 GB
>> Searching for hard negatives...
==> Epoch[1](17300/22064): Loss: 0.0007
Allocated: 503.40 MB
Cached:    9.74 GB
>> Searching for hard negatives...
==> Epoch[1](17350/22064): Loss: 0.0038
Allocated: 503.62 MB
Cached:    9.73 GB
>> Searching for hard negatives...
==> Epoch[1](17400/22064): Loss: 0.0001
Allocated: 503.62 MB
Cached:    9.72 GB
>> Searching for hard negatives...
==> Epoch[1](17450/22064): Loss: 0.0000
Allocated: 503.62 MB
Cached:    9.73 GB
>> Searching for hard negatives...
==> Epoch[1](17500/22064): Loss: 0.0104
Allocated: 503.62 MB
Cached:    9.73 GB
>> Searching for hard negatives...
==> Epoch[1](17550/22064): Loss: 0.0000
Allocated: 503.19 MB
Cached:    9.73 GB
>> Searching for hard negatives...
==> Epoch[1](17600/22064): Loss: 0.0000
Allocated: 503.40 MB
Cached:    9.72 GB
>> Searching for hard negatives...
==> Epoch[1](17650/22064): Loss: 0.0128
Allocated: 503.40 MB
Cached:    9.73 GB
>> Searching for hard negatives...
==> Epoch[1](17700/22064): Loss: 0.0073
Allocated: 502.97 MB
Cached:    9.72 GB
>> Searching for hard negatives...
==> Epoch[1](17750/22064): Loss: 0.0060
Allocated: 503.19 MB
Cached:    9.74 GB
>> Searching for hard negatives...
==> Epoch[1](17800/22064): Loss: 0.0090
Allocated: 503.40 MB
Cached:    9.74 GB
>> Searching for hard negatives...
==> Epoch[1](17850/22064): Loss: 0.0043
Allocated: 503.40 MB
Cached:    9.74 GB
>> Searching for hard negatives...
==> Epoch[1](17900/22064): Loss: 0.0084
Allocated: 503.62 MB
Cached:    9.73 GB
>> Searching for hard negatives...
==> Epoch[1](17950/22064): Loss: 0.0004
Allocated: 503.19 MB
Cached:    9.73 GB
>> Searching for hard negatives...
==> Epoch[1](18000/22064): Loss: 0.0043
Allocated: 504.08 MB
Cached:    9.74 GB
>> Searching for hard negatives...
==> Epoch[1](18050/22064): Loss: 0.0000
Allocated: 503.19 MB
Cached:    9.73 GB
>> Searching for hard negatives...
==> Epoch[1](18100/22064): Loss: 0.0025
Allocated: 504.08 MB
Cached:    9.72 GB
>> Searching for hard negatives...
==> Epoch[1](18150/22064): Loss: 0.0000
Allocated: 503.62 MB
Cached:    9.74 GB
>> Searching for hard negatives...
==> Epoch[1](18200/22064): Loss: 0.0092
Allocated: 503.40 MB
Cached:    9.73 GB
>> Searching for hard negatives...
==> Epoch[1](18250/22064): Loss: 0.0028
Allocated: 503.40 MB
Cached:    9.74 GB
>> Searching for hard negatives...
==> Epoch[1](18300/22064): Loss: 0.0000
Allocated: 503.19 MB
Cached:    9.73 GB
>> Searching for hard negatives...
==> Epoch[1](18350/22064): Loss: 0.0190
Allocated: 504.08 MB
Cached:    9.72 GB
>> Searching for hard negatives...
==> Epoch[1](18400/22064): Loss: 0.0052
Allocated: 503.19 MB
Cached:    9.73 GB
>> Searching for hard negatives...
==> Epoch[1](18450/22064): Loss: 0.0007
Allocated: 503.40 MB
Cached:    9.73 GB
>> Searching for hard negatives...
==> Epoch[1](18500/22064): Loss: 0.0004
Allocated: 503.40 MB
Cached:    9.73 GB
>> Searching for hard negatives...
==> Epoch[1](18550/22064): Loss: 0.0009
Allocated: 503.19 MB
Cached:    9.73 GB
>> Searching for hard negatives...
==> Epoch[1](18600/22064): Loss: 0.0000
Allocated: 504.08 MB
Cached:    9.72 GB
>> Searching for hard negatives...
==> Epoch[1](18650/22064): Loss: 0.0049
Allocated: 503.40 MB
Cached:    9.73 GB
>> Searching for hard negatives...
==> Epoch[1](18700/22064): Loss: 0.0184
Allocated: 503.40 MB
Cached:    9.74 GB
>> Searching for hard negatives...
==> Epoch[1](18750/22064): Loss: 0.0072
Allocated: 502.75 MB
Cached:    9.73 GB
>> Searching for hard negatives...
==> Epoch[1](18800/22064): Loss: 0.0158
Allocated: 503.62 MB
Cached:    9.73 GB
>> Searching for hard negatives...
==> Epoch[1](18850/22064): Loss: 0.0011
Allocated: 502.97 MB
Cached:    9.74 GB
>> Searching for hard negatives...
==> Epoch[1](18900/22064): Loss: 0.0178
Allocated: 504.08 MB
Cached:    9.72 GB
>> Searching for hard negatives...
==> Epoch[1](18950/22064): Loss: 0.0000
Allocated: 503.40 MB
Cached:    9.73 GB
>> Searching for hard negatives...
==> Epoch[1](19000/22064): Loss: 0.0000
Allocated: 503.40 MB
Cached:    9.74 GB
>> Searching for hard negatives...
==> Epoch[1](19050/22064): Loss: 0.0000
Allocated: 503.19 MB
Cached:    9.73 GB
>> Searching for hard negatives...
==> Epoch[1](19100/22064): Loss: 0.0054
Allocated: 504.08 MB
Cached:    9.73 GB
>> Searching for hard negatives...
==> Epoch[1](19150/22064): Loss: 0.0080
Allocated: 503.40 MB
Cached:    9.74 GB
>> Searching for hard negatives...
==> Epoch[1](19200/22064): Loss: 0.0118
Allocated: 503.40 MB
Cached:    9.73 GB
>> Searching for hard negatives...
==> Epoch[1](19250/22064): Loss: 0.0123
Allocated: 503.40 MB
Cached:    9.74 GB
>> Searching for hard negatives...
==> Epoch[1](19300/22064): Loss: 0.0115
Allocated: 503.19 MB
Cached:    9.74 GB
>> Searching for hard negatives...
==> Epoch[1](19350/22064): Loss: 0.0111
Allocated: 503.19 MB
Cached:    9.72 GB
>> Searching for hard negatives...
==> Epoch[1](19400/22064): Loss: 0.0072
Allocated: 502.97 MB
Cached:    9.74 GB
>> Searching for hard negatives...
==> Epoch[1](19450/22064): Loss: 0.0150
Allocated: 504.08 MB
Cached:    9.73 GB
>> Searching for hard negatives...
==> Epoch[1](19500/22064): Loss: 0.0101
Allocated: 503.62 MB
Cached:    9.72 GB
>> Searching for hard negatives...
==> Epoch[1](19550/22064): Loss: 0.0102
Allocated: 503.40 MB
Cached:    9.73 GB
>> Searching for hard negatives...
==> Epoch[1](19600/22064): Loss: 0.0000
Allocated: 503.62 MB
Cached:    9.72 GB
>> Searching for hard negatives...
==> Epoch[1](19650/22064): Loss: 0.0084
Allocated: 503.40 MB
Cached:    9.73 GB
>> Searching for hard negatives...
==> Epoch[1](19700/22064): Loss: 0.0023
Allocated: 502.97 MB
Cached:    9.73 GB
>> Searching for hard negatives...
==> Epoch[1](19750/22064): Loss: 0.0007
Allocated: 503.19 MB
Cached:    9.73 GB
>> Searching for hard negatives...
==> Epoch[1](19800/22064): Loss: 0.0026
Allocated: 504.08 MB
Cached:    9.73 GB
>> Searching for hard negatives...
==> Epoch[1](19850/22064): Loss: 0.0079
Allocated: 503.62 MB
Cached:    9.73 GB
>> Searching for hard negatives...
==> Epoch[1](19900/22064): Loss: 0.0023
Allocated: 503.19 MB
Cached:    9.73 GB
>> Searching for hard negatives...
==> Epoch[1](19950/22064): Loss: 0.0022
Allocated: 504.08 MB
Cached:    9.73 GB
>> Searching for hard negatives...
==> Epoch[1](20000/22064): Loss: 0.0030
Allocated: 503.19 MB
Cached:    9.73 GB
>> Searching for hard negatives...
==> Epoch[1](20050/22064): Loss: 0.0117
Allocated: 504.08 MB
Cached:    9.73 GB
>> Searching for hard negatives...
==> Epoch[1](20100/22064): Loss: 0.0010
Allocated: 503.62 MB
Cached:    9.73 GB
>> Searching for hard negatives...
==> Epoch[1](20150/22064): Loss: 0.0000
Allocated: 503.40 MB
Cached:    9.73 GB
>> Searching for hard negatives...
==> Epoch[1](20200/22064): Loss: 0.0024
Allocated: 503.40 MB
Cached:    9.73 GB
>> Searching for hard negatives...
==> Epoch[1](20250/22064): Loss: 0.0005
Allocated: 503.40 MB
Cached:    9.73 GB
>> Searching for hard negatives...
==> Epoch[1](20300/22064): Loss: 0.0000
Allocated: 503.62 MB
Cached:    9.74 GB
>> Searching for hard negatives...
==> Epoch[1](20350/22064): Loss: 0.0214
Allocated: 502.97 MB
Cached:    9.74 GB
>> Searching for hard negatives...
==> Epoch[1](20400/22064): Loss: 0.0006
Allocated: 503.19 MB
Cached:    9.72 GB
>> Searching for hard negatives...
==> Epoch[1](20450/22064): Loss: 0.0005
Allocated: 503.40 MB
Cached:    9.74 GB
>> Searching for hard negatives...
==> Epoch[1](20500/22064): Loss: 0.0161
Allocated: 503.40 MB
Cached:    9.74 GB
>> Searching for hard negatives...
==> Epoch[1](20550/22064): Loss: 0.0035
Allocated: 502.97 MB
Cached:    9.73 GB
>> Searching for hard negatives...
==> Epoch[1](20600/22064): Loss: 0.0000
Allocated: 503.40 MB
Cached:    9.73 GB
>> Searching for hard negatives...
==> Epoch[1](20650/22064): Loss: 0.0114
Allocated: 503.19 MB
Cached:    9.72 GB
>> Searching for hard negatives...
==> Epoch[1](20700/22064): Loss: 0.0005
Allocated: 503.40 MB
Cached:    9.73 GB
>> Searching for hard negatives...
==> Epoch[1](20750/22064): Loss: 0.0022
Allocated: 503.62 MB
Cached:    9.74 GB
>> Searching for hard negatives...
==> Epoch[1](20800/22064): Loss: 0.0129
Allocated: 503.62 MB
Cached:    9.74 GB
>> Searching for hard negatives...
==> Epoch[1](20850/22064): Loss: 0.0021
Allocated: 503.62 MB
Cached:    9.73 GB
>> Searching for hard negatives...
==> Epoch[1](20900/22064): Loss: 0.0000
Allocated: 503.19 MB
Cached:    9.73 GB
>> Searching for hard negatives...
==> Epoch[1](20950/22064): Loss: 0.0356
Allocated: 503.40 MB
Cached:    9.73 GB
>> Searching for hard negatives...
==> Epoch[1](21000/22064): Loss: 0.0044
Allocated: 503.19 MB
Cached:    9.74 GB
>> Searching for hard negatives...
==> Epoch[1](21050/22064): Loss: 0.0016
Allocated: 503.40 MB
Cached:    9.72 GB
>> Searching for hard negatives...
==> Epoch[1](21100/22064): Loss: 0.0004
Allocated: 503.62 MB
Cached:    9.74 GB
>> Searching for hard negatives...
==> Epoch[1](21150/22064): Loss: 0.0316
Allocated: 503.40 MB
Cached:    9.73 GB
>> Searching for hard negatives...
==> Epoch[1](21200/22064): Loss: 0.0016
Allocated: 503.19 MB
Cached:    9.73 GB
>> Searching for hard negatives...
==> Epoch[1](21250/22064): Loss: 0.0153
Allocated: 503.40 MB
Cached:    9.72 GB
>> Searching for hard negatives...
==> Epoch[1](21300/22064): Loss: 0.0052
Allocated: 503.62 MB
Cached:    9.74 GB
>> Searching for hard negatives...
==> Epoch[1](21350/22064): Loss: 0.0000
Allocated: 503.19 MB
Cached:    9.73 GB
>> Searching for hard negatives...
==> Epoch[1](21400/22064): Loss: 0.0071
Allocated: 502.97 MB
Cached:    9.74 GB
>> Searching for hard negatives...
==> Epoch[1](21450/22064): Loss: 0.0000
Allocated: 503.40 MB
Cached:    9.73 GB
>> Searching for hard negatives...
==> Epoch[1](21500/22064): Loss: 0.0012
Allocated: 503.40 MB
Cached:    9.73 GB
>> Searching for hard negatives...
==> Epoch[1](21550/22064): Loss: 0.0041
Allocated: 503.62 MB
Cached:    9.73 GB
>> Searching for hard negatives...
==> Epoch[1](21600/22064): Loss: 0.0009
Allocated: 503.40 MB
Cached:    9.73 GB
>> Searching for hard negatives...
==> Epoch[1](21650/22064): Loss: 0.0011
Allocated: 503.62 MB
Cached:    9.74 GB
>> Searching for hard negatives...
==> Epoch[1](21700/22064): Loss: 0.0127
Allocated: 503.40 MB
Cached:    9.73 GB
>> Searching for hard negatives...
==> Epoch[1](21750/22064): Loss: 0.0060
Allocated: 503.40 MB
Cached:    9.73 GB
>> Searching for hard negatives...
==> Epoch[1](21800/22064): Loss: 0.0000
Allocated: 503.62 MB
Cached:    9.73 GB
>> Searching for hard negatives...
==> Epoch[1](21850/22064): Loss: 0.0012
Allocated: 503.62 MB
Cached:    9.72 GB
>> Searching for hard negatives...
