Tue May  7 10:40:39 EDT 2024
/home/m.maqboolbhutta/usman_ws/codes/patchnetvlad
/home/m.maqboolbhutta/.conda/envs/patchnetvlad/bin/python
Host: c1110a-s35
Other nodes: 
Starting  process(es) on each node...
==========Starting Training=============
Saving checkpoints at /home/m.maqboolbhutta/usman_ws/models/patchnetvlad/graphvlad-triplet-lr0.01-07-May
========================================
Namespace(cache_path='/home/m.maqboolbhutta/usman_ws/datasets/netvlad-official/', cluster_path='/home/m.maqboolbhutta/usman_ws/datasets/netvlad-official/centroids/vgg16_mapillary_16_desc_cen.hdf5', config_path='patchnetvlad/configs/train-slurm.ini', dataset_root_dir='/home/m.maqboolbhutta/usman_ws/datasets/mapillary_sls/', esp_encoder='/home/m.maqboolbhutta/usman_ws/datasets/netvlad-official/espnet-encoder/espnet_p_2_q_8.pth', identifier='mapillary_nopanos', loss='triplet', method='graphvlad', nEpochs=5, nocuda=False, resume_path='/home/m.maqboolbhutta/usman_ws/models/patchnetvlad/graphvlad-triplet-lr0.01-30-Apr/Apr30_23-29-01_mapillary_nopanos/checkpoints/checkpoint_epoch2.pth.tar', save_every_epoch=True, save_path='/home/m.maqboolbhutta/usman_ws/models/patchnetvlad/graphvlad-triplet-lr0.01-07-May', start_epoch=0, threads=6, vd16_offtheshelf_path='/home/m.maqboolbhutta/usman_ws/datasets/netvlad-official/vd16_offtheshelf_conv5_3_max.pth')
===> Building model
=> loading checkpoint '/home/m.maqboolbhutta/usman_ws/models/patchnetvlad/graphvlad-triplet-lr0.01-30-Apr/Apr30_23-29-01_mapillary_nopanos/checkpoints/checkpoint_epoch2.pth.tar'
===> Loading segmentation model
Encoder loaded!
Creating model graphvlad
=> loaded checkpoint '/home/m.maqboolbhutta/usman_ws/models/patchnetvlad/graphvlad-triplet-lr0.01-30-Apr/Apr30_23-29-01_mapillary_nopanos/checkpoints/checkpoint_epoch2.pth.tar'
===> Loading dataset(s)
Exclude panoramas: True
=====> trondheim
=====> london
=====> boston
=====> melbourne
=====> amsterdam
=====> helsinki
=====> tokyo
=====> toronto
=====> saopaulo
=====> moscow
=====> zurich
=====> paris
=====> bangkok
=====> budapest
=====> austin
=====> berlin
=====> ottawa
=====> phoenix
=====> goa
=====> amman
=====> nairobi
=====> manila
#Sideways [21262/441280]; #Night; [4666/441280]
Forward and Day weighted with 1.0000
Forward and Night weighted with 95.5735
Sideways and Day weighted with 21.7544
Sideways and Night weighted with 116.3279
Exclude panoramas: True
=====> cph
=====> sf
===> Training query set: 441280
===> Evaluating on val set, query count: 740
===> Training model
>> Searching for hard negatives...
>> Searching for hard negatives...
>> Searching for hard negatives...
>> Searching for hard negatives...
>> Searching for hard negatives...
==> Epoch[3](50/4012): Loss: 0.0000
Allocated: 424.59 MB
Cached:    48.24 GB
>> Searching for hard negatives...
>> Searching for hard negatives...
>> Searching for hard negatives...
>> Searching for hard negatives...
>> Searching for hard negatives...
==> Epoch[3](100/4012): Loss: 0.0003
Allocated: 424.59 MB
Cached:    49.22 GB
>> Searching for hard negatives...
>> Searching for hard negatives...
>> Searching for hard negatives...
>> Searching for hard negatives...
>> Searching for hard negatives...
==> Epoch[3](150/4012): Loss: 0.0004
Allocated: 424.59 MB
Cached:    48.76 GB
>> Searching for hard negatives...
>> Searching for hard negatives...
>> Searching for hard negatives...
>> Searching for hard negatives...
>> Searching for hard negatives...
==> Epoch[3](200/4012): Loss: 0.0000
Allocated: 424.59 MB
Cached:    48.76 GB
>> Searching for hard negatives...
>> Searching for hard negatives...
>> Searching for hard negatives...
>> Searching for hard negatives...
>> Searching for hard negatives...
==> Epoch[3](250/4012): Loss: 0.0033
Allocated: 422.08 MB
Cached:    49.22 GB
>> Searching for hard negatives...
>> Searching for hard negatives...
>> Searching for hard negatives...
>> Searching for hard negatives...
>> Searching for hard negatives...
==> Epoch[3](300/4012): Loss: 0.0000
Allocated: 424.59 MB
Cached:    49.27 GB
>> Searching for hard negatives...
>> Searching for hard negatives...
>> Searching for hard negatives...
>> Searching for hard negatives...
>> Searching for hard negatives...
==> Epoch[3](350/4012): Loss: 0.0081
Allocated: 421.75 MB
Cached:    49.22 GB
>> Searching for hard negatives...
>> Searching for hard negatives...
>> Searching for hard negatives...
>> Searching for hard negatives...
>> Searching for hard negatives...
==> Epoch[3](400/4012): Loss: 0.0189
Allocated: 424.59 MB
Cached:    49.22 GB
>> Searching for hard negatives...
>> Searching for hard negatives...
>> Searching for hard negatives...
>> Searching for hard negatives...
>> Searching for hard negatives...
==> Epoch[3](450/4012): Loss: 0.0000
Allocated: 422.08 MB
Cached:    49.24 GB
>> Searching for hard negatives...
>> Searching for hard negatives...
>> Searching for hard negatives...
>> Searching for hard negatives...
>> Searching for hard negatives...
==> Epoch[3](500/4012): Loss: 0.0012
Allocated: 424.59 MB
Cached:    49.21 GB
>> Searching for hard negatives...
>> Searching for hard negatives...
>> Searching for hard negatives...
>> Searching for hard negatives...
>> Searching for hard negatives...
==> Epoch[3](550/4012): Loss: 0.0000
Allocated: 424.59 MB
Cached:    48.76 GB
>> Searching for hard negatives...
>> Searching for hard negatives...
>> Searching for hard negatives...
>> Searching for hard negatives...
>> Searching for hard negatives...
==> Epoch[3](600/4012): Loss: 0.0037
Allocated: 424.59 MB
Cached:    48.77 GB
>> Searching for hard negatives...
>> Searching for hard negatives...
>> Searching for hard negatives...
>> Searching for hard negatives...
>> Searching for hard negatives...
==> Epoch[3](650/4012): Loss: 0.0011
Allocated: 424.59 MB
Cached:    48.76 GB
>> Searching for hard negatives...
>> Searching for hard negatives...
>> Searching for hard negatives...
>> Searching for hard negatives...
>> Searching for hard negatives...
==> Epoch[3](700/4012): Loss: 0.0000
Allocated: 424.59 MB
Cached:    48.77 GB
>> Searching for hard negatives...
>> Searching for hard negatives...
>> Searching for hard negatives...
>> Searching for hard negatives...
>> Searching for hard negatives...
==> Epoch[3](750/4012): Loss: 0.0000
Allocated: 424.59 MB
Cached:    49.22 GB
>> Searching for hard negatives...
>> Searching for hard negatives...
>> Searching for hard negatives...
>> Searching for hard negatives...
>> Searching for hard negatives...
==> Epoch[3](800/4012): Loss: 0.0072
Allocated: 424.59 MB
Cached:    49.21 GB
>> Searching for hard negatives...
>> Searching for hard negatives...
>> Searching for hard negatives...
>> Searching for hard negatives...
>> Searching for hard negatives...
==> Epoch[3](850/4012): Loss: 0.0000
Allocated: 424.59 MB
Cached:    48.75 GB
>> Searching for hard negatives...
>> Searching for hard negatives...
>> Searching for hard negatives...
>> Searching for hard negatives...
>> Searching for hard negatives...
==> Epoch[3](900/4012): Loss: 0.0046
Allocated: 424.59 MB
Cached:    49.22 GB
>> Searching for hard negatives...
>> Searching for hard negatives...
>> Searching for hard negatives...
>> Searching for hard negatives...
>> Searching for hard negatives...
==> Epoch[3](950/4012): Loss: 0.0010
Allocated: 424.59 MB
Cached:    48.75 GB
>> Searching for hard negatives...
>> Searching for hard negatives...
>> Searching for hard negatives...
>> Searching for hard negatives...
>> Searching for hard negatives...
==> Epoch[3](1000/4012): Loss: 0.0037
Allocated: 422.19 MB
Cached:    48.80 GB
>> Searching for hard negatives...
>> Searching for hard negatives...
>> Searching for hard negatives...
>> Searching for hard negatives...
>> Searching for hard negatives...
==> Epoch[3](1050/4012): Loss: 0.0000
Allocated: 424.59 MB
Cached:    48.77 GB
>> Searching for hard negatives...
>> Searching for hard negatives...
>> Searching for hard negatives...
>> Searching for hard negatives...
>> Searching for hard negatives...
==> Epoch[3](1100/4012): Loss: 0.0000
Allocated: 422.19 MB
Cached:    48.75 GB
>> Searching for hard negatives...
>> Searching for hard negatives...
>> Searching for hard negatives...
>> Searching for hard negatives...
>> Searching for hard negatives...
==> Epoch[3](1150/4012): Loss: 0.0000
Allocated: 424.59 MB
Cached:    48.76 GB
>> Searching for hard negatives...
>> Searching for hard negatives...
>> Searching for hard negatives...
>> Searching for hard negatives...
>> Searching for hard negatives...
==> Epoch[3](1200/4012): Loss: 0.0040
Allocated: 424.59 MB
Cached:    48.80 GB
>> Searching for hard negatives...
>> Searching for hard negatives...
>> Searching for hard negatives...
>> Searching for hard negatives...
>> Searching for hard negatives...
==> Epoch[3](1250/4012): Loss: 0.0000
Allocated: 424.59 MB
Cached:    49.22 GB
>> Searching for hard negatives...
>> Searching for hard negatives...
>> Searching for hard negatives...
>> Searching for hard negatives...
>> Searching for hard negatives...
==> Epoch[3](1300/4012): Loss: 0.0000
Allocated: 424.59 MB
Cached:    48.75 GB
>> Searching for hard negatives...
>> Searching for hard negatives...
>> Searching for hard negatives...
>> Searching for hard negatives...
>> Searching for hard negatives...
==> Epoch[3](1350/4012): Loss: 0.0004
Allocated: 424.59 MB
Cached:    49.21 GB
>> Searching for hard negatives...
>> Searching for hard negatives...
>> Searching for hard negatives...
>> Searching for hard negatives...
>> Searching for hard negatives...
==> Epoch[3](1400/4012): Loss: 0.0011
Allocated: 424.59 MB
Cached:    48.77 GB
>> Searching for hard negatives...
>> Searching for hard negatives...
>> Searching for hard negatives...
>> Searching for hard negatives...
>> Searching for hard negatives...
==> Epoch[3](1450/4012): Loss: 0.0000
Allocated: 422.19 MB
Cached:    48.77 GB
>> Searching for hard negatives...
>> Searching for hard negatives...
>> Searching for hard negatives...
>> Searching for hard negatives...
>> Searching for hard negatives...
==> Epoch[3](1500/4012): Loss: 0.0000
Allocated: 424.59 MB
Cached:    49.21 GB
>> Searching for hard negatives...
>> Searching for hard negatives...
>> Searching for hard negatives...
>> Searching for hard negatives...
>> Searching for hard negatives...
==> Epoch[3](1550/4012): Loss: 0.0000
Allocated: 424.59 MB
Cached:    48.76 GB
>> Searching for hard negatives...
>> Searching for hard negatives...
>> Searching for hard negatives...
>> Searching for hard negatives...
>> Searching for hard negatives...
==> Epoch[3](1600/4012): Loss: 0.0012
Allocated: 422.08 MB
Cached:    49.22 GB
>> Searching for hard negatives...
>> Searching for hard negatives...
>> Searching for hard negatives...
>> Searching for hard negatives...
>> Searching for hard negatives...
==> Epoch[3](1650/4012): Loss: 0.0000
Allocated: 421.75 MB
Cached:    49.24 GB
>> Searching for hard negatives...
>> Searching for hard negatives...
>> Searching for hard negatives...
>> Searching for hard negatives...
>> Searching for hard negatives...
==> Epoch[3](1700/4012): Loss: 0.0000
Allocated: 422.08 MB
Cached:    49.21 GB
>> Searching for hard negatives...
>> Searching for hard negatives...
>> Searching for hard negatives...
>> Searching for hard negatives...
>> Searching for hard negatives...
==> Epoch[3](1750/4012): Loss: 0.0056
Allocated: 422.19 MB
Cached:    49.21 GB
>> Searching for hard negatives...
>> Searching for hard negatives...
>> Searching for hard negatives...
>> Searching for hard negatives...
>> Searching for hard negatives...
==> Epoch[3](1800/4012): Loss: 0.0000
Allocated: 422.19 MB
Cached:    48.77 GB
>> Searching for hard negatives...
>> Searching for hard negatives...
>> Searching for hard negatives...
>> Searching for hard negatives...
>> Searching for hard negatives...
==> Epoch[3](1850/4012): Loss: 0.0000
Allocated: 422.19 MB
Cached:    48.80 GB
>> Searching for hard negatives...
>> Searching for hard negatives...
>> Searching for hard negatives...
>> Searching for hard negatives...
>> Searching for hard negatives...
==> Epoch[3](1900/4012): Loss: 0.0000
Allocated: 422.19 MB
Cached:    48.75 GB
>> Searching for hard negatives...
>> Searching for hard negatives...
>> Searching for hard negatives...
>> Searching for hard negatives...
>> Searching for hard negatives...
==> Epoch[3](1950/4012): Loss: 0.0000
Allocated: 422.19 MB
Cached:    48.80 GB
>> Searching for hard negatives...
>> Searching for hard negatives...
>> Searching for hard negatives...
>> Searching for hard negatives...
>> Searching for hard negatives...
==> Epoch[3](2000/4012): Loss: 0.0000
Allocated: 422.19 MB
Cached:    48.77 GB
>> Searching for hard negatives...
>> Searching for hard negatives...
>> Searching for hard negatives...
>> Searching for hard negatives...
>> Searching for hard negatives...
==> Epoch[3](2050/4012): Loss: 0.1092
Allocated: 422.19 MB
Cached:    48.77 GB
>> Searching for hard negatives...
>> Searching for hard negatives...
>> Searching for hard negatives...
>> Searching for hard negatives...
>> Searching for hard negatives...
==> Epoch[3](2100/4012): Loss: 0.0000
Allocated: 421.75 MB
Cached:    49.21 GB
>> Searching for hard negatives...
>> Searching for hard negatives...
>> Searching for hard negatives...
>> Searching for hard negatives...
>> Searching for hard negatives...
==> Epoch[3](2150/4012): Loss: 0.0000
Allocated: 422.19 MB
Cached:    48.76 GB
>> Searching for hard negatives...
>> Searching for hard negatives...
>> Searching for hard negatives...
>> Searching for hard negatives...
>> Searching for hard negatives...
==> Epoch[3](2200/4012): Loss: 0.0000
Allocated: 422.23 MB
Cached:    49.21 GB
>> Searching for hard negatives...
>> Searching for hard negatives...
>> Searching for hard negatives...
>> Searching for hard negatives...
>> Searching for hard negatives...
==> Epoch[3](2250/4012): Loss: 0.0000
Allocated: 422.19 MB
Cached:    48.81 GB
>> Searching for hard negatives...
>> Searching for hard negatives...
>> Searching for hard negatives...
>> Searching for hard negatives...
>> Searching for hard negatives...
==> Epoch[3](2300/4012): Loss: 0.0032
Allocated: 421.75 MB
Cached:    48.77 GB
>> Searching for hard negatives...
>> Searching for hard negatives...
>> Searching for hard negatives...
>> Searching for hard negatives...
>> Searching for hard negatives...
==> Epoch[3](2350/4012): Loss: 0.0000
Allocated: 422.19 MB
Cached:    48.76 GB
>> Searching for hard negatives...
>> Searching for hard negatives...
>> Searching for hard negatives...
>> Searching for hard negatives...
>> Searching for hard negatives...
==> Epoch[3](2400/4012): Loss: 0.0000
Allocated: 422.08 MB
Cached:    49.23 GB
>> Searching for hard negatives...
>> Searching for hard negatives...
>> Searching for hard negatives...
>> Searching for hard negatives...
>> Searching for hard negatives...
==> Epoch[3](2450/4012): Loss: 0.0006
Allocated: 421.75 MB
Cached:    48.75 GB
>> Searching for hard negatives...
>> Searching for hard negatives...
>> Searching for hard negatives...
>> Searching for hard negatives...
>> Searching for hard negatives...
==> Epoch[3](2500/4012): Loss: 0.0000
Allocated: 422.19 MB
Cached:    48.80 GB
>> Searching for hard negatives...
>> Searching for hard negatives...
>> Searching for hard negatives...
>> Searching for hard negatives...
>> Searching for hard negatives...
==> Epoch[3](2550/4012): Loss: 0.0000
Allocated: 421.75 MB
Cached:    48.76 GB
>> Searching for hard negatives...
>> Searching for hard negatives...
>> Searching for hard negatives...
>> Searching for hard negatives...
>> Searching for hard negatives...
==> Epoch[3](2600/4012): Loss: 0.0003
Allocated: 422.19 MB
Cached:    48.77 GB
>> Searching for hard negatives...
>> Searching for hard negatives...
>> Searching for hard negatives...
>> Searching for hard negatives...
>> Searching for hard negatives...
==> Epoch[3](2650/4012): Loss: 0.0086
Allocated: 422.15 MB
Cached:    49.27 GB
>> Searching for hard negatives...
>> Searching for hard negatives...
>> Searching for hard negatives...
>> Searching for hard negatives...
>> Searching for hard negatives...
==> Epoch[3](2700/4012): Loss: 0.0272
Allocated: 422.08 MB
Cached:    49.21 GB
>> Searching for hard negatives...
>> Searching for hard negatives...
>> Searching for hard negatives...
>> Searching for hard negatives...
>> Searching for hard negatives...
==> Epoch[3](2750/4012): Loss: 0.0070
Allocated: 421.75 MB
Cached:    49.24 GB
>> Searching for hard negatives...
>> Searching for hard negatives...
>> Searching for hard negatives...
>> Searching for hard negatives...
>> Searching for hard negatives...
==> Epoch[3](2800/4012): Loss: 0.0074
Allocated: 422.19 MB
Cached:    48.81 GB
>> Searching for hard negatives...
>> Searching for hard negatives...
>> Searching for hard negatives...
>> Searching for hard negatives...
>> Searching for hard negatives...
==> Epoch[3](2850/4012): Loss: 0.0022
Allocated: 422.19 MB
Cached:    48.76 GB
>> Searching for hard negatives...
>> Searching for hard negatives...
>> Searching for hard negatives...
>> Searching for hard negatives...
>> Searching for hard negatives...
==> Epoch[3](2900/4012): Loss: 0.0000
Allocated: 422.08 MB
Cached:    49.21 GB
>> Searching for hard negatives...
>> Searching for hard negatives...
>> Searching for hard negatives...
>> Searching for hard negatives...
>> Searching for hard negatives...
==> Epoch[3](2950/4012): Loss: 0.0014
Allocated: 422.23 MB
Cached:    49.21 GB
>> Searching for hard negatives...
>> Searching for hard negatives...
>> Searching for hard negatives...
>> Searching for hard negatives...
>> Searching for hard negatives...
==> Epoch[3](3000/4012): Loss: 0.0000
Allocated: 422.15 MB
Cached:    49.26 GB
>> Searching for hard negatives...
>> Searching for hard negatives...
>> Searching for hard negatives...
>> Searching for hard negatives...
>> Searching for hard negatives...
==> Epoch[3](3050/4012): Loss: 0.0315
Allocated: 422.08 MB
Cached:    49.22 GB
>> Searching for hard negatives...
>> Searching for hard negatives...
>> Searching for hard negatives...
>> Searching for hard negatives...
>> Searching for hard negatives...
==> Epoch[3](3100/4012): Loss: 0.0000
Allocated: 422.08 MB
Cached:    49.22 GB
>> Searching for hard negatives...
>> Searching for hard negatives...
>> Searching for hard negatives...
>> Searching for hard negatives...
>> Searching for hard negatives...
==> Epoch[3](3150/4012): Loss: 0.0000
Allocated: 422.15 MB
Cached:    49.26 GB
>> Searching for hard negatives...
>> Searching for hard negatives...
>> Searching for hard negatives...
>> Searching for hard negatives...
>> Searching for hard negatives...
==> Epoch[3](3200/4012): Loss: 0.0000
Allocated: 422.08 MB
Cached:    49.22 GB
>> Searching for hard negatives...
>> Searching for hard negatives...
>> Searching for hard negatives...
>> Searching for hard negatives...
>> Searching for hard negatives...
==> Epoch[3](3250/4012): Loss: 0.0000
Allocated: 422.15 MB
Cached:    49.26 GB
>> Searching for hard negatives...
>> Searching for hard negatives...
>> Searching for hard negatives...
>> Searching for hard negatives...
>> Searching for hard negatives...
==> Epoch[3](3300/4012): Loss: 0.0000
Allocated: 422.15 MB
Cached:    49.25 GB
>> Searching for hard negatives...
>> Searching for hard negatives...
>> Searching for hard negatives...
>> Searching for hard negatives...
>> Searching for hard negatives...
==> Epoch[3](3350/4012): Loss: 0.0000
Allocated: 422.08 MB
Cached:    49.22 GB
>> Searching for hard negatives...
>> Searching for hard negatives...
>> Searching for hard negatives...
>> Searching for hard negatives...
>> Searching for hard negatives...
==> Epoch[3](3400/4012): Loss: 0.0000
Allocated: 422.08 MB
Cached:    49.21 GB
>> Searching for hard negatives...
>> Searching for hard negatives...
>> Searching for hard negatives...
>> Searching for hard negatives...
>> Searching for hard negatives...
==> Epoch[3](3450/4012): Loss: 0.0134
Allocated: 419.38 MB
Cached:    49.22 GB
>> Searching for hard negatives...
>> Searching for hard negatives...
>> Searching for hard negatives...
>> Searching for hard negatives...
>> Searching for hard negatives...
==> Epoch[3](3500/4012): Loss: 0.0003
Allocated: 422.19 MB
Cached:    48.75 GB
>> Searching for hard negatives...
>> Searching for hard negatives...
>> Searching for hard negatives...
>> Searching for hard negatives...
>> Searching for hard negatives...
==> Epoch[3](3550/4012): Loss: 0.0000
Allocated: 422.19 MB
Cached:    49.24 GB
>> Searching for hard negatives...
>> Searching for hard negatives...
>> Searching for hard negatives...
>> Searching for hard negatives...
>> Searching for hard negatives...
==> Epoch[3](3600/4012): Loss: 0.0079
Allocated: 422.19 MB
Cached:    48.76 GB
>> Searching for hard negatives...
>> Searching for hard negatives...
>> Searching for hard negatives...
>> Searching for hard negatives...
>> Searching for hard negatives...
==> Epoch[3](3650/4012): Loss: 0.0040
Allocated: 422.15 MB
Cached:    49.25 GB
>> Searching for hard negatives...
>> Searching for hard negatives...
>> Searching for hard negatives...
>> Searching for hard negatives...
>> Searching for hard negatives...
==> Epoch[3](3700/4012): Loss: 0.0000
Allocated: 422.19 MB
Cached:    48.76 GB
>> Searching for hard negatives...
>> Searching for hard negatives...
>> Searching for hard negatives...
>> Searching for hard negatives...
>> Searching for hard negatives...
==> Epoch[3](3750/4012): Loss: 0.0000
Allocated: 421.75 MB
Cached:    48.77 GB
>> Searching for hard negatives...
>> Searching for hard negatives...
>> Searching for hard negatives...
>> Searching for hard negatives...
>> Searching for hard negatives...
==> Epoch[3](3800/4012): Loss: 0.0000
Allocated: 422.19 MB
Cached:    48.76 GB
>> Searching for hard negatives...
>> Searching for hard negatives...
>> Searching for hard negatives...
>> Searching for hard negatives...
>> Searching for hard negatives...
==> Epoch[3](3850/4012): Loss: 0.0035
Allocated: 422.00 MB
Cached:    48.75 GB
>> Searching for hard negatives...
>> Searching for hard negatives...
>> Searching for hard negatives...
>> Searching for hard negatives...
>> Searching for hard negatives...
==> Epoch[3](3900/4012): Loss: 0.0032
Allocated: 422.08 MB
Cached:    49.21 GB
>> Searching for hard negatives...
>> Searching for hard negatives...
>> Searching for hard negatives...
>> Searching for hard negatives...
>> Searching for hard negatives...
==> Epoch[3](3950/4012): Loss: 0.0034
Allocated: 422.19 MB
Cached:    48.80 GB
>> Searching for hard negatives...
>> Searching for hard negatives...
>> Searching for hard negatives...
>> Searching for hard negatives...
>> Searching for hard negatives...
==> Epoch[3](4000/4012): Loss: 0.0000
Allocated: 422.19 MB
Cached:    48.15 GB
>> Searching for hard negatives...
>> Searching for hard negatives...
>> Searching for hard negatives...
>> Searching for hard negatives...
>> Searching for hard negatives...
==> Epoch[3](4050/4012): Loss: 0.0000
Allocated: 422.19 MB
Cached:    49.21 GB
>> Searching for hard negatives...
>> Searching for hard negatives...
>> Searching for hard negatives...
>> Searching for hard negatives...
>> Searching for hard negatives...
==> Epoch[3](4100/4012): Loss: 0.0007
Allocated: 422.19 MB
Cached:    48.76 GB
>> Searching for hard negatives...
>> Searching for hard negatives...
>> Searching for hard negatives...
>> Searching for hard negatives...
>> Searching for hard negatives...
==> Epoch[3](4150/4012): Loss: 0.0000
Allocated: 422.08 MB
Cached:    49.22 GB
>> Searching for hard negatives...
>> Searching for hard negatives...
>> Searching for hard negatives...
>> Searching for hard negatives...
>> Searching for hard negatives...
==> Epoch[3](4200/4012): Loss: 0.0012
Allocated: 422.08 MB
Cached:    48.38 GB
>> Searching for hard negatives...
>> Searching for hard negatives...
>> Searching for hard negatives...
>> Searching for hard negatives...
>> Searching for hard negatives...
==> Epoch[3](4250/4012): Loss: 0.0000
Allocated: 422.19 MB
Cached:    48.77 GB
>> Searching for hard negatives...
>> Searching for hard negatives...
>> Searching for hard negatives...
>> Searching for hard negatives...
>> Searching for hard negatives...
==> Epoch[3](4300/4012): Loss: 0.0000
Allocated: 421.75 MB
Cached:    48.81 GB
>> Searching for hard negatives...
>> Searching for hard negatives...
>> Searching for hard negatives...
>> Searching for hard negatives...
>> Searching for hard negatives...
==> Epoch[3](4350/4012): Loss: 0.0070
Allocated: 421.75 MB
Cached:    48.77 GB
>> Searching for hard negatives...
>> Searching for hard negatives...
>> Searching for hard negatives...
>> Searching for hard negatives...
>> Searching for hard negatives...
==> Epoch[3](4400/4012): Loss: 0.0000
Allocated: 422.19 MB
Cached:    48.77 GB
>> Searching for hard negatives...
>> Searching for hard negatives...
===> Epoch 3 Complete: Avg. Loss: 0.0032
====> Extracting Features
====> Building faiss index
====> Calculating recall @ N
====> Recall@1: 0.5757
====> Recall@5: 0.7324
====> Recall@10: 0.7797
====> Recall@20: 0.8257
====> Recall@50: 0.8730
====> Recall@100: 0.9000
>> Searching for hard negatives...
>> Searching for hard negatives...
>> Searching for hard negatives...
>> Searching for hard negatives...
>> Searching for hard negatives...
==> Epoch[4](50/4012): Loss: 0.0000
Allocated: 424.59 MB
Cached:    49.21 GB
>> Searching for hard negatives...
>> Searching for hard negatives...
>> Searching for hard negatives...
>> Searching for hard negatives...
>> Searching for hard negatives...
==> Epoch[4](100/4012): Loss: 0.0000
Allocated: 422.08 MB
Cached:    49.22 GB
>> Searching for hard negatives...
>> Searching for hard negatives...
>> Searching for hard negatives...
>> Searching for hard negatives...
>> Searching for hard negatives...
==> Epoch[4](150/4012): Loss: 0.0000
Allocated: 424.59 MB
Cached:    49.22 GB
>> Searching for hard negatives...
>> Searching for hard negatives...
>> Searching for hard negatives...
>> Searching for hard negatives...
>> Searching for hard negatives...
==> Epoch[4](200/4012): Loss: 0.0000
Allocated: 424.59 MB
Cached:    48.76 GB
>> Searching for hard negatives...
>> Searching for hard negatives...
>> Searching for hard negatives...
>> Searching for hard negatives...
>> Searching for hard negatives...
==> Epoch[4](250/4012): Loss: 0.0003
Allocated: 424.59 MB
Cached:    49.21 GB
>> Searching for hard negatives...
>> Searching for hard negatives...
>> Searching for hard negatives...
>> Searching for hard negatives...
>> Searching for hard negatives...
==> Epoch[4](300/4012): Loss: 0.0000
Allocated: 424.59 MB
Cached:    48.76 GB
>> Searching for hard negatives...
>> Searching for hard negatives...
>> Searching for hard negatives...
>> Searching for hard negatives...
>> Searching for hard negatives...
==> Epoch[4](350/4012): Loss: 0.0000
Allocated: 424.59 MB
Cached:    48.76 GB
>> Searching for hard negatives...
>> Searching for hard negatives...
>> Searching for hard negatives...
>> Searching for hard negatives...
>> Searching for hard negatives...
==> Epoch[4](400/4012): Loss: 0.0000
Allocated: 424.59 MB
Cached:    48.78 GB
>> Searching for hard negatives...
>> Searching for hard negatives...
>> Searching for hard negatives...
>> Searching for hard negatives...
>> Searching for hard negatives...
==> Epoch[4](450/4012): Loss: 0.0000
Allocated: 424.59 MB
Cached:    48.80 GB
>> Searching for hard negatives...
>> Searching for hard negatives...
>> Searching for hard negatives...
>> Searching for hard negatives...
>> Searching for hard negatives...
==> Epoch[4](500/4012): Loss: 0.0000
Allocated: 424.59 MB
Cached:    49.22 GB
>> Searching for hard negatives...
>> Searching for hard negatives...
>> Searching for hard negatives...
>> Searching for hard negatives...
>> Searching for hard negatives...
==> Epoch[4](550/4012): Loss: 0.0000
Allocated: 424.59 MB
Cached:    48.75 GB
>> Searching for hard negatives...
>> Searching for hard negatives...
>> Searching for hard negatives...
>> Searching for hard negatives...
>> Searching for hard negatives...
==> Epoch[4](600/4012): Loss: 0.0000
Allocated: 424.59 MB
Cached:    48.24 GB
>> Searching for hard negatives...
