Mon Aug 19 11:30:36 EDT 2024
/home/m.maqboolbhutta/usman_ws/codes/patchnetvlad
/home/m.maqboolbhutta/.conda/envs/patchnetvlad/bin/python
Host: c1109a-s23
Other nodes: 
Starting  process(es) on each node...
==========Starting Training=============
Saving checkpoints at /home/m.maqboolbhutta/usman_ws/models/patchnetvlad/fastscnn-v3/vgg16-graphvlad-triplet-19-Aug
========================================
Namespace(cache_path='/home/m.maqboolbhutta/usman_ws/datasets/official/patchnetvlad/', cluster_path='/home/m.maqboolbhutta/usman_ws/datasets/official/patchnetvlad/centroids/vgg16_mapillary_16_desc_cen.hdf5', config_path='patchnetvlad/configs/train-slurm.ini', dataset_root_dir='/home/m.maqboolbhutta/usman_ws/datasets/Mapillary_Street_Level_Sequences/', fast_scnn='/home/m.maqboolbhutta/usman_ws/datasets/official/fast-scnn/fast_scnn_citys.pth', identifier='mapillary_nopanos', loss='triplet', method='graphvlad', nEpochs=30, nocuda=False, resume_path='/home/m.maqboolbhutta/usman_ws/models/patchnetvlad/fastscnn-v3/vgg16-graphvlad-triplet-08-Aug-lr-0_001/Aug08_21-07-54_mapillary_nopanos/checkpoints/checkpoint_epoch2.pth.tar', save_every_epoch=True, save_path='/home/m.maqboolbhutta/usman_ws/models/patchnetvlad/fastscnn-v3/vgg16-graphvlad-triplet-19-Aug', start_epoch=0, threads=6, vd16_offtheshelf_path='/home/m.maqboolbhutta/usman_ws/datasets/official/openibl-init/vd16_offtheshelf_conv5_3_max.pth')
===> Building model
=> loading checkpoint '/home/m.maqboolbhutta/usman_ws/models/patchnetvlad/fastscnn-v3/vgg16-graphvlad-triplet-08-Aug-lr-0_001/Aug08_21-07-54_mapillary_nopanos/checkpoints/checkpoint_epoch2.pth.tar'
===> Loading segmentation model
Creating model graphvlad
=> loaded checkpoint '/home/m.maqboolbhutta/usman_ws/models/patchnetvlad/fastscnn-v3/vgg16-graphvlad-triplet-08-Aug-lr-0_001/Aug08_21-07-54_mapillary_nopanos/checkpoints/checkpoint_epoch2.pth.tar'
===> Loading dataset(s)
Exclude panoramas: True
=====> trondheim
=====> london
=====> boston
=====> melbourne
=====> amsterdam
=====> helsinki
=====> tokyo
=====> toronto
=====> saopaulo
=====> moscow
=====> zurich
=====> paris
=====> bangkok
=====> budapest
=====> austin
=====> berlin
=====> ottawa
=====> phoenix
=====> goa
=====> amman
=====> nairobi
=====> manila
#Sideways [21262/441280]; #Night; [4666/441280]
Forward and Day weighted with 1.0000
Forward and Night weighted with 95.5735
Sideways and Day weighted with 21.7544
Sideways and Night weighted with 116.3279
Exclude panoramas: True
=====> cph
=====> sf
===> Training query set: 441280
===> Evaluating on val set, query count: 740
===> Training model
>> Searching for hard negatives...
>> Searching for hard negatives...
>> Searching for hard negatives...
==> Epoch[3](50/7355): Loss: 0.0011
Allocated: 550.97 MB
Cached:    36.87 GB
>> Searching for hard negatives...
>> Searching for hard negatives...
>> Searching for hard negatives...
==> Epoch[3](100/7355): Loss: 0.0018
Allocated: 550.97 MB
Cached:    36.86 GB
>> Searching for hard negatives...
>> Searching for hard negatives...
>> Searching for hard negatives...
==> Epoch[3](150/7355): Loss: 0.0031
Allocated: 550.97 MB
Cached:    36.94 GB
>> Searching for hard negatives...
>> Searching for hard negatives...
>> Searching for hard negatives...
==> Epoch[3](200/7355): Loss: 0.0016
Allocated: 550.97 MB
Cached:    36.96 GB
>> Searching for hard negatives...
>> Searching for hard negatives...
>> Searching for hard negatives...
==> Epoch[3](250/7355): Loss: 0.0033
Allocated: 550.97 MB
Cached:    36.96 GB
>> Searching for hard negatives...
>> Searching for hard negatives...
>> Searching for hard negatives...
==> Epoch[3](300/7355): Loss: 0.0018
Allocated: 550.97 MB
Cached:    36.96 GB
>> Searching for hard negatives...
>> Searching for hard negatives...
>> Searching for hard negatives...
==> Epoch[3](350/7355): Loss: 0.0039
Allocated: 550.97 MB
Cached:    36.95 GB
>> Searching for hard negatives...
>> Searching for hard negatives...
>> Searching for hard negatives...
==> Epoch[3](400/7355): Loss: 0.0018
Allocated: 550.97 MB
Cached:    36.93 GB
>> Searching for hard negatives...
>> Searching for hard negatives...
>> Searching for hard negatives...
==> Epoch[3](450/7355): Loss: 0.0040
Allocated: 550.97 MB
Cached:    36.96 GB
>> Searching for hard negatives...
>> Searching for hard negatives...
>> Searching for hard negatives...
==> Epoch[3](500/7355): Loss: 0.0011
Allocated: 550.97 MB
Cached:    36.86 GB
>> Searching for hard negatives...
>> Searching for hard negatives...
>> Searching for hard negatives...
==> Epoch[3](550/7355): Loss: 0.0146
Allocated: 550.97 MB
Cached:    36.99 GB
>> Searching for hard negatives...
>> Searching for hard negatives...
>> Searching for hard negatives...
==> Epoch[3](600/7355): Loss: 0.0054
Allocated: 550.97 MB
Cached:    36.95 GB
>> Searching for hard negatives...
>> Searching for hard negatives...
>> Searching for hard negatives...
==> Epoch[3](650/7355): Loss: 0.0075
Allocated: 550.97 MB
Cached:    36.94 GB
>> Searching for hard negatives...
>> Searching for hard negatives...
>> Searching for hard negatives...
==> Epoch[3](700/7355): Loss: 0.0015
Allocated: 550.97 MB
Cached:    36.96 GB
>> Searching for hard negatives...
>> Searching for hard negatives...
>> Searching for hard negatives...
==> Epoch[3](750/7355): Loss: 0.0149
Allocated: 550.97 MB
Cached:    36.87 GB
>> Searching for hard negatives...
>> Searching for hard negatives...
>> Searching for hard negatives...
==> Epoch[3](800/7355): Loss: 0.0053
Allocated: 550.97 MB
Cached:    29.19 GB
>> Searching for hard negatives...
>> Searching for hard negatives...
==> Epoch[3](850/7355): Loss: 0.0086
Allocated: 503.83 MB
Cached:    36.86 GB
>> Searching for hard negatives...
>> Searching for hard negatives...
>> Searching for hard negatives...
==> Epoch[3](900/7355): Loss: 0.0081
Allocated: 550.97 MB
Cached:    36.88 GB
>> Searching for hard negatives...
>> Searching for hard negatives...
>> Searching for hard negatives...
==> Epoch[3](950/7355): Loss: 0.0056
Allocated: 550.97 MB
Cached:    36.95 GB
>> Searching for hard negatives...
>> Searching for hard negatives...
>> Searching for hard negatives...
==> Epoch[3](1000/7355): Loss: 0.0032
Allocated: 550.97 MB
Cached:    36.95 GB
>> Searching for hard negatives...
>> Searching for hard negatives...
>> Searching for hard negatives...
==> Epoch[3](1050/7355): Loss: 0.0004
Allocated: 550.97 MB
Cached:    36.92 GB
>> Searching for hard negatives...
>> Searching for hard negatives...
>> Searching for hard negatives...
==> Epoch[3](1100/7355): Loss: 0.0015
Allocated: 550.97 MB
Cached:    36.96 GB
>> Searching for hard negatives...
>> Searching for hard negatives...
>> Searching for hard negatives...
==> Epoch[3](1150/7355): Loss: 0.0041
Allocated: 550.97 MB
Cached:    36.85 GB
>> Searching for hard negatives...
>> Searching for hard negatives...
>> Searching for hard negatives...
==> Epoch[3](1200/7355): Loss: 0.0024
Allocated: 550.97 MB
Cached:    36.92 GB
>> Searching for hard negatives...
>> Searching for hard negatives...
>> Searching for hard negatives...
==> Epoch[3](1250/7355): Loss: 0.0062
Allocated: 550.97 MB
Cached:    36.90 GB
>> Searching for hard negatives...
>> Searching for hard negatives...
>> Searching for hard negatives...
==> Epoch[3](1300/7355): Loss: 0.0029
Allocated: 550.97 MB
Cached:    36.96 GB
>> Searching for hard negatives...
>> Searching for hard negatives...
>> Searching for hard negatives...
==> Epoch[3](1350/7355): Loss: 0.0045
Allocated: 550.97 MB
Cached:    36.90 GB
>> Searching for hard negatives...
>> Searching for hard negatives...
>> Searching for hard negatives...
==> Epoch[3](1400/7355): Loss: 0.0025
Allocated: 550.97 MB
Cached:    36.94 GB
>> Searching for hard negatives...
>> Searching for hard negatives...
>> Searching for hard negatives...
==> Epoch[3](1450/7355): Loss: 0.0107
Allocated: 550.97 MB
Cached:    36.96 GB
>> Searching for hard negatives...
>> Searching for hard negatives...
>> Searching for hard negatives...
==> Epoch[3](1500/7355): Loss: 0.0070
Allocated: 550.97 MB
Cached:    36.84 GB
>> Searching for hard negatives...
>> Searching for hard negatives...
>> Searching for hard negatives...
==> Epoch[3](1550/7355): Loss: 0.0011
Allocated: 550.97 MB
Cached:    36.96 GB
>> Searching for hard negatives...
>> Searching for hard negatives...
>> Searching for hard negatives...
==> Epoch[3](1600/7355): Loss: 0.0006
Allocated: 550.97 MB
Cached:    36.92 GB
>> Searching for hard negatives...
>> Searching for hard negatives...
>> Searching for hard negatives...
==> Epoch[3](1650/7355): Loss: 0.0000
Allocated: 550.97 MB
Cached:    29.19 GB
>> Searching for hard negatives...
>> Searching for hard negatives...
==> Epoch[3](1700/7355): Loss: 0.0023
Allocated: 501.25 MB
Cached:    36.96 GB
>> Searching for hard negatives...
>> Searching for hard negatives...
>> Searching for hard negatives...
==> Epoch[3](1750/7355): Loss: 0.0008
Allocated: 550.97 MB
Cached:    36.96 GB
>> Searching for hard negatives...
>> Searching for hard negatives...
>> Searching for hard negatives...
==> Epoch[3](1800/7355): Loss: 0.0011
Allocated: 550.97 MB
Cached:    36.86 GB
>> Searching for hard negatives...
>> Searching for hard negatives...
>> Searching for hard negatives...
==> Epoch[3](1850/7355): Loss: 0.0043
Allocated: 550.97 MB
Cached:    36.95 GB
>> Searching for hard negatives...
>> Searching for hard negatives...
>> Searching for hard negatives...
==> Epoch[3](1900/7355): Loss: 0.0035
Allocated: 550.97 MB
Cached:    36.96 GB
>> Searching for hard negatives...
>> Searching for hard negatives...
>> Searching for hard negatives...
==> Epoch[3](1950/7355): Loss: 0.0039
Allocated: 550.97 MB
Cached:    36.95 GB
>> Searching for hard negatives...
>> Searching for hard negatives...
>> Searching for hard negatives...
==> Epoch[3](2000/7355): Loss: 0.0032
Allocated: 550.97 MB
Cached:    36.90 GB
>> Searching for hard negatives...
>> Searching for hard negatives...
>> Searching for hard negatives...
==> Epoch[3](2050/7355): Loss: 0.0058
Allocated: 550.97 MB
Cached:    36.84 GB
>> Searching for hard negatives...
>> Searching for hard negatives...
>> Searching for hard negatives...
==> Epoch[3](2100/7355): Loss: 0.0071
Allocated: 550.97 MB
Cached:    36.94 GB
>> Searching for hard negatives...
>> Searching for hard negatives...
>> Searching for hard negatives...
==> Epoch[3](2150/7355): Loss: 0.0014
Allocated: 550.97 MB
Cached:    36.96 GB
>> Searching for hard negatives...
>> Searching for hard negatives...
>> Searching for hard negatives...
==> Epoch[3](2200/7355): Loss: 0.0048
Allocated: 550.97 MB
Cached:    36.97 GB
>> Searching for hard negatives...
>> Searching for hard negatives...
