Sun Mar 17 13:41:02 EDT 2024
/home/m.maqboolbhutta/usman_ws/codes/patchnetvlad
/home/m.maqboolbhutta/.conda/envs/patchnetvlad/bin/python
Host: c0901a-s11
Other nodes: 
Starting  process(es) on each node...
==========Starting Training=============
Saving checkpoints at /home/m.maqboolbhutta/usman_ws/models/patchnetvlad/graphvlad-triplet-17-Mar-cen-map-16-lr0_001
========================================
Namespace(cache_path='/home/m.maqboolbhutta/usman_ws/datasets/netvlad-official/', cluster_path='/home/m.maqboolbhutta/usman_ws/datasets/netvlad-official/centroids/vgg16_mapillary_16_desc_cen.hdf5', config_path='patchnetvlad/configs/train-slurm.ini', dataset_root_dir='/home/m.maqboolbhutta/usman_ws/datasets/mapillary_sls/', esp_encoder='/home/m.maqboolbhutta/usman_ws/datasets/netvlad-official/espnet-encoder/espnet_p_2_q_8.pth', identifier='mapillary_nopanos', loss='triplet', method='graphvlad', nEpochs=30, nocuda=False, resume_path='', save_every_epoch=True, save_path='/home/m.maqboolbhutta/usman_ws/models/patchnetvlad/graphvlad-triplet-17-Mar-cen-map-16-lr0_001', start_epoch=0, threads=6)
===> Building model
===> Loading model
===> Loading segmentation model
Encoder loaded!
Creating model graphvlad
===> Loading dataset(s)
Exclude panoramas: True
=====> trondheim
=====> london
=====> boston
=====> melbourne
=====> amsterdam
=====> helsinki
=====> tokyo
=====> toronto
=====> saopaulo
=====> moscow
=====> zurich
=====> paris
=====> bangkok
=====> budapest
=====> austin
=====> berlin
=====> ottawa
=====> phoenix
=====> goa
=====> amman
=====> nairobi
=====> manila
#Sideways [21262/441280]; #Night; [4666/441280]
Forward and Day weighted with 1.0000
Forward and Night weighted with 95.5735
Sideways and Day weighted with 21.7544
Sideways and Night weighted with 116.3279
Exclude panoramas: True
=====> cph
=====> sf
===> Training query set: 441280
===> Evaluating on val set, query count: 740
===> Training model
>> Searching for hard negatives...
==> Epoch[1](50/44128): Loss: 0.0775
Allocated: 502.06 MB
Cached:    9.00 GB
==> Epoch[1](100/44128): Loss: 0.0959
Allocated: 501.62 MB
Cached:    9.00 GB
>> Searching for hard negatives...
==> Epoch[1](150/44128): Loss: 0.0299
Allocated: 502.06 MB
Cached:    10.36 GB
==> Epoch[1](200/44128): Loss: 0.0691
Allocated: 501.84 MB
Cached:    10.36 GB
>> Searching for hard negatives...
==> Epoch[1](250/44128): Loss: 0.1104
Allocated: 502.06 MB
Cached:    9.36 GB
==> Epoch[1](300/44128): Loss: 0.0209
Allocated: 501.84 MB
Cached:    9.36 GB
>> Searching for hard negatives...
==> Epoch[1](350/44128): Loss: 0.0255
Allocated: 502.06 MB
Cached:    10.36 GB
==> Epoch[1](400/44128): Loss: 0.0882
Allocated: 501.84 MB
Cached:    10.36 GB
>> Searching for hard negatives...
==> Epoch[1](450/44128): Loss: 0.0490
Allocated: 502.06 MB
Cached:    9.36 GB
==> Epoch[1](500/44128): Loss: 0.0457
Allocated: 501.84 MB
Cached:    9.36 GB
>> Searching for hard negatives...
==> Epoch[1](550/44128): Loss: 0.0159
Allocated: 502.06 MB
Cached:    10.36 GB
==> Epoch[1](600/44128): Loss: 0.0185
Allocated: 502.16 MB
Cached:    10.36 GB
>> Searching for hard negatives...
==> Epoch[1](650/44128): Loss: 0.0483
Allocated: 502.80 MB
Cached:    10.36 GB
==> Epoch[1](700/44128): Loss: 0.0291
Allocated: 501.84 MB
Cached:    10.36 GB
>> Searching for hard negatives...
==> Epoch[1](750/44128): Loss: 0.0612
Allocated: 502.06 MB
Cached:    10.36 GB
==> Epoch[1](800/44128): Loss: 0.1265
Allocated: 501.84 MB
Cached:    10.36 GB
>> Searching for hard negatives...
==> Epoch[1](850/44128): Loss: 0.0290
Allocated: 502.06 MB
Cached:    10.36 GB
==> Epoch[1](900/44128): Loss: 0.0238
Allocated: 501.84 MB
Cached:    10.36 GB
>> Searching for hard negatives...
==> Epoch[1](950/44128): Loss: 0.0917
Allocated: 502.06 MB
Cached:    9.36 GB
==> Epoch[1](1000/44128): Loss: 0.0109
Allocated: 502.16 MB
Cached:    9.36 GB
>> Searching for hard negatives...
==> Epoch[1](1050/44128): Loss: 0.0372
Allocated: 502.80 MB
Cached:    10.36 GB
==> Epoch[1](1100/44128): Loss: 0.0319
Allocated: 501.84 MB
Cached:    10.36 GB
>> Searching for hard negatives...
==> Epoch[1](1150/44128): Loss: 0.0648
Allocated: 502.06 MB
Cached:    10.36 GB
==> Epoch[1](1200/44128): Loss: 0.0071
Allocated: 501.50 MB
Cached:    10.37 GB
>> Searching for hard negatives...
==> Epoch[1](1250/44128): Loss: 0.0067
Allocated: 502.80 MB
Cached:    10.37 GB
==> Epoch[1](1300/44128): Loss: 0.0107
Allocated: 501.62 MB
Cached:    10.37 GB
>> Searching for hard negatives...
==> Epoch[1](1350/44128): Loss: 0.0416
Allocated: 502.06 MB
Cached:    10.36 GB
==> Epoch[1](1400/44128): Loss: 0.0471
Allocated: 502.16 MB
Cached:    10.36 GB
>> Searching for hard negatives...
==> Epoch[1](1450/44128): Loss: 0.0048
Allocated: 502.80 MB
Cached:    9.36 GB
==> Epoch[1](1500/44128): Loss: 0.0094
Allocated: 501.84 MB
Cached:    9.36 GB
>> Searching for hard negatives...
==> Epoch[1](1550/44128): Loss: 0.0303
Allocated: 502.06 MB
Cached:    10.36 GB
==> Epoch[1](1600/44128): Loss: 0.0109
Allocated: 502.16 MB
Cached:    10.36 GB
>> Searching for hard negatives...
==> Epoch[1](1650/44128): Loss: 0.0290
Allocated: 502.80 MB
Cached:    9.36 GB
==> Epoch[1](1700/44128): Loss: 0.0224
Allocated: 501.84 MB
Cached:    9.36 GB
>> Searching for hard negatives...
==> Epoch[1](1750/44128): Loss: 0.0329
Allocated: 502.06 MB
Cached:    9.36 GB
==> Epoch[1](1800/44128): Loss: 0.0281
Allocated: 501.84 MB
Cached:    9.36 GB
>> Searching for hard negatives...
==> Epoch[1](1850/44128): Loss: 0.0961
Allocated: 502.06 MB
Cached:    10.36 GB
==> Epoch[1](1900/44128): Loss: 0.0195
Allocated: 501.19 MB
Cached:    10.37 GB
>> Searching for hard negatives...
==> Epoch[1](1950/44128): Loss: 0.0047
Allocated: 502.80 MB
Cached:    10.34 GB
==> Epoch[1](2000/44128): Loss: 0.0128
Allocated: 501.84 MB
Cached:    10.34 GB
>> Searching for hard negatives...
==> Epoch[1](2050/44128): Loss: 0.0145
Allocated: 502.06 MB
Cached:    10.36 GB
==> Epoch[1](2100/44128): Loss: 0.0809
Allocated: 502.16 MB
Cached:    10.36 GB
>> Searching for hard negatives...
==> Epoch[1](2150/44128): Loss: 0.0049
Allocated: 502.80 MB
Cached:    10.36 GB
==> Epoch[1](2200/44128): Loss: 0.0052
Allocated: 501.62 MB
Cached:    10.36 GB
>> Searching for hard negatives...
==> Epoch[1](2250/44128): Loss: 0.0232
Allocated: 502.06 MB
Cached:    9.36 GB
==> Epoch[1](2300/44128): Loss: 0.0147
Allocated: 502.16 MB
Cached:    9.36 GB
>> Searching for hard negatives...
==> Epoch[1](2350/44128): Loss: 0.0040
Allocated: 502.80 MB
Cached:    10.36 GB
==> Epoch[1](2400/44128): Loss: 0.0196
Allocated: 500.75 MB
Cached:    10.36 GB
>> Searching for hard negatives...
==> Epoch[1](2450/44128): Loss: 0.0188
Allocated: 502.80 MB
Cached:    10.37 GB
==> Epoch[1](2500/44128): Loss: 0.0235
Allocated: 501.62 MB
Cached:    10.37 GB
>> Searching for hard negatives...
==> Epoch[1](2550/44128): Loss: 0.0010
Allocated: 502.06 MB
Cached:    10.36 GB
==> Epoch[1](2600/44128): Loss: 0.1064
Allocated: 501.84 MB
Cached:    10.36 GB
>> Searching for hard negatives...
==> Epoch[1](2650/44128): Loss: 0.0058
Allocated: 502.06 MB
Cached:    10.36 GB
==> Epoch[1](2700/44128): Loss: 0.0001
Allocated: 501.50 MB
Cached:    10.37 GB
>> Searching for hard negatives...
==> Epoch[1](2750/44128): Loss: 0.0305
Allocated: 502.80 MB
Cached:    10.37 GB
==> Epoch[1](2800/44128): Loss: 0.0264
Allocated: 501.84 MB
Cached:    10.37 GB
>> Searching for hard negatives...
==> Epoch[1](2850/44128): Loss: 0.0112
Allocated: 502.06 MB
Cached:    10.36 GB
==> Epoch[1](2900/44128): Loss: 0.0246
Allocated: 501.50 MB
Cached:    10.37 GB
>> Searching for hard negatives...
==> Epoch[1](2950/44128): Loss: 0.0084
Allocated: 502.80 MB
Cached:    10.36 GB
==> Epoch[1](3000/44128): Loss: 0.0142
Allocated: 501.62 MB
Cached:    10.36 GB
>> Searching for hard negatives...
==> Epoch[1](3050/44128): Loss: 0.0580
Allocated: 502.06 MB
Cached:    9.36 GB
==> Epoch[1](3100/44128): Loss: 0.0482
Allocated: 502.16 MB
Cached:    9.36 GB
>> Searching for hard negatives...
==> Epoch[1](3150/44128): Loss: 0.0050
Allocated: 502.80 MB
Cached:    10.36 GB
==> Epoch[1](3200/44128): Loss: 0.0000
Allocated: 501.65 MB
Cached:    10.37 GB
>> Searching for hard negatives...
==> Epoch[1](3250/44128): Loss: 0.0668
Allocated: 502.06 MB
Cached:    9.36 GB
==> Epoch[1](3300/44128): Loss: 0.0024
Allocated: 501.50 MB
Cached:    9.37 GB
>> Searching for hard negatives...
==> Epoch[1](3350/44128): Loss: 0.0000
Allocated: 502.80 MB
Cached:    10.37 GB
==> Epoch[1](3400/44128): Loss: 0.0255
Allocated: 501.84 MB
Cached:    10.37 GB
>> Searching for hard negatives...
==> Epoch[1](3450/44128): Loss: 0.0055
Allocated: 502.06 MB
Cached:    10.36 GB
==> Epoch[1](3500/44128): Loss: 0.0000
Allocated: 501.50 MB
Cached:    10.37 GB
>> Searching for hard negatives...
==> Epoch[1](3550/44128): Loss: 0.0215
Allocated: 502.80 MB
Cached:    9.36 GB
==> Epoch[1](3600/44128): Loss: 0.0000
Allocated: 501.84 MB
Cached:    9.36 GB
>> Searching for hard negatives...
==> Epoch[1](3650/44128): Loss: 0.0214
Allocated: 502.06 MB
Cached:    10.36 GB
==> Epoch[1](3700/44128): Loss: 0.0003
Allocated: 501.84 MB
Cached:    10.36 GB
>> Searching for hard negatives...
==> Epoch[1](3750/44128): Loss: 0.0071
Allocated: 502.06 MB
Cached:    10.36 GB
==> Epoch[1](3800/44128): Loss: 0.0000
Allocated: 502.16 MB
Cached:    10.36 GB
>> Searching for hard negatives...
==> Epoch[1](3850/44128): Loss: 0.0000
Allocated: 502.80 MB
Cached:    9.36 GB
==> Epoch[1](3900/44128): Loss: 0.0000
Allocated: 501.65 MB
Cached:    9.37 GB
>> Searching for hard negatives...
==> Epoch[1](3950/44128): Loss: 0.0099
Allocated: 502.06 MB
Cached:    10.36 GB
==> Epoch[1](4000/44128): Loss: 0.0118
Allocated: 501.50 MB
Cached:    10.37 GB
>> Searching for hard negatives...
==> Epoch[1](4050/44128): Loss: 0.0000
Allocated: 502.80 MB
Cached:    9.36 GB
==> Epoch[1](4100/44128): Loss: 0.0000
Allocated: 501.62 MB
Cached:    9.36 GB
>> Searching for hard negatives...
==> Epoch[1](4150/44128): Loss: 0.0043
Allocated: 502.06 MB
Cached:    10.36 GB
==> Epoch[1](4200/44128): Loss: 0.0066
Allocated: 501.84 MB
Cached:    10.36 GB
>> Searching for hard negatives...
==> Epoch[1](4250/44128): Loss: 0.0099
Allocated: 502.06 MB
Cached:    9.36 GB
==> Epoch[1](4300/44128): Loss: 0.0000
Allocated: 501.19 MB
Cached:    9.37 GB
>> Searching for hard negatives...
==> Epoch[1](4350/44128): Loss: 0.0077
Allocated: 502.80 MB
Cached:    10.34 GB
==> Epoch[1](4400/44128): Loss: 0.0112
Allocated: 501.84 MB
Cached:    10.34 GB
>> Searching for hard negatives...
==> Epoch[1](4450/44128): Loss: 0.0105
Allocated: 502.06 MB
Cached:    9.36 GB
==> Epoch[1](4500/44128): Loss: 0.0000
Allocated: 501.50 MB
Cached:    9.37 GB
>> Searching for hard negatives...
==> Epoch[1](4550/44128): Loss: 0.0054
Allocated: 502.80 MB
Cached:    9.36 GB
==> Epoch[1](4600/44128): Loss: 0.0094
Allocated: 501.62 MB
Cached:    9.36 GB
>> Searching for hard negatives...
==> Epoch[1](4650/44128): Loss: 0.0150
Allocated: 502.06 MB
Cached:    10.36 GB
==> Epoch[1](4700/44128): Loss: 0.0229
Allocated: 502.16 MB
Cached:    10.36 GB
>> Searching for hard negatives...
==> Epoch[1](4750/44128): Loss: 0.0214
Allocated: 502.80 MB
Cached:    9.36 GB
==> Epoch[1](4800/44128): Loss: 0.0409
Allocated: 501.62 MB
Cached:    9.36 GB
>> Searching for hard negatives...
==> Epoch[1](4850/44128): Loss: 0.0051
Allocated: 502.06 MB
Cached:    10.36 GB
==> Epoch[1](4900/44128): Loss: 0.0243
Allocated: 501.19 MB
Cached:    10.37 GB
>> Searching for hard negatives...
==> Epoch[1](4950/44128): Loss: 0.0000
Allocated: 502.80 MB
Cached:    10.34 GB
==> Epoch[1](5000/44128): Loss: 0.0030
Allocated: 501.62 MB
Cached:    10.34 GB
>> Searching for hard negatives...
==> Epoch[1](5050/44128): Loss: 0.0063
Allocated: 502.06 MB
Cached:    9.36 GB
==> Epoch[1](5100/44128): Loss: 0.0660
Allocated: 501.84 MB
Cached:    9.36 GB
>> Searching for hard negatives...
==> Epoch[1](5150/44128): Loss: 0.0046
Allocated: 502.06 MB
Cached:    10.36 GB
==> Epoch[1](5200/44128): Loss: 0.0000
Allocated: 502.16 MB
Cached:    10.36 GB
>> Searching for hard negatives...
==> Epoch[1](5250/44128): Loss: 0.0323
Allocated: 502.80 MB
Cached:    9.36 GB
==> Epoch[1](5300/44128): Loss: 0.0027
Allocated: 501.62 MB
Cached:    9.36 GB
>> Searching for hard negatives...
==> Epoch[1](5350/44128): Loss: 0.0089
Allocated: 502.06 MB
Cached:    9.36 GB
==> Epoch[1](5400/44128): Loss: 0.0061
Allocated: 502.16 MB
Cached:    9.36 GB
>> Searching for hard negatives...
==> Epoch[1](5450/44128): Loss: 0.0102
Allocated: 502.80 MB
Cached:    9.36 GB
==> Epoch[1](5500/44128): Loss: 0.0024
Allocated: 501.62 MB
Cached:    9.36 GB
>> Searching for hard negatives...
==> Epoch[1](5550/44128): Loss: 0.0076
Allocated: 502.06 MB
Cached:    10.36 GB
==> Epoch[1](5600/44128): Loss: 0.0671
Allocated: 501.84 MB
Cached:    10.36 GB
>> Searching for hard negatives...
==> Epoch[1](5650/44128): Loss: 0.0007
Allocated: 502.06 MB
Cached:    9.36 GB
==> Epoch[1](5700/44128): Loss: 0.0134
Allocated: 502.16 MB
Cached:    9.36 GB
>> Searching for hard negatives...
==> Epoch[1](5750/44128): Loss: 0.0048
Allocated: 502.80 MB
Cached:    10.36 GB
==> Epoch[1](5800/44128): Loss: 0.0066
Allocated: 501.84 MB
Cached:    10.36 GB
>> Searching for hard negatives...
==> Epoch[1](5850/44128): Loss: 0.0001
Allocated: 502.06 MB
Cached:    10.36 GB
==> Epoch[1](5900/44128): Loss: 0.0012
Allocated: 502.16 MB
Cached:    10.36 GB
>> Searching for hard negatives...
==> Epoch[1](5950/44128): Loss: 0.0086
Allocated: 502.80 MB
Cached:    9.36 GB
==> Epoch[1](6000/44128): Loss: 0.0442
Allocated: 501.62 MB
Cached:    9.36 GB
>> Searching for hard negatives...
==> Epoch[1](6050/44128): Loss: 0.0011
Allocated: 502.06 MB
Cached:    10.36 GB
==> Epoch[1](6100/44128): Loss: 0.0095
Allocated: 501.84 MB
Cached:    10.36 GB
>> Searching for hard negatives...
==> Epoch[1](6150/44128): Loss: 0.0044
Allocated: 502.06 MB
Cached:    10.36 GB
==> Epoch[1](6200/44128): Loss: 0.0000
Allocated: 502.16 MB
Cached:    10.36 GB
>> Searching for hard negatives...
==> Epoch[1](6250/44128): Loss: 0.0000
Allocated: 502.80 MB
Cached:    10.36 GB
==> Epoch[1](6300/44128): Loss: 0.0076
Allocated: 501.62 MB
Cached:    10.36 GB
>> Searching for hard negatives...
==> Epoch[1](6350/44128): Loss: 0.0003
Allocated: 502.06 MB
Cached:    10.36 GB
==> Epoch[1](6400/44128): Loss: 0.0074
Allocated: 502.16 MB
Cached:    10.36 GB
>> Searching for hard negatives...
==> Epoch[1](6450/44128): Loss: 0.0002
Allocated: 502.80 MB
Cached:    9.36 GB
==> Epoch[1](6500/44128): Loss: 0.0000
Allocated: 501.62 MB
Cached:    9.36 GB
>> Searching for hard negatives...
==> Epoch[1](6550/44128): Loss: 0.0087
Allocated: 502.06 MB
Cached:    10.36 GB
==> Epoch[1](6600/44128): Loss: 0.0299
Allocated: 501.84 MB
Cached:    10.36 GB
>> Searching for hard negatives...
==> Epoch[1](6650/44128): Loss: 0.0001
Allocated: 502.06 MB
Cached:    9.36 GB
==> Epoch[1](6700/44128): Loss: 0.0000
Allocated: 502.16 MB
Cached:    9.36 GB
>> Searching for hard negatives...
==> Epoch[1](6750/44128): Loss: 0.0062
Allocated: 502.80 MB
Cached:    10.36 GB
==> Epoch[1](6800/44128): Loss: 0.0000
Allocated: 501.84 MB
Cached:    10.36 GB
>> Searching for hard negatives...
==> Epoch[1](6850/44128): Loss: 0.0069
Allocated: 502.06 MB
Cached:    9.36 GB
==> Epoch[1](6900/44128): Loss: 0.0329
Allocated: 501.50 MB
Cached:    9.37 GB
>> Searching for hard negatives...
==> Epoch[1](6950/44128): Loss: 0.0235
Allocated: 502.80 MB
Cached:    9.36 GB
==> Epoch[1](7000/44128): Loss: 0.0218
Allocated: 501.62 MB
Cached:    9.36 GB
>> Searching for hard negatives...
==> Epoch[1](7050/44128): Loss: 0.0000
Allocated: 502.06 MB
Cached:    9.36 GB
==> Epoch[1](7100/44128): Loss: 0.0006
Allocated: 501.50 MB
Cached:    9.37 GB
>> Searching for hard negatives...
==> Epoch[1](7150/44128): Loss: 0.0087
Allocated: 502.80 MB
Cached:    9.36 GB
==> Epoch[1](7200/44128): Loss: 0.0273
Allocated: 501.62 MB
Cached:    9.36 GB
>> Searching for hard negatives...
==> Epoch[1](7250/44128): Loss: 0.0025
Allocated: 502.06 MB
Cached:    9.36 GB
==> Epoch[1](7300/44128): Loss: 0.0136
Allocated: 501.84 MB
Cached:    9.36 GB
>> Searching for hard negatives...
==> Epoch[1](7350/44128): Loss: 0.0003
Allocated: 502.06 MB
Cached:    10.36 GB
==> Epoch[1](7400/44128): Loss: 0.0577
Allocated: 502.16 MB
Cached:    10.36 GB
>> Searching for hard negatives...
==> Epoch[1](7450/44128): Loss: 0.0049
Allocated: 502.80 MB
Cached:    9.36 GB
==> Epoch[1](7500/44128): Loss: 0.0090
Allocated: 501.62 MB
Cached:    9.36 GB
>> Searching for hard negatives...
==> Epoch[1](7550/44128): Loss: 0.0000
Allocated: 502.06 MB
Cached:    9.36 GB
==> Epoch[1](7600/44128): Loss: 0.0405
Allocated: 502.16 MB
Cached:    9.36 GB
>> Searching for hard negatives...
==> Epoch[1](7650/44128): Loss: 0.0134
Allocated: 502.80 MB
Cached:    10.36 GB
==> Epoch[1](7700/44128): Loss: 0.0399
Allocated: 501.65 MB
Cached:    10.37 GB
>> Searching for hard negatives...
==> Epoch[1](7750/44128): Loss: 0.0253
Allocated: 502.06 MB
Cached:    10.37 GB
==> Epoch[1](7800/44128): Loss: 0.0475
Allocated: 501.19 MB
Cached:    10.37 GB
>> Searching for hard negatives...
==> Epoch[1](7850/44128): Loss: 0.0268
Allocated: 502.80 MB
Cached:    10.34 GB
==> Epoch[1](7900/44128): Loss: 0.0223
Allocated: 501.75 MB
Cached:    10.35 GB
>> Searching for hard negatives...
==> Epoch[1](7950/44128): Loss: 0.0000
Allocated: 502.80 MB
Cached:    10.37 GB
==> Epoch[1](8000/44128): Loss: 0.0360
Allocated: 501.19 MB
Cached:    10.37 GB
>> Searching for hard negatives...
==> Epoch[1](8050/44128): Loss: 0.0166
Allocated: 502.80 MB
Cached:    10.34 GB
==> Epoch[1](8100/44128): Loss: 0.0210
Allocated: 501.19 MB
Cached:    10.35 GB
>> Searching for hard negatives...
==> Epoch[1](8150/44128): Loss: 0.0026
Allocated: 502.80 MB
Cached:    10.34 GB
==> Epoch[1](8200/44128): Loss: 0.0000
Allocated: 501.75 MB
Cached:    10.35 GB
>> Searching for hard negatives...
==> Epoch[1](8250/44128): Loss: 0.0000
Allocated: 502.80 MB
Cached:    9.36 GB
==> Epoch[1](8300/44128): Loss: 0.0006
Allocated: 501.62 MB
Cached:    9.36 GB
>> Searching for hard negatives...
==> Epoch[1](8350/44128): Loss: 0.0043
Allocated: 502.06 MB
Cached:    9.36 GB
==> Epoch[1](8400/44128): Loss: 0.0139
Allocated: 502.16 MB
Cached:    9.36 GB
>> Searching for hard negatives...
==> Epoch[1](8450/44128): Loss: 0.0000
Allocated: 502.80 MB
Cached:    9.36 GB
==> Epoch[1](8500/44128): Loss: 0.0000
Allocated: 501.62 MB
Cached:    9.36 GB
>> Searching for hard negatives...
==> Epoch[1](8550/44128): Loss: 0.0027
Allocated: 502.06 MB
Cached:    9.36 GB
==> Epoch[1](8600/44128): Loss: 0.0035
Allocated: 501.50 MB
Cached:    9.37 GB
>> Searching for hard negatives...
==> Epoch[1](8650/44128): Loss: 0.0000
Allocated: 502.80 MB
Cached:    10.37 GB
==> Epoch[1](8700/44128): Loss: 0.0835
Allocated: 501.62 MB
Cached:    10.37 GB
>> Searching for hard negatives...
==> Epoch[1](8750/44128): Loss: 0.0309
Allocated: 502.06 MB
Cached:    10.36 GB
==> Epoch[1](8800/44128): Loss: 0.0014
Allocated: 501.50 MB
Cached:    10.37 GB
>> Searching for hard negatives...
==> Epoch[1](8850/44128): Loss: 0.0077
Allocated: 502.80 MB
Cached:    9.36 GB
==> Epoch[1](8900/44128): Loss: 0.0045
Allocated: 501.84 MB
Cached:    9.36 GB
>> Searching for hard negatives...
==> Epoch[1](8950/44128): Loss: 0.0000
Allocated: 502.06 MB
Cached:    9.36 GB
==> Epoch[1](9000/44128): Loss: 0.0210
Allocated: 501.84 MB
Cached:    9.36 GB
>> Searching for hard negatives...
==> Epoch[1](9050/44128): Loss: 0.0192
Allocated: 502.06 MB
Cached:    10.36 GB
==> Epoch[1](9100/44128): Loss: 0.0000
Allocated: 501.50 MB
Cached:    10.37 GB
>> Searching for hard negatives...
==> Epoch[1](9150/44128): Loss: 0.0073
Allocated: 502.80 MB
Cached:    10.37 GB
==> Epoch[1](9200/44128): Loss: 0.0068
Allocated: 501.65 MB
Cached:    10.37 GB
>> Searching for hard negatives...
==> Epoch[1](9250/44128): Loss: 0.0162
Allocated: 502.06 MB
Cached:    10.37 GB
==> Epoch[1](9300/44128): Loss: 0.0214
Allocated: 501.50 MB
Cached:    10.37 GB
>> Searching for hard negatives...
==> Epoch[1](9350/44128): Loss: 0.0000
Allocated: 502.80 MB
Cached:    9.36 GB
==> Epoch[1](9400/44128): Loss: 0.0206
Allocated: 501.62 MB
Cached:    9.36 GB
>> Searching for hard negatives...
==> Epoch[1](9450/44128): Loss: 0.0008
Allocated: 502.06 MB
Cached:    10.36 GB
==> Epoch[1](9500/44128): Loss: 0.0018
Allocated: 501.84 MB
Cached:    10.36 GB
>> Searching for hard negatives...
==> Epoch[1](9550/44128): Loss: 0.0036
Allocated: 502.06 MB
Cached:    9.36 GB
==> Epoch[1](9600/44128): Loss: 0.0001
Allocated: 502.16 MB
Cached:    9.36 GB
>> Searching for hard negatives...
==> Epoch[1](9650/44128): Loss: 0.0261
Allocated: 502.80 MB
Cached:    9.36 GB
==> Epoch[1](9700/44128): Loss: 0.0020
Allocated: 501.62 MB
Cached:    9.36 GB
>> Searching for hard negatives...
==> Epoch[1](9750/44128): Loss: 0.0000
Allocated: 502.06 MB
Cached:    10.36 GB
==> Epoch[1](9800/44128): Loss: 0.0061
Allocated: 501.50 MB
Cached:    10.37 GB
>> Searching for hard negatives...
==> Epoch[1](9850/44128): Loss: 0.0154
Allocated: 502.80 MB
Cached:    9.36 GB
==> Epoch[1](9900/44128): Loss: 0.0199
Allocated: 501.65 MB
Cached:    9.37 GB
>> Searching for hard negatives...
==> Epoch[1](9950/44128): Loss: 0.0161
Allocated: 502.06 MB
Cached:    10.37 GB
==> Epoch[1](10000/44128): Loss: 0.0061
Allocated: 502.16 MB
Cached:    10.37 GB
>> Searching for hard negatives...
==> Epoch[1](10050/44128): Loss: 0.0000
Allocated: 502.80 MB
Cached:    10.36 GB
==> Epoch[1](10100/44128): Loss: 0.0236
Allocated: 501.62 MB
Cached:    10.36 GB
>> Searching for hard negatives...
==> Epoch[1](10150/44128): Loss: 0.0380
Allocated: 502.06 MB
Cached:    10.36 GB
==> Epoch[1](10200/44128): Loss: 0.0048
Allocated: 502.16 MB
Cached:    10.36 GB
>> Searching for hard negatives...
==> Epoch[1](10250/44128): Loss: 0.0018
Allocated: 502.80 MB
Cached:    10.36 GB
==> Epoch[1](10300/44128): Loss: 0.0000
Allocated: 501.62 MB
Cached:    10.36 GB
>> Searching for hard negatives...
==> Epoch[1](10350/44128): Loss: 0.0000
Allocated: 502.06 MB
Cached:    9.36 GB
==> Epoch[1](10400/44128): Loss: 0.0077
Allocated: 501.50 MB
Cached:    9.37 GB
>> Searching for hard negatives...
==> Epoch[1](10450/44128): Loss: 0.0516
Allocated: 502.80 MB
Cached:    9.36 GB
==> Epoch[1](10500/44128): Loss: 0.0000
Allocated: 501.65 MB
Cached:    9.37 GB
>> Searching for hard negatives...
==> Epoch[1](10550/44128): Loss: 0.0118
Allocated: 502.06 MB
Cached:    10.37 GB
==> Epoch[1](10600/44128): Loss: 0.0035
Allocated: 502.16 MB
Cached:    10.37 GB
>> Searching for hard negatives...
==> Epoch[1](10650/44128): Loss: 0.0000
Allocated: 502.80 MB
Cached:    9.36 GB
==> Epoch[1](10700/44128): Loss: 0.0138
Allocated: 501.62 MB
Cached:    9.36 GB
>> Searching for hard negatives...
==> Epoch[1](10750/44128): Loss: 0.0199
Allocated: 502.06 MB
Cached:    9.36 GB
==> Epoch[1](10800/44128): Loss: 0.0019
Allocated: 502.16 MB
Cached:    9.36 GB
>> Searching for hard negatives...
==> Epoch[1](10850/44128): Loss: 0.0033
Allocated: 502.80 MB
Cached:    10.36 GB
==> Epoch[1](10900/44128): Loss: 0.0230
Allocated: 501.62 MB
Cached:    10.36 GB
>> Searching for hard negatives...
==> Epoch[1](10950/44128): Loss: 0.0094
Allocated: 502.06 MB
Cached:    10.36 GB
==> Epoch[1](11000/44128): Loss: 0.0000
Allocated: 502.16 MB
Cached:    10.36 GB
>> Searching for hard negatives...
==> Epoch[1](11050/44128): Loss: 0.0000
Allocated: 502.80 MB
Cached:    10.36 GB
==> Epoch[1](11100/44128): Loss: 0.0000
Allocated: 501.19 MB
Cached:    10.37 GB
>> Searching for hard negatives...
==> Epoch[1](11150/44128): Loss: 0.0000
Allocated: 502.80 MB
Cached:    10.34 GB
==> Epoch[1](11200/44128): Loss: 0.0479
Allocated: 501.84 MB
Cached:    10.34 GB
>> Searching for hard negatives...
==> Epoch[1](11250/44128): Loss: 0.0183
Allocated: 502.06 MB
Cached:    10.36 GB
==> Epoch[1](11300/44128): Loss: 0.0000
Allocated: 501.84 MB
Cached:    10.36 GB
>> Searching for hard negatives...
==> Epoch[1](11350/44128): Loss: 0.0000
Allocated: 502.06 MB
Cached:    9.36 GB
==> Epoch[1](11400/44128): Loss: 0.0030
Allocated: 501.50 MB
Cached:    9.37 GB
>> Searching for hard negatives...
==> Epoch[1](11450/44128): Loss: 0.0000
Allocated: 502.80 MB
Cached:    10.37 GB
==> Epoch[1](11500/44128): Loss: 0.0040
Allocated: 501.62 MB
Cached:    10.37 GB
>> Searching for hard negatives...
==> Epoch[1](11550/44128): Loss: 0.0091
Allocated: 502.06 MB
Cached:    9.36 GB
==> Epoch[1](11600/44128): Loss: 0.0033
Allocated: 501.84 MB
Cached:    9.36 GB
>> Searching for hard negatives...
==> Epoch[1](11650/44128): Loss: 0.0076
Allocated: 502.06 MB
Cached:    10.36 GB
==> Epoch[1](11700/44128): Loss: 0.0149
Allocated: 501.84 MB
Cached:    10.36 GB
>> Searching for hard negatives...
==> Epoch[1](11750/44128): Loss: 0.0279
Allocated: 502.06 MB
Cached:    9.36 GB
==> Epoch[1](11800/44128): Loss: 0.0000
Allocated: 502.16 MB
Cached:    9.36 GB
>> Searching for hard negatives...
==> Epoch[1](11850/44128): Loss: 0.0060
Allocated: 502.80 MB
Cached:    10.36 GB
==> Epoch[1](11900/44128): Loss: 0.0129
Allocated: 501.62 MB
Cached:    10.36 GB
>> Searching for hard negatives...
==> Epoch[1](11950/44128): Loss: 0.0000
Allocated: 502.06 MB
Cached:    9.36 GB
==> Epoch[1](12000/44128): Loss: 0.0414
Allocated: 502.16 MB
Cached:    9.36 GB
>> Searching for hard negatives...
==> Epoch[1](12050/44128): Loss: 0.0244
Allocated: 502.80 MB
Cached:    10.36 GB
==> Epoch[1](12100/44128): Loss: 0.0026
Allocated: 501.84 MB
Cached:    10.36 GB
>> Searching for hard negatives...
==> Epoch[1](12150/44128): Loss: 0.0030
Allocated: 502.06 MB
Cached:    9.36 GB
==> Epoch[1](12200/44128): Loss: 0.0012
Allocated: 501.50 MB
Cached:    9.37 GB
>> Searching for hard negatives...
==> Epoch[1](12250/44128): Loss: 0.0005
Allocated: 502.80 MB
Cached:    10.37 GB
==> Epoch[1](12300/44128): Loss: 0.0023
Allocated: 501.84 MB
Cached:    10.37 GB
>> Searching for hard negatives...
==> Epoch[1](12350/44128): Loss: 0.0057
Allocated: 502.06 MB
Cached:    9.36 GB
==> Epoch[1](12400/44128): Loss: 0.0024
Allocated: 502.16 MB
Cached:    9.36 GB
>> Searching for hard negatives...
==> Epoch[1](12450/44128): Loss: 0.0106
Allocated: 502.80 MB
Cached:    9.36 GB
==> Epoch[1](12500/44128): Loss: 0.0112
Allocated: 501.84 MB
Cached:    9.36 GB
>> Searching for hard negatives...
==> Epoch[1](12550/44128): Loss: 0.0000
Allocated: 502.06 MB
Cached:    10.36 GB
==> Epoch[1](12600/44128): Loss: 0.0056
Allocated: 501.50 MB
Cached:    10.37 GB
>> Searching for hard negatives...
==> Epoch[1](12650/44128): Loss: 0.0302
Allocated: 502.80 MB
Cached:    10.37 GB
==> Epoch[1](12700/44128): Loss: 0.0000
Allocated: 501.62 MB
Cached:    10.37 GB
>> Searching for hard negatives...
==> Epoch[1](12750/44128): Loss: 0.0000
Allocated: 502.06 MB
Cached:    9.36 GB
==> Epoch[1](12800/44128): Loss: 0.0000
Allocated: 501.84 MB
Cached:    9.36 GB
>> Searching for hard negatives...
==> Epoch[1](12850/44128): Loss: 0.0618
Allocated: 502.06 MB
Cached:    10.36 GB
==> Epoch[1](12900/44128): Loss: 0.0000
Allocated: 501.84 MB
Cached:    10.36 GB
>> Searching for hard negatives...
==> Epoch[1](12950/44128): Loss: 0.0064
Allocated: 502.06 MB
Cached:    10.36 GB
==> Epoch[1](13000/44128): Loss: 0.0008
Allocated: 501.84 MB
Cached:    10.36 GB
>> Searching for hard negatives...
==> Epoch[1](13050/44128): Loss: 0.0031
Allocated: 502.06 MB
Cached:    9.36 GB
==> Epoch[1](13100/44128): Loss: 0.0000
Allocated: 501.50 MB
Cached:    9.37 GB
>> Searching for hard negatives...
==> Epoch[1](13150/44128): Loss: 0.0166
Allocated: 502.80 MB
Cached:    10.37 GB
==> Epoch[1](13200/44128): Loss: 0.0000
Allocated: 501.19 MB
Cached:    10.37 GB
>> Searching for hard negatives...
==> Epoch[1](13250/44128): Loss: 0.0000
Allocated: 502.80 MB
Cached:    10.34 GB
==> Epoch[1](13300/44128): Loss: 0.0055
Allocated: 501.62 MB
Cached:    10.34 GB
>> Searching for hard negatives...
==> Epoch[1](13350/44128): Loss: 0.0003
Allocated: 502.06 MB
Cached:    10.36 GB
==> Epoch[1](13400/44128): Loss: 0.0000
Allocated: 501.84 MB
Cached:    10.36 GB
>> Searching for hard negatives...
==> Epoch[1](13450/44128): Loss: 0.0000
Allocated: 502.06 MB
Cached:    9.36 GB
==> Epoch[1](13500/44128): Loss: 0.0027
Allocated: 502.16 MB
Cached:    9.36 GB
>> Searching for hard negatives...
==> Epoch[1](13550/44128): Loss: 0.0266
Allocated: 502.80 MB
Cached:    10.36 GB
==> Epoch[1](13600/44128): Loss: 0.0041
Allocated: 501.62 MB
Cached:    10.36 GB
>> Searching for hard negatives...
==> Epoch[1](13650/44128): Loss: 0.0036
Allocated: 502.06 MB
Cached:    9.36 GB
==> Epoch[1](13700/44128): Loss: 0.0158
Allocated: 501.84 MB
Cached:    9.36 GB
>> Searching for hard negatives...
==> Epoch[1](13750/44128): Loss: 0.0000
Allocated: 502.06 MB
Cached:    10.36 GB
==> Epoch[1](13800/44128): Loss: 0.0000
Allocated: 501.50 MB
Cached:    10.37 GB
>> Searching for hard negatives...
==> Epoch[1](13850/44128): Loss: 0.0776
Allocated: 502.80 MB
Cached:    10.37 GB
==> Epoch[1](13900/44128): Loss: 0.0159
Allocated: 501.84 MB
Cached:    10.37 GB
>> Searching for hard negatives...
==> Epoch[1](13950/44128): Loss: 0.0005
Allocated: 502.06 MB
Cached:    10.36 GB
==> Epoch[1](14000/44128): Loss: 0.0000
Allocated: 501.50 MB
Cached:    10.37 GB
>> Searching for hard negatives...
==> Epoch[1](14050/44128): Loss: 0.0028
Allocated: 502.80 MB
Cached:    10.37 GB
==> Epoch[1](14100/44128): Loss: 0.0000
Allocated: 501.62 MB
Cached:    10.37 GB
>> Searching for hard negatives...
==> Epoch[1](14150/44128): Loss: 0.0263
Allocated: 502.06 MB
Cached:    9.36 GB
==> Epoch[1](14200/44128): Loss: 0.0113
Allocated: 502.16 MB
Cached:    9.36 GB
>> Searching for hard negatives...
==> Epoch[1](14250/44128): Loss: 0.0089
Allocated: 502.80 MB
Cached:    9.36 GB
==> Epoch[1](14300/44128): Loss: 0.0318
Allocated: 501.84 MB
Cached:    9.36 GB
>> Searching for hard negatives...
==> Epoch[1](14350/44128): Loss: 0.0000
Allocated: 502.06 MB
Cached:    9.36 GB
==> Epoch[1](14400/44128): Loss: 0.0017
Allocated: 502.16 MB
Cached:    9.36 GB
>> Searching for hard negatives...
==> Epoch[1](14450/44128): Loss: 0.0000
Allocated: 502.80 MB
Cached:    10.36 GB
==> Epoch[1](14500/44128): Loss: 0.0000
Allocated: 501.62 MB
Cached:    10.36 GB
>> Searching for hard negatives...
==> Epoch[1](14550/44128): Loss: 0.0039
Allocated: 502.06 MB
Cached:    10.36 GB
==> Epoch[1](14600/44128): Loss: 0.0000
Allocated: 501.84 MB
Cached:    10.36 GB
>> Searching for hard negatives...
==> Epoch[1](14650/44128): Loss: 0.0000
Allocated: 502.06 MB
Cached:    10.36 GB
==> Epoch[1](14700/44128): Loss: 0.0151
Allocated: 501.84 MB
Cached:    10.36 GB
>> Searching for hard negatives...
==> Epoch[1](14750/44128): Loss: 0.0005
Allocated: 502.06 MB
Cached:    10.36 GB
==> Epoch[1](14800/44128): Loss: 0.0000
Allocated: 501.84 MB
Cached:    10.36 GB
>> Searching for hard negatives...
==> Epoch[1](14850/44128): Loss: 0.0000
Allocated: 502.06 MB
Cached:    10.36 GB
==> Epoch[1](14900/44128): Loss: 0.0000
Allocated: 501.84 MB
Cached:    10.36 GB
>> Searching for hard negatives...
==> Epoch[1](14950/44128): Loss: 0.0026
Allocated: 502.06 MB
Cached:    10.36 GB
==> Epoch[1](15000/44128): Loss: 0.0251
Allocated: 501.84 MB
Cached:    10.36 GB
>> Searching for hard negatives...
==> Epoch[1](15050/44128): Loss: 0.0328
Allocated: 502.06 MB
Cached:    10.36 GB
==> Epoch[1](15100/44128): Loss: 0.0047
Allocated: 502.16 MB
Cached:    10.36 GB
>> Searching for hard negatives...
==> Epoch[1](15150/44128): Loss: 0.0000
Allocated: 502.80 MB
Cached:    10.36 GB
==> Epoch[1](15200/44128): Loss: 0.0150
Allocated: 501.84 MB
Cached:    10.36 GB
>> Searching for hard negatives...
==> Epoch[1](15250/44128): Loss: 0.0000
Allocated: 502.06 MB
Cached:    10.36 GB
==> Epoch[1](15300/44128): Loss: 0.0000
Allocated: 501.84 MB
Cached:    10.36 GB
>> Searching for hard negatives...
==> Epoch[1](15350/44128): Loss: 0.0023
Allocated: 502.06 MB
Cached:    9.36 GB
==> Epoch[1](15400/44128): Loss: 0.0261
Allocated: 501.84 MB
Cached:    9.36 GB
>> Searching for hard negatives...
==> Epoch[1](15450/44128): Loss: 0.0106
Allocated: 502.06 MB
Cached:    9.36 GB
==> Epoch[1](15500/44128): Loss: 0.0229
Allocated: 501.50 MB
Cached:    9.37 GB
>> Searching for hard negatives...
==> Epoch[1](15550/44128): Loss: 0.0191
Allocated: 502.80 MB
Cached:    10.37 GB
==> Epoch[1](15600/44128): Loss: 0.0016
Allocated: 501.62 MB
Cached:    10.37 GB
>> Searching for hard negatives...
==> Epoch[1](15650/44128): Loss: 0.0056
Allocated: 502.06 MB
Cached:    10.36 GB
==> Epoch[1](15700/44128): Loss: 0.0004
Allocated: 501.84 MB
Cached:    10.36 GB
>> Searching for hard negatives...
==> Epoch[1](15750/44128): Loss: 0.0000
Allocated: 502.06 MB
Cached:    10.36 GB
==> Epoch[1](15800/44128): Loss: 0.0000
Allocated: 501.50 MB
Cached:    10.37 GB
>> Searching for hard negatives...
==> Epoch[1](15850/44128): Loss: 0.0506
Allocated: 502.06 MB
Cached:    9.42 GB
==> Epoch[1](15900/44128): Loss: 0.0009
Allocated: 501.62 MB
Cached:    9.42 GB
>> Searching for hard negatives...
==> Epoch[1](15950/44128): Loss: 0.0058
Allocated: 502.06 MB
Cached:    10.36 GB
==> Epoch[1](16000/44128): Loss: 0.0099
Allocated: 501.84 MB
Cached:    10.36 GB
>> Searching for hard negatives...
==> Epoch[1](16050/44128): Loss: 0.0000
Allocated: 502.06 MB
Cached:    10.36 GB
==> Epoch[1](16100/44128): Loss: 0.0121
Allocated: 502.16 MB
Cached:    10.36 GB
>> Searching for hard negatives...
==> Epoch[1](16150/44128): Loss: 0.0043
Allocated: 502.80 MB
Cached:    9.36 GB
==> Epoch[1](16200/44128): Loss: 0.0040
Allocated: 501.65 MB
Cached:    9.37 GB
>> Searching for hard negatives...
==> Epoch[1](16250/44128): Loss: 0.0734
Allocated: 502.06 MB
Cached:    9.36 GB
==> Epoch[1](16300/44128): Loss: 0.0000
Allocated: 501.84 MB
Cached:    9.36 GB
>> Searching for hard negatives...
==> Epoch[1](16350/44128): Loss: 0.0000
Allocated: 502.06 MB
Cached:    10.36 GB
==> Epoch[1](16400/44128): Loss: 0.0000
Allocated: 501.50 MB
Cached:    10.37 GB
>> Searching for hard negatives...
==> Epoch[1](16450/44128): Loss: 0.0046
Allocated: 502.80 MB
Cached:    10.36 GB
==> Epoch[1](16500/44128): Loss: 0.0000
Allocated: 501.19 MB
Cached:    10.37 GB
>> Searching for hard negatives...
==> Epoch[1](16550/44128): Loss: 0.0276
Allocated: 502.80 MB
Cached:    9.34 GB
==> Epoch[1](16600/44128): Loss: 0.0000
Allocated: 501.75 MB
Cached:    9.35 GB
>> Searching for hard negatives...
==> Epoch[1](16650/44128): Loss: 0.0000
Allocated: 502.80 MB
Cached:    10.36 GB
==> Epoch[1](16700/44128): Loss: 0.0080
Allocated: 501.65 MB
Cached:    10.37 GB
>> Searching for hard negatives...
==> Epoch[1](16750/44128): Loss: 0.0008
Allocated: 502.06 MB
Cached:    10.37 GB
==> Epoch[1](16800/44128): Loss: 0.0187
Allocated: 501.50 MB
Cached:    10.37 GB
>> Searching for hard negatives...
==> Epoch[1](16850/44128): Loss: 0.0450
Allocated: 502.80 MB
Cached:    10.37 GB
==> Epoch[1](16900/44128): Loss: 0.0000
Allocated: 501.62 MB
Cached:    10.37 GB
>> Searching for hard negatives...
==> Epoch[1](16950/44128): Loss: 0.0065
Allocated: 502.06 MB
Cached:    10.36 GB
==> Epoch[1](17000/44128): Loss: 0.0000
Allocated: 501.19 MB
Cached:    10.37 GB
>> Searching for hard negatives...
==> Epoch[1](17050/44128): Loss: 0.0020
Allocated: 502.80 MB
Cached:    10.34 GB
==> Epoch[1](17100/44128): Loss: 0.0000
Allocated: 501.75 MB
Cached:    10.35 GB
>> Searching for hard negatives...
==> Epoch[1](17150/44128): Loss: 0.0093
Allocated: 502.80 MB
Cached:    10.37 GB
==> Epoch[1](17200/44128): Loss: 0.0132
Allocated: 501.19 MB
Cached:    10.37 GB
>> Searching for hard negatives...
==> Epoch[1](17250/44128): Loss: 0.0004
Allocated: 502.80 MB
Cached:    9.34 GB
==> Epoch[1](17300/44128): Loss: 0.0000
Allocated: 501.75 MB
Cached:    9.35 GB
>> Searching for hard negatives...
==> Epoch[1](17350/44128): Loss: 0.0185
Allocated: 502.80 MB
Cached:    10.37 GB
==> Epoch[1](17400/44128): Loss: 0.0317
Allocated: 501.65 MB
Cached:    10.37 GB
>> Searching for hard negatives...
==> Epoch[1](17450/44128): Loss: 0.0003
Allocated: 502.06 MB
Cached:    9.36 GB
==> Epoch[1](17500/44128): Loss: 0.0291
Allocated: 501.50 MB
Cached:    9.37 GB
>> Searching for hard negatives...
==> Epoch[1](17550/44128): Loss: 0.0171
Allocated: 502.80 MB
Cached:    10.37 GB
==> Epoch[1](17600/44128): Loss: 0.0026
Allocated: 501.65 MB
Cached:    10.37 GB
>> Searching for hard negatives...
==> Epoch[1](17650/44128): Loss: 0.0052
Allocated: 502.80 MB
Cached:    10.34 GB
==> Epoch[1](17700/44128): Loss: 0.0000
Allocated: 501.50 MB
Cached:    10.35 GB
>> Searching for hard negatives...
==> Epoch[1](17750/44128): Loss: 0.0034
Allocated: 502.80 MB
Cached:    10.37 GB
==> Epoch[1](17800/44128): Loss: 0.0259
Allocated: 501.65 MB
Cached:    10.37 GB
>> Searching for hard negatives...
==> Epoch[1](17850/44128): Loss: 0.0000
Allocated: 502.06 MB
Cached:    10.37 GB
==> Epoch[1](17900/44128): Loss: 0.0000
Allocated: 501.19 MB
Cached:    10.37 GB
>> Searching for hard negatives...
==> Epoch[1](17950/44128): Loss: 0.0014
Allocated: 502.80 MB
Cached:    9.34 GB
==> Epoch[1](18000/44128): Loss: 0.0000
Allocated: 501.75 MB
Cached:    9.35 GB
>> Searching for hard negatives...
==> Epoch[1](18050/44128): Loss: 0.0000
Allocated: 502.80 MB
Cached:    9.36 GB
==> Epoch[1](18100/44128): Loss: 0.0000
Allocated: 501.62 MB
Cached:    9.36 GB
>> Searching for hard negatives...
==> Epoch[1](18150/44128): Loss: 0.0284
Allocated: 502.06 MB
Cached:    9.36 GB
==> Epoch[1](18200/44128): Loss: 0.0337
Allocated: 501.50 MB
Cached:    9.37 GB
>> Searching for hard negatives...
==> Epoch[1](18250/44128): Loss: 0.0067
Allocated: 502.80 MB
Cached:    10.36 GB
==> Epoch[1](18300/44128): Loss: 0.0000
Allocated: 501.19 MB
Cached:    10.37 GB
>> Searching for hard negatives...
==> Epoch[1](18350/44128): Loss: 0.0001
Allocated: 502.80 MB
Cached:    10.34 GB
==> Epoch[1](18400/44128): Loss: 0.0000
Allocated: 501.62 MB
Cached:    10.34 GB
>> Searching for hard negatives...
==> Epoch[1](18450/44128): Loss: 0.0032
Allocated: 502.06 MB
Cached:    10.36 GB
==> Epoch[1](18500/44128): Loss: 0.0051
Allocated: 501.50 MB
Cached:    10.37 GB
>> Searching for hard negatives...
==> Epoch[1](18550/44128): Loss: 0.0000
Allocated: 502.80 MB
Cached:    9.36 GB
==> Epoch[1](18600/44128): Loss: 0.0059
Allocated: 501.62 MB
Cached:    9.36 GB
>> Searching for hard negatives...
==> Epoch[1](18650/44128): Loss: 0.0000
Allocated: 502.06 MB
Cached:    10.36 GB
==> Epoch[1](18700/44128): Loss: 0.0024
Allocated: 502.16 MB
Cached:    10.36 GB
>> Searching for hard negatives...
==> Epoch[1](18750/44128): Loss: 0.0000
Allocated: 502.80 MB
Cached:    9.36 GB
==> Epoch[1](18800/44128): Loss: 0.0000
Allocated: 501.19 MB
Cached:    9.37 GB
>> Searching for hard negatives...
==> Epoch[1](18850/44128): Loss: 0.0171
Allocated: 502.80 MB
Cached:    9.34 GB
==> Epoch[1](18900/44128): Loss: 0.0000
Allocated: 501.62 MB
Cached:    9.34 GB
>> Searching for hard negatives...
==> Epoch[1](18950/44128): Loss: 0.0326
Allocated: 502.06 MB
Cached:    10.36 GB
==> Epoch[1](19000/44128): Loss: 0.0000
Allocated: 501.50 MB
Cached:    10.37 GB
>> Searching for hard negatives...
==> Epoch[1](19050/44128): Loss: 0.0005
Allocated: 502.80 MB
Cached:    10.36 GB
==> Epoch[1](19100/44128): Loss: 0.0000
Allocated: 501.19 MB
Cached:    10.37 GB
>> Searching for hard negatives...
==> Epoch[1](19150/44128): Loss: 0.0019
Allocated: 502.80 MB
Cached:    10.34 GB
==> Epoch[1](19200/44128): Loss: 0.0089
Allocated: 501.19 MB
Cached:    10.35 GB
>> Searching for hard negatives...
==> Epoch[1](19250/44128): Loss: 0.0031
Allocated: 502.80 MB
Cached:    10.34 GB
==> Epoch[1](19300/44128): Loss: 0.0025
Allocated: 501.62 MB
Cached:    10.34 GB
>> Searching for hard negatives...
==> Epoch[1](19350/44128): Loss: 0.0007
Allocated: 502.06 MB
Cached:    10.36 GB
==> Epoch[1](19400/44128): Loss: 0.0011
Allocated: 502.16 MB
Cached:    10.36 GB
>> Searching for hard negatives...
==> Epoch[1](19450/44128): Loss: 0.0001
Allocated: 502.80 MB
Cached:    10.36 GB
==> Epoch[1](19500/44128): Loss: 0.0036
Allocated: 501.62 MB
Cached:    10.36 GB
>> Searching for hard negatives...
==> Epoch[1](19550/44128): Loss: 0.0172
Allocated: 502.06 MB
Cached:    10.36 GB
==> Epoch[1](19600/44128): Loss: 0.0034
Allocated: 502.16 MB
Cached:    10.36 GB
>> Searching for hard negatives...
==> Epoch[1](19650/44128): Loss: 0.0109
Allocated: 502.80 MB
Cached:    9.36 GB
==> Epoch[1](19700/44128): Loss: 0.0000
Allocated: 501.65 MB
Cached:    9.37 GB
>> Searching for hard negatives...
==> Epoch[1](19750/44128): Loss: 0.0000
Allocated: 502.06 MB
Cached:    10.36 GB
==> Epoch[1](19800/44128): Loss: 0.0403
Allocated: 501.19 MB
Cached:    10.37 GB
>> Searching for hard negatives...
==> Epoch[1](19850/44128): Loss: 0.0415
Allocated: 502.80 MB
Cached:    9.34 GB
==> Epoch[1](19900/44128): Loss: 0.0000
Allocated: 501.65 MB
Cached:    10.67 GB
>> Searching for hard negatives...
==> Epoch[1](19950/44128): Loss: 0.0000
Allocated: 502.80 MB
Cached:    9.33 GB
==> Epoch[1](20000/44128): Loss: 0.0053
Allocated: 501.50 MB
Cached:    9.34 GB
>> Searching for hard negatives...
==> Epoch[1](20050/44128): Loss: 0.0395
Allocated: 502.80 MB
Cached:    10.37 GB
==> Epoch[1](20100/44128): Loss: 0.0049
Allocated: 501.19 MB
Cached:    10.37 GB
>> Searching for hard negatives...
==> Epoch[1](20150/44128): Loss: 0.0170
Allocated: 502.80 MB
Cached:    10.34 GB
==> Epoch[1](20200/44128): Loss: 0.0000
Allocated: 501.62 MB
Cached:    10.34 GB
>> Searching for hard negatives...
==> Epoch[1](20250/44128): Loss: 0.0019
Allocated: 502.06 MB
Cached:    10.36 GB
==> Epoch[1](20300/44128): Loss: 0.0465
Allocated: 501.19 MB
Cached:    10.37 GB
>> Searching for hard negatives...
==> Epoch[1](20350/44128): Loss: 0.0065
Allocated: 502.80 MB
Cached:    9.34 GB
==> Epoch[1](20400/44128): Loss: 0.0076
Allocated: 501.75 MB
Cached:    9.35 GB
>> Searching for hard negatives...
==> Epoch[1](20450/44128): Loss: 0.0035
Allocated: 502.80 MB
Cached:    10.37 GB
==> Epoch[1](20500/44128): Loss: 0.0001
Allocated: 501.65 MB
Cached:    10.37 GB
>> Searching for hard negatives...
==> Epoch[1](20550/44128): Loss: 0.0000
Allocated: 502.80 MB
Cached:    10.34 GB
==> Epoch[1](20600/44128): Loss: 0.0064
Allocated: 501.62 MB
Cached:    10.34 GB
>> Searching for hard negatives...
==> Epoch[1](20650/44128): Loss: 0.0346
Allocated: 502.06 MB
Cached:    9.28 GB
==> Epoch[1](20700/44128): Loss: 0.0011
Allocated: 501.62 MB
Cached:    9.28 GB
>> Searching for hard negatives...
==> Epoch[1](20750/44128): Loss: 0.0000
Allocated: 502.80 MB
Cached:    10.36 GB
==> Epoch[1](20800/44128): Loss: 0.0081
Allocated: 501.19 MB
Cached:    10.37 GB
>> Searching for hard negatives...
==> Epoch[1](20850/44128): Loss: 0.0079
Allocated: 502.80 MB
Cached:    10.34 GB
==> Epoch[1](20900/44128): Loss: 0.0000
Allocated: 501.75 MB
Cached:    10.35 GB
>> Searching for hard negatives...
==> Epoch[1](20950/44128): Loss: 0.0000
Allocated: 502.80 MB
Cached:    10.37 GB
==> Epoch[1](21000/44128): Loss: 0.0034
Allocated: 501.19 MB
Cached:    10.37 GB
>> Searching for hard negatives...
==> Epoch[1](21050/44128): Loss: 0.0000
Allocated: 502.80 MB
Cached:    9.34 GB
==> Epoch[1](21100/44128): Loss: 0.0819
Allocated: 501.19 MB
Cached:    9.35 GB
>> Searching for hard negatives...
==> Epoch[1](21150/44128): Loss: 0.0035
Allocated: 502.80 MB
Cached:    9.34 GB
==> Epoch[1](21200/44128): Loss: 0.0089
Allocated: 501.62 MB
Cached:    9.34 GB
>> Searching for hard negatives...
==> Epoch[1](21250/44128): Loss: 0.0151
Allocated: 502.06 MB
Cached:    10.36 GB
==> Epoch[1](21300/44128): Loss: 0.0336
Allocated: 501.50 MB
Cached:    10.37 GB
>> Searching for hard negatives...
==> Epoch[1](21350/44128): Loss: 0.0000
Allocated: 502.80 MB
Cached:    10.36 GB
==> Epoch[1](21400/44128): Loss: 0.0090
Allocated: 501.62 MB
Cached:    10.36 GB
>> Searching for hard negatives...
==> Epoch[1](21450/44128): Loss: 0.0000
Allocated: 502.06 MB
Cached:    10.36 GB
==> Epoch[1](21500/44128): Loss: 0.0000
Allocated: 501.50 MB
Cached:    10.37 GB
>> Searching for hard negatives...
==> Epoch[1](21550/44128): Loss: 0.0000
Allocated: 502.80 MB
Cached:    10.37 GB
==> Epoch[1](21600/44128): Loss: 0.0014
Allocated: 501.65 MB
Cached:    10.37 GB
>> Searching for hard negatives...
==> Epoch[1](21650/44128): Loss: 0.0000
Allocated: 502.06 MB
Cached:    10.37 GB
==> Epoch[1](21700/44128): Loss: 0.0000
Allocated: 501.50 MB
Cached:    10.37 GB
>> Searching for hard negatives...
==> Epoch[1](21750/44128): Loss: 0.0062
Allocated: 502.80 MB
Cached:    10.37 GB
==> Epoch[1](21800/44128): Loss: 0.0000
Allocated: 501.65 MB
Cached:    10.37 GB
>> Searching for hard negatives...
==> Epoch[1](21850/44128): Loss: 0.0062
Allocated: 502.06 MB
Cached:    10.37 GB
==> Epoch[1](21900/44128): Loss: 0.0000
Allocated: 502.16 MB
Cached:    10.37 GB
>> Searching for hard negatives...
==> Epoch[1](21950/44128): Loss: 0.0004
Allocated: 502.80 MB
Cached:    10.36 GB
==> Epoch[1](22000/44128): Loss: 0.1063
Allocated: 501.19 MB
Cached:    10.37 GB
>> Searching for hard negatives...
==> Epoch[1](22050/44128): Loss: 0.0009
Allocated: 502.80 MB
Cached:    10.34 GB
==> Epoch[1](22100/44128): Loss: 0.0028
Allocated: 501.19 MB
Cached:    10.35 GB
>> Searching for hard negatives...
==> Epoch[1](22150/44128): Loss: 0.0000
Allocated: 502.80 MB
Cached:    10.34 GB
==> Epoch[1](22200/44128): Loss: 0.0000
Allocated: 501.19 MB
Cached:    10.35 GB
>> Searching for hard negatives...
==> Epoch[1](22250/44128): Loss: 0.0095
Allocated: 502.80 MB
Cached:    10.34 GB
==> Epoch[1](22300/44128): Loss: 0.0241
Allocated: 501.75 MB
Cached:    10.35 GB
>> Searching for hard negatives...
==> Epoch[1](22350/44128): Loss: 0.0010
Allocated: 502.80 MB
Cached:    10.37 GB
==> Epoch[1](22400/44128): Loss: 0.0000
Allocated: 501.65 MB
Cached:    10.37 GB
>> Searching for hard negatives...
==> Epoch[1](22450/44128): Loss: 0.0000
Allocated: 502.06 MB
Cached:    10.37 GB
==> Epoch[1](22500/44128): Loss: 0.0053
Allocated: 501.50 MB
Cached:    10.37 GB
>> Searching for hard negatives...
==> Epoch[1](22550/44128): Loss: 0.0269
Allocated: 502.80 MB
Cached:    10.37 GB
==> Epoch[1](22600/44128): Loss: 0.0041
Allocated: 501.62 MB
Cached:    10.37 GB
>> Searching for hard negatives...
==> Epoch[1](22650/44128): Loss: 0.0037
Allocated: 502.06 MB
Cached:    10.36 GB
==> Epoch[1](22700/44128): Loss: 0.0030
Allocated: 501.50 MB
Cached:    10.37 GB
>> Searching for hard negatives...
==> Epoch[1](22750/44128): Loss: 0.0000
Allocated: 502.80 MB
Cached:    9.36 GB
==> Epoch[1](22800/44128): Loss: 0.0000
Allocated: 501.65 MB
Cached:    9.37 GB
>> Searching for hard negatives...
==> Epoch[1](22850/44128): Loss: 0.0000
Allocated: 502.06 MB
Cached:    10.37 GB
==> Epoch[1](22900/44128): Loss: 0.0026
Allocated: 501.19 MB
Cached:    10.37 GB
>> Searching for hard negatives...
==> Epoch[1](22950/44128): Loss: 0.0002
Allocated: 502.80 MB
Cached:    9.34 GB
==> Epoch[1](23000/44128): Loss: 0.0260
Allocated: 501.62 MB
Cached:    9.34 GB
>> Searching for hard negatives...
==> Epoch[1](23050/44128): Loss: 0.0000
Allocated: 502.06 MB
Cached:    10.36 GB
==> Epoch[1](23100/44128): Loss: 0.0000
Allocated: 501.19 MB
Cached:    10.37 GB
>> Searching for hard negatives...
==> Epoch[1](23150/44128): Loss: 0.0319
Allocated: 502.80 MB
Cached:    9.34 GB
==> Epoch[1](23200/44128): Loss: 0.0000
Allocated: 501.19 MB
Cached:    9.35 GB
>> Searching for hard negatives...
==> Epoch[1](23250/44128): Loss: 0.0000
Allocated: 502.80 MB
Cached:    9.34 GB
==> Epoch[1](23300/44128): Loss: 0.0000
Allocated: 501.62 MB
Cached:    9.34 GB
>> Searching for hard negatives...
==> Epoch[1](23350/44128): Loss: 0.0042
Allocated: 502.06 MB
Cached:    10.36 GB
==> Epoch[1](23400/44128): Loss: 0.0000
Allocated: 501.19 MB
Cached:    10.37 GB
>> Searching for hard negatives...
==> Epoch[1](23450/44128): Loss: 0.0050
Allocated: 502.80 MB
Cached:    10.34 GB
==> Epoch[1](23500/44128): Loss: 0.0000
Allocated: 501.62 MB
Cached:    10.34 GB
>> Searching for hard negatives...
==> Epoch[1](23550/44128): Loss: 0.0174
Allocated: 502.06 MB
Cached:    10.36 GB
==> Epoch[1](23600/44128): Loss: 0.0000
Allocated: 501.50 MB
Cached:    10.37 GB
>> Searching for hard negatives...
==> Epoch[1](23650/44128): Loss: 0.0000
Allocated: 502.80 MB
Cached:    10.36 GB
==> Epoch[1](23700/44128): Loss: 0.0000
Allocated: 501.19 MB
Cached:    10.37 GB
>> Searching for hard negatives...
==> Epoch[1](23750/44128): Loss: 0.0147
Allocated: 502.80 MB
Cached:    10.34 GB
==> Epoch[1](23800/44128): Loss: 0.0142
Allocated: 501.75 MB
Cached:    10.35 GB
>> Searching for hard negatives...
==> Epoch[1](23850/44128): Loss: 0.0003
Allocated: 502.80 MB
Cached:    10.36 GB
==> Epoch[1](23900/44128): Loss: 0.0000
Allocated: 501.62 MB
Cached:    10.36 GB
>> Searching for hard negatives...
==> Epoch[1](23950/44128): Loss: 0.0000
Allocated: 502.06 MB
Cached:    10.36 GB
==> Epoch[1](24000/44128): Loss: 0.0006
Allocated: 501.19 MB
Cached:    10.37 GB
>> Searching for hard negatives...
==> Epoch[1](24050/44128): Loss: 0.0061
Allocated: 502.80 MB
Cached:    10.34 GB
==> Epoch[1](24100/44128): Loss: 0.0000
Allocated: 501.75 MB
Cached:    10.35 GB
>> Searching for hard negatives...
==> Epoch[1](24150/44128): Loss: 0.0024
Allocated: 502.80 MB
Cached:    10.37 GB
==> Epoch[1](24200/44128): Loss: 0.0000
Allocated: 501.65 MB
Cached:    10.37 GB
>> Searching for hard negatives...
==> Epoch[1](24250/44128): Loss: 0.0003
Allocated: 502.06 MB
Cached:    9.36 GB
==> Epoch[1](24300/44128): Loss: 0.0271
Allocated: 501.50 MB
Cached:    9.37 GB
>> Searching for hard negatives...
==> Epoch[1](24350/44128): Loss: 0.0014
Allocated: 502.80 MB
Cached:    9.36 GB
==> Epoch[1](24400/44128): Loss: 0.0000
Allocated: 501.62 MB
Cached:    9.36 GB
>> Searching for hard negatives...
==> Epoch[1](24450/44128): Loss: 0.0000
Allocated: 502.06 MB
Cached:    10.36 GB
==> Epoch[1](24500/44128): Loss: 0.0058
Allocated: 501.19 MB
Cached:    10.37 GB
>> Searching for hard negatives...
==> Epoch[1](24550/44128): Loss: 0.0000
Allocated: 502.80 MB
Cached:    10.34 GB
==> Epoch[1](24600/44128): Loss: 0.0000
Allocated: 501.62 MB
Cached:    10.34 GB
>> Searching for hard negatives...
==> Epoch[1](24650/44128): Loss: 0.0169
Allocated: 502.06 MB
Cached:    9.36 GB
==> Epoch[1](24700/44128): Loss: 0.0000
Allocated: 501.19 MB
Cached:    9.37 GB
>> Searching for hard negatives...
==> Epoch[1](24750/44128): Loss: 0.0033
Allocated: 502.80 MB
Cached:    10.34 GB
==> Epoch[1](24800/44128): Loss: 0.0346
Allocated: 501.62 MB
Cached:    10.34 GB
>> Searching for hard negatives...
==> Epoch[1](24850/44128): Loss: 0.0040
Allocated: 502.06 MB
Cached:    10.36 GB
==> Epoch[1](24900/44128): Loss: 0.0160
Allocated: 501.50 MB
Cached:    10.37 GB
>> Searching for hard negatives...
==> Epoch[1](24950/44128): Loss: 0.0042
Allocated: 502.80 MB
Cached:    10.36 GB
==> Epoch[1](25000/44128): Loss: 0.0226
Allocated: 501.65 MB
Cached:    10.37 GB
>> Searching for hard negatives...
==> Epoch[1](25050/44128): Loss: 0.0042
Allocated: 502.06 MB
Cached:    9.36 GB
==> Epoch[1](25100/44128): Loss: 0.0214
Allocated: 501.50 MB
Cached:    9.37 GB
>> Searching for hard negatives...
==> Epoch[1](25150/44128): Loss: 0.0407
Allocated: 502.80 MB
Cached:    9.36 GB
==> Epoch[1](25200/44128): Loss: 0.0000
Allocated: 501.65 MB
Cached:    9.37 GB
>> Searching for hard negatives...
==> Epoch[1](25250/44128): Loss: 0.0000
Allocated: 502.06 MB
Cached:    10.37 GB
==> Epoch[1](25300/44128): Loss: 0.0189
Allocated: 502.16 MB
Cached:    10.37 GB
>> Searching for hard negatives...
==> Epoch[1](25350/44128): Loss: 0.0000
Allocated: 502.80 MB
Cached:    10.36 GB
==> Epoch[1](25400/44128): Loss: 0.0000
Allocated: 501.65 MB
Cached:    10.37 GB
>> Searching for hard negatives...
==> Epoch[1](25450/44128): Loss: 0.0000
Allocated: 502.06 MB
Cached:    10.36 GB
==> Epoch[1](25500/44128): Loss: 0.0213
Allocated: 502.16 MB
Cached:    10.36 GB
>> Searching for hard negatives...
==> Epoch[1](25550/44128): Loss: 0.0000
Allocated: 502.80 MB
Cached:    10.36 GB
==> Epoch[1](25600/44128): Loss: 0.0000
Allocated: 501.65 MB
Cached:    10.37 GB
>> Searching for hard negatives...
==> Epoch[1](25650/44128): Loss: 0.0000
Allocated: 502.06 MB
Cached:    10.37 GB
==> Epoch[1](25700/44128): Loss: 0.0000
Allocated: 501.50 MB
Cached:    10.37 GB
>> Searching for hard negatives...
==> Epoch[1](25750/44128): Loss: 0.0000
Allocated: 502.80 MB
Cached:    10.37 GB
==> Epoch[1](25800/44128): Loss: 0.0087
Allocated: 501.65 MB
Cached:    10.37 GB
>> Searching for hard negatives...
==> Epoch[1](25850/44128): Loss: 0.0020
Allocated: 502.06 MB
Cached:    9.42 GB
==> Epoch[1](25900/44128): Loss: 0.0191
Allocated: 501.76 MB
Cached:    9.42 GB
>> Searching for hard negatives...
==> Epoch[1](25950/44128): Loss: 0.0000
Allocated: 502.06 MB
Cached:    10.36 GB
==> Epoch[1](26000/44128): Loss: 0.0103
Allocated: 501.50 MB
Cached:    10.37 GB
>> Searching for hard negatives...
==> Epoch[1](26050/44128): Loss: 0.0000
Allocated: 502.80 MB
Cached:    10.36 GB
==> Epoch[1](26100/44128): Loss: 0.0053
Allocated: 501.62 MB
Cached:    10.36 GB
>> Searching for hard negatives...
==> Epoch[1](26150/44128): Loss: 0.0047
Allocated: 502.06 MB
Cached:    10.36 GB
==> Epoch[1](26200/44128): Loss: 0.0079
Allocated: 502.16 MB
Cached:    10.36 GB
>> Searching for hard negatives...
==> Epoch[1](26250/44128): Loss: 0.0000
Allocated: 502.80 MB
Cached:    10.36 GB
==> Epoch[1](26300/44128): Loss: 0.0141
Allocated: 501.19 MB
Cached:    10.37 GB
>> Searching for hard negatives...
==> Epoch[1](26350/44128): Loss: 0.0418
Allocated: 502.80 MB
Cached:    10.34 GB
==> Epoch[1](26400/44128): Loss: 0.0000
Allocated: 501.75 MB
Cached:    10.35 GB
>> Searching for hard negatives...
==> Epoch[1](26450/44128): Loss: 0.0206
Allocated: 502.80 MB
Cached:    10.37 GB
==> Epoch[1](26500/44128): Loss: 0.0000
Allocated: 501.65 MB
Cached:    10.37 GB
>> Searching for hard negatives...
==> Epoch[1](26550/44128): Loss: 0.0057
Allocated: 502.06 MB
Cached:    10.37 GB
==> Epoch[1](26600/44128): Loss: 0.0006
Allocated: 501.50 MB
Cached:    10.37 GB
>> Searching for hard negatives...
==> Epoch[1](26650/44128): Loss: 0.0133
Allocated: 502.80 MB
Cached:    10.37 GB
==> Epoch[1](26700/44128): Loss: 0.0080
Allocated: 501.65 MB
Cached:    10.37 GB
>> Searching for hard negatives...
==> Epoch[1](26750/44128): Loss: 0.0333
Allocated: 502.06 MB
Cached:    9.36 GB
==> Epoch[1](26800/44128): Loss: 0.0000
Allocated: 500.53 MB
Cached:    10.69 GB
>> Searching for hard negatives...
==> Epoch[1](26850/44128): Loss: 0.0000
Allocated: 502.80 MB
Cached:    10.36 GB
==> Epoch[1](26900/44128): Loss: 0.0001
Allocated: 501.62 MB
Cached:    10.36 GB
>> Searching for hard negatives...
==> Epoch[1](26950/44128): Loss: 0.0000
Allocated: 502.06 MB
Cached:    9.36 GB
==> Epoch[1](27000/44128): Loss: 0.0000
Allocated: 502.16 MB
Cached:    9.36 GB
>> Searching for hard negatives...
==> Epoch[1](27050/44128): Loss: 0.0002
Allocated: 502.80 MB
Cached:    10.36 GB
==> Epoch[1](27100/44128): Loss: 0.0000
Allocated: 501.65 MB
Cached:    10.37 GB
>> Searching for hard negatives...
==> Epoch[1](27150/44128): Loss: 0.0006
Allocated: 502.06 MB
Cached:    10.37 GB
==> Epoch[1](27200/44128): Loss: 0.0057
Allocated: 501.50 MB
Cached:    10.37 GB
>> Searching for hard negatives...
==> Epoch[1](27250/44128): Loss: 0.0300
Allocated: 502.80 MB
Cached:    10.37 GB
==> Epoch[1](27300/44128): Loss: 0.0217
Allocated: 501.62 MB
Cached:    10.37 GB
>> Searching for hard negatives...
==> Epoch[1](27350/44128): Loss: 0.0000
Allocated: 502.06 MB
Cached:    10.36 GB
==> Epoch[1](27400/44128): Loss: 0.0006
Allocated: 502.16 MB
Cached:    10.36 GB
>> Searching for hard negatives...
==> Epoch[1](27450/44128): Loss: 0.0140
Allocated: 502.80 MB
Cached:    10.36 GB
==> Epoch[1](27500/44128): Loss: 0.0024
Allocated: 501.62 MB
Cached:    10.36 GB
>> Searching for hard negatives...
==> Epoch[1](27550/44128): Loss: 0.0000
Allocated: 502.06 MB
Cached:    10.36 GB
==> Epoch[1](27600/44128): Loss: 0.0000
Allocated: 502.16 MB
Cached:    10.36 GB
>> Searching for hard negatives...
==> Epoch[1](27650/44128): Loss: 0.0088
Allocated: 502.80 MB
Cached:    10.36 GB
==> Epoch[1](27700/44128): Loss: 0.0000
Allocated: 501.62 MB
Cached:    10.36 GB
>> Searching for hard negatives...
==> Epoch[1](27750/44128): Loss: 0.0048
Allocated: 502.06 MB
Cached:    10.36 GB
==> Epoch[1](27800/44128): Loss: 0.0000
Allocated: 501.50 MB
Cached:    10.37 GB
>> Searching for hard negatives...
==> Epoch[1](27850/44128): Loss: 0.0000
Allocated: 502.80 MB
Cached:    10.37 GB
==> Epoch[1](27900/44128): Loss: 0.0016
Allocated: 501.62 MB
Cached:    10.37 GB
>> Searching for hard negatives...
==> Epoch[1](27950/44128): Loss: 0.0105
Allocated: 502.06 MB
Cached:    9.36 GB
==> Epoch[1](28000/44128): Loss: 0.0000
Allocated: 502.16 MB
Cached:    9.36 GB
>> Searching for hard negatives...
==> Epoch[1](28050/44128): Loss: 0.0286
Allocated: 502.80 MB
Cached:    10.36 GB
==> Epoch[1](28100/44128): Loss: 0.0008
Allocated: 501.62 MB
Cached:    10.36 GB
>> Searching for hard negatives...
==> Epoch[1](28150/44128): Loss: 0.0000
Allocated: 502.06 MB
Cached:    9.36 GB
==> Epoch[1](28200/44128): Loss: 0.0000
Allocated: 502.16 MB
Cached:    9.36 GB
>> Searching for hard negatives...
==> Epoch[1](28250/44128): Loss: 0.0000
Allocated: 502.80 MB
Cached:    10.36 GB
==> Epoch[1](28300/44128): Loss: 0.0000
Allocated: 500.75 MB
Cached:    10.36 GB
>> Searching for hard negatives...
==> Epoch[1](28350/44128): Loss: 0.0000
Allocated: 502.80 MB
Cached:    9.36 GB
==> Epoch[1](28400/44128): Loss: 0.0034
Allocated: 501.65 MB
Cached:    9.37 GB
>> Searching for hard negatives...
==> Epoch[1](28450/44128): Loss: 0.0156
Allocated: 502.06 MB
Cached:    10.37 GB
==> Epoch[1](28500/44128): Loss: 0.0011
Allocated: 502.16 MB
Cached:    10.37 GB
>> Searching for hard negatives...
==> Epoch[1](28550/44128): Loss: 0.0000
Allocated: 502.80 MB
Cached:    10.36 GB
==> Epoch[1](28600/44128): Loss: 0.0000
Allocated: 501.65 MB
Cached:    10.37 GB
>> Searching for hard negatives...
==> Epoch[1](28650/44128): Loss: 0.0111
Allocated: 502.80 MB
Cached:    9.33 GB
==> Epoch[1](28700/44128): Loss: 0.0000
Allocated: 501.62 MB
Cached:    9.33 GB
>> Searching for hard negatives...
==> Epoch[1](28750/44128): Loss: 0.0049
Allocated: 502.06 MB
Cached:    10.29 GB
==> Epoch[1](28800/44128): Loss: 0.0000
Allocated: 501.50 MB
Cached:    10.29 GB
>> Searching for hard negatives...
==> Epoch[1](28850/44128): Loss: 0.0007
Allocated: 502.80 MB
Cached:    9.36 GB
==> Epoch[1](28900/44128): Loss: 0.0003
Allocated: 501.62 MB
Cached:    9.36 GB
>> Searching for hard negatives...
==> Epoch[1](28950/44128): Loss: 0.0070
Allocated: 502.06 MB
Cached:    10.36 GB
==> Epoch[1](29000/44128): Loss: 0.0000
Allocated: 501.19 MB
Cached:    10.37 GB
>> Searching for hard negatives...
==> Epoch[1](29050/44128): Loss: 0.0006
Allocated: 502.80 MB
Cached:    10.34 GB
==> Epoch[1](29100/44128): Loss: 0.0087
Allocated: 501.19 MB
Cached:    10.35 GB
>> Searching for hard negatives...
==> Epoch[1](29150/44128): Loss: 0.0177
Allocated: 502.80 MB
Cached:    9.34 GB
==> Epoch[1](29200/44128): Loss: 0.0003
Allocated: 501.75 MB
Cached:    9.35 GB
>> Searching for hard negatives...
==> Epoch[1](29250/44128): Loss: 0.0004
Allocated: 502.80 MB
Cached:    9.36 GB
==> Epoch[1](29300/44128): Loss: 0.0000
Allocated: 501.65 MB
Cached:    9.37 GB
>> Searching for hard negatives...
==> Epoch[1](29350/44128): Loss: 0.0000
Allocated: 502.06 MB
Cached:    10.37 GB
==> Epoch[1](29400/44128): Loss: 0.0000
Allocated: 502.16 MB
Cached:    10.37 GB
>> Searching for hard negatives...
==> Epoch[1](29450/44128): Loss: 0.0000
Allocated: 502.80 MB
Cached:    10.36 GB
==> Epoch[1](29500/44128): Loss: 0.0000
Allocated: 501.62 MB
Cached:    10.36 GB
>> Searching for hard negatives...
==> Epoch[1](29550/44128): Loss: 0.0056
Allocated: 502.06 MB
Cached:    10.36 GB
==> Epoch[1](29600/44128): Loss: 0.0000
Allocated: 502.16 MB
Cached:    10.36 GB
>> Searching for hard negatives...
==> Epoch[1](29650/44128): Loss: 0.0155
Allocated: 502.80 MB
Cached:    10.36 GB
==> Epoch[1](29700/44128): Loss: 0.0098
Allocated: 501.62 MB
Cached:    10.36 GB
>> Searching for hard negatives...
==> Epoch[1](29750/44128): Loss: 0.0000
Allocated: 502.06 MB
Cached:    10.36 GB
==> Epoch[1](29800/44128): Loss: 0.0062
Allocated: 501.50 MB
Cached:    10.37 GB
>> Searching for hard negatives...
==> Epoch[1](29850/44128): Loss: 0.0000
Allocated: 502.80 MB
Cached:    9.36 GB
==> Epoch[1](29900/44128): Loss: 0.0121
Allocated: 501.19 MB
Cached:    9.37 GB
>> Searching for hard negatives...
==> Epoch[1](29950/44128): Loss: 0.0000
Allocated: 502.80 MB
Cached:    10.34 GB
==> Epoch[1](30000/44128): Loss: 0.0002
Allocated: 501.62 MB
Cached:    10.34 GB
>> Searching for hard negatives...
==> Epoch[1](30050/44128): Loss: 0.0246
Allocated: 502.06 MB
Cached:    9.36 GB
==> Epoch[1](30100/44128): Loss: 0.0099
Allocated: 501.50 MB
Cached:    9.37 GB
>> Searching for hard negatives...
==> Epoch[1](30150/44128): Loss: 0.0769
Allocated: 502.80 MB
Cached:    9.36 GB
==> Epoch[1](30200/44128): Loss: 0.0000
Allocated: 501.62 MB
Cached:    9.36 GB
>> Searching for hard negatives...
==> Epoch[1](30250/44128): Loss: 0.0026
Allocated: 502.06 MB
Cached:    9.36 GB
==> Epoch[1](30300/44128): Loss: 0.0281
Allocated: 502.16 MB
Cached:    9.36 GB
>> Searching for hard negatives...
==> Epoch[1](30350/44128): Loss: 0.0000
Allocated: 502.80 MB
Cached:    9.36 GB
==> Epoch[1](30400/44128): Loss: 0.0355
Allocated: 501.65 MB
Cached:    9.37 GB
>> Searching for hard negatives...
==> Epoch[1](30450/44128): Loss: 0.0000
Allocated: 502.06 MB
Cached:    10.37 GB
==> Epoch[1](30500/44128): Loss: 0.0000
Allocated: 502.16 MB
Cached:    10.37 GB
>> Searching for hard negatives...
==> Epoch[1](30550/44128): Loss: 0.0048
Allocated: 502.80 MB
Cached:    10.36 GB
==> Epoch[1](30600/44128): Loss: 0.0000
Allocated: 501.62 MB
Cached:    10.36 GB
>> Searching for hard negatives...
==> Epoch[1](30650/44128): Loss: 0.0000
Allocated: 502.06 MB
Cached:    10.36 GB
==> Epoch[1](30700/44128): Loss: 0.0500
Allocated: 501.50 MB
Cached:    10.37 GB
>> Searching for hard negatives...
==> Epoch[1](30750/44128): Loss: 0.0000
Allocated: 502.80 MB
Cached:    10.36 GB
==> Epoch[1](30800/44128): Loss: 0.0116
Allocated: 501.65 MB
Cached:    10.37 GB
>> Searching for hard negatives...
==> Epoch[1](30850/44128): Loss: 0.0033
Allocated: 502.06 MB
Cached:    10.37 GB
==> Epoch[1](30900/44128): Loss: 0.0000
Allocated: 502.16 MB
Cached:    10.37 GB
>> Searching for hard negatives...
==> Epoch[1](30950/44128): Loss: 0.0167
Allocated: 502.80 MB
Cached:    10.36 GB
==> Epoch[1](31000/44128): Loss: 0.0000
Allocated: 501.65 MB
Cached:    10.37 GB
>> Searching for hard negatives...
==> Epoch[1](31050/44128): Loss: 0.0002
Allocated: 502.06 MB
Cached:    10.36 GB
==> Epoch[1](31100/44128): Loss: 0.0000
Allocated: 502.16 MB
Cached:    10.36 GB
>> Searching for hard negatives...
==> Epoch[1](31150/44128): Loss: 0.0030
Allocated: 502.80 MB
Cached:    9.36 GB
==> Epoch[1](31200/44128): Loss: 0.0000
Allocated: 501.62 MB
Cached:    9.36 GB
>> Searching for hard negatives...
==> Epoch[1](31250/44128): Loss: 0.0000
Allocated: 502.06 MB
Cached:    9.36 GB
==> Epoch[1](31300/44128): Loss: 0.0000
Allocated: 502.16 MB
Cached:    9.36 GB
>> Searching for hard negatives...
==> Epoch[1](31350/44128): Loss: 0.0565
Allocated: 502.80 MB
Cached:    10.36 GB
==> Epoch[1](31400/44128): Loss: 0.0026
Allocated: 501.65 MB
Cached:    10.37 GB
>> Searching for hard negatives...
==> Epoch[1](31450/44128): Loss: 0.0059
Allocated: 502.06 MB
Cached:    10.37 GB
==> Epoch[1](31500/44128): Loss: 0.0000
Allocated: 502.16 MB
Cached:    10.37 GB
>> Searching for hard negatives...
==> Epoch[1](31550/44128): Loss: 0.0000
Allocated: 502.80 MB
Cached:    10.36 GB
==> Epoch[1](31600/44128): Loss: 0.0038
Allocated: 501.62 MB
Cached:    10.36 GB
>> Searching for hard negatives...
==> Epoch[1](31650/44128): Loss: 0.0159
Allocated: 502.06 MB
Cached:    10.36 GB
==> Epoch[1](31700/44128): Loss: 0.0202
Allocated: 502.16 MB
Cached:    10.36 GB
>> Searching for hard negatives...
==> Epoch[1](31750/44128): Loss: 0.0012
Allocated: 502.80 MB
Cached:    10.36 GB
==> Epoch[1](31800/44128): Loss: 0.0021
Allocated: 501.65 MB
Cached:    10.37 GB
>> Searching for hard negatives...
==> Epoch[1](31850/44128): Loss: 0.0178
Allocated: 502.06 MB
Cached:    10.37 GB
==> Epoch[1](31900/44128): Loss: 0.0000
Allocated: 502.16 MB
Cached:    10.37 GB
>> Searching for hard negatives...
==> Epoch[1](31950/44128): Loss: 0.0000
Allocated: 502.80 MB
Cached:    9.36 GB
==> Epoch[1](32000/44128): Loss: 0.0036
Allocated: 501.62 MB
Cached:    9.36 GB
>> Searching for hard negatives...
==> Epoch[1](32050/44128): Loss: 0.0000
Allocated: 502.06 MB
Cached:    10.36 GB
==> Epoch[1](32100/44128): Loss: 0.0000
Allocated: 501.50 MB
Cached:    10.37 GB
>> Searching for hard negatives...
==> Epoch[1](32150/44128): Loss: 0.0000
Allocated: 502.80 MB
Cached:    10.37 GB
==> Epoch[1](32200/44128): Loss: 0.0000
Allocated: 501.19 MB
Cached:    10.37 GB
>> Searching for hard negatives...
==> Epoch[1](32250/44128): Loss: 0.0034
Allocated: 502.80 MB
Cached:    10.34 GB
==> Epoch[1](32300/44128): Loss: 0.0075
Allocated: 501.62 MB
Cached:    10.34 GB
>> Searching for hard negatives...
==> Epoch[1](32350/44128): Loss: 0.0000
Allocated: 502.06 MB
Cached:    10.36 GB
==> Epoch[1](32400/44128): Loss: 0.0000
Allocated: 501.19 MB
Cached:    10.37 GB
>> Searching for hard negatives...
==> Epoch[1](32450/44128): Loss: 0.0042
Allocated: 502.80 MB
Cached:    10.34 GB
==> Epoch[1](32500/44128): Loss: 0.0000
Allocated: 501.75 MB
Cached:    10.35 GB
>> Searching for hard negatives...
==> Epoch[1](32550/44128): Loss: 0.0000
Allocated: 502.80 MB
Cached:    10.37 GB
==> Epoch[1](32600/44128): Loss: 0.0145
Allocated: 501.62 MB
Cached:    10.37 GB
>> Searching for hard negatives...
==> Epoch[1](32650/44128): Loss: 0.0000
Allocated: 502.06 MB
Cached:    9.36 GB
==> Epoch[1](32700/44128): Loss: 0.0155
Allocated: 501.50 MB
Cached:    9.37 GB
>> Searching for hard negatives...
==> Epoch[1](32750/44128): Loss: 0.0016
Allocated: 502.80 MB
Cached:    10.36 GB
==> Epoch[1](32800/44128): Loss: 0.0000
Allocated: 501.62 MB
Cached:    10.36 GB
>> Searching for hard negatives...
==> Epoch[1](32850/44128): Loss: 0.0084
Allocated: 502.06 MB
Cached:    10.36 GB
==> Epoch[1](32900/44128): Loss: 0.0000
Allocated: 501.50 MB
Cached:    10.37 GB
>> Searching for hard negatives...
==> Epoch[1](32950/44128): Loss: 0.0131
Allocated: 502.80 MB
Cached:    10.37 GB
==> Epoch[1](33000/44128): Loss: 0.0000
Allocated: 501.65 MB
Cached:    10.37 GB
>> Searching for hard negatives...
==> Epoch[1](33050/44128): Loss: 0.0000
Allocated: 502.06 MB
Cached:    9.36 GB
==> Epoch[1](33100/44128): Loss: 0.0000
Allocated: 502.16 MB
Cached:    9.36 GB
>> Searching for hard negatives...
==> Epoch[1](33150/44128): Loss: 0.0170
Allocated: 502.80 MB
Cached:    10.36 GB
==> Epoch[1](33200/44128): Loss: 0.0105
Allocated: 501.62 MB
Cached:    10.36 GB
>> Searching for hard negatives...
==> Epoch[1](33250/44128): Loss: 0.0015
Allocated: 502.06 MB
Cached:    10.36 GB
==> Epoch[1](33300/44128): Loss: 0.0056
Allocated: 502.16 MB
Cached:    10.36 GB
>> Searching for hard negatives...
==> Epoch[1](33350/44128): Loss: 0.0000
Allocated: 502.80 MB
Cached:    10.36 GB
==> Epoch[1](33400/44128): Loss: 0.0181
Allocated: 501.19 MB
Cached:    10.37 GB
>> Searching for hard negatives...
==> Epoch[1](33450/44128): Loss: 0.0138
Allocated: 502.80 MB
Cached:    10.34 GB
==> Epoch[1](33500/44128): Loss: 0.0000
Allocated: 501.75 MB
Cached:    10.35 GB
>> Searching for hard negatives...
==> Epoch[1](33550/44128): Loss: 0.0057
Allocated: 502.80 MB
Cached:    10.37 GB
==> Epoch[1](33600/44128): Loss: 0.0000
Allocated: 501.19 MB
Cached:    10.37 GB
>> Searching for hard negatives...
==> Epoch[1](33650/44128): Loss: 0.0042
Allocated: 502.80 MB
Cached:    9.34 GB
==> Epoch[1](33700/44128): Loss: 0.0007
Allocated: 501.75 MB
Cached:    9.35 GB
>> Searching for hard negatives...
==> Epoch[1](33750/44128): Loss: 0.0000
Allocated: 502.80 MB
Cached:    9.36 GB
==> Epoch[1](33800/44128): Loss: 0.0000
Allocated: 501.62 MB
Cached:    9.36 GB
>> Searching for hard negatives...
==> Epoch[1](33850/44128): Loss: 0.0034
Allocated: 502.06 MB
Cached:    10.36 GB
==> Epoch[1](33900/44128): Loss: 0.0000
Allocated: 502.16 MB
Cached:    10.36 GB
>> Searching for hard negatives...
==> Epoch[1](33950/44128): Loss: 0.0012
Allocated: 502.80 MB
Cached:    10.36 GB
==> Epoch[1](34000/44128): Loss: 0.0000
Allocated: 501.62 MB
Cached:    10.36 GB
>> Searching for hard negatives...
==> Epoch[1](34050/44128): Loss: 0.0058
Allocated: 502.06 MB
Cached:    10.36 GB
==> Epoch[1](34100/44128): Loss: 0.0000
Allocated: 501.50 MB
Cached:    10.37 GB
>> Searching for hard negatives...
==> Epoch[1](34150/44128): Loss: 0.0071
Allocated: 502.80 MB
Cached:    10.37 GB
==> Epoch[1](34200/44128): Loss: 0.0000
Allocated: 500.53 MB
Cached:    10.37 GB
>> Searching for hard negatives...
==> Epoch[1](34250/44128): Loss: 0.0066
Allocated: 502.80 MB
Cached:    9.36 GB
==> Epoch[1](34300/44128): Loss: 0.0000
Allocated: 501.62 MB
Cached:    9.36 GB
>> Searching for hard negatives...
==> Epoch[1](34350/44128): Loss: 0.0078
Allocated: 502.06 MB
Cached:    10.36 GB
==> Epoch[1](34400/44128): Loss: 0.0000
Allocated: 501.19 MB
Cached:    10.37 GB
>> Searching for hard negatives...
==> Epoch[1](34450/44128): Loss: 0.0047
Allocated: 502.80 MB
Cached:    10.34 GB
==> Epoch[1](34500/44128): Loss: 0.0015
Allocated: 501.62 MB
Cached:    10.34 GB
>> Searching for hard negatives...
==> Epoch[1](34550/44128): Loss: 0.0045
Allocated: 502.06 MB
Cached:    9.36 GB
==> Epoch[1](34600/44128): Loss: 0.0000
Allocated: 501.50 MB
Cached:    9.37 GB
>> Searching for hard negatives...
