Tue Mar 12 07:46:54 EDT 2024
/home/m.maqboolbhutta/usman_ws/codes/patchnetvlad
/home/m.maqboolbhutta/.conda/envs/patchnetvlad/bin/python
Host: c0900a-s17
Other nodes: 
Starting  process(es) on each node...
==========Starting Training=============
Saving checkpoints at /home/m.maqboolbhutta/usman_ws/models/patchnetvlad/graphvlad-triplet-12-Mar-cen-map-16-lr0_001
========================================
Namespace(cache_path='/home/m.maqboolbhutta/usman_ws/datasets/netvlad-official/', cluster_path='/home/m.maqboolbhutta/usman_ws/datasets/netvlad-official/centroids/vgg16_mapillary_16_desc_cen.hdf5', config_path='patchnetvlad/configs/train-slurm.ini', dataset_root_dir='/home/m.maqboolbhutta/usman_ws/datasets/mapillary_sls/', identifier='mapillary_nopanos', loss='triplet', method='graphvlad', nEpochs=30, nocuda=False, resume_path='', save_every_epoch=True, save_path='/home/m.maqboolbhutta/usman_ws/models/patchnetvlad/graphvlad-triplet-12-Mar-cen-map-16-lr0_001', start_epoch=0, threads=6)
===> Building model
===> Loading model
===> Loading segmentation model
Creating model graphvlad
Encoder loaded!
Let's use 8 GPUs!
===> Loading dataset(s)
Exclude panoramas: True
=====> trondheim
=====> london
=====> boston
=====> melbourne
=====> amsterdam
=====> helsinki
=====> tokyo
=====> toronto
=====> saopaulo
=====> moscow
=====> zurich
=====> paris
=====> bangkok
=====> budapest
=====> austin
=====> berlin
=====> ottawa
=====> phoenix
=====> goa
=====> amman
=====> nairobi
=====> manila
#Sideways [21262/441280]; #Night; [4666/441280]
Forward and Day weighted with 1.0000
Forward and Night weighted with 95.5735
Sideways and Day weighted with 21.7544
Sideways and Night weighted with 116.3279
Exclude panoramas: True
=====> cph
=====> sf
===> Training query set: 441280
===> Evaluating on val set, query count: 740
===> Training model
>> Searching for hard negatives...
>> Searching for hard negatives...
==> Epoch[1](50/18387): Loss: 0.0985
Allocated: 506.54 MB
Cached:    10.42 GB
>> Searching for hard negatives...
==> Epoch[1](100/18387): Loss: 0.0962
Allocated: 506.54 MB
Cached:    10.41 GB
>> Searching for hard negatives...
==> Epoch[1](150/18387): Loss: 0.0293
Allocated: 507.29 MB
Cached:    10.43 GB
>> Searching for hard negatives...
==> Epoch[1](200/18387): Loss: 0.0988
Allocated: 506.54 MB
Cached:    10.42 GB
>> Searching for hard negatives...
==> Epoch[1](250/18387): Loss: 0.1032
Allocated: 506.54 MB
Cached:    10.42 GB
>> Searching for hard negatives...
>> Searching for hard negatives...
==> Epoch[1](300/18387): Loss: 0.1277
Allocated: 506.54 MB
Cached:    10.42 GB
>> Searching for hard negatives...
==> Epoch[1](350/18387): Loss: 0.0334
Allocated: 506.54 MB
Cached:    10.41 GB
>> Searching for hard negatives...
==> Epoch[1](400/18387): Loss: 0.0498
Allocated: 507.29 MB
Cached:    10.42 GB
>> Searching for hard negatives...
==> Epoch[1](450/18387): Loss: 0.0544
Allocated: 506.54 MB
Cached:    10.42 GB
