Thu Aug  8 20:45:32 EDT 2024
/home/m.maqboolbhutta/usman_ws/codes/patchnetvlad
/home/m.maqboolbhutta/.conda/envs/patchnetvlad/bin/python
Host: c0904a-s11
Other nodes: 
Starting  process(es) on each node...
==========Starting Training=============
Saving checkpoints at /home/m.maqboolbhutta/usman_ws/models/patchnetvlad/fastscnn-v3/vgg16-graphvlad-triplet-08-Aug
========================================
Namespace(cache_path='/home/m.maqboolbhutta/usman_ws/datasets/official/patchnetvlad/', cluster_path='/home/m.maqboolbhutta/usman_ws/datasets/official/patchnetvlad/centroids/vgg16_mapillary_16_desc_cen.hdf5', config_path='patchnetvlad/configs/train-slurm.ini', dataset_root_dir='/home/m.maqboolbhutta/usman_ws/datasets/Mapillary_Street_Level_Sequences/', fast_scnn='/home/m.maqboolbhutta/usman_ws/datasets/official/fast-scnn/fast_scnn_citys.pth', identifier='mapillary_nopanos', loss='triplet', method='graphvlad', nEpochs=30, nocuda=False, resume_path='', save_every_epoch=True, save_path='/home/m.maqboolbhutta/usman_ws/models/patchnetvlad/fastscnn-v3/vgg16-graphvlad-triplet-08-Aug', start_epoch=0, threads=6, vd16_offtheshelf_path='/home/m.maqboolbhutta/usman_ws/datasets/official/openibl-init/vd16_offtheshelf_conv5_3_max.pth')
===> Building model
===> Loading model
===> Loading segmentation model
Creating model graphvlad
===> Loading dataset(s)
Exclude panoramas: True
=====> trondheim
=====> london
=====> boston
=====> melbourne
=====> amsterdam
=====> helsinki
=====> tokyo
=====> toronto
=====> saopaulo
=====> moscow
=====> zurich
=====> paris
=====> bangkok
=====> budapest
=====> austin
=====> berlin
=====> ottawa
=====> phoenix
=====> goa
=====> amman
=====> nairobi
=====> manila
#Sideways [21262/441280]; #Night; [4666/441280]
Forward and Day weighted with 1.0000
Forward and Night weighted with 95.5735
Sideways and Day weighted with 21.7544
Sideways and Night weighted with 116.3279
Exclude panoramas: True
=====> cph
=====> sf
===> Training query set: 441280
===> Evaluating on val set, query count: 740
===> Training model
>> Searching for hard negatives...
>> Searching for hard negatives...
>> Searching for hard negatives...
==> Epoch[1](50/7355): Loss: 0.0503
Allocated: 550.97 MB
Cached:    36.94 GB
>> Searching for hard negatives...
>> Searching for hard negatives...
>> Searching for hard negatives...
==> Epoch[1](100/7355): Loss: 0.0234
Allocated: 550.97 MB
Cached:    36.90 GB
>> Searching for hard negatives...
>> Searching for hard negatives...
>> Searching for hard negatives...
==> Epoch[1](150/7355): Loss: 0.0269
Allocated: 550.97 MB
Cached:    36.96 GB
>> Searching for hard negatives...
>> Searching for hard negatives...
>> Searching for hard negatives...
==> Epoch[1](200/7355): Loss: 0.0358
Allocated: 550.97 MB
Cached:    36.94 GB
>> Searching for hard negatives...
>> Searching for hard negatives...
>> Searching for hard negatives...
==> Epoch[1](250/7355): Loss: 0.0221
Allocated: 550.97 MB
Cached:    36.98 GB
>> Searching for hard negatives...
>> Searching for hard negatives...
>> Searching for hard negatives...
==> Epoch[1](300/7355): Loss: 0.0454
Allocated: 550.97 MB
Cached:    36.99 GB
>> Searching for hard negatives...
>> Searching for hard negatives...
>> Searching for hard negatives...
==> Epoch[1](350/7355): Loss: 0.0040
Allocated: 550.97 MB
Cached:    36.97 GB
>> Searching for hard negatives...
>> Searching for hard negatives...
>> Searching for hard negatives...
==> Epoch[1](400/7355): Loss: 0.0194
Allocated: 550.97 MB
Cached:    36.93 GB
>> Searching for hard negatives...
>> Searching for hard negatives...
>> Searching for hard negatives...
==> Epoch[1](450/7355): Loss: 0.0222
Allocated: 550.97 MB
Cached:    36.98 GB
>> Searching for hard negatives...
>> Searching for hard negatives...
>> Searching for hard negatives...
==> Epoch[1](500/7355): Loss: 0.0193
Allocated: 550.97 MB
Cached:    36.97 GB
>> Searching for hard negatives...
>> Searching for hard negatives...
>> Searching for hard negatives...
==> Epoch[1](550/7355): Loss: 0.0314
Allocated: 551.30 MB
Cached:    36.97 GB
>> Searching for hard negatives...
>> Searching for hard negatives...
>> Searching for hard negatives...
==> Epoch[1](600/7355): Loss: 0.0286
Allocated: 550.97 MB
Cached:    36.96 GB
>> Searching for hard negatives...
>> Searching for hard negatives...
>> Searching for hard negatives...
==> Epoch[1](650/7355): Loss: 0.0232
Allocated: 550.97 MB
Cached:    36.97 GB
>> Searching for hard negatives...
>> Searching for hard negatives...
>> Searching for hard negatives...
==> Epoch[1](700/7355): Loss: 0.0256
Allocated: 550.97 MB
Cached:    36.95 GB
>> Searching for hard negatives...
>> Searching for hard negatives...
>> Searching for hard negatives...
==> Epoch[1](750/7355): Loss: 0.0213
Allocated: 550.97 MB
Cached:    36.97 GB
>> Searching for hard negatives...
>> Searching for hard negatives...
>> Searching for hard negatives...
==> Epoch[1](800/7355): Loss: 0.0192
Allocated: 550.97 MB
Cached:    29.18 GB
>> Searching for hard negatives...
>> Searching for hard negatives...
==> Epoch[1](850/7355): Loss: 0.0299
Allocated: 503.83 MB
Cached:    36.88 GB
>> Searching for hard negatives...
>> Searching for hard negatives...
>> Searching for hard negatives...
==> Epoch[1](900/7355): Loss: 0.0075
Allocated: 550.97 MB
Cached:    36.88 GB
>> Searching for hard negatives...
>> Searching for hard negatives...
>> Searching for hard negatives...
==> Epoch[1](950/7355): Loss: 0.0078
Allocated: 550.97 MB
Cached:    36.96 GB
>> Searching for hard negatives...
>> Searching for hard negatives...
>> Searching for hard negatives...
==> Epoch[1](1000/7355): Loss: 0.0163
Allocated: 550.97 MB
Cached:    36.95 GB
>> Searching for hard negatives...
>> Searching for hard negatives...
>> Searching for hard negatives...
==> Epoch[1](1050/7355): Loss: 0.0085
Allocated: 550.97 MB
Cached:    36.96 GB
>> Searching for hard negatives...
>> Searching for hard negatives...
>> Searching for hard negatives...
==> Epoch[1](1100/7355): Loss: 0.0077
Allocated: 550.97 MB
Cached:    36.98 GB
>> Searching for hard negatives...
>> Searching for hard negatives...
>> Searching for hard negatives...
==> Epoch[1](1150/7355): Loss: 0.0171
Allocated: 550.97 MB
Cached:    36.87 GB
>> Searching for hard negatives...
>> Searching for hard negatives...
>> Searching for hard negatives...
==> Epoch[1](1200/7355): Loss: 0.0060
Allocated: 550.97 MB
Cached:    36.98 GB
>> Searching for hard negatives...
>> Searching for hard negatives...
>> Searching for hard negatives...
==> Epoch[1](1250/7355): Loss: 0.0149
Allocated: 550.97 MB
Cached:    36.97 GB
>> Searching for hard negatives...
>> Searching for hard negatives...
>> Searching for hard negatives...
==> Epoch[1](1300/7355): Loss: 0.0118
Allocated: 550.97 MB
Cached:    36.95 GB
>> Searching for hard negatives...
>> Searching for hard negatives...
>> Searching for hard negatives...
==> Epoch[1](1350/7355): Loss: 0.0185
Allocated: 550.97 MB
Cached:    36.91 GB
>> Searching for hard negatives...
>> Searching for hard negatives...
>> Searching for hard negatives...
==> Epoch[1](1400/7355): Loss: 0.0175
Allocated: 550.97 MB
Cached:    36.95 GB
>> Searching for hard negatives...
>> Searching for hard negatives...
>> Searching for hard negatives...
==> Epoch[1](1450/7355): Loss: 0.0093
Allocated: 550.97 MB
Cached:    36.97 GB
>> Searching for hard negatives...
>> Searching for hard negatives...
>> Searching for hard negatives...
==> Epoch[1](1500/7355): Loss: 0.0114
Allocated: 550.97 MB
Cached:    36.88 GB
>> Searching for hard negatives...
>> Searching for hard negatives...
>> Searching for hard negatives...
==> Epoch[1](1550/7355): Loss: 0.0147
Allocated: 550.97 MB
Cached:    36.98 GB
>> Searching for hard negatives...
>> Searching for hard negatives...
>> Searching for hard negatives...
==> Epoch[1](1600/7355): Loss: 0.0056
Allocated: 550.97 MB
Cached:    36.98 GB
>> Searching for hard negatives...
>> Searching for hard negatives...
>> Searching for hard negatives...
==> Epoch[1](1650/7355): Loss: 0.0060
Allocated: 550.97 MB
Cached:    29.22 GB
>> Searching for hard negatives...
>> Searching for hard negatives...
==> Epoch[1](1700/7355): Loss: 0.0214
Allocated: 498.67 MB
Cached:    36.94 GB
>> Searching for hard negatives...
>> Searching for hard negatives...
>> Searching for hard negatives...
==> Epoch[1](1750/7355): Loss: 0.0150
Allocated: 550.97 MB
Cached:    36.98 GB
>> Searching for hard negatives...
>> Searching for hard negatives...
>> Searching for hard negatives...
==> Epoch[1](1800/7355): Loss: 0.0057
Allocated: 550.97 MB
Cached:    36.87 GB
>> Searching for hard negatives...
>> Searching for hard negatives...
>> Searching for hard negatives...
==> Epoch[1](1850/7355): Loss: 0.0106
Allocated: 550.97 MB
Cached:    36.97 GB
>> Searching for hard negatives...
>> Searching for hard negatives...
>> Searching for hard negatives...
==> Epoch[1](1900/7355): Loss: 0.0081
Allocated: 550.97 MB
Cached:    36.96 GB
>> Searching for hard negatives...
>> Searching for hard negatives...
>> Searching for hard negatives...
==> Epoch[1](1950/7355): Loss: 0.0088
Allocated: 550.97 MB
Cached:    36.96 GB
>> Searching for hard negatives...
>> Searching for hard negatives...
>> Searching for hard negatives...
==> Epoch[1](2000/7355): Loss: 0.0080
Allocated: 550.97 MB
Cached:    36.87 GB
>> Searching for hard negatives...
>> Searching for hard negatives...
>> Searching for hard negatives...
==> Epoch[1](2050/7355): Loss: 0.0105
Allocated: 550.97 MB
Cached:    36.94 GB
>> Searching for hard negatives...
>> Searching for hard negatives...
>> Searching for hard negatives...
==> Epoch[1](2100/7355): Loss: 0.0164
Allocated: 550.97 MB
Cached:    36.95 GB
>> Searching for hard negatives...
>> Searching for hard negatives...
>> Searching for hard negatives...
==> Epoch[1](2150/7355): Loss: 0.0046
Allocated: 550.97 MB
Cached:    36.99 GB
>> Searching for hard negatives...
>> Searching for hard negatives...
>> Searching for hard negatives...
==> Epoch[1](2200/7355): Loss: 0.0059
Allocated: 551.30 MB
Cached:    36.97 GB
>> Searching for hard negatives...
>> Searching for hard negatives...
>> Searching for hard negatives...
==> Epoch[1](2250/7355): Loss: 0.0239
Allocated: 550.97 MB
Cached:    36.88 GB
>> Searching for hard negatives...
>> Searching for hard negatives...
>> Searching for hard negatives...
==> Epoch[1](2300/7355): Loss: 0.0008
Allocated: 550.97 MB
Cached:    36.96 GB
>> Searching for hard negatives...
>> Searching for hard negatives...
>> Searching for hard negatives...
==> Epoch[1](2350/7355): Loss: 0.0047
Allocated: 550.97 MB
Cached:    36.97 GB
>> Searching for hard negatives...
>> Searching for hard negatives...
>> Searching for hard negatives...
==> Epoch[1](2400/7355): Loss: 0.0307
Allocated: 551.30 MB
Cached:    36.99 GB
>> Searching for hard negatives...
>> Searching for hard negatives...
>> Searching for hard negatives...
==> Epoch[1](2450/7355): Loss: 0.0027
Allocated: 551.30 MB
Cached:    36.95 GB
>> Searching for hard negatives...
>> Searching for hard negatives...
>> Searching for hard negatives...
==> Epoch[1](2500/7355): Loss: 0.0361
Allocated: 550.97 MB
Cached:    29.19 GB
>> Searching for hard negatives...
>> Searching for hard negatives...
==> Epoch[1](2550/7355): Loss: 0.0078
Allocated: 503.83 MB
Cached:    36.90 GB
>> Searching for hard negatives...
>> Searching for hard negatives...
>> Searching for hard negatives...
==> Epoch[1](2600/7355): Loss: 0.0065
Allocated: 550.97 MB
Cached:    36.89 GB
>> Searching for hard negatives...
>> Searching for hard negatives...
>> Searching for hard negatives...
==> Epoch[1](2650/7355): Loss: 0.0032
Allocated: 550.97 MB
Cached:    36.98 GB
>> Searching for hard negatives...
>> Searching for hard negatives...
>> Searching for hard negatives...
==> Epoch[1](2700/7355): Loss: 0.0029
Allocated: 550.97 MB
Cached:    34.92 GB
>> Searching for hard negatives...
>> Searching for hard negatives...
>> Searching for hard negatives...
==> Epoch[1](2750/7355): Loss: 0.0081
Allocated: 550.97 MB
Cached:    36.94 GB
>> Searching for hard negatives...
>> Searching for hard negatives...
>> Searching for hard negatives...
==> Epoch[1](2800/7355): Loss: 0.0072
Allocated: 550.97 MB
Cached:    36.93 GB
>> Searching for hard negatives...
>> Searching for hard negatives...
>> Searching for hard negatives...
==> Epoch[1](2850/7355): Loss: 0.0153
Allocated: 550.97 MB
Cached:    36.94 GB
>> Searching for hard negatives...
>> Searching for hard negatives...
>> Searching for hard negatives...
==> Epoch[1](2900/7355): Loss: 0.0021
Allocated: 550.97 MB
Cached:    36.85 GB
>> Searching for hard negatives...
>> Searching for hard negatives...
>> Searching for hard negatives...
==> Epoch[1](2950/7355): Loss: 0.0258
Allocated: 550.97 MB
Cached:    36.88 GB
>> Searching for hard negatives...
>> Searching for hard negatives...
>> Searching for hard negatives...
==> Epoch[1](3000/7355): Loss: 0.0076
Allocated: 550.97 MB
Cached:    36.85 GB
>> Searching for hard negatives...
>> Searching for hard negatives...
>> Searching for hard negatives...
==> Epoch[1](3050/7355): Loss: 0.0145
Allocated: 550.97 MB
Cached:    36.96 GB
>> Searching for hard negatives...
>> Searching for hard negatives...
>> Searching for hard negatives...
==> Epoch[1](3100/7355): Loss: 0.0072
Allocated: 550.97 MB
Cached:    36.97 GB
>> Searching for hard negatives...
>> Searching for hard negatives...
>> Searching for hard negatives...
==> Epoch[1](3150/7355): Loss: 0.0130
Allocated: 550.97 MB
Cached:    36.94 GB
>> Searching for hard negatives...
>> Searching for hard negatives...
>> Searching for hard negatives...
==> Epoch[1](3200/7355): Loss: 0.0028
Allocated: 550.97 MB
Cached:    36.94 GB
>> Searching for hard negatives...
>> Searching for hard negatives...
>> Searching for hard negatives...
==> Epoch[1](3250/7355): Loss: 0.0102
Allocated: 551.30 MB
Cached:    36.97 GB
>> Searching for hard negatives...
>> Searching for hard negatives...
>> Searching for hard negatives...
==> Epoch[1](3300/7355): Loss: 0.0041
Allocated: 550.97 MB
Cached:    36.97 GB
>> Searching for hard negatives...
>> Searching for hard negatives...
>> Searching for hard negatives...
==> Epoch[1](3350/7355): Loss: 0.0274
Allocated: 550.97 MB
Cached:    29.13 GB
>> Searching for hard negatives...
>> Searching for hard negatives...
==> Epoch[1](3400/7355): Loss: 0.0048
Allocated: 496.09 MB
Cached:    36.93 GB
>> Searching for hard negatives...
>> Searching for hard negatives...
>> Searching for hard negatives...
==> Epoch[1](3450/7355): Loss: 0.0051
Allocated: 550.97 MB
Cached:    36.94 GB
>> Searching for hard negatives...
>> Searching for hard negatives...
>> Searching for hard negatives...
==> Epoch[1](3500/7355): Loss: 0.0094
Allocated: 550.97 MB
Cached:    36.88 GB
>> Searching for hard negatives...
>> Searching for hard negatives...
>> Searching for hard negatives...
==> Epoch[1](3550/7355): Loss: 0.0063
Allocated: 550.97 MB
Cached:    36.85 GB
>> Searching for hard negatives...
>> Searching for hard negatives...
>> Searching for hard negatives...
==> Epoch[1](3600/7355): Loss: 0.0042
Allocated: 550.97 MB
Cached:    36.93 GB
>> Searching for hard negatives...
>> Searching for hard negatives...
>> Searching for hard negatives...
==> Epoch[1](3650/7355): Loss: 0.0045
Allocated: 550.97 MB
Cached:    36.96 GB
>> Searching for hard negatives...
>> Searching for hard negatives...
>> Searching for hard negatives...
==> Epoch[1](3700/7355): Loss: 0.0125
Allocated: 550.97 MB
Cached:    36.96 GB
>> Searching for hard negatives...
>> Searching for hard negatives...
>> Searching for hard negatives...
==> Epoch[1](3750/7355): Loss: 0.0068
Allocated: 550.97 MB
Cached:    36.88 GB
>> Searching for hard negatives...
>> Searching for hard negatives...
>> Searching for hard negatives...
==> Epoch[1](3800/7355): Loss: 0.0103
Allocated: 550.97 MB
Cached:    35.01 GB
>> Searching for hard negatives...
>> Searching for hard negatives...
>> Searching for hard negatives...
==> Epoch[1](3850/7355): Loss: 0.0251
Allocated: 550.97 MB
Cached:    36.96 GB
>> Searching for hard negatives...
>> Searching for hard negatives...
>> Searching for hard negatives...
==> Epoch[1](3900/7355): Loss: 0.0161
Allocated: 550.97 MB
Cached:    36.96 GB
>> Searching for hard negatives...
>> Searching for hard negatives...
>> Searching for hard negatives...
==> Epoch[1](3950/7355): Loss: 0.0044
Allocated: 550.97 MB
Cached:    36.95 GB
>> Searching for hard negatives...
>> Searching for hard negatives...
>> Searching for hard negatives...
==> Epoch[1](4000/7355): Loss: 0.0084
Allocated: 550.97 MB
Cached:    36.88 GB
>> Searching for hard negatives...
>> Searching for hard negatives...
>> Searching for hard negatives...
==> Epoch[1](4050/7355): Loss: 0.0118
Allocated: 550.97 MB
Cached:    36.91 GB
>> Searching for hard negatives...
>> Searching for hard negatives...
>> Searching for hard negatives...
==> Epoch[1](4100/7355): Loss: 0.0050
Allocated: 550.97 MB
Cached:    36.95 GB
>> Searching for hard negatives...
>> Searching for hard negatives...
>> Searching for hard negatives...
==> Epoch[1](4150/7355): Loss: 0.0059
Allocated: 550.97 MB
Cached:    36.93 GB
>> Searching for hard negatives...
>> Searching for hard negatives...
>> Searching for hard negatives...
==> Epoch[1](4200/7355): Loss: 0.0024
Allocated: 550.97 MB
Cached:    29.21 GB
>> Searching for hard negatives...
>> Searching for hard negatives...
==> Epoch[1](4250/7355): Loss: 0.0072
Allocated: 501.25 MB
Cached:    36.97 GB
>> Searching for hard negatives...
>> Searching for hard negatives...
>> Searching for hard negatives...
==> Epoch[1](4300/7355): Loss: 0.0081
Allocated: 550.97 MB
Cached:    36.96 GB
>> Searching for hard negatives...
>> Searching for hard negatives...
>> Searching for hard negatives...
==> Epoch[1](4350/7355): Loss: 0.0077
Allocated: 550.97 MB
Cached:    36.93 GB
>> Searching for hard negatives...
>> Searching for hard negatives...
>> Searching for hard negatives...
==> Epoch[1](4400/7355): Loss: 0.0180
Allocated: 550.97 MB
Cached:    36.95 GB
>> Searching for hard negatives...
>> Searching for hard negatives...
>> Searching for hard negatives...
==> Epoch[1](4450/7355): Loss: 0.0044
Allocated: 550.97 MB
Cached:    36.96 GB
>> Searching for hard negatives...
>> Searching for hard negatives...
>> Searching for hard negatives...
==> Epoch[1](4500/7355): Loss: 0.0058
Allocated: 550.97 MB
Cached:    36.87 GB
>> Searching for hard negatives...
>> Searching for hard negatives...
>> Searching for hard negatives...
==> Epoch[1](4550/7355): Loss: 0.0092
Allocated: 550.97 MB
Cached:    36.97 GB
>> Searching for hard negatives...
>> Searching for hard negatives...
>> Searching for hard negatives...
==> Epoch[1](4600/7355): Loss: 0.0055
Allocated: 550.97 MB
Cached:    36.87 GB
>> Searching for hard negatives...
>> Searching for hard negatives...
>> Searching for hard negatives...
==> Epoch[1](4650/7355): Loss: 0.0059
Allocated: 550.97 MB
Cached:    36.87 GB
>> Searching for hard negatives...
>> Searching for hard negatives...
>> Searching for hard negatives...
==> Epoch[1](4700/7355): Loss: 0.0030
Allocated: 550.97 MB
Cached:    36.97 GB
>> Searching for hard negatives...
>> Searching for hard negatives...
>> Searching for hard negatives...
==> Epoch[1](4750/7355): Loss: 0.0074
Allocated: 550.97 MB
Cached:    36.94 GB
>> Searching for hard negatives...
>> Searching for hard negatives...
>> Searching for hard negatives...
==> Epoch[1](4800/7355): Loss: 0.0143
Allocated: 550.97 MB
Cached:    36.95 GB
>> Searching for hard negatives...
>> Searching for hard negatives...
>> Searching for hard negatives...
==> Epoch[1](4850/7355): Loss: 0.0041
Allocated: 550.97 MB
Cached:    36.87 GB
>> Searching for hard negatives...
>> Searching for hard negatives...
>> Searching for hard negatives...
==> Epoch[1](4900/7355): Loss: 0.0130
Allocated: 550.97 MB
Cached:    36.96 GB
>> Searching for hard negatives...
>> Searching for hard negatives...
>> Searching for hard negatives...
==> Epoch[1](4950/7355): Loss: 0.0137
Allocated: 550.97 MB
Cached:    36.95 GB
>> Searching for hard negatives...
>> Searching for hard negatives...
>> Searching for hard negatives...
==> Epoch[1](5000/7355): Loss: 0.0244
Allocated: 550.97 MB
Cached:    36.94 GB
>> Searching for hard negatives...
>> Searching for hard negatives...
>> Searching for hard negatives...
==> Epoch[1](5050/7355): Loss: 0.0055
Allocated: 550.97 MB
Cached:    29.10 GB
>> Searching for hard negatives...
>> Searching for hard negatives...
==> Epoch[1](5100/7355): Loss: 0.0056
Allocated: 498.67 MB
Cached:    36.94 GB
>> Searching for hard negatives...
>> Searching for hard negatives...
>> Searching for hard negatives...
==> Epoch[1](5150/7355): Loss: 0.0053
Allocated: 550.97 MB
Cached:    36.98 GB
>> Searching for hard negatives...
>> Searching for hard negatives...
>> Searching for hard negatives...
==> Epoch[1](5200/7355): Loss: 0.0055
Allocated: 550.97 MB
Cached:    36.98 GB
>> Searching for hard negatives...
>> Searching for hard negatives...
>> Searching for hard negatives...
==> Epoch[1](5250/7355): Loss: 0.0070
Allocated: 550.97 MB
Cached:    36.97 GB
>> Searching for hard negatives...
>> Searching for hard negatives...
>> Searching for hard negatives...
==> Epoch[1](5300/7355): Loss: 0.0017
Allocated: 550.97 MB
Cached:    36.96 GB
>> Searching for hard negatives...
>> Searching for hard negatives...
>> Searching for hard negatives...
==> Epoch[1](5350/7355): Loss: 0.0089
Allocated: 550.97 MB
Cached:    36.85 GB
>> Searching for hard negatives...
>> Searching for hard negatives...
>> Searching for hard negatives...
==> Epoch[1](5400/7355): Loss: 0.0038
Allocated: 550.97 MB
Cached:    36.93 GB
>> Searching for hard negatives...
>> Searching for hard negatives...
>> Searching for hard negatives...
==> Epoch[1](5450/7355): Loss: 0.0079
Allocated: 550.97 MB
Cached:    36.87 GB
>> Searching for hard negatives...
>> Searching for hard negatives...
>> Searching for hard negatives...
==> Epoch[1](5500/7355): Loss: 0.0073
Allocated: 550.97 MB
Cached:    36.92 GB
>> Searching for hard negatives...
>> Searching for hard negatives...
>> Searching for hard negatives...
==> Epoch[1](5550/7355): Loss: 0.0036
Allocated: 550.97 MB
Cached:    36.98 GB
>> Searching for hard negatives...
>> Searching for hard negatives...
>> Searching for hard negatives...
==> Epoch[1](5600/7355): Loss: 0.0012
Allocated: 550.97 MB
Cached:    36.85 GB
>> Searching for hard negatives...
>> Searching for hard negatives...
>> Searching for hard negatives...
==> Epoch[1](5650/7355): Loss: 0.0069
Allocated: 550.97 MB
Cached:    36.87 GB
>> Searching for hard negatives...
>> Searching for hard negatives...
>> Searching for hard negatives...
==> Epoch[1](5700/7355): Loss: 0.0094
Allocated: 550.97 MB
Cached:    36.95 GB
>> Searching for hard negatives...
>> Searching for hard negatives...
>> Searching for hard negatives...
==> Epoch[1](5750/7355): Loss: 0.0096
Allocated: 550.97 MB
Cached:    36.96 GB
>> Searching for hard negatives...
>> Searching for hard negatives...
>> Searching for hard negatives...
==> Epoch[1](5800/7355): Loss: 0.0051
Allocated: 550.97 MB
Cached:    36.91 GB
>> Searching for hard negatives...
>> Searching for hard negatives...
>> Searching for hard negatives...
==> Epoch[1](5850/7355): Loss: 0.0143
Allocated: 550.97 MB
Cached:    36.89 GB
>> Searching for hard negatives...
>> Searching for hard negatives...
>> Searching for hard negatives...
==> Epoch[1](5900/7355): Loss: 0.0066
Allocated: 550.97 MB
Cached:    29.15 GB
>> Searching for hard negatives...
>> Searching for hard negatives...
==> Epoch[1](5950/7355): Loss: 0.0114
Allocated: 501.25 MB
Cached:    36.98 GB
>> Searching for hard negatives...
>> Searching for hard negatives...
>> Searching for hard negatives...
==> Epoch[1](6000/7355): Loss: 0.0041
Allocated: 550.97 MB
Cached:    36.87 GB
>> Searching for hard negatives...
>> Searching for hard negatives...
>> Searching for hard negatives...
==> Epoch[1](6050/7355): Loss: 0.0006
Allocated: 550.97 MB
Cached:    36.87 GB
>> Searching for hard negatives...
>> Searching for hard negatives...
>> Searching for hard negatives...
==> Epoch[1](6100/7355): Loss: 0.0066
Allocated: 550.97 MB
Cached:    36.93 GB
>> Searching for hard negatives...
>> Searching for hard negatives...
>> Searching for hard negatives...
==> Epoch[1](6150/7355): Loss: 0.0015
Allocated: 550.97 MB
Cached:    36.89 GB
>> Searching for hard negatives...
>> Searching for hard negatives...
>> Searching for hard negatives...
==> Epoch[1](6200/7355): Loss: 0.0062
Allocated: 550.97 MB
Cached:    36.87 GB
>> Searching for hard negatives...
>> Searching for hard negatives...
>> Searching for hard negatives...
==> Epoch[1](6250/7355): Loss: 0.0112
Allocated: 550.97 MB
Cached:    36.99 GB
>> Searching for hard negatives...
>> Searching for hard negatives...
>> Searching for hard negatives...
==> Epoch[1](6300/7355): Loss: 0.0034
Allocated: 550.97 MB
Cached:    36.87 GB
>> Searching for hard negatives...
>> Searching for hard negatives...
>> Searching for hard negatives...
==> Epoch[1](6350/7355): Loss: 0.0065
Allocated: 551.30 MB
Cached:    36.92 GB
>> Searching for hard negatives...
>> Searching for hard negatives...
>> Searching for hard negatives...
==> Epoch[1](6400/7355): Loss: 0.0058
Allocated: 550.97 MB
Cached:    36.97 GB
>> Searching for hard negatives...
>> Searching for hard negatives...
>> Searching for hard negatives...
==> Epoch[1](6450/7355): Loss: 0.0086
Allocated: 551.30 MB
Cached:    36.93 GB
>> Searching for hard negatives...
>> Searching for hard negatives...
>> Searching for hard negatives...
==> Epoch[1](6500/7355): Loss: 0.0043
Allocated: 551.30 MB
Cached:    36.94 GB
>> Searching for hard negatives...
>> Searching for hard negatives...
>> Searching for hard negatives...
==> Epoch[1](6550/7355): Loss: 0.0082
Allocated: 550.97 MB
Cached:    36.96 GB
>> Searching for hard negatives...
>> Searching for hard negatives...
>> Searching for hard negatives...
==> Epoch[1](6600/7355): Loss: 0.0071
Allocated: 550.97 MB
Cached:    36.96 GB
>> Searching for hard negatives...
>> Searching for hard negatives...
>> Searching for hard negatives...
==> Epoch[1](6650/7355): Loss: 0.0127
Allocated: 550.97 MB
Cached:    36.98 GB
>> Searching for hard negatives...
>> Searching for hard negatives...
>> Searching for hard negatives...
==> Epoch[1](6700/7355): Loss: 0.0005
Allocated: 550.97 MB
Cached:    36.99 GB
>> Searching for hard negatives...
>> Searching for hard negatives...
>> Searching for hard negatives...
==> Epoch[1](6750/7355): Loss: 0.0044
Allocated: 550.97 MB
Cached:    29.21 GB
>> Searching for hard negatives...
>> Searching for hard negatives...
==> Epoch[1](6800/7355): Loss: 0.0082
Allocated: 501.45 MB
Cached:    36.94 GB
>> Searching for hard negatives...
>> Searching for hard negatives...
>> Searching for hard negatives...
==> Epoch[1](6850/7355): Loss: 0.0062
Allocated: 550.97 MB
Cached:    36.94 GB
>> Searching for hard negatives...
>> Searching for hard negatives...
>> Searching for hard negatives...
==> Epoch[1](6900/7355): Loss: 0.0029
Allocated: 550.97 MB
Cached:    36.94 GB
>> Searching for hard negatives...
>> Searching for hard negatives...
>> Searching for hard negatives...
==> Epoch[1](6950/7355): Loss: 0.0052
Allocated: 550.97 MB
Cached:    36.92 GB
>> Searching for hard negatives...
>> Searching for hard negatives...
>> Searching for hard negatives...
==> Epoch[1](7000/7355): Loss: 0.0091
Allocated: 550.97 MB
Cached:    36.91 GB
>> Searching for hard negatives...
>> Searching for hard negatives...
>> Searching for hard negatives...
==> Epoch[1](7050/7355): Loss: 0.0052
Allocated: 550.97 MB
Cached:    36.94 GB
>> Searching for hard negatives...
>> Searching for hard negatives...
>> Searching for hard negatives...
==> Epoch[1](7100/7355): Loss: 0.0036
Allocated: 550.97 MB
Cached:    36.95 GB
>> Searching for hard negatives...
>> Searching for hard negatives...
>> Searching for hard negatives...
==> Epoch[1](7150/7355): Loss: 0.0150
Allocated: 550.97 MB
Cached:    36.96 GB
>> Searching for hard negatives...
>> Searching for hard negatives...
>> Searching for hard negatives...
==> Epoch[1](7200/7355): Loss: 0.0081
Allocated: 550.97 MB
Cached:    36.96 GB
>> Searching for hard negatives...
>> Searching for hard negatives...
>> Searching for hard negatives...
==> Epoch[1](7250/7355): Loss: 0.0087
Allocated: 550.97 MB
Cached:    36.96 GB
>> Searching for hard negatives...
>> Searching for hard negatives...
>> Searching for hard negatives...
==> Epoch[1](7300/7355): Loss: 0.0116
Allocated: 550.97 MB
Cached:    36.97 GB
>> Searching for hard negatives...
>> Searching for hard negatives...
>> Searching for hard negatives...
==> Epoch[1](7350/7355): Loss: 0.0002
Allocated: 550.97 MB
Cached:    36.87 GB
>> Searching for hard negatives...
>> Searching for hard negatives...
>> Searching for hard negatives...
==> Epoch[1](7400/7355): Loss: 0.0058
Allocated: 550.97 MB
Cached:    36.93 GB
>> Searching for hard negatives...
>> Searching for hard negatives...
>> Searching for hard negatives...
==> Epoch[1](7450/7355): Loss: 0.0060
Allocated: 550.97 MB
Cached:    36.97 GB
>> Searching for hard negatives...
>> Searching for hard negatives...
>> Searching for hard negatives...
==> Epoch[1](7500/7355): Loss: 0.0139
Allocated: 550.97 MB
Cached:    36.97 GB
===> Epoch 1 Complete: Avg. Loss: 0.0118
====> Extracting Features
====> Building faiss index
====> Calculating recall @ N
====> Recall@1: 0.6054
====> Recall@5: 0.7243
====> Recall@10: 0.7716
====> Recall@20: 0.8135
====> Recall@50: 0.8689
====> Recall@100: 0.9014
>> Searching for hard negatives...
>> Searching for hard negatives...
>> Searching for hard negatives...
==> Epoch[2](50/7355): Loss: 0.0219
Allocated: 550.97 MB
Cached:    36.90 GB
>> Searching for hard negatives...
>> Searching for hard negatives...
>> Searching for hard negatives...
==> Epoch[2](100/7355): Loss: 0.0109
Allocated: 550.97 MB
Cached:    36.95 GB
>> Searching for hard negatives...
>> Searching for hard negatives...
>> Searching for hard negatives...
==> Epoch[2](150/7355): Loss: 0.0173
Allocated: 550.97 MB
Cached:    36.97 GB
>> Searching for hard negatives...
>> Searching for hard negatives...
>> Searching for hard negatives...
==> Epoch[2](200/7355): Loss: 0.0011
Allocated: 550.97 MB
Cached:    36.93 GB
>> Searching for hard negatives...
>> Searching for hard negatives...
>> Searching for hard negatives...
==> Epoch[2](250/7355): Loss: 0.0034
Allocated: 550.97 MB
Cached:    36.87 GB
>> Searching for hard negatives...
>> Searching for hard negatives...
>> Searching for hard negatives...
==> Epoch[2](300/7355): Loss: 0.0089
Allocated: 550.97 MB
Cached:    36.98 GB
>> Searching for hard negatives...
>> Searching for hard negatives...
>> Searching for hard negatives...
==> Epoch[2](350/7355): Loss: 0.0110
Allocated: 550.97 MB
Cached:    36.96 GB
>> Searching for hard negatives...
>> Searching for hard negatives...
>> Searching for hard negatives...
==> Epoch[2](400/7355): Loss: 0.0091
Allocated: 550.97 MB
Cached:    36.87 GB
>> Searching for hard negatives...
>> Searching for hard negatives...
>> Searching for hard negatives...
==> Epoch[2](450/7355): Loss: 0.0091
Allocated: 550.97 MB
Cached:    36.85 GB
>> Searching for hard negatives...
>> Searching for hard negatives...
>> Searching for hard negatives...
==> Epoch[2](500/7355): Loss: 0.0017
Allocated: 551.30 MB
Cached:    36.96 GB
>> Searching for hard negatives...
>> Searching for hard negatives...
>> Searching for hard negatives...
==> Epoch[2](550/7355): Loss: 0.0026
Allocated: 550.97 MB
Cached:    36.95 GB
>> Searching for hard negatives...
>> Searching for hard negatives...
>> Searching for hard negatives...
==> Epoch[2](600/7355): Loss: 0.0087
Allocated: 550.97 MB
Cached:    36.96 GB
>> Searching for hard negatives...
>> Searching for hard negatives...
>> Searching for hard negatives...
==> Epoch[2](650/7355): Loss: 0.0017
Allocated: 550.97 MB
Cached:    36.91 GB
>> Searching for hard negatives...
>> Searching for hard negatives...
>> Searching for hard negatives...
==> Epoch[2](700/7355): Loss: 0.0184
Allocated: 550.97 MB
Cached:    36.95 GB
>> Searching for hard negatives...
>> Searching for hard negatives...
>> Searching for hard negatives...
==> Epoch[2](750/7355): Loss: 0.0071
Allocated: 550.97 MB
Cached:    36.96 GB
>> Searching for hard negatives...
>> Searching for hard negatives...
>> Searching for hard negatives...
==> Epoch[2](800/7355): Loss: 0.0034
Allocated: 550.97 MB
Cached:    29.19 GB
>> Searching for hard negatives...
>> Searching for hard negatives...
==> Epoch[2](850/7355): Loss: 0.0048
Allocated: 501.25 MB
Cached:    36.87 GB
>> Searching for hard negatives...
>> Searching for hard negatives...
>> Searching for hard negatives...
==> Epoch[2](900/7355): Loss: 0.0027
Allocated: 550.97 MB
Cached:    36.96 GB
>> Searching for hard negatives...
>> Searching for hard negatives...
>> Searching for hard negatives...
==> Epoch[2](950/7355): Loss: 0.0043
Allocated: 550.97 MB
Cached:    36.96 GB
>> Searching for hard negatives...
>> Searching for hard negatives...
>> Searching for hard negatives...
==> Epoch[2](1000/7355): Loss: 0.0006
Allocated: 550.97 MB
Cached:    36.93 GB
>> Searching for hard negatives...
>> Searching for hard negatives...
>> Searching for hard negatives...
==> Epoch[2](1050/7355): Loss: 0.0013
Allocated: 550.97 MB
Cached:    36.88 GB
>> Searching for hard negatives...
>> Searching for hard negatives...
>> Searching for hard negatives...
==> Epoch[2](1100/7355): Loss: 0.0066
Allocated: 550.97 MB
Cached:    36.96 GB
>> Searching for hard negatives...
>> Searching for hard negatives...
>> Searching for hard negatives...
==> Epoch[2](1150/7355): Loss: 0.0097
Allocated: 550.97 MB
Cached:    36.97 GB
>> Searching for hard negatives...
>> Searching for hard negatives...
>> Searching for hard negatives...
==> Epoch[2](1200/7355): Loss: 0.0049
Allocated: 550.97 MB
Cached:    36.96 GB
>> Searching for hard negatives...
>> Searching for hard negatives...
>> Searching for hard negatives...
==> Epoch[2](1250/7355): Loss: 0.0020
Allocated: 550.97 MB
Cached:    36.96 GB
>> Searching for hard negatives...
>> Searching for hard negatives...
>> Searching for hard negatives...
==> Epoch[2](1300/7355): Loss: 0.0142
Allocated: 550.97 MB
Cached:    36.94 GB
>> Searching for hard negatives...
>> Searching for hard negatives...
>> Searching for hard negatives...
==> Epoch[2](1350/7355): Loss: 0.0030
Allocated: 550.97 MB
Cached:    36.96 GB
>> Searching for hard negatives...
>> Searching for hard negatives...
>> Searching for hard negatives...
==> Epoch[2](1400/7355): Loss: 0.0015
Allocated: 550.97 MB
Cached:    36.99 GB
>> Searching for hard negatives...
>> Searching for hard negatives...
>> Searching for hard negatives...
==> Epoch[2](1450/7355): Loss: 0.0090
Allocated: 550.97 MB
Cached:    36.86 GB
>> Searching for hard negatives...
>> Searching for hard negatives...
>> Searching for hard negatives...
==> Epoch[2](1500/7355): Loss: 0.0024
Allocated: 550.97 MB
Cached:    36.97 GB
>> Searching for hard negatives...
>> Searching for hard negatives...
>> Searching for hard negatives...
==> Epoch[2](1550/7355): Loss: 0.0053
Allocated: 550.97 MB
Cached:    36.97 GB
>> Searching for hard negatives...
>> Searching for hard negatives...
>> Searching for hard negatives...
==> Epoch[2](1600/7355): Loss: 0.0070
Allocated: 550.97 MB
Cached:    36.94 GB
>> Searching for hard negatives...
>> Searching for hard negatives...
>> Searching for hard negatives...
==> Epoch[2](1650/7355): Loss: 0.0045
Allocated: 550.97 MB
Cached:    29.17 GB
>> Searching for hard negatives...
>> Searching for hard negatives...
==> Epoch[2](1700/7355): Loss: 0.0055
Allocated: 503.83 MB
Cached:    36.96 GB
>> Searching for hard negatives...
>> Searching for hard negatives...
>> Searching for hard negatives...
==> Epoch[2](1750/7355): Loss: 0.0002
Allocated: 550.97 MB
Cached:    36.98 GB
>> Searching for hard negatives...
>> Searching for hard negatives...
>> Searching for hard negatives...
==> Epoch[2](1800/7355): Loss: 0.0023
Allocated: 550.97 MB
Cached:    36.95 GB
>> Searching for hard negatives...
>> Searching for hard negatives...
>> Searching for hard negatives...
==> Epoch[2](1850/7355): Loss: 0.0096
Allocated: 550.97 MB
Cached:    36.91 GB
>> Searching for hard negatives...
>> Searching for hard negatives...
>> Searching for hard negatives...
==> Epoch[2](1900/7355): Loss: 0.0002
Allocated: 550.97 MB
Cached:    36.97 GB
>> Searching for hard negatives...
>> Searching for hard negatives...
>> Searching for hard negatives...
==> Epoch[2](1950/7355): Loss: 0.0060
Allocated: 550.97 MB
Cached:    36.90 GB
>> Searching for hard negatives...
>> Searching for hard negatives...
>> Searching for hard negatives...
==> Epoch[2](2000/7355): Loss: 0.0034
Allocated: 550.97 MB
Cached:    36.96 GB
>> Searching for hard negatives...
>> Searching for hard negatives...
>> Searching for hard negatives...
==> Epoch[2](2050/7355): Loss: 0.0036
Allocated: 550.97 MB
Cached:    36.94 GB
>> Searching for hard negatives...
>> Searching for hard negatives...
>> Searching for hard negatives...
==> Epoch[2](2100/7355): Loss: 0.0039
Allocated: 550.97 MB
Cached:    36.97 GB
>> Searching for hard negatives...
>> Searching for hard negatives...
>> Searching for hard negatives...
==> Epoch[2](2150/7355): Loss: 0.0005
Allocated: 550.97 MB
Cached:    36.96 GB
>> Searching for hard negatives...
>> Searching for hard negatives...
>> Searching for hard negatives...
==> Epoch[2](2200/7355): Loss: 0.0042
Allocated: 551.30 MB
Cached:    36.93 GB
>> Searching for hard negatives...
>> Searching for hard negatives...
>> Searching for hard negatives...
==> Epoch[2](2250/7355): Loss: 0.0024
Allocated: 550.97 MB
Cached:    36.96 GB
>> Searching for hard negatives...
>> Searching for hard negatives...
>> Searching for hard negatives...
==> Epoch[2](2300/7355): Loss: 0.0038
Allocated: 550.97 MB
Cached:    34.99 GB
>> Searching for hard negatives...
>> Searching for hard negatives...
>> Searching for hard negatives...
==> Epoch[2](2350/7355): Loss: 0.0176
Allocated: 550.97 MB
Cached:    36.96 GB
>> Searching for hard negatives...
>> Searching for hard negatives...
>> Searching for hard negatives...
==> Epoch[2](2400/7355): Loss: 0.0057
Allocated: 550.97 MB
Cached:    36.99 GB
>> Searching for hard negatives...
>> Searching for hard negatives...
>> Searching for hard negatives...
==> Epoch[2](2450/7355): Loss: 0.0102
Allocated: 550.97 MB
Cached:    36.87 GB
>> Searching for hard negatives...
>> Searching for hard negatives...
>> Searching for hard negatives...
==> Epoch[2](2500/7355): Loss: 0.0034
Allocated: 550.97 MB
Cached:    29.24 GB
>> Searching for hard negatives...
>> Searching for hard negatives...
==> Epoch[2](2550/7355): Loss: 0.0003
Allocated: 503.83 MB
Cached:    36.98 GB
>> Searching for hard negatives...
>> Searching for hard negatives...
>> Searching for hard negatives...
==> Epoch[2](2600/7355): Loss: 0.0065
Allocated: 550.97 MB
Cached:    36.87 GB
>> Searching for hard negatives...
>> Searching for hard negatives...
>> Searching for hard negatives...
==> Epoch[2](2650/7355): Loss: 0.0059
Allocated: 550.97 MB
Cached:    36.97 GB
>> Searching for hard negatives...
>> Searching for hard negatives...
>> Searching for hard negatives...
==> Epoch[2](2700/7355): Loss: 0.0016
Allocated: 550.97 MB
Cached:    36.91 GB
>> Searching for hard negatives...
>> Searching for hard negatives...
>> Searching for hard negatives...
==> Epoch[2](2750/7355): Loss: 0.0061
Allocated: 550.97 MB
Cached:    36.90 GB
>> Searching for hard negatives...
>> Searching for hard negatives...
>> Searching for hard negatives...
==> Epoch[2](2800/7355): Loss: 0.0018
Allocated: 550.97 MB
Cached:    36.96 GB
>> Searching for hard negatives...
>> Searching for hard negatives...
>> Searching for hard negatives...
==> Epoch[2](2850/7355): Loss: 0.0004
Allocated: 550.97 MB
Cached:    36.97 GB
>> Searching for hard negatives...
>> Searching for hard negatives...
>> Searching for hard negatives...
==> Epoch[2](2900/7355): Loss: 0.0086
Allocated: 550.97 MB
Cached:    36.97 GB
>> Searching for hard negatives...
>> Searching for hard negatives...
>> Searching for hard negatives...
==> Epoch[2](2950/7355): Loss: 0.0021
Allocated: 550.97 MB
Cached:    36.94 GB
>> Searching for hard negatives...
>> Searching for hard negatives...
>> Searching for hard negatives...
==> Epoch[2](3000/7355): Loss: 0.0007
Allocated: 550.97 MB
Cached:    36.95 GB
>> Searching for hard negatives...
>> Searching for hard negatives...
>> Searching for hard negatives...
==> Epoch[2](3050/7355): Loss: 0.0075
Allocated: 550.97 MB
Cached:    36.85 GB
>> Searching for hard negatives...
>> Searching for hard negatives...
>> Searching for hard negatives...
==> Epoch[2](3100/7355): Loss: 0.0056
Allocated: 550.97 MB
Cached:    36.87 GB
>> Searching for hard negatives...
>> Searching for hard negatives...
>> Searching for hard negatives...
==> Epoch[2](3150/7355): Loss: 0.0035
Allocated: 550.97 MB
Cached:    36.96 GB
>> Searching for hard negatives...
>> Searching for hard negatives...
>> Searching for hard negatives...
==> Epoch[2](3200/7355): Loss: 0.0055
Allocated: 551.30 MB
Cached:    36.94 GB
>> Searching for hard negatives...
>> Searching for hard negatives...
>> Searching for hard negatives...
==> Epoch[2](3250/7355): Loss: 0.0011
Allocated: 550.97 MB
Cached:    36.91 GB
>> Searching for hard negatives...
>> Searching for hard negatives...
>> Searching for hard negatives...
==> Epoch[2](3300/7355): Loss: 0.0015
Allocated: 550.97 MB
Cached:    36.88 GB
>> Searching for hard negatives...
>> Searching for hard negatives...
>> Searching for hard negatives...
==> Epoch[2](3350/7355): Loss: 0.0006
Allocated: 550.97 MB
Cached:    29.21 GB
>> Searching for hard negatives...
>> Searching for hard negatives...
==> Epoch[2](3400/7355): Loss: 0.0000
Allocated: 501.25 MB
Cached:    37.00 GB
>> Searching for hard negatives...
>> Searching for hard negatives...
>> Searching for hard negatives...
==> Epoch[2](3450/7355): Loss: 0.0043
Allocated: 550.97 MB
Cached:    36.97 GB
>> Searching for hard negatives...
>> Searching for hard negatives...
>> Searching for hard negatives...
==> Epoch[2](3500/7355): Loss: 0.0058
Allocated: 550.97 MB
Cached:    36.95 GB
>> Searching for hard negatives...
>> Searching for hard negatives...
>> Searching for hard negatives...
==> Epoch[2](3550/7355): Loss: 0.0033
Allocated: 550.97 MB
Cached:    36.98 GB
>> Searching for hard negatives...
>> Searching for hard negatives...
>> Searching for hard negatives...
==> Epoch[2](3600/7355): Loss: 0.0157
Allocated: 550.97 MB
Cached:    36.96 GB
>> Searching for hard negatives...
>> Searching for hard negatives...
>> Searching for hard negatives...
==> Epoch[2](3650/7355): Loss: 0.0054
Allocated: 550.97 MB
Cached:    36.87 GB
>> Searching for hard negatives...
>> Searching for hard negatives...
>> Searching for hard negatives...
==> Epoch[2](3700/7355): Loss: 0.0078
Allocated: 550.97 MB
Cached:    36.93 GB
>> Searching for hard negatives...
>> Searching for hard negatives...
>> Searching for hard negatives...
==> Epoch[2](3750/7355): Loss: 0.0113
Allocated: 550.97 MB
Cached:    36.97 GB
>> Searching for hard negatives...
>> Searching for hard negatives...
>> Searching for hard negatives...
==> Epoch[2](3800/7355): Loss: 0.0012
Allocated: 550.97 MB
Cached:    36.96 GB
>> Searching for hard negatives...
>> Searching for hard negatives...
>> Searching for hard negatives...
==> Epoch[2](3850/7355): Loss: 0.0038
Allocated: 550.97 MB
Cached:    36.96 GB
>> Searching for hard negatives...
>> Searching for hard negatives...
>> Searching for hard negatives...
==> Epoch[2](3900/7355): Loss: 0.0023
Allocated: 550.97 MB
Cached:    36.87 GB
>> Searching for hard negatives...
>> Searching for hard negatives...
>> Searching for hard negatives...
==> Epoch[2](3950/7355): Loss: 0.0086
Allocated: 550.97 MB
Cached:    36.94 GB
>> Searching for hard negatives...
>> Searching for hard negatives...
>> Searching for hard negatives...
==> Epoch[2](4000/7355): Loss: 0.0012
Allocated: 550.97 MB
Cached:    36.94 GB
>> Searching for hard negatives...
>> Searching for hard negatives...
>> Searching for hard negatives...
==> Epoch[2](4050/7355): Loss: 0.0056
Allocated: 550.97 MB
Cached:    36.96 GB
>> Searching for hard negatives...
>> Searching for hard negatives...
>> Searching for hard negatives...
==> Epoch[2](4100/7355): Loss: 0.0074
Allocated: 550.97 MB
Cached:    36.96 GB
>> Searching for hard negatives...
>> Searching for hard negatives...
>> Searching for hard negatives...
==> Epoch[2](4150/7355): Loss: 0.0034
Allocated: 550.97 MB
Cached:    36.91 GB
>> Searching for hard negatives...
>> Searching for hard negatives...
>> Searching for hard negatives...
==> Epoch[2](4200/7355): Loss: 0.0010
Allocated: 550.97 MB
Cached:    29.19 GB
>> Searching for hard negatives...
>> Searching for hard negatives...
==> Epoch[2](4250/7355): Loss: 0.0041
Allocated: 501.25 MB
Cached:    36.91 GB
>> Searching for hard negatives...
>> Searching for hard negatives...
>> Searching for hard negatives...
==> Epoch[2](4300/7355): Loss: 0.0003
Allocated: 550.97 MB
Cached:    36.97 GB
>> Searching for hard negatives...
>> Searching for hard negatives...
>> Searching for hard negatives...
==> Epoch[2](4350/7355): Loss: 0.0084
Allocated: 550.97 MB
Cached:    36.96 GB
>> Searching for hard negatives...
>> Searching for hard negatives...
>> Searching for hard negatives...
==> Epoch[2](4400/7355): Loss: 0.0004
Allocated: 550.97 MB
Cached:    36.96 GB
>> Searching for hard negatives...
>> Searching for hard negatives...
>> Searching for hard negatives...
==> Epoch[2](4450/7355): Loss: 0.0001
Allocated: 550.97 MB
Cached:    36.98 GB
>> Searching for hard negatives...
>> Searching for hard negatives...
>> Searching for hard negatives...
==> Epoch[2](4500/7355): Loss: 0.0095
Allocated: 550.97 MB
Cached:    36.86 GB
>> Searching for hard negatives...
>> Searching for hard negatives...
>> Searching for hard negatives...
==> Epoch[2](4550/7355): Loss: 0.0099
Allocated: 550.97 MB
Cached:    36.97 GB
>> Searching for hard negatives...
>> Searching for hard negatives...
>> Searching for hard negatives...
==> Epoch[2](4600/7355): Loss: 0.0021
Allocated: 550.97 MB
Cached:    36.98 GB
>> Searching for hard negatives...
>> Searching for hard negatives...
>> Searching for hard negatives...
==> Epoch[2](4650/7355): Loss: 0.0048
Allocated: 550.97 MB
Cached:    36.97 GB
>> Searching for hard negatives...
>> Searching for hard negatives...
>> Searching for hard negatives...
==> Epoch[2](4700/7355): Loss: 0.0029
Allocated: 550.97 MB
Cached:    36.95 GB
>> Searching for hard negatives...
>> Searching for hard negatives...
>> Searching for hard negatives...
==> Epoch[2](4750/7355): Loss: 0.0000
Allocated: 550.97 MB
Cached:    36.97 GB
>> Searching for hard negatives...
>> Searching for hard negatives...
>> Searching for hard negatives...
==> Epoch[2](4800/7355): Loss: 0.0019
Allocated: 551.30 MB
Cached:    36.94 GB
>> Searching for hard negatives...
>> Searching for hard negatives...
>> Searching for hard negatives...
==> Epoch[2](4850/7355): Loss: 0.0047
Allocated: 550.97 MB
Cached:    36.97 GB
>> Searching for hard negatives...
>> Searching for hard negatives...
>> Searching for hard negatives...
==> Epoch[2](4900/7355): Loss: 0.0045
Allocated: 550.97 MB
Cached:    36.97 GB
>> Searching for hard negatives...
>> Searching for hard negatives...
>> Searching for hard negatives...
==> Epoch[2](4950/7355): Loss: 0.0048
Allocated: 550.97 MB
Cached:    36.94 GB
>> Searching for hard negatives...
>> Searching for hard negatives...
>> Searching for hard negatives...
==> Epoch[2](5000/7355): Loss: 0.0025
Allocated: 550.97 MB
Cached:    36.90 GB
>> Searching for hard negatives...
>> Searching for hard negatives...
>> Searching for hard negatives...
==> Epoch[2](5050/7355): Loss: 0.0064
Allocated: 550.97 MB
Cached:    29.17 GB
>> Searching for hard negatives...
>> Searching for hard negatives...
==> Epoch[2](5100/7355): Loss: 0.0006
Allocated: 501.25 MB
Cached:    36.97 GB
>> Searching for hard negatives...
>> Searching for hard negatives...
>> Searching for hard negatives...
==> Epoch[2](5150/7355): Loss: 0.0040
Allocated: 550.97 MB
Cached:    36.91 GB
>> Searching for hard negatives...
>> Searching for hard negatives...
>> Searching for hard negatives...
==> Epoch[2](5200/7355): Loss: 0.0021
Allocated: 550.97 MB
Cached:    36.98 GB
>> Searching for hard negatives...
>> Searching for hard negatives...
>> Searching for hard negatives...
==> Epoch[2](5250/7355): Loss: 0.0068
Allocated: 550.97 MB
Cached:    36.85 GB
>> Searching for hard negatives...
>> Searching for hard negatives...
>> Searching for hard negatives...
==> Epoch[2](5300/7355): Loss: 0.0071
Allocated: 550.97 MB
Cached:    36.95 GB
>> Searching for hard negatives...
>> Searching for hard negatives...
>> Searching for hard negatives...
==> Epoch[2](5350/7355): Loss: 0.0117
Allocated: 550.97 MB
Cached:    36.95 GB
>> Searching for hard negatives...
>> Searching for hard negatives...
>> Searching for hard negatives...
==> Epoch[2](5400/7355): Loss: 0.0076
Allocated: 550.97 MB
Cached:    36.85 GB
>> Searching for hard negatives...
>> Searching for hard negatives...
>> Searching for hard negatives...
==> Epoch[2](5450/7355): Loss: 0.0081
Allocated: 550.97 MB
Cached:    36.87 GB
>> Searching for hard negatives...
>> Searching for hard negatives...
>> Searching for hard negatives...
==> Epoch[2](5500/7355): Loss: 0.0013
Allocated: 550.97 MB
Cached:    36.87 GB
>> Searching for hard negatives...
>> Searching for hard negatives...
>> Searching for hard negatives...
==> Epoch[2](5550/7355): Loss: 0.0001
Allocated: 550.97 MB
Cached:    36.93 GB
>> Searching for hard negatives...
>> Searching for hard negatives...
>> Searching for hard negatives...
==> Epoch[2](5600/7355): Loss: 0.0014
Allocated: 550.97 MB
Cached:    36.93 GB
>> Searching for hard negatives...
>> Searching for hard negatives...
>> Searching for hard negatives...
==> Epoch[2](5650/7355): Loss: 0.0006
Allocated: 550.97 MB
Cached:    36.95 GB
>> Searching for hard negatives...
>> Searching for hard negatives...
>> Searching for hard negatives...
==> Epoch[2](5700/7355): Loss: 0.0050
Allocated: 550.97 MB
Cached:    36.85 GB
>> Searching for hard negatives...
>> Searching for hard negatives...
>> Searching for hard negatives...
==> Epoch[2](5750/7355): Loss: 0.0003
Allocated: 550.97 MB
Cached:    34.94 GB
>> Searching for hard negatives...
>> Searching for hard negatives...
>> Searching for hard negatives...
==> Epoch[2](5800/7355): Loss: 0.0016
Allocated: 550.97 MB
Cached:    36.95 GB
>> Searching for hard negatives...
>> Searching for hard negatives...
>> Searching for hard negatives...
==> Epoch[2](5850/7355): Loss: 0.0029
Allocated: 550.97 MB
Cached:    36.86 GB
>> Searching for hard negatives...
>> Searching for hard negatives...
>> Searching for hard negatives...
==> Epoch[2](5900/7355): Loss: 0.0023
Allocated: 550.97 MB
Cached:    29.17 GB
>> Searching for hard negatives...
>> Searching for hard negatives...
==> Epoch[2](5950/7355): Loss: 0.0068
Allocated: 501.25 MB
Cached:    36.96 GB
>> Searching for hard negatives...
>> Searching for hard negatives...
>> Searching for hard negatives...
==> Epoch[2](6000/7355): Loss: 0.0007
Allocated: 550.97 MB
Cached:    36.97 GB
>> Searching for hard negatives...
>> Searching for hard negatives...
>> Searching for hard negatives...
==> Epoch[2](6050/7355): Loss: 0.0004
Allocated: 550.97 MB
Cached:    36.97 GB
>> Searching for hard negatives...
>> Searching for hard negatives...
>> Searching for hard negatives...
==> Epoch[2](6100/7355): Loss: 0.0043
Allocated: 550.97 MB
Cached:    36.93 GB
>> Searching for hard negatives...
>> Searching for hard negatives...
>> Searching for hard negatives...
==> Epoch[2](6150/7355): Loss: 0.0122
Allocated: 551.87 MB
Cached:    36.95 GB
>> Searching for hard negatives...
>> Searching for hard negatives...
>> Searching for hard negatives...
==> Epoch[2](6200/7355): Loss: 0.0031
Allocated: 550.97 MB
Cached:    36.93 GB
>> Searching for hard negatives...
>> Searching for hard negatives...
>> Searching for hard negatives...
==> Epoch[2](6250/7355): Loss: 0.0020
Allocated: 550.97 MB
Cached:    36.96 GB
>> Searching for hard negatives...
>> Searching for hard negatives...
>> Searching for hard negatives...
==> Epoch[2](6300/7355): Loss: 0.0018
Allocated: 550.97 MB
Cached:    36.94 GB
>> Searching for hard negatives...
>> Searching for hard negatives...
>> Searching for hard negatives...
==> Epoch[2](6350/7355): Loss: 0.0097
Allocated: 550.97 MB
Cached:    36.87 GB
>> Searching for hard negatives...
>> Searching for hard negatives...
>> Searching for hard negatives...
==> Epoch[2](6400/7355): Loss: 0.0041
Allocated: 550.97 MB
Cached:    36.96 GB
>> Searching for hard negatives...
>> Searching for hard negatives...
>> Searching for hard negatives...
==> Epoch[2](6450/7355): Loss: 0.0018
Allocated: 550.97 MB
Cached:    36.91 GB
>> Searching for hard negatives...
>> Searching for hard negatives...
>> Searching for hard negatives...
==> Epoch[2](6500/7355): Loss: 0.0069
Allocated: 550.97 MB
Cached:    36.96 GB
>> Searching for hard negatives...
>> Searching for hard negatives...
>> Searching for hard negatives...
==> Epoch[2](6550/7355): Loss: 0.0002
Allocated: 550.97 MB
Cached:    36.97 GB
>> Searching for hard negatives...
>> Searching for hard negatives...
>> Searching for hard negatives...
==> Epoch[2](6600/7355): Loss: 0.0040
Allocated: 550.97 MB
Cached:    36.97 GB
>> Searching for hard negatives...
>> Searching for hard negatives...
>> Searching for hard negatives...
==> Epoch[2](6650/7355): Loss: 0.0087
Allocated: 550.97 MB
Cached:    36.93 GB
>> Searching for hard negatives...
>> Searching for hard negatives...
>> Searching for hard negatives...
==> Epoch[2](6700/7355): Loss: 0.0039
Allocated: 550.97 MB
Cached:    36.91 GB
>> Searching for hard negatives...
>> Searching for hard negatives...
>> Searching for hard negatives...
==> Epoch[2](6750/7355): Loss: 0.0016
Allocated: 550.97 MB
Cached:    29.18 GB
>> Searching for hard negatives...
>> Searching for hard negatives...
==> Epoch[2](6800/7355): Loss: 0.0021
Allocated: 498.67 MB
Cached:    36.85 GB
>> Searching for hard negatives...
>> Searching for hard negatives...
>> Searching for hard negatives...
==> Epoch[2](6850/7355): Loss: 0.0016
Allocated: 550.97 MB
Cached:    36.85 GB
>> Searching for hard negatives...
>> Searching for hard negatives...
>> Searching for hard negatives...
==> Epoch[2](6900/7355): Loss: 0.0021
Allocated: 550.97 MB
Cached:    36.94 GB
>> Searching for hard negatives...
>> Searching for hard negatives...
>> Searching for hard negatives...
==> Epoch[2](6950/7355): Loss: 0.0078
Allocated: 550.97 MB
Cached:    36.89 GB
>> Searching for hard negatives...
>> Searching for hard negatives...
>> Searching for hard negatives...
==> Epoch[2](7000/7355): Loss: 0.0040
Allocated: 550.97 MB
Cached:    36.97 GB
>> Searching for hard negatives...
>> Searching for hard negatives...
>> Searching for hard negatives...
==> Epoch[2](7050/7355): Loss: 0.0020
Allocated: 550.97 MB
Cached:    36.94 GB
>> Searching for hard negatives...
>> Searching for hard negatives...
>> Searching for hard negatives...
==> Epoch[2](7100/7355): Loss: 0.0016
Allocated: 550.97 MB
Cached:    36.93 GB
>> Searching for hard negatives...
>> Searching for hard negatives...
>> Searching for hard negatives...
==> Epoch[2](7150/7355): Loss: 0.0018
Allocated: 550.97 MB
Cached:    36.87 GB
>> Searching for hard negatives...
>> Searching for hard negatives...
>> Searching for hard negatives...
==> Epoch[2](7200/7355): Loss: 0.0026
Allocated: 550.97 MB
Cached:    36.87 GB
>> Searching for hard negatives...
>> Searching for hard negatives...
>> Searching for hard negatives...
==> Epoch[2](7250/7355): Loss: 0.0160
Allocated: 551.30 MB
Cached:    36.95 GB
>> Searching for hard negatives...
>> Searching for hard negatives...
>> Searching for hard negatives...
==> Epoch[2](7300/7355): Loss: 0.0077
Allocated: 550.97 MB
Cached:    36.91 GB
>> Searching for hard negatives...
>> Searching for hard negatives...
>> Searching for hard negatives...
==> Epoch[2](7350/7355): Loss: 0.0014
Allocated: 550.97 MB
Cached:    36.95 GB
>> Searching for hard negatives...
>> Searching for hard negatives...
>> Searching for hard negatives...
==> Epoch[2](7400/7355): Loss: 0.0106
Allocated: 550.97 MB
Cached:    36.96 GB
>> Searching for hard negatives...
>> Searching for hard negatives...
>> Searching for hard negatives...
==> Epoch[2](7450/7355): Loss: 0.0034
Allocated: 550.97 MB
Cached:    36.94 GB
>> Searching for hard negatives...
>> Searching for hard negatives...
>> Searching for hard negatives...
==> Epoch[2](7500/7355): Loss: 0.0067
Allocated: 550.97 MB
Cached:    36.94 GB
===> Epoch 2 Complete: Avg. Loss: 0.0049
====> Extracting Features
====> Building faiss index
====> Calculating recall @ N
====> Recall@1: 0.6243
====> Recall@5: 0.7527
====> Recall@10: 0.7986
====> Recall@20: 0.8311
====> Recall@50: 0.8811
====> Recall@100: 0.9054
>> Searching for hard negatives...
>> Searching for hard negatives...
>> Searching for hard negatives...
==> Epoch[3](50/7355): Loss: 0.0007
Allocated: 550.97 MB
Cached:    36.98 GB
>> Searching for hard negatives...
>> Searching for hard negatives...
>> Searching for hard negatives...
==> Epoch[3](100/7355): Loss: 0.0011
Allocated: 550.97 MB
Cached:    36.97 GB
>> Searching for hard negatives...
>> Searching for hard negatives...
>> Searching for hard negatives...
==> Epoch[3](150/7355): Loss: 0.0043
Allocated: 550.97 MB
Cached:    36.97 GB
>> Searching for hard negatives...
>> Searching for hard negatives...
>> Searching for hard negatives...
==> Epoch[3](200/7355): Loss: 0.0088
Allocated: 550.97 MB
Cached:    36.98 GB
>> Searching for hard negatives...
>> Searching for hard negatives...
>> Searching for hard negatives...
==> Epoch[3](250/7355): Loss: 0.0009
Allocated: 550.97 MB
Cached:    36.93 GB
>> Searching for hard negatives...
>> Searching for hard negatives...
>> Searching for hard negatives...
==> Epoch[3](300/7355): Loss: 0.0057
Allocated: 550.97 MB
Cached:    36.98 GB
>> Searching for hard negatives...
>> Searching for hard negatives...
>> Searching for hard negatives...
==> Epoch[3](350/7355): Loss: 0.0025
Allocated: 550.97 MB
Cached:    36.98 GB
>> Searching for hard negatives...
>> Searching for hard negatives...
>> Searching for hard negatives...
==> Epoch[3](400/7355): Loss: 0.0065
Allocated: 550.97 MB
Cached:    36.94 GB
>> Searching for hard negatives...
>> Searching for hard negatives...
>> Searching for hard negatives...
==> Epoch[3](450/7355): Loss: 0.0000
Allocated: 550.97 MB
Cached:    36.91 GB
>> Searching for hard negatives...
>> Searching for hard negatives...
>> Searching for hard negatives...
==> Epoch[3](500/7355): Loss: 0.0036
Allocated: 550.97 MB
Cached:    36.89 GB
>> Searching for hard negatives...
>> Searching for hard negatives...
>> Searching for hard negatives...
==> Epoch[3](550/7355): Loss: 0.0029
Allocated: 550.97 MB
Cached:    36.98 GB
>> Searching for hard negatives...
>> Searching for hard negatives...
>> Searching for hard negatives...
==> Epoch[3](600/7355): Loss: 0.0072
Allocated: 550.97 MB
Cached:    36.94 GB
>> Searching for hard negatives...
>> Searching for hard negatives...
>> Searching for hard negatives...
==> Epoch[3](650/7355): Loss: 0.0020
Allocated: 550.97 MB
Cached:    36.93 GB
>> Searching for hard negatives...
>> Searching for hard negatives...
>> Searching for hard negatives...
==> Epoch[3](700/7355): Loss: 0.0181
Allocated: 550.97 MB
Cached:    36.87 GB
>> Searching for hard negatives...
>> Searching for hard negatives...
>> Searching for hard negatives...
==> Epoch[3](750/7355): Loss: 0.0016
Allocated: 550.97 MB
Cached:    36.95 GB
>> Searching for hard negatives...
>> Searching for hard negatives...
>> Searching for hard negatives...
==> Epoch[3](800/7355): Loss: 0.0060
Allocated: 550.97 MB
Cached:    29.21 GB
>> Searching for hard negatives...
>> Searching for hard negatives...
==> Epoch[3](850/7355): Loss: 0.0017
Allocated: 501.45 MB
Cached:    36.96 GB
>> Searching for hard negatives...
>> Searching for hard negatives...
>> Searching for hard negatives...
==> Epoch[3](900/7355): Loss: 0.0015
Allocated: 550.97 MB
Cached:    36.97 GB
>> Searching for hard negatives...
>> Searching for hard negatives...
>> Searching for hard negatives...
==> Epoch[3](950/7355): Loss: 0.0022
Allocated: 550.97 MB
Cached:    36.94 GB
>> Searching for hard negatives...
>> Searching for hard negatives...
>> Searching for hard negatives...
==> Epoch[3](1000/7355): Loss: 0.0014
Allocated: 550.97 MB
Cached:    36.96 GB
>> Searching for hard negatives...
>> Searching for hard negatives...
>> Searching for hard negatives...
==> Epoch[3](1050/7355): Loss: 0.0067
Allocated: 550.97 MB
Cached:    36.99 GB
>> Searching for hard negatives...
>> Searching for hard negatives...
>> Searching for hard negatives...
==> Epoch[3](1100/7355): Loss: 0.0140
Allocated: 550.97 MB
Cached:    36.94 GB
>> Searching for hard negatives...
>> Searching for hard negatives...
>> Searching for hard negatives...
==> Epoch[3](1150/7355): Loss: 0.0009
Allocated: 550.97 MB
Cached:    36.95 GB
>> Searching for hard negatives...
>> Searching for hard negatives...
>> Searching for hard negatives...
==> Epoch[3](1200/7355): Loss: 0.0102
Allocated: 550.97 MB
Cached:    36.96 GB
>> Searching for hard negatives...
>> Searching for hard negatives...
>> Searching for hard negatives...
==> Epoch[3](1250/7355): Loss: 0.0008
Allocated: 550.97 MB
Cached:    36.97 GB
>> Searching for hard negatives...
>> Searching for hard negatives...
>> Searching for hard negatives...
==> Epoch[3](1300/7355): Loss: 0.0014
Allocated: 550.97 MB
Cached:    36.91 GB
>> Searching for hard negatives...
>> Searching for hard negatives...
>> Searching for hard negatives...
==> Epoch[3](1350/7355): Loss: 0.0015
Allocated: 550.97 MB
Cached:    36.94 GB
>> Searching for hard negatives...
>> Searching for hard negatives...
>> Searching for hard negatives...
==> Epoch[3](1400/7355): Loss: 0.0114
Allocated: 550.97 MB
Cached:    36.90 GB
>> Searching for hard negatives...
>> Searching for hard negatives...
>> Searching for hard negatives...
==> Epoch[3](1450/7355): Loss: 0.0006
Allocated: 550.97 MB
Cached:    36.94 GB
>> Searching for hard negatives...
>> Searching for hard negatives...
>> Searching for hard negatives...
==> Epoch[3](1500/7355): Loss: 0.0025
Allocated: 550.97 MB
Cached:    36.93 GB
>> Searching for hard negatives...
>> Searching for hard negatives...
>> Searching for hard negatives...
==> Epoch[3](1550/7355): Loss: 0.0023
Allocated: 550.97 MB
Cached:    36.98 GB
>> Searching for hard negatives...
>> Searching for hard negatives...
>> Searching for hard negatives...
==> Epoch[3](1600/7355): Loss: 0.0065
Allocated: 550.97 MB
Cached:    36.98 GB
>> Searching for hard negatives...
>> Searching for hard negatives...
>> Searching for hard negatives...
==> Epoch[3](1650/7355): Loss: 0.0000
Allocated: 550.97 MB
Cached:    29.20 GB
>> Searching for hard negatives...
>> Searching for hard negatives...
==> Epoch[3](1700/7355): Loss: 0.0027
Allocated: 503.83 MB
Cached:    36.97 GB
>> Searching for hard negatives...
>> Searching for hard negatives...
>> Searching for hard negatives...
==> Epoch[3](1750/7355): Loss: 0.0019
Allocated: 550.97 MB
Cached:    36.91 GB
>> Searching for hard negatives...
>> Searching for hard negatives...
>> Searching for hard negatives...
==> Epoch[3](1800/7355): Loss: 0.0001
Allocated: 550.97 MB
Cached:    35.01 GB
>> Searching for hard negatives...
>> Searching for hard negatives...
>> Searching for hard negatives...
==> Epoch[3](1850/7355): Loss: 0.0020
Allocated: 551.30 MB
Cached:    36.95 GB
>> Searching for hard negatives...
>> Searching for hard negatives...
>> Searching for hard negatives...
==> Epoch[3](1900/7355): Loss: 0.0046
Allocated: 550.97 MB
Cached:    36.91 GB
>> Searching for hard negatives...
>> Searching for hard negatives...
>> Searching for hard negatives...
==> Epoch[3](1950/7355): Loss: 0.0021
Allocated: 550.97 MB
Cached:    36.90 GB
>> Searching for hard negatives...
>> Searching for hard negatives...
>> Searching for hard negatives...
==> Epoch[3](2000/7355): Loss: 0.0044
Allocated: 550.97 MB
Cached:    36.96 GB
>> Searching for hard negatives...
>> Searching for hard negatives...
>> Searching for hard negatives...
==> Epoch[3](2050/7355): Loss: 0.0000
Allocated: 550.97 MB
Cached:    36.98 GB
>> Searching for hard negatives...
>> Searching for hard negatives...
>> Searching for hard negatives...
==> Epoch[3](2100/7355): Loss: 0.0012
Allocated: 550.97 MB
Cached:    36.87 GB
>> Searching for hard negatives...
>> Searching for hard negatives...
>> Searching for hard negatives...
==> Epoch[3](2150/7355): Loss: 0.0097
Allocated: 550.97 MB
Cached:    36.97 GB
>> Searching for hard negatives...
>> Searching for hard negatives...
>> Searching for hard negatives...
==> Epoch[3](2200/7355): Loss: 0.0026
Allocated: 550.97 MB
Cached:    36.98 GB
>> Searching for hard negatives...
>> Searching for hard negatives...
>> Searching for hard negatives...
==> Epoch[3](2250/7355): Loss: 0.0016
Allocated: 550.97 MB
Cached:    36.97 GB
>> Searching for hard negatives...
>> Searching for hard negatives...
>> Searching for hard negatives...
==> Epoch[3](2300/7355): Loss: 0.0088
Allocated: 550.97 MB
Cached:    36.99 GB
>> Searching for hard negatives...
>> Searching for hard negatives...
>> Searching for hard negatives...
==> Epoch[3](2350/7355): Loss: 0.0074
Allocated: 550.97 MB
Cached:    36.85 GB
>> Searching for hard negatives...
>> Searching for hard negatives...
>> Searching for hard negatives...
==> Epoch[3](2400/7355): Loss: 0.0023
Allocated: 550.97 MB
Cached:    36.95 GB
>> Searching for hard negatives...
>> Searching for hard negatives...
>> Searching for hard negatives...
==> Epoch[3](2450/7355): Loss: 0.0005
Allocated: 550.97 MB
Cached:    36.95 GB
>> Searching for hard negatives...
>> Searching for hard negatives...
>> Searching for hard negatives...
==> Epoch[3](2500/7355): Loss: 0.0026
Allocated: 550.97 MB
Cached:    29.19 GB
>> Searching for hard negatives...
>> Searching for hard negatives...
==> Epoch[3](2550/7355): Loss: 0.0015
Allocated: 503.83 MB
Cached:    36.91 GB
>> Searching for hard negatives...
>> Searching for hard negatives...
>> Searching for hard negatives...
==> Epoch[3](2600/7355): Loss: 0.0075
Allocated: 550.97 MB
Cached:    36.92 GB
>> Searching for hard negatives...
>> Searching for hard negatives...
>> Searching for hard negatives...
==> Epoch[3](2650/7355): Loss: 0.0149
Allocated: 550.97 MB
Cached:    36.96 GB
>> Searching for hard negatives...
>> Searching for hard negatives...
>> Searching for hard negatives...
==> Epoch[3](2700/7355): Loss: 0.0040
Allocated: 550.97 MB
Cached:    36.91 GB
>> Searching for hard negatives...
>> Searching for hard negatives...
>> Searching for hard negatives...
==> Epoch[3](2750/7355): Loss: 0.0072
Allocated: 550.97 MB
Cached:    36.94 GB
>> Searching for hard negatives...
>> Searching for hard negatives...
>> Searching for hard negatives...
==> Epoch[3](2800/7355): Loss: 0.0053
Allocated: 550.97 MB
Cached:    36.90 GB
>> Searching for hard negatives...
>> Searching for hard negatives...
>> Searching for hard negatives...
==> Epoch[3](2850/7355): Loss: 0.0033
Allocated: 550.97 MB
Cached:    36.91 GB
>> Searching for hard negatives...
>> Searching for hard negatives...
>> Searching for hard negatives...
==> Epoch[3](2900/7355): Loss: 0.0065
Allocated: 550.97 MB
Cached:    36.87 GB
>> Searching for hard negatives...
>> Searching for hard negatives...
>> Searching for hard negatives...
==> Epoch[3](2950/7355): Loss: 0.0131
Allocated: 550.97 MB
Cached:    36.94 GB
>> Searching for hard negatives...
>> Searching for hard negatives...
>> Searching for hard negatives...
==> Epoch[3](3000/7355): Loss: 0.0037
Allocated: 550.97 MB
Cached:    36.93 GB
>> Searching for hard negatives...
>> Searching for hard negatives...
>> Searching for hard negatives...
==> Epoch[3](3050/7355): Loss: 0.0141
Allocated: 550.97 MB
Cached:    36.99 GB
>> Searching for hard negatives...
>> Searching for hard negatives...
>> Searching for hard negatives...
==> Epoch[3](3100/7355): Loss: 0.0035
Allocated: 550.97 MB
Cached:    36.96 GB
>> Searching for hard negatives...
>> Searching for hard negatives...
>> Searching for hard negatives...
==> Epoch[3](3150/7355): Loss: 0.0064
Allocated: 550.97 MB
Cached:    36.87 GB
>> Searching for hard negatives...
>> Searching for hard negatives...
>> Searching for hard negatives...
==> Epoch[3](3200/7355): Loss: 0.0051
Allocated: 550.97 MB
Cached:    36.95 GB
>> Searching for hard negatives...
>> Searching for hard negatives...
>> Searching for hard negatives...
==> Epoch[3](3250/7355): Loss: 0.0018
Allocated: 550.97 MB
Cached:    36.95 GB
>> Searching for hard negatives...
>> Searching for hard negatives...
>> Searching for hard negatives...
==> Epoch[3](3300/7355): Loss: 0.0049
Allocated: 550.97 MB
Cached:    36.88 GB
>> Searching for hard negatives...
>> Searching for hard negatives...
>> Searching for hard negatives...
==> Epoch[3](3350/7355): Loss: 0.0046
Allocated: 550.97 MB
Cached:    29.18 GB
>> Searching for hard negatives...
>> Searching for hard negatives...
==> Epoch[3](3400/7355): Loss: 0.0006
Allocated: 501.25 MB
Cached:    36.97 GB
>> Searching for hard negatives...
>> Searching for hard negatives...
>> Searching for hard negatives...
==> Epoch[3](3450/7355): Loss: 0.0070
Allocated: 550.97 MB
Cached:    36.87 GB
>> Searching for hard negatives...
>> Searching for hard negatives...
>> Searching for hard negatives...
==> Epoch[3](3500/7355): Loss: 0.0040
Allocated: 550.97 MB
Cached:    36.88 GB
>> Searching for hard negatives...
>> Searching for hard negatives...
>> Searching for hard negatives...
==> Epoch[3](3550/7355): Loss: 0.0012
Allocated: 550.97 MB
Cached:    36.93 GB
>> Searching for hard negatives...
>> Searching for hard negatives...
>> Searching for hard negatives...
==> Epoch[3](3600/7355): Loss: 0.0034
Allocated: 550.97 MB
Cached:    36.97 GB
>> Searching for hard negatives...
>> Searching for hard negatives...
>> Searching for hard negatives...
==> Epoch[3](3650/7355): Loss: 0.0053
Allocated: 550.97 MB
Cached:    36.95 GB
>> Searching for hard negatives...
>> Searching for hard negatives...
>> Searching for hard negatives...
==> Epoch[3](3700/7355): Loss: 0.0020
Allocated: 550.97 MB
Cached:    36.95 GB
>> Searching for hard negatives...
>> Searching for hard negatives...
>> Searching for hard negatives...
==> Epoch[3](3750/7355): Loss: 0.0002
Allocated: 550.97 MB
Cached:    36.87 GB
>> Searching for hard negatives...
>> Searching for hard negatives...
>> Searching for hard negatives...
==> Epoch[3](3800/7355): Loss: 0.0006
Allocated: 550.97 MB
Cached:    36.85 GB
>> Searching for hard negatives...
>> Searching for hard negatives...
>> Searching for hard negatives...
==> Epoch[3](3850/7355): Loss: 0.0013
Allocated: 550.97 MB
Cached:    36.95 GB
>> Searching for hard negatives...
>> Searching for hard negatives...
>> Searching for hard negatives...
==> Epoch[3](3900/7355): Loss: 0.0012
Allocated: 550.97 MB
Cached:    36.97 GB
>> Searching for hard negatives...
>> Searching for hard negatives...
>> Searching for hard negatives...
==> Epoch[3](3950/7355): Loss: 0.0085
Allocated: 550.97 MB
Cached:    36.97 GB
>> Searching for hard negatives...
>> Searching for hard negatives...
>> Searching for hard negatives...
==> Epoch[3](4000/7355): Loss: 0.0006
Allocated: 550.97 MB
Cached:    36.97 GB
>> Searching for hard negatives...
>> Searching for hard negatives...
>> Searching for hard negatives...
==> Epoch[3](4050/7355): Loss: 0.0033
Allocated: 550.97 MB
Cached:    36.94 GB
>> Searching for hard negatives...
>> Searching for hard negatives...
>> Searching for hard negatives...
==> Epoch[3](4100/7355): Loss: 0.0030
Allocated: 550.97 MB
Cached:    36.95 GB
>> Searching for hard negatives...
>> Searching for hard negatives...
>> Searching for hard negatives...
==> Epoch[3](4150/7355): Loss: 0.0051
Allocated: 550.97 MB
Cached:    36.90 GB
>> Searching for hard negatives...
>> Searching for hard negatives...
>> Searching for hard negatives...
==> Epoch[3](4200/7355): Loss: 0.0065
Allocated: 550.97 MB
Cached:    29.09 GB
>> Searching for hard negatives...
>> Searching for hard negatives...
==> Epoch[3](4250/7355): Loss: 0.0000
Allocated: 496.09 MB
Cached:    36.91 GB
>> Searching for hard negatives...
>> Searching for hard negatives...
>> Searching for hard negatives...
==> Epoch[3](4300/7355): Loss: 0.0031
Allocated: 550.97 MB
Cached:    36.93 GB
>> Searching for hard negatives...
>> Searching for hard negatives...
>> Searching for hard negatives...
==> Epoch[3](4350/7355): Loss: 0.0013
Allocated: 550.97 MB
Cached:    36.95 GB
>> Searching for hard negatives...
>> Searching for hard negatives...
>> Searching for hard negatives...
==> Epoch[3](4400/7355): Loss: 0.0081
Allocated: 550.97 MB
Cached:    36.85 GB
>> Searching for hard negatives...
>> Searching for hard negatives...
>> Searching for hard negatives...
==> Epoch[3](4450/7355): Loss: 0.0002
Allocated: 551.30 MB
Cached:    36.93 GB
>> Searching for hard negatives...
>> Searching for hard negatives...
>> Searching for hard negatives...
==> Epoch[3](4500/7355): Loss: 0.0075
Allocated: 550.97 MB
Cached:    36.96 GB
>> Searching for hard negatives...
>> Searching for hard negatives...
>> Searching for hard negatives...
==> Epoch[3](4550/7355): Loss: 0.0104
Allocated: 550.97 MB
Cached:    36.93 GB
>> Searching for hard negatives...
>> Searching for hard negatives...
>> Searching for hard negatives...
==> Epoch[3](4600/7355): Loss: 0.0095
Allocated: 550.97 MB
Cached:    36.87 GB
>> Searching for hard negatives...
>> Searching for hard negatives...
>> Searching for hard negatives...
==> Epoch[3](4650/7355): Loss: 0.0017
Allocated: 550.97 MB
Cached:    36.93 GB
>> Searching for hard negatives...
>> Searching for hard negatives...
>> Searching for hard negatives...
==> Epoch[3](4700/7355): Loss: 0.0002
Allocated: 550.97 MB
Cached:    36.94 GB
>> Searching for hard negatives...
>> Searching for hard negatives...
>> Searching for hard negatives...
==> Epoch[3](4750/7355): Loss: 0.0005
Allocated: 550.97 MB
Cached:    36.95 GB
>> Searching for hard negatives...
>> Searching for hard negatives...
>> Searching for hard negatives...
==> Epoch[3](4800/7355): Loss: 0.0017
Allocated: 550.97 MB
Cached:    36.97 GB
>> Searching for hard negatives...
>> Searching for hard negatives...
>> Searching for hard negatives...
==> Epoch[3](4850/7355): Loss: 0.0133
Allocated: 550.97 MB
Cached:    36.96 GB
>> Searching for hard negatives...
>> Searching for hard negatives...
>> Searching for hard negatives...
==> Epoch[3](4900/7355): Loss: 0.0001
Allocated: 550.97 MB
Cached:    36.91 GB
>> Searching for hard negatives...
>> Searching for hard negatives...
>> Searching for hard negatives...
==> Epoch[3](4950/7355): Loss: 0.0047
Allocated: 550.97 MB
Cached:    36.91 GB
>> Searching for hard negatives...
>> Searching for hard negatives...
>> Searching for hard negatives...
==> Epoch[3](5000/7355): Loss: 0.0003
Allocated: 550.97 MB
Cached:    36.87 GB
>> Searching for hard negatives...
>> Searching for hard negatives...
>> Searching for hard negatives...
==> Epoch[3](5050/7355): Loss: 0.0064
Allocated: 550.97 MB
Cached:    29.19 GB
>> Searching for hard negatives...
>> Searching for hard negatives...
==> Epoch[3](5100/7355): Loss: 0.0067
Allocated: 498.67 MB
Cached:    36.88 GB
>> Searching for hard negatives...
>> Searching for hard negatives...
>> Searching for hard negatives...
==> Epoch[3](5150/7355): Loss: 0.0052
Allocated: 550.97 MB
Cached:    35.03 GB
>> Searching for hard negatives...
>> Searching for hard negatives...
>> Searching for hard negatives...
==> Epoch[3](5200/7355): Loss: 0.0101
Allocated: 550.97 MB
Cached:    36.96 GB
>> Searching for hard negatives...
>> Searching for hard negatives...
>> Searching for hard negatives...
==> Epoch[3](5250/7355): Loss: 0.0006
Allocated: 550.97 MB
Cached:    36.96 GB
>> Searching for hard negatives...
>> Searching for hard negatives...
>> Searching for hard negatives...
==> Epoch[3](5300/7355): Loss: 0.0000
Allocated: 550.97 MB
Cached:    36.96 GB
>> Searching for hard negatives...
>> Searching for hard negatives...
>> Searching for hard negatives...
==> Epoch[3](5350/7355): Loss: 0.0061
Allocated: 550.97 MB
Cached:    36.85 GB
>> Searching for hard negatives...
>> Searching for hard negatives...
>> Searching for hard negatives...
==> Epoch[3](5400/7355): Loss: 0.0031
Allocated: 550.97 MB
Cached:    36.98 GB
>> Searching for hard negatives...
>> Searching for hard negatives...
>> Searching for hard negatives...
==> Epoch[3](5450/7355): Loss: 0.0118
Allocated: 550.97 MB
Cached:    36.91 GB
>> Searching for hard negatives...
>> Searching for hard negatives...
>> Searching for hard negatives...
==> Epoch[3](5500/7355): Loss: 0.0033
Allocated: 550.97 MB
Cached:    36.97 GB
>> Searching for hard negatives...
>> Searching for hard negatives...
>> Searching for hard negatives...
==> Epoch[3](5550/7355): Loss: 0.0017
Allocated: 550.97 MB
Cached:    36.94 GB
>> Searching for hard negatives...
>> Searching for hard negatives...
>> Searching for hard negatives...
==> Epoch[3](5600/7355): Loss: 0.0039
Allocated: 550.97 MB
Cached:    36.88 GB
>> Searching for hard negatives...
>> Searching for hard negatives...
>> Searching for hard negatives...
==> Epoch[3](5650/7355): Loss: 0.0030
Allocated: 550.97 MB
Cached:    36.95 GB
>> Searching for hard negatives...
>> Searching for hard negatives...
>> Searching for hard negatives...
==> Epoch[3](5700/7355): Loss: 0.0003
Allocated: 550.97 MB
Cached:    36.98 GB
>> Searching for hard negatives...
>> Searching for hard negatives...
>> Searching for hard negatives...
==> Epoch[3](5750/7355): Loss: 0.0004
Allocated: 550.97 MB
Cached:    36.96 GB
>> Searching for hard negatives...
>> Searching for hard negatives...
>> Searching for hard negatives...
==> Epoch[3](5800/7355): Loss: 0.0028
Allocated: 550.97 MB
Cached:    36.85 GB
>> Searching for hard negatives...
>> Searching for hard negatives...
>> Searching for hard negatives...
==> Epoch[3](5850/7355): Loss: 0.0022
Allocated: 550.97 MB
Cached:    36.94 GB
>> Searching for hard negatives...
>> Searching for hard negatives...
>> Searching for hard negatives...
==> Epoch[3](5900/7355): Loss: 0.0018
Allocated: 550.97 MB
Cached:    29.17 GB
>> Searching for hard negatives...
>> Searching for hard negatives...
==> Epoch[3](5950/7355): Loss: 0.0073
Allocated: 501.25 MB
Cached:    36.85 GB
>> Searching for hard negatives...
>> Searching for hard negatives...
>> Searching for hard negatives...
==> Epoch[3](6000/7355): Loss: 0.0052
Allocated: 550.97 MB
Cached:    36.95 GB
>> Searching for hard negatives...
>> Searching for hard negatives...
>> Searching for hard negatives...
==> Epoch[3](6050/7355): Loss: 0.0049
Allocated: 550.97 MB
Cached:    36.87 GB
>> Searching for hard negatives...
>> Searching for hard negatives...
>> Searching for hard negatives...
==> Epoch[3](6100/7355): Loss: 0.0022
Allocated: 550.97 MB
Cached:    36.87 GB
>> Searching for hard negatives...
>> Searching for hard negatives...
>> Searching for hard negatives...
==> Epoch[3](6150/7355): Loss: 0.0033
Allocated: 550.97 MB
Cached:    37.00 GB
>> Searching for hard negatives...
>> Searching for hard negatives...
>> Searching for hard negatives...
==> Epoch[3](6200/7355): Loss: 0.0076
Allocated: 550.97 MB
Cached:    36.98 GB
>> Searching for hard negatives...
>> Searching for hard negatives...
>> Searching for hard negatives...
==> Epoch[3](6250/7355): Loss: 0.0102
Allocated: 550.97 MB
Cached:    36.96 GB
>> Searching for hard negatives...
>> Searching for hard negatives...
>> Searching for hard negatives...
==> Epoch[3](6300/7355): Loss: 0.0034
Allocated: 550.97 MB
Cached:    36.98 GB
>> Searching for hard negatives...
>> Searching for hard negatives...
>> Searching for hard negatives...
==> Epoch[3](6350/7355): Loss: 0.0022
Allocated: 550.97 MB
Cached:    36.85 GB
>> Searching for hard negatives...
>> Searching for hard negatives...
>> Searching for hard negatives...
==> Epoch[3](6400/7355): Loss: 0.0019
Allocated: 550.97 MB
Cached:    36.95 GB
>> Searching for hard negatives...
>> Searching for hard negatives...
>> Searching for hard negatives...
==> Epoch[3](6450/7355): Loss: 0.0022
Allocated: 550.97 MB
Cached:    36.95 GB
>> Searching for hard negatives...
>> Searching for hard negatives...
>> Searching for hard negatives...
==> Epoch[3](6500/7355): Loss: 0.0003
Allocated: 550.97 MB
Cached:    36.97 GB
>> Searching for hard negatives...
>> Searching for hard negatives...
>> Searching for hard negatives...
==> Epoch[3](6550/7355): Loss: 0.0037
Allocated: 550.97 MB
Cached:    36.85 GB
>> Searching for hard negatives...
>> Searching for hard negatives...
>> Searching for hard negatives...
==> Epoch[3](6600/7355): Loss: 0.0043
Allocated: 550.97 MB
Cached:    36.98 GB
>> Searching for hard negatives...
>> Searching for hard negatives...
>> Searching for hard negatives...
==> Epoch[3](6650/7355): Loss: 0.0010
Allocated: 550.97 MB
Cached:    36.95 GB
>> Searching for hard negatives...
>> Searching for hard negatives...
>> Searching for hard negatives...
==> Epoch[3](6700/7355): Loss: 0.0066
Allocated: 551.30 MB
Cached:    36.95 GB
>> Searching for hard negatives...
>> Searching for hard negatives...
>> Searching for hard negatives...
==> Epoch[3](6750/7355): Loss: 0.0030
Allocated: 550.97 MB
Cached:    29.17 GB
>> Searching for hard negatives...
>> Searching for hard negatives...
==> Epoch[3](6800/7355): Loss: 0.0039
Allocated: 501.25 MB
Cached:    36.93 GB
>> Searching for hard negatives...
>> Searching for hard negatives...
>> Searching for hard negatives...
==> Epoch[3](6850/7355): Loss: 0.0020
Allocated: 550.97 MB
Cached:    36.95 GB
>> Searching for hard negatives...
>> Searching for hard negatives...
>> Searching for hard negatives...
==> Epoch[3](6900/7355): Loss: 0.0006
Allocated: 550.97 MB
Cached:    36.96 GB
>> Searching for hard negatives...
>> Searching for hard negatives...
>> Searching for hard negatives...
==> Epoch[3](6950/7355): Loss: 0.0005
Allocated: 550.97 MB
Cached:    36.95 GB
>> Searching for hard negatives...
>> Searching for hard negatives...
>> Searching for hard negatives...
==> Epoch[3](7000/7355): Loss: 0.0077
Allocated: 550.97 MB
Cached:    36.93 GB
>> Searching for hard negatives...
>> Searching for hard negatives...
>> Searching for hard negatives...
==> Epoch[3](7050/7355): Loss: 0.0014
Allocated: 550.97 MB
Cached:    36.94 GB
>> Searching for hard negatives...
>> Searching for hard negatives...
>> Searching for hard negatives...
==> Epoch[3](7100/7355): Loss: 0.0011
Allocated: 550.97 MB
Cached:    36.97 GB
>> Searching for hard negatives...
>> Searching for hard negatives...
>> Searching for hard negatives...
==> Epoch[3](7150/7355): Loss: 0.0035
Allocated: 550.97 MB
Cached:    36.97 GB
>> Searching for hard negatives...
>> Searching for hard negatives...
>> Searching for hard negatives...
==> Epoch[3](7200/7355): Loss: 0.0018
Allocated: 550.97 MB
Cached:    36.91 GB
>> Searching for hard negatives...
>> Searching for hard negatives...
>> Searching for hard negatives...
==> Epoch[3](7250/7355): Loss: 0.0082
Allocated: 550.97 MB
Cached:    36.94 GB
>> Searching for hard negatives...
>> Searching for hard negatives...
>> Searching for hard negatives...
==> Epoch[3](7300/7355): Loss: 0.0025
Allocated: 550.97 MB
Cached:    36.94 GB
>> Searching for hard negatives...
>> Searching for hard negatives...
>> Searching for hard negatives...
==> Epoch[3](7350/7355): Loss: 0.0060
Allocated: 550.97 MB
Cached:    36.97 GB
>> Searching for hard negatives...
>> Searching for hard negatives...
>> Searching for hard negatives...
==> Epoch[3](7400/7355): Loss: 0.0051
Allocated: 550.97 MB
Cached:    36.95 GB
>> Searching for hard negatives...
>> Searching for hard negatives...
>> Searching for hard negatives...
==> Epoch[3](7450/7355): Loss: 0.0090
Allocated: 550.97 MB
Cached:    36.95 GB
>> Searching for hard negatives...
>> Searching for hard negatives...
>> Searching for hard negatives...
==> Epoch[3](7500/7355): Loss: 0.0013
Allocated: 550.97 MB
Cached:    36.87 GB
===> Epoch 3 Complete: Avg. Loss: 0.0036
====> Extracting Features
