Tue Feb 27 13:18:19 EST 2024
/home/m.maqboolbhutta/usman_ws/codes/patchnetvlad
/home/m.maqboolbhutta/.conda/envs/patchnetvlad/bin/python
Host: c0907a-s11
Other nodes: 
Starting  process(es) on each node...
==========Starting Training=============
Saving checkpoints at /home/m.maqboolbhutta/models/patchnetvlad/netvlad-triplet-27-Feb
========================================
Namespace(cache_path='/home/m.maqboolbhutta/usman_ws/datasets/netvlad-official/', cluster_path='/home/m.maqboolbhutta/usman_ws/datasets/netvlad-official/centroids/vgg16_mapillary_16_desc_cen.hdf5', config_path='patchnetvlad/configs/train-slurm.ini', dataset_root_dir='/home/m.maqboolbhutta/usman_ws/datasets/mapillary_sls/', identifier='mapillary_nopanos', loss='triplet', method='netvlad', nEpochs=30, nocuda=False, resume_path='', save_every_epoch=True, save_path='/home/m.maqboolbhutta/models/patchnetvlad/netvlad-triplet-27-Feb', start_epoch=0, threads=6)
===> Building model
===> Loading model
Creating model embednet
===> Loading dataset(s)
Exclude panoramas: True
=====> trondheim
=====> london
=====> boston
=====> melbourne
=====> amsterdam
=====> helsinki
=====> tokyo
=====> toronto
=====> saopaulo
=====> moscow
=====> zurich
=====> paris
=====> bangkok
=====> budapest
=====> austin
=====> berlin
=====> ottawa
=====> phoenix
=====> goa
=====> amman
=====> nairobi
=====> manila
#Sideways [21262/441280]; #Night; [4666/441280]
Forward and Day weighted with 1.0000
Forward and Night weighted with 95.5735
Sideways and Day weighted with 21.7544
Sideways and Night weighted with 116.3279
Exclude panoramas: True
=====> cph
=====> sf
===> Training query set: 441280
===> Evaluating on val set, query count: 740
===> Training model
>> Searching for hard negatives...
>> Searching for hard negatives...
==> Epoch[1](50/18387): Loss: 0.2297
Allocated: 117.93 MB
Cached:    18.09 GB
>> Searching for hard negatives...
==> Epoch[1](100/18387): Loss: 0.1823
Allocated: 117.93 MB
Cached:    15.76 GB
>> Searching for hard negatives...
==> Epoch[1](150/18387): Loss: 0.1738
Allocated: 117.93 MB
Cached:    18.10 GB
>> Searching for hard negatives...
==> Epoch[1](200/18387): Loss: 0.2112
Allocated: 117.93 MB
Cached:    15.77 GB
>> Searching for hard negatives...
==> Epoch[1](250/18387): Loss: 0.2248
Allocated: 117.93 MB
Cached:    18.09 GB
>> Searching for hard negatives...
>> Searching for hard negatives...
==> Epoch[1](300/18387): Loss: 0.1698
Allocated: 117.93 MB
Cached:    18.09 GB
>> Searching for hard negatives...
==> Epoch[1](350/18387): Loss: 0.1691
Allocated: 117.93 MB
Cached:    18.08 GB
>> Searching for hard negatives...
==> Epoch[1](400/18387): Loss: 0.2055
Allocated: 117.93 MB
Cached:    15.77 GB
>> Searching for hard negatives...
==> Epoch[1](450/18387): Loss: 0.2242
Allocated: 117.93 MB
Cached:    18.09 GB
>> Searching for hard negatives...
==> Epoch[1](500/18387): Loss: 0.1756
Allocated: 117.93 MB
Cached:    18.09 GB
>> Searching for hard negatives...
>> Searching for hard negatives...
==> Epoch[1](550/18387): Loss: 0.1630
Allocated: 117.93 MB
Cached:    18.09 GB
>> Searching for hard negatives...
==> Epoch[1](600/18387): Loss: 0.1748
Allocated: 117.93 MB
Cached:    15.77 GB
>> Searching for hard negatives...
==> Epoch[1](650/18387): Loss: 0.1312
Allocated: 117.93 MB
Cached:    18.09 GB
>> Searching for hard negatives...
==> Epoch[1](700/18387): Loss: 0.1620
Allocated: 117.93 MB
Cached:    15.77 GB
>> Searching for hard negatives...
==> Epoch[1](750/18387): Loss: 0.1702
Allocated: 117.93 MB
Cached:    15.77 GB
>> Searching for hard negatives...
>> Searching for hard negatives...
==> Epoch[1](800/18387): Loss: 0.1569
Allocated: 117.93 MB
Cached:    18.09 GB
>> Searching for hard negatives...
==> Epoch[1](850/18387): Loss: 0.2311
Allocated: 117.93 MB
Cached:    18.10 GB
>> Searching for hard negatives...
==> Epoch[1](900/18387): Loss: 0.1414
Allocated: 117.93 MB
Cached:    18.09 GB
>> Searching for hard negatives...
==> Epoch[1](950/18387): Loss: 0.1823
Allocated: 117.93 MB
Cached:    15.77 GB
>> Searching for hard negatives...
==> Epoch[1](1000/18387): Loss: 0.1265
Allocated: 117.93 MB
Cached:    18.08 GB
>> Searching for hard negatives...
==> Epoch[1](1050/18387): Loss: 0.1506
Allocated: 115.46 MB
Cached:    18.10 GB
>> Searching for hard negatives...
>> Searching for hard negatives...
==> Epoch[1](1100/18387): Loss: 0.1675
Allocated: 117.93 MB
Cached:    18.10 GB
>> Searching for hard negatives...
==> Epoch[1](1150/18387): Loss: 0.1634
Allocated: 117.93 MB
Cached:    18.10 GB
>> Searching for hard negatives...
==> Epoch[1](1200/18387): Loss: 0.1791
Allocated: 117.93 MB
Cached:    18.09 GB
>> Searching for hard negatives...
==> Epoch[1](1250/18387): Loss: 0.2638
Allocated: 117.93 MB
Cached:    18.09 GB
>> Searching for hard negatives...
==> Epoch[1](1300/18387): Loss: 0.2159
Allocated: 117.93 MB
Cached:    15.77 GB
>> Searching for hard negatives...
>> Searching for hard negatives...
==> Epoch[1](1350/18387): Loss: 0.2123
Allocated: 117.93 MB
Cached:    15.77 GB
>> Searching for hard negatives...
==> Epoch[1](1400/18387): Loss: 0.1813
Allocated: 117.93 MB
Cached:    18.10 GB
>> Searching for hard negatives...
==> Epoch[1](1450/18387): Loss: 0.1527
Allocated: 117.93 MB
Cached:    18.08 GB
>> Searching for hard negatives...
==> Epoch[1](1500/18387): Loss: 0.1894
Allocated: 117.93 MB
Cached:    15.77 GB
>> Searching for hard negatives...
==> Epoch[1](1550/18387): Loss: 0.1273
Allocated: 117.93 MB
Cached:    18.10 GB
>> Searching for hard negatives...
>> Searching for hard negatives...
==> Epoch[1](1600/18387): Loss: 0.1111
Allocated: 117.93 MB
Cached:    15.78 GB
>> Searching for hard negatives...
==> Epoch[1](1650/18387): Loss: 0.1821
Allocated: 117.93 MB
Cached:    18.09 GB
>> Searching for hard negatives...
==> Epoch[1](1700/18387): Loss: 0.1001
Allocated: 117.93 MB
Cached:    15.77 GB
>> Searching for hard negatives...
==> Epoch[1](1750/18387): Loss: 0.1371
Allocated: 117.93 MB
Cached:    18.09 GB
>> Searching for hard negatives...
==> Epoch[1](1800/18387): Loss: 0.1447
Allocated: 117.93 MB
Cached:    15.77 GB
>> Searching for hard negatives...
>> Searching for hard negatives...
==> Epoch[1](1850/18387): Loss: 0.1142
Allocated: 117.93 MB
Cached:    15.77 GB
>> Searching for hard negatives...
==> Epoch[1](1900/18387): Loss: 0.1921
Allocated: 117.93 MB
Cached:    15.77 GB
>> Searching for hard negatives...
==> Epoch[1](1950/18387): Loss: 0.1853
Allocated: 117.93 MB
Cached:    18.10 GB
>> Searching for hard negatives...
==> Epoch[1](2000/18387): Loss: 0.2020
Allocated: 117.93 MB
Cached:    15.77 GB
>> Searching for hard negatives...
==> Epoch[1](2050/18387): Loss: 0.1289
Allocated: 117.93 MB
Cached:    18.09 GB
>> Searching for hard negatives...
==> Epoch[1](2100/18387): Loss: 0.1402
Allocated: 115.46 MB
Cached:    18.09 GB
>> Searching for hard negatives...
>> Searching for hard negatives...
==> Epoch[1](2150/18387): Loss: 0.1269
Allocated: 117.93 MB
Cached:    18.10 GB
>> Searching for hard negatives...
==> Epoch[1](2200/18387): Loss: 0.1643
Allocated: 117.93 MB
Cached:    15.77 GB
>> Searching for hard negatives...
==> Epoch[1](2250/18387): Loss: 0.1674
Allocated: 117.93 MB
Cached:    15.77 GB
>> Searching for hard negatives...
==> Epoch[1](2300/18387): Loss: 0.1899
Allocated: 117.93 MB
Cached:    15.77 GB
>> Searching for hard negatives...
==> Epoch[1](2350/18387): Loss: 0.1812
Allocated: 117.93 MB
Cached:    18.10 GB
>> Searching for hard negatives...
>> Searching for hard negatives...
==> Epoch[1](2400/18387): Loss: 0.1464
Allocated: 117.93 MB
Cached:    18.09 GB
>> Searching for hard negatives...
==> Epoch[1](2450/18387): Loss: 0.1449
Allocated: 117.93 MB
Cached:    18.09 GB
>> Searching for hard negatives...
==> Epoch[1](2500/18387): Loss: 0.1177
Allocated: 117.93 MB
Cached:    15.77 GB
>> Searching for hard negatives...
==> Epoch[1](2550/18387): Loss: 0.1500
Allocated: 117.93 MB
Cached:    18.10 GB
>> Searching for hard negatives...
==> Epoch[1](2600/18387): Loss: 0.1606
Allocated: 117.93 MB
Cached:    18.09 GB
>> Searching for hard negatives...
>> Searching for hard negatives...
==> Epoch[1](2650/18387): Loss: 0.1365
Allocated: 117.93 MB
Cached:    18.10 GB
>> Searching for hard negatives...
==> Epoch[1](2700/18387): Loss: 0.1922
Allocated: 117.93 MB
Cached:    15.77 GB
>> Searching for hard negatives...
==> Epoch[1](2750/18387): Loss: 0.1951
Allocated: 117.93 MB
Cached:    18.09 GB
>> Searching for hard negatives...
==> Epoch[1](2800/18387): Loss: 0.1539
Allocated: 117.93 MB
Cached:    15.76 GB
>> Searching for hard negatives...
==> Epoch[1](2850/18387): Loss: 0.1466
Allocated: 117.93 MB
Cached:    18.09 GB
>> Searching for hard negatives...
>> Searching for hard negatives...
==> Epoch[1](2900/18387): Loss: 0.1616
Allocated: 117.93 MB
Cached:    15.77 GB
>> Searching for hard negatives...
==> Epoch[1](2950/18387): Loss: 0.1342
Allocated: 117.93 MB
Cached:    15.77 GB
>> Searching for hard negatives...
==> Epoch[1](3000/18387): Loss: 0.1640
Allocated: 117.93 MB
Cached:    15.77 GB
>> Searching for hard negatives...
==> Epoch[1](3050/18387): Loss: 0.2071
Allocated: 117.93 MB
Cached:    15.77 GB
>> Searching for hard negatives...
==> Epoch[1](3100/18387): Loss: 0.1671
Allocated: 117.93 MB
Cached:    18.09 GB
>> Searching for hard negatives...
==> Epoch[1](3150/18387): Loss: 0.1897
Allocated: 115.46 MB
Cached:    15.77 GB
>> Searching for hard negatives...
>> Searching for hard negatives...
==> Epoch[1](3200/18387): Loss: 0.1587
Allocated: 117.93 MB
Cached:    18.10 GB
>> Searching for hard negatives...
==> Epoch[1](3250/18387): Loss: 0.1475
Allocated: 117.93 MB
Cached:    18.10 GB
>> Searching for hard negatives...
==> Epoch[1](3300/18387): Loss: 0.1603
Allocated: 117.93 MB
Cached:    18.10 GB
>> Searching for hard negatives...
==> Epoch[1](3350/18387): Loss: 0.1496
Allocated: 117.93 MB
Cached:    18.09 GB
>> Searching for hard negatives...
==> Epoch[1](3400/18387): Loss: 0.1385
Allocated: 117.93 MB
Cached:    18.10 GB
>> Searching for hard negatives...
>> Searching for hard negatives...
==> Epoch[1](3450/18387): Loss: 0.1019
Allocated: 117.93 MB
Cached:    15.78 GB
>> Searching for hard negatives...
==> Epoch[1](3500/18387): Loss: 0.1132
Allocated: 117.93 MB
Cached:    15.77 GB
>> Searching for hard negatives...
==> Epoch[1](3550/18387): Loss: 0.0921
Allocated: 117.93 MB
Cached:    15.77 GB
>> Searching for hard negatives...
==> Epoch[1](3600/18387): Loss: 0.1693
Allocated: 117.93 MB
Cached:    15.78 GB
>> Searching for hard negatives...
==> Epoch[1](3650/18387): Loss: 0.1377
Allocated: 117.93 MB
Cached:    18.09 GB
>> Searching for hard negatives...
>> Searching for hard negatives...
==> Epoch[1](3700/18387): Loss: 0.1138
Allocated: 117.93 MB
Cached:    15.77 GB
>> Searching for hard negatives...
==> Epoch[1](3750/18387): Loss: 0.1337
Allocated: 117.93 MB
Cached:    15.78 GB
>> Searching for hard negatives...
==> Epoch[1](3800/18387): Loss: 0.1580
Allocated: 117.93 MB
Cached:    18.10 GB
>> Searching for hard negatives...
==> Epoch[1](3850/18387): Loss: 0.1536
Allocated: 117.93 MB
Cached:    18.09 GB
>> Searching for hard negatives...
==> Epoch[1](3900/18387): Loss: 0.1431
Allocated: 117.93 MB
Cached:    18.10 GB
>> Searching for hard negatives...
>> Searching for hard negatives...
==> Epoch[1](3950/18387): Loss: 0.1368
Allocated: 117.93 MB
Cached:    18.09 GB
>> Searching for hard negatives...
==> Epoch[1](4000/18387): Loss: 0.1164
Allocated: 117.93 MB
Cached:    15.77 GB
>> Searching for hard negatives...
==> Epoch[1](4050/18387): Loss: 0.1562
Allocated: 117.93 MB
Cached:    15.77 GB
>> Searching for hard negatives...
==> Epoch[1](4100/18387): Loss: 0.1593
Allocated: 117.93 MB
Cached:    18.10 GB
>> Searching for hard negatives...
==> Epoch[1](4150/18387): Loss: 0.0959
Allocated: 117.93 MB
Cached:    15.76 GB
>> Searching for hard negatives...
==> Epoch[1](4200/18387): Loss: 0.1844
Allocated: 115.46 MB
Cached:    18.09 GB
>> Searching for hard negatives...
>> Searching for hard negatives...
==> Epoch[1](4250/18387): Loss: 0.1554
Allocated: 117.93 MB
Cached:    18.09 GB
>> Searching for hard negatives...
==> Epoch[1](4300/18387): Loss: 0.1268
Allocated: 117.93 MB
Cached:    18.10 GB
>> Searching for hard negatives...
==> Epoch[1](4350/18387): Loss: 0.1185
Allocated: 117.93 MB
Cached:    15.77 GB
>> Searching for hard negatives...
==> Epoch[1](4400/18387): Loss: 0.1269
Allocated: 117.93 MB
Cached:    15.78 GB
>> Searching for hard negatives...
==> Epoch[1](4450/18387): Loss: 0.1299
Allocated: 117.93 MB
Cached:    18.09 GB
>> Searching for hard negatives...
>> Searching for hard negatives...
==> Epoch[1](4500/18387): Loss: 0.1170
Allocated: 117.93 MB
Cached:    15.77 GB
>> Searching for hard negatives...
==> Epoch[1](4550/18387): Loss: 0.1029
Allocated: 117.93 MB
Cached:    18.08 GB
>> Searching for hard negatives...
==> Epoch[1](4600/18387): Loss: 0.1536
Allocated: 117.93 MB
Cached:    18.09 GB
>> Searching for hard negatives...
==> Epoch[1](4650/18387): Loss: 0.1322
Allocated: 117.93 MB
Cached:    18.09 GB
>> Searching for hard negatives...
==> Epoch[1](4700/18387): Loss: 0.1415
Allocated: 117.93 MB
Cached:    18.09 GB
>> Searching for hard negatives...
>> Searching for hard negatives...
==> Epoch[1](4750/18387): Loss: 0.1554
Allocated: 117.93 MB
Cached:    15.77 GB
>> Searching for hard negatives...
==> Epoch[1](4800/18387): Loss: 0.1317
Allocated: 117.93 MB
Cached:    18.09 GB
>> Searching for hard negatives...
==> Epoch[1](4850/18387): Loss: 0.1738
Allocated: 117.93 MB
Cached:    15.77 GB
>> Searching for hard negatives...
==> Epoch[1](4900/18387): Loss: 0.1405
Allocated: 117.93 MB
Cached:    18.09 GB
>> Searching for hard negatives...
==> Epoch[1](4950/18387): Loss: 0.1241
Allocated: 117.93 MB
Cached:    15.77 GB
>> Searching for hard negatives...
>> Searching for hard negatives...
==> Epoch[1](5000/18387): Loss: 0.1521
Allocated: 117.93 MB
Cached:    15.77 GB
>> Searching for hard negatives...
==> Epoch[1](5050/18387): Loss: 0.1396
Allocated: 117.93 MB
Cached:    18.10 GB
>> Searching for hard negatives...
==> Epoch[1](5100/18387): Loss: 0.1074
Allocated: 117.93 MB
Cached:    15.77 GB
>> Searching for hard negatives...
==> Epoch[1](5150/18387): Loss: 0.1195
Allocated: 117.93 MB
Cached:    18.09 GB
>> Searching for hard negatives...
==> Epoch[1](5200/18387): Loss: 0.1239
Allocated: 117.93 MB
Cached:    15.76 GB
>> Searching for hard negatives...
==> Epoch[1](5250/18387): Loss: 0.1237
Allocated: 115.46 MB
Cached:    15.76 GB
>> Searching for hard negatives...
>> Searching for hard negatives...
==> Epoch[1](5300/18387): Loss: 0.1506
Allocated: 117.93 MB
Cached:    18.09 GB
>> Searching for hard negatives...
==> Epoch[1](5350/18387): Loss: 0.1575
Allocated: 117.93 MB
Cached:    15.77 GB
>> Searching for hard negatives...
==> Epoch[1](5400/18387): Loss: 0.1521
Allocated: 117.93 MB
Cached:    18.10 GB
>> Searching for hard negatives...
==> Epoch[1](5450/18387): Loss: 0.1277
Allocated: 117.93 MB
Cached:    18.08 GB
>> Searching for hard negatives...
==> Epoch[1](5500/18387): Loss: 0.1369
Allocated: 117.93 MB
Cached:    15.77 GB
>> Searching for hard negatives...
>> Searching for hard negatives...
==> Epoch[1](5550/18387): Loss: 0.1393
Allocated: 117.93 MB
Cached:    18.10 GB
>> Searching for hard negatives...
==> Epoch[1](5600/18387): Loss: 0.1489
Allocated: 117.93 MB
Cached:    18.08 GB
>> Searching for hard negatives...
==> Epoch[1](5650/18387): Loss: 0.1137
Allocated: 117.93 MB
Cached:    15.76 GB
>> Searching for hard negatives...
==> Epoch[1](5700/18387): Loss: 0.1064
Allocated: 117.93 MB
Cached:    18.08 GB
>> Searching for hard negatives...
==> Epoch[1](5750/18387): Loss: 0.1175
Allocated: 117.93 MB
Cached:    15.77 GB
>> Searching for hard negatives...
>> Searching for hard negatives...
==> Epoch[1](5800/18387): Loss: 0.1123
Allocated: 117.93 MB
Cached:    18.09 GB
>> Searching for hard negatives...
==> Epoch[1](5850/18387): Loss: 0.1703
Allocated: 117.93 MB
Cached:    18.10 GB
>> Searching for hard negatives...
==> Epoch[1](5900/18387): Loss: 0.1009
Allocated: 117.93 MB
Cached:    18.10 GB
>> Searching for hard negatives...
==> Epoch[1](5950/18387): Loss: 0.1646
Allocated: 117.93 MB
Cached:    15.77 GB
>> Searching for hard negatives...
==> Epoch[1](6000/18387): Loss: 0.1246
Allocated: 117.93 MB
Cached:    15.77 GB
>> Searching for hard negatives...
>> Searching for hard negatives...
==> Epoch[1](6050/18387): Loss: 0.1629
Allocated: 117.93 MB
Cached:    18.09 GB
>> Searching for hard negatives...
==> Epoch[1](6100/18387): Loss: 0.1019
Allocated: 117.93 MB
Cached:    18.09 GB
>> Searching for hard negatives...
==> Epoch[1](6150/18387): Loss: 0.1414
Allocated: 117.93 MB
Cached:    18.09 GB
>> Searching for hard negatives...
==> Epoch[1](6200/18387): Loss: 0.1575
Allocated: 117.93 MB
Cached:    18.09 GB
>> Searching for hard negatives...
==> Epoch[1](6250/18387): Loss: 0.1303
Allocated: 117.93 MB
Cached:    18.10 GB
>> Searching for hard negatives...
==> Epoch[1](6300/18387): Loss: 0.1375
Allocated: 115.46 MB
Cached:    18.10 GB
>> Searching for hard negatives...
>> Searching for hard negatives...
==> Epoch[1](6350/18387): Loss: 0.0914
Allocated: 117.93 MB
Cached:    18.09 GB
>> Searching for hard negatives...
==> Epoch[1](6400/18387): Loss: 0.0922
Allocated: 117.93 MB
Cached:    18.09 GB
>> Searching for hard negatives...
==> Epoch[1](6450/18387): Loss: 0.1415
Allocated: 117.93 MB
Cached:    15.78 GB
>> Searching for hard negatives...
==> Epoch[1](6500/18387): Loss: 0.1085
Allocated: 117.93 MB
Cached:    15.76 GB
>> Searching for hard negatives...
==> Epoch[1](6550/18387): Loss: 0.1574
Allocated: 117.93 MB
Cached:    18.09 GB
>> Searching for hard negatives...
>> Searching for hard negatives...
==> Epoch[1](6600/18387): Loss: 0.1213
Allocated: 117.93 MB
Cached:    18.10 GB
>> Searching for hard negatives...
==> Epoch[1](6650/18387): Loss: 0.1252
Allocated: 117.93 MB
Cached:    15.79 GB
>> Searching for hard negatives...
==> Epoch[1](6700/18387): Loss: 0.1506
Allocated: 117.93 MB
Cached:    18.10 GB
>> Searching for hard negatives...
==> Epoch[1](6750/18387): Loss: 0.1585
Allocated: 117.93 MB
Cached:    18.10 GB
>> Searching for hard negatives...
==> Epoch[1](6800/18387): Loss: 0.1229
Allocated: 117.93 MB
Cached:    15.78 GB
>> Searching for hard negatives...
>> Searching for hard negatives...
==> Epoch[1](6850/18387): Loss: 0.1486
Allocated: 117.93 MB
Cached:    18.09 GB
>> Searching for hard negatives...
==> Epoch[1](6900/18387): Loss: 0.1747
Allocated: 117.93 MB
Cached:    18.10 GB
>> Searching for hard negatives...
==> Epoch[1](6950/18387): Loss: 0.1042
Allocated: 117.93 MB
Cached:    15.78 GB
>> Searching for hard negatives...
==> Epoch[1](7000/18387): Loss: 0.1159
Allocated: 117.93 MB
Cached:    18.09 GB
>> Searching for hard negatives...
==> Epoch[1](7050/18387): Loss: 0.1408
Allocated: 117.93 MB
Cached:    18.08 GB
>> Searching for hard negatives...
>> Searching for hard negatives...
==> Epoch[1](7100/18387): Loss: 0.1456
Allocated: 117.93 MB
Cached:    18.09 GB
>> Searching for hard negatives...
==> Epoch[1](7150/18387): Loss: 0.0923
Allocated: 117.93 MB
Cached:    18.09 GB
>> Searching for hard negatives...
==> Epoch[1](7200/18387): Loss: 0.1223
Allocated: 117.93 MB
Cached:    18.09 GB
>> Searching for hard negatives...
==> Epoch[1](7250/18387): Loss: 0.0985
Allocated: 117.93 MB
Cached:    15.77 GB
>> Searching for hard negatives...
==> Epoch[1](7300/18387): Loss: 0.1376
Allocated: 117.93 MB
Cached:    18.10 GB
>> Searching for hard negatives...
==> Epoch[1](7350/18387): Loss: 0.1085
Allocated: 115.26 MB
Cached:    15.76 GB
>> Searching for hard negatives...
>> Searching for hard negatives...
==> Epoch[1](7400/18387): Loss: 0.1125
Allocated: 117.93 MB
Cached:    18.09 GB
>> Searching for hard negatives...
==> Epoch[1](7450/18387): Loss: 0.1035
Allocated: 117.93 MB
Cached:    18.09 GB
>> Searching for hard negatives...
==> Epoch[1](7500/18387): Loss: 0.1197
Allocated: 117.93 MB
Cached:    18.10 GB
>> Searching for hard negatives...
==> Epoch[1](7550/18387): Loss: 0.0945
Allocated: 117.93 MB
Cached:    15.78 GB
>> Searching for hard negatives...
==> Epoch[1](7600/18387): Loss: 0.1177
Allocated: 117.93 MB
Cached:    15.77 GB
>> Searching for hard negatives...
>> Searching for hard negatives...
==> Epoch[1](7650/18387): Loss: 0.1486
Allocated: 117.93 MB
Cached:    18.09 GB
>> Searching for hard negatives...
==> Epoch[1](7700/18387): Loss: 0.0975
Allocated: 117.93 MB
Cached:    18.10 GB
>> Searching for hard negatives...
==> Epoch[1](7750/18387): Loss: 0.0781
Allocated: 117.93 MB
Cached:    18.09 GB
>> Searching for hard negatives...
==> Epoch[1](7800/18387): Loss: 0.0825
Allocated: 117.93 MB
Cached:    15.77 GB
>> Searching for hard negatives...
==> Epoch[1](7850/18387): Loss: 0.0873
Allocated: 117.93 MB
Cached:    18.09 GB
>> Searching for hard negatives...
>> Searching for hard negatives...
==> Epoch[1](7900/18387): Loss: 0.1527
Allocated: 117.93 MB
Cached:    15.77 GB
>> Searching for hard negatives...
==> Epoch[1](7950/18387): Loss: 0.1268
Allocated: 117.93 MB
Cached:    18.10 GB
>> Searching for hard negatives...
==> Epoch[1](8000/18387): Loss: 0.1326
Allocated: 117.93 MB
Cached:    18.09 GB
>> Searching for hard negatives...
==> Epoch[1](8050/18387): Loss: 0.1635
Allocated: 117.93 MB
Cached:    18.09 GB
>> Searching for hard negatives...
==> Epoch[1](8100/18387): Loss: 0.1458
Allocated: 117.93 MB
Cached:    18.10 GB
>> Searching for hard negatives...
>> Searching for hard negatives...
==> Epoch[1](8150/18387): Loss: 0.1098
Allocated: 117.93 MB
Cached:    18.09 GB
>> Searching for hard negatives...
==> Epoch[1](8200/18387): Loss: 0.0753
Allocated: 117.93 MB
Cached:    18.09 GB
>> Searching for hard negatives...
==> Epoch[1](8250/18387): Loss: 0.1250
Allocated: 117.93 MB
Cached:    15.77 GB
>> Searching for hard negatives...
==> Epoch[1](8300/18387): Loss: 0.1152
Allocated: 117.93 MB
Cached:    18.09 GB
>> Searching for hard negatives...
==> Epoch[1](8350/18387): Loss: 0.1162
Allocated: 117.93 MB
Cached:    15.77 GB
>> Searching for hard negatives...
==> Epoch[1](8400/18387): Loss: 0.1497
Allocated: 115.26 MB
Cached:    15.78 GB
>> Searching for hard negatives...
>> Searching for hard negatives...
==> Epoch[1](8450/18387): Loss: 0.1509
Allocated: 117.93 MB
Cached:    18.10 GB
>> Searching for hard negatives...
==> Epoch[1](8500/18387): Loss: 0.1024
Allocated: 117.93 MB
Cached:    18.09 GB
>> Searching for hard negatives...
==> Epoch[1](8550/18387): Loss: 0.1079
Allocated: 117.93 MB
Cached:    15.78 GB
>> Searching for hard negatives...
==> Epoch[1](8600/18387): Loss: 0.1301
Allocated: 117.93 MB
Cached:    18.10 GB
>> Searching for hard negatives...
==> Epoch[1](8650/18387): Loss: 0.1152
Allocated: 117.93 MB
Cached:    18.10 GB
>> Searching for hard negatives...
>> Searching for hard negatives...
==> Epoch[1](8700/18387): Loss: 0.1231
Allocated: 117.93 MB
Cached:    18.10 GB
>> Searching for hard negatives...
==> Epoch[1](8750/18387): Loss: 0.1086
Allocated: 117.93 MB
Cached:    18.09 GB
>> Searching for hard negatives...
==> Epoch[1](8800/18387): Loss: 0.0705
Allocated: 117.93 MB
Cached:    18.10 GB
>> Searching for hard negatives...
==> Epoch[1](8850/18387): Loss: 0.1033
Allocated: 117.93 MB
Cached:    15.77 GB
>> Searching for hard negatives...
==> Epoch[1](8900/18387): Loss: 0.0798
Allocated: 117.93 MB
Cached:    15.77 GB
>> Searching for hard negatives...
>> Searching for hard negatives...
==> Epoch[1](8950/18387): Loss: 0.1170
Allocated: 117.93 MB
Cached:    18.10 GB
>> Searching for hard negatives...
==> Epoch[1](9000/18387): Loss: 0.0977
Allocated: 117.93 MB
Cached:    18.10 GB
>> Searching for hard negatives...
==> Epoch[1](9050/18387): Loss: 0.1338
Allocated: 117.93 MB
Cached:    18.09 GB
>> Searching for hard negatives...
==> Epoch[1](9100/18387): Loss: 0.1821
Allocated: 117.93 MB
Cached:    18.09 GB
>> Searching for hard negatives...
==> Epoch[1](9150/18387): Loss: 0.1193
Allocated: 117.93 MB
Cached:    18.08 GB
>> Searching for hard negatives...
>> Searching for hard negatives...
==> Epoch[1](9200/18387): Loss: 0.1334
Allocated: 117.93 MB
Cached:    18.10 GB
>> Searching for hard negatives...
==> Epoch[1](9250/18387): Loss: 0.1161
Allocated: 117.93 MB
Cached:    18.10 GB
>> Searching for hard negatives...
==> Epoch[1](9300/18387): Loss: 0.0949
Allocated: 117.93 MB
Cached:    18.09 GB
>> Searching for hard negatives...
==> Epoch[1](9350/18387): Loss: 0.0880
Allocated: 117.93 MB
Cached:    18.11 GB
>> Searching for hard negatives...
==> Epoch[1](9400/18387): Loss: 0.1294
Allocated: 117.93 MB
Cached:    18.09 GB
>> Searching for hard negatives...
==> Epoch[1](9450/18387): Loss: 0.1140
Allocated: 115.26 MB
Cached:    18.09 GB
>> Searching for hard negatives...
>> Searching for hard negatives...
==> Epoch[1](9500/18387): Loss: 0.0996
Allocated: 117.93 MB
Cached:    18.10 GB
>> Searching for hard negatives...
==> Epoch[1](9550/18387): Loss: 0.1601
Allocated: 117.93 MB
Cached:    15.77 GB
>> Searching for hard negatives...
==> Epoch[1](9600/18387): Loss: 0.1255
Allocated: 117.93 MB
Cached:    18.09 GB
>> Searching for hard negatives...
==> Epoch[1](9650/18387): Loss: 0.1265
Allocated: 117.93 MB
Cached:    15.77 GB
>> Searching for hard negatives...
==> Epoch[1](9700/18387): Loss: 0.1042
Allocated: 117.93 MB
Cached:    18.09 GB
>> Searching for hard negatives...
>> Searching for hard negatives...
==> Epoch[1](9750/18387): Loss: 0.1062
Allocated: 117.93 MB
Cached:    15.78 GB
>> Searching for hard negatives...
==> Epoch[1](9800/18387): Loss: 0.1100
Allocated: 117.93 MB
Cached:    18.09 GB
>> Searching for hard negatives...
==> Epoch[1](9850/18387): Loss: 0.1121
Allocated: 117.93 MB
Cached:    18.09 GB
>> Searching for hard negatives...
==> Epoch[1](9900/18387): Loss: 0.0896
Allocated: 117.93 MB
Cached:    18.10 GB
>> Searching for hard negatives...
==> Epoch[1](9950/18387): Loss: 0.1326
Allocated: 117.93 MB
Cached:    18.10 GB
>> Searching for hard negatives...
>> Searching for hard negatives...
==> Epoch[1](10000/18387): Loss: 0.0698
Allocated: 117.93 MB
Cached:    18.08 GB
>> Searching for hard negatives...
==> Epoch[1](10050/18387): Loss: 0.1166
Allocated: 117.93 MB
Cached:    18.09 GB
>> Searching for hard negatives...
==> Epoch[1](10100/18387): Loss: 0.1018
Allocated: 117.93 MB
Cached:    18.09 GB
>> Searching for hard negatives...
==> Epoch[1](10150/18387): Loss: 0.0917
Allocated: 117.93 MB
Cached:    18.09 GB
>> Searching for hard negatives...
==> Epoch[1](10200/18387): Loss: 0.1412
Allocated: 117.93 MB
Cached:    15.77 GB
>> Searching for hard negatives...
>> Searching for hard negatives...
==> Epoch[1](10250/18387): Loss: 0.1274
Allocated: 117.93 MB
Cached:    18.10 GB
>> Searching for hard negatives...
==> Epoch[1](10300/18387): Loss: 0.1005
Allocated: 117.93 MB
Cached:    18.09 GB
>> Searching for hard negatives...
==> Epoch[1](10350/18387): Loss: 0.0738
Allocated: 117.93 MB
Cached:    15.76 GB
>> Searching for hard negatives...
==> Epoch[1](10400/18387): Loss: 0.1081
Allocated: 117.93 MB
Cached:    18.10 GB
>> Searching for hard negatives...
==> Epoch[1](10450/18387): Loss: 0.1242
Allocated: 117.93 MB
Cached:    18.10 GB
>> Searching for hard negatives...
==> Epoch[1](10500/18387): Loss: 0.0474
Allocated: 115.26 MB
Cached:    18.10 GB
>> Searching for hard negatives...
>> Searching for hard negatives...
==> Epoch[1](10550/18387): Loss: 0.0838
Allocated: 117.93 MB
Cached:    15.78 GB
>> Searching for hard negatives...
==> Epoch[1](10600/18387): Loss: 0.0904
Allocated: 117.93 MB
Cached:    18.09 GB
>> Searching for hard negatives...
==> Epoch[1](10650/18387): Loss: 0.0964
Allocated: 117.93 MB
Cached:    18.09 GB
>> Searching for hard negatives...
==> Epoch[1](10700/18387): Loss: 0.1030
Allocated: 117.93 MB
Cached:    18.09 GB
>> Searching for hard negatives...
==> Epoch[1](10750/18387): Loss: 0.0846
Allocated: 117.93 MB
Cached:    18.10 GB
>> Searching for hard negatives...
>> Searching for hard negatives...
==> Epoch[1](10800/18387): Loss: 0.1054
Allocated: 117.93 MB
Cached:    18.09 GB
>> Searching for hard negatives...
==> Epoch[1](10850/18387): Loss: 0.1044
Allocated: 117.93 MB
Cached:    15.79 GB
>> Searching for hard negatives...
==> Epoch[1](10900/18387): Loss: 0.0934
Allocated: 117.93 MB
Cached:    18.09 GB
>> Searching for hard negatives...
==> Epoch[1](10950/18387): Loss: 0.0983
Allocated: 117.93 MB
Cached:    18.11 GB
>> Searching for hard negatives...
==> Epoch[1](11000/18387): Loss: 0.0770
Allocated: 117.93 MB
Cached:    18.08 GB
>> Searching for hard negatives...
>> Searching for hard negatives...
==> Epoch[1](11050/18387): Loss: 0.0788
Allocated: 117.93 MB
Cached:    18.09 GB
>> Searching for hard negatives...
==> Epoch[1](11100/18387): Loss: 0.1362
Allocated: 117.93 MB
Cached:    18.10 GB
>> Searching for hard negatives...
==> Epoch[1](11150/18387): Loss: 0.1323
Allocated: 117.93 MB
Cached:    18.10 GB
>> Searching for hard negatives...
==> Epoch[1](11200/18387): Loss: 0.1044
Allocated: 117.93 MB
Cached:    18.10 GB
>> Searching for hard negatives...
==> Epoch[1](11250/18387): Loss: 0.0926
Allocated: 117.93 MB
Cached:    15.77 GB
>> Searching for hard negatives...
>> Searching for hard negatives...
==> Epoch[1](11300/18387): Loss: 0.0961
Allocated: 117.93 MB
Cached:    15.76 GB
>> Searching for hard negatives...
==> Epoch[1](11350/18387): Loss: 0.1263
Allocated: 117.93 MB
Cached:    18.09 GB
>> Searching for hard negatives...
==> Epoch[1](11400/18387): Loss: 0.0823
Allocated: 117.93 MB
Cached:    18.09 GB
>> Searching for hard negatives...
==> Epoch[1](11450/18387): Loss: 0.1312
Allocated: 117.93 MB
Cached:    18.09 GB
>> Searching for hard negatives...
==> Epoch[1](11500/18387): Loss: 0.0571
Allocated: 117.93 MB
Cached:    18.09 GB
>> Searching for hard negatives...
==> Epoch[1](11550/18387): Loss: 0.1061
Allocated: 115.26 MB
Cached:    18.10 GB
>> Searching for hard negatives...
>> Searching for hard negatives...
==> Epoch[1](11600/18387): Loss: 0.0884
Allocated: 117.93 MB
Cached:    18.11 GB
>> Searching for hard negatives...
==> Epoch[1](11650/18387): Loss: 0.0835
Allocated: 117.93 MB
Cached:    18.10 GB
>> Searching for hard negatives...
==> Epoch[1](11700/18387): Loss: 0.0767
Allocated: 117.93 MB
Cached:    18.10 GB
>> Searching for hard negatives...
==> Epoch[1](11750/18387): Loss: 0.0756
Allocated: 117.93 MB
Cached:    15.77 GB
>> Searching for hard negatives...
==> Epoch[1](11800/18387): Loss: 0.0990
Allocated: 117.93 MB
Cached:    18.09 GB
>> Searching for hard negatives...
>> Searching for hard negatives...
==> Epoch[1](11850/18387): Loss: 0.0744
Allocated: 117.93 MB
Cached:    18.10 GB
>> Searching for hard negatives...
==> Epoch[1](11900/18387): Loss: 0.1532
Allocated: 117.93 MB
Cached:    15.77 GB
>> Searching for hard negatives...
==> Epoch[1](11950/18387): Loss: 0.1013
Allocated: 117.93 MB
Cached:    18.09 GB
>> Searching for hard negatives...
==> Epoch[1](12000/18387): Loss: 0.0510
Allocated: 117.93 MB
Cached:    18.09 GB
>> Searching for hard negatives...
==> Epoch[1](12050/18387): Loss: 0.1201
Allocated: 117.93 MB
Cached:    15.77 GB
>> Searching for hard negatives...
>> Searching for hard negatives...
==> Epoch[1](12100/18387): Loss: 0.0896
Allocated: 117.93 MB
Cached:    15.77 GB
>> Searching for hard negatives...
==> Epoch[1](12150/18387): Loss: 0.0620
Allocated: 117.93 MB
Cached:    18.10 GB
>> Searching for hard negatives...
==> Epoch[1](12200/18387): Loss: 0.0905
Allocated: 117.93 MB
Cached:    18.09 GB
>> Searching for hard negatives...
==> Epoch[1](12250/18387): Loss: 0.1447
Allocated: 117.93 MB
Cached:    15.77 GB
>> Searching for hard negatives...
==> Epoch[1](12300/18387): Loss: 0.1006
Allocated: 117.93 MB
Cached:    15.77 GB
>> Searching for hard negatives...
>> Searching for hard negatives...
==> Epoch[1](12350/18387): Loss: 0.0613
Allocated: 117.93 MB
Cached:    18.08 GB
>> Searching for hard negatives...
==> Epoch[1](12400/18387): Loss: 0.1051
Allocated: 117.93 MB
Cached:    18.09 GB
>> Searching for hard negatives...
==> Epoch[1](12450/18387): Loss: 0.0986
Allocated: 117.93 MB
Cached:    18.09 GB
>> Searching for hard negatives...
==> Epoch[1](12500/18387): Loss: 0.0793
Allocated: 117.93 MB
Cached:    18.10 GB
>> Searching for hard negatives...
==> Epoch[1](12550/18387): Loss: 0.1060
Allocated: 117.93 MB
Cached:    15.76 GB
>> Searching for hard negatives...
==> Epoch[1](12600/18387): Loss: 0.0745
Allocated: 115.26 MB
Cached:    18.09 GB
>> Searching for hard negatives...
>> Searching for hard negatives...
==> Epoch[1](12650/18387): Loss: 0.0973
Allocated: 117.93 MB
Cached:    15.77 GB
>> Searching for hard negatives...
==> Epoch[1](12700/18387): Loss: 0.0952
Allocated: 117.93 MB
Cached:    15.77 GB
>> Searching for hard negatives...
==> Epoch[1](12750/18387): Loss: 0.0866
Allocated: 117.93 MB
Cached:    15.78 GB
>> Searching for hard negatives...
==> Epoch[1](12800/18387): Loss: 0.0959
Allocated: 117.93 MB
Cached:    18.09 GB
>> Searching for hard negatives...
==> Epoch[1](12850/18387): Loss: 0.0550
Allocated: 117.93 MB
Cached:    18.09 GB
>> Searching for hard negatives...
>> Searching for hard negatives...
==> Epoch[1](12900/18387): Loss: 0.0684
Allocated: 117.93 MB
Cached:    18.10 GB
>> Searching for hard negatives...
==> Epoch[1](12950/18387): Loss: 0.0599
Allocated: 117.93 MB
Cached:    18.09 GB
>> Searching for hard negatives...
==> Epoch[1](13000/18387): Loss: 0.0941
Allocated: 117.93 MB
Cached:    18.10 GB
>> Searching for hard negatives...
==> Epoch[1](13050/18387): Loss: 0.1369
Allocated: 117.93 MB
Cached:    18.10 GB
>> Searching for hard negatives...
==> Epoch[1](13100/18387): Loss: 0.0812
Allocated: 117.93 MB
Cached:    15.77 GB
>> Searching for hard negatives...
>> Searching for hard negatives...
==> Epoch[1](13150/18387): Loss: 0.0801
Allocated: 117.93 MB
Cached:    18.09 GB
>> Searching for hard negatives...
==> Epoch[1](13200/18387): Loss: 0.0803
Allocated: 117.93 MB
Cached:    18.10 GB
>> Searching for hard negatives...
==> Epoch[1](13250/18387): Loss: 0.1300
Allocated: 117.93 MB
Cached:    18.11 GB
>> Searching for hard negatives...
==> Epoch[1](13300/18387): Loss: 0.1393
Allocated: 117.93 MB
Cached:    18.10 GB
>> Searching for hard negatives...
==> Epoch[1](13350/18387): Loss: 0.0810
Allocated: 117.93 MB
Cached:    18.09 GB
>> Searching for hard negatives...
>> Searching for hard negatives...
==> Epoch[1](13400/18387): Loss: 0.0795
Allocated: 117.93 MB
Cached:    15.77 GB
>> Searching for hard negatives...
==> Epoch[1](13450/18387): Loss: 0.0933
Allocated: 117.93 MB
Cached:    18.09 GB
>> Searching for hard negatives...
==> Epoch[1](13500/18387): Loss: 0.0880
Allocated: 117.93 MB
Cached:    18.10 GB
>> Searching for hard negatives...
==> Epoch[1](13550/18387): Loss: 0.1209
Allocated: 117.93 MB
Cached:    18.09 GB
>> Searching for hard negatives...
==> Epoch[1](13600/18387): Loss: 0.0877
Allocated: 117.93 MB
Cached:    18.09 GB
>> Searching for hard negatives...
==> Epoch[1](13650/18387): Loss: 0.1229
Allocated: 115.26 MB
Cached:    18.10 GB
>> Searching for hard negatives...
>> Searching for hard negatives...
==> Epoch[1](13700/18387): Loss: 0.0704
Allocated: 117.93 MB
Cached:    15.77 GB
>> Searching for hard negatives...
==> Epoch[1](13750/18387): Loss: 0.1019
Allocated: 117.93 MB
Cached:    18.10 GB
>> Searching for hard negatives...
==> Epoch[1](13800/18387): Loss: 0.0889
Allocated: 117.93 MB
Cached:    18.10 GB
>> Searching for hard negatives...
==> Epoch[1](13850/18387): Loss: 0.0717
Allocated: 117.93 MB
Cached:    18.09 GB
>> Searching for hard negatives...
==> Epoch[1](13900/18387): Loss: 0.0889
Allocated: 117.93 MB
Cached:    15.78 GB
>> Searching for hard negatives...
>> Searching for hard negatives...
==> Epoch[1](13950/18387): Loss: 0.0944
Allocated: 117.93 MB
Cached:    18.09 GB
>> Searching for hard negatives...
==> Epoch[1](14000/18387): Loss: 0.0648
Allocated: 117.93 MB
Cached:    18.09 GB
>> Searching for hard negatives...
==> Epoch[1](14050/18387): Loss: 0.1011
Allocated: 117.93 MB
Cached:    18.09 GB
>> Searching for hard negatives...
==> Epoch[1](14100/18387): Loss: 0.0627
Allocated: 117.93 MB
Cached:    18.09 GB
>> Searching for hard negatives...
==> Epoch[1](14150/18387): Loss: 0.0803
Allocated: 117.93 MB
Cached:    15.77 GB
>> Searching for hard negatives...
>> Searching for hard negatives...
==> Epoch[1](14200/18387): Loss: 0.0979
Allocated: 117.93 MB
Cached:    18.10 GB
>> Searching for hard negatives...
==> Epoch[1](14250/18387): Loss: 0.1148
Allocated: 117.93 MB
Cached:    18.10 GB
>> Searching for hard negatives...
==> Epoch[1](14300/18387): Loss: 0.0769
Allocated: 117.93 MB
Cached:    18.10 GB
>> Searching for hard negatives...
==> Epoch[1](14350/18387): Loss: 0.1136
Allocated: 117.93 MB
Cached:    18.10 GB
>> Searching for hard negatives...
==> Epoch[1](14400/18387): Loss: 0.0488
Allocated: 117.93 MB
Cached:    15.77 GB
>> Searching for hard negatives...
>> Searching for hard negatives...
==> Epoch[1](14450/18387): Loss: 0.0503
Allocated: 117.93 MB
Cached:    18.10 GB
>> Searching for hard negatives...
==> Epoch[1](14500/18387): Loss: 0.0901
Allocated: 117.93 MB
Cached:    15.78 GB
>> Searching for hard negatives...
==> Epoch[1](14550/18387): Loss: 0.1055
Allocated: 117.93 MB
Cached:    18.09 GB
>> Searching for hard negatives...
==> Epoch[1](14600/18387): Loss: 0.0782
Allocated: 117.93 MB
Cached:    15.76 GB
>> Searching for hard negatives...
==> Epoch[1](14650/18387): Loss: 0.1068
Allocated: 117.93 MB
Cached:    18.09 GB
>> Searching for hard negatives...
==> Epoch[1](14700/18387): Loss: 0.0877
Allocated: 115.26 MB
Cached:    18.10 GB
>> Searching for hard negatives...
>> Searching for hard negatives...
==> Epoch[1](14750/18387): Loss: 0.1314
Allocated: 117.93 MB
Cached:    18.09 GB
>> Searching for hard negatives...
==> Epoch[1](14800/18387): Loss: 0.0793
Allocated: 117.93 MB
Cached:    15.77 GB
>> Searching for hard negatives...
==> Epoch[1](14850/18387): Loss: 0.0994
Allocated: 117.93 MB
Cached:    18.09 GB
>> Searching for hard negatives...
==> Epoch[1](14900/18387): Loss: 0.1010
Allocated: 117.93 MB
Cached:    18.10 GB
>> Searching for hard negatives...
==> Epoch[1](14950/18387): Loss: 0.1164
Allocated: 117.93 MB
Cached:    15.78 GB
>> Searching for hard negatives...
>> Searching for hard negatives...
==> Epoch[1](15000/18387): Loss: 0.1227
Allocated: 117.93 MB
Cached:    15.77 GB
>> Searching for hard negatives...
==> Epoch[1](15050/18387): Loss: 0.1076
Allocated: 117.93 MB
Cached:    18.09 GB
>> Searching for hard negatives...
==> Epoch[1](15100/18387): Loss: 0.0777
Allocated: 117.93 MB
Cached:    15.78 GB
>> Searching for hard negatives...
==> Epoch[1](15150/18387): Loss: 0.0636
Allocated: 117.93 MB
Cached:    18.09 GB
>> Searching for hard negatives...
==> Epoch[1](15200/18387): Loss: 0.1120
Allocated: 117.93 MB
Cached:    15.77 GB
>> Searching for hard negatives...
>> Searching for hard negatives...
==> Epoch[1](15250/18387): Loss: 0.0914
Allocated: 117.93 MB
Cached:    15.77 GB
>> Searching for hard negatives...
==> Epoch[1](15300/18387): Loss: 0.0869
Allocated: 117.93 MB
Cached:    18.10 GB
>> Searching for hard negatives...
==> Epoch[1](15350/18387): Loss: 0.0967
Allocated: 117.93 MB
Cached:    18.10 GB
>> Searching for hard negatives...
==> Epoch[1](15400/18387): Loss: 0.1269
Allocated: 117.93 MB
Cached:    15.77 GB
>> Searching for hard negatives...
==> Epoch[1](15450/18387): Loss: 0.0883
Allocated: 117.93 MB
Cached:    18.09 GB
>> Searching for hard negatives...
>> Searching for hard negatives...
==> Epoch[1](15500/18387): Loss: 0.1109
Allocated: 117.93 MB
Cached:    18.09 GB
>> Searching for hard negatives...
==> Epoch[1](15550/18387): Loss: 0.0893
Allocated: 117.93 MB
Cached:    15.77 GB
>> Searching for hard negatives...
==> Epoch[1](15600/18387): Loss: 0.0863
Allocated: 117.93 MB
Cached:    15.77 GB
>> Searching for hard negatives...
==> Epoch[1](15650/18387): Loss: 0.0953
Allocated: 117.93 MB
Cached:    15.77 GB
>> Searching for hard negatives...
==> Epoch[1](15700/18387): Loss: 0.0901
Allocated: 117.93 MB
Cached:    18.10 GB
>> Searching for hard negatives...
==> Epoch[1](15750/18387): Loss: 0.0765
Allocated: 115.26 MB
Cached:    18.09 GB
>> Searching for hard negatives...
>> Searching for hard negatives...
==> Epoch[1](15800/18387): Loss: 0.0865
Allocated: 117.93 MB
Cached:    18.10 GB
>> Searching for hard negatives...
==> Epoch[1](15850/18387): Loss: 0.0867
Allocated: 117.93 MB
Cached:    18.09 GB
>> Searching for hard negatives...
==> Epoch[1](15900/18387): Loss: 0.1016
Allocated: 117.93 MB
Cached:    15.77 GB
>> Searching for hard negatives...
==> Epoch[1](15950/18387): Loss: 0.0872
Allocated: 117.93 MB
Cached:    15.78 GB
>> Searching for hard negatives...
==> Epoch[1](16000/18387): Loss: 0.0522
Allocated: 117.93 MB
Cached:    18.09 GB
>> Searching for hard negatives...
>> Searching for hard negatives...
==> Epoch[1](16050/18387): Loss: 0.0992
Allocated: 117.93 MB
Cached:    18.11 GB
>> Searching for hard negatives...
==> Epoch[1](16100/18387): Loss: 0.1068
Allocated: 117.93 MB
Cached:    15.77 GB
>> Searching for hard negatives...
==> Epoch[1](16150/18387): Loss: 0.0879
Allocated: 117.93 MB
Cached:    18.11 GB
>> Searching for hard negatives...
==> Epoch[1](16200/18387): Loss: 0.0945
Allocated: 117.93 MB
Cached:    18.10 GB
>> Searching for hard negatives...
==> Epoch[1](16250/18387): Loss: 0.0739
Allocated: 117.93 MB
Cached:    18.09 GB
>> Searching for hard negatives...
>> Searching for hard negatives...
==> Epoch[1](16300/18387): Loss: 0.0858
Allocated: 117.93 MB
Cached:    18.09 GB
>> Searching for hard negatives...
==> Epoch[1](16350/18387): Loss: 0.0833
Allocated: 117.93 MB
Cached:    18.08 GB
>> Searching for hard negatives...
==> Epoch[1](16400/18387): Loss: 0.0445
Allocated: 117.93 MB
Cached:    18.09 GB
>> Searching for hard negatives...
==> Epoch[1](16450/18387): Loss: 0.0736
Allocated: 117.93 MB
Cached:    15.76 GB
>> Searching for hard negatives...
==> Epoch[1](16500/18387): Loss: 0.0616
Allocated: 117.93 MB
Cached:    15.77 GB
>> Searching for hard negatives...
>> Searching for hard negatives...
==> Epoch[1](16550/18387): Loss: 0.0836
Allocated: 117.93 MB
Cached:    15.77 GB
>> Searching for hard negatives...
==> Epoch[1](16600/18387): Loss: 0.0971
Allocated: 117.93 MB
Cached:    18.09 GB
>> Searching for hard negatives...
==> Epoch[1](16650/18387): Loss: 0.0671
Allocated: 117.93 MB
Cached:    18.09 GB
>> Searching for hard negatives...
==> Epoch[1](16700/18387): Loss: 0.0866
Allocated: 117.93 MB
Cached:    18.10 GB
>> Searching for hard negatives...
==> Epoch[1](16750/18387): Loss: 0.0952
Allocated: 117.93 MB
Cached:    15.78 GB
>> Searching for hard negatives...
==> Epoch[1](16800/18387): Loss: 0.1132
Allocated: 115.26 MB
Cached:    18.09 GB
>> Searching for hard negatives...
>> Searching for hard negatives...
==> Epoch[1](16850/18387): Loss: 0.0876
Allocated: 117.93 MB
Cached:    15.77 GB
>> Searching for hard negatives...
==> Epoch[1](16900/18387): Loss: 0.0883
Allocated: 117.93 MB
Cached:    18.10 GB
>> Searching for hard negatives...
==> Epoch[1](16950/18387): Loss: 0.0686
Allocated: 117.93 MB
Cached:    15.77 GB
>> Searching for hard negatives...
==> Epoch[1](17000/18387): Loss: 0.0491
Allocated: 117.93 MB
Cached:    15.77 GB
>> Searching for hard negatives...
==> Epoch[1](17050/18387): Loss: 0.0574
Allocated: 117.93 MB
Cached:    15.78 GB
>> Searching for hard negatives...
>> Searching for hard negatives...
==> Epoch[1](17100/18387): Loss: 0.0655
Allocated: 117.93 MB
Cached:    15.76 GB
>> Searching for hard negatives...
==> Epoch[1](17150/18387): Loss: 0.1087
Allocated: 117.93 MB
Cached:    18.10 GB
>> Searching for hard negatives...
==> Epoch[1](17200/18387): Loss: 0.0586
Allocated: 117.93 MB
Cached:    15.78 GB
>> Searching for hard negatives...
==> Epoch[1](17250/18387): Loss: 0.0903
Allocated: 117.93 MB
Cached:    18.09 GB
>> Searching for hard negatives...
==> Epoch[1](17300/18387): Loss: 0.0682
Allocated: 117.93 MB
Cached:    15.77 GB
>> Searching for hard negatives...
>> Searching for hard negatives...
==> Epoch[1](17350/18387): Loss: 0.0738
Allocated: 117.93 MB
Cached:    15.77 GB
>> Searching for hard negatives...
==> Epoch[1](17400/18387): Loss: 0.0769
Allocated: 117.93 MB
Cached:    15.78 GB
>> Searching for hard negatives...
==> Epoch[1](17450/18387): Loss: 0.0697
Allocated: 117.93 MB
Cached:    18.10 GB
>> Searching for hard negatives...
==> Epoch[1](17500/18387): Loss: 0.0678
Allocated: 117.93 MB
Cached:    15.77 GB
>> Searching for hard negatives...
==> Epoch[1](17550/18387): Loss: 0.0990
Allocated: 117.93 MB
Cached:    18.09 GB
>> Searching for hard negatives...
>> Searching for hard negatives...
==> Epoch[1](17600/18387): Loss: 0.0809
Allocated: 117.93 MB
Cached:    18.10 GB
>> Searching for hard negatives...
==> Epoch[1](17650/18387): Loss: 0.0559
Allocated: 117.93 MB
Cached:    15.77 GB
>> Searching for hard negatives...
==> Epoch[1](17700/18387): Loss: 0.1245
Allocated: 117.93 MB
Cached:    15.78 GB
>> Searching for hard negatives...
==> Epoch[1](17750/18387): Loss: 0.0942
Allocated: 117.93 MB
Cached:    18.09 GB
>> Searching for hard negatives...
==> Epoch[1](17800/18387): Loss: 0.1038
Allocated: 117.93 MB
Cached:    18.09 GB
>> Searching for hard negatives...
==> Epoch[1](17850/18387): Loss: 0.1149
Allocated: 115.26 MB
Cached:    18.09 GB
>> Searching for hard negatives...
>> Searching for hard negatives...
==> Epoch[1](17900/18387): Loss: 0.0827
Allocated: 117.93 MB
Cached:    18.09 GB
>> Searching for hard negatives...
==> Epoch[1](17950/18387): Loss: 0.1118
Allocated: 117.93 MB
Cached:    18.10 GB
>> Searching for hard negatives...
==> Epoch[1](18000/18387): Loss: 0.0897
Allocated: 117.93 MB
Cached:    18.10 GB
>> Searching for hard negatives...
==> Epoch[1](18050/18387): Loss: 0.0822
Allocated: 117.93 MB
Cached:    15.77 GB
>> Searching for hard negatives...
==> Epoch[1](18100/18387): Loss: 0.0822
Allocated: 117.93 MB
Cached:    15.77 GB
>> Searching for hard negatives...
>> Searching for hard negatives...
==> Epoch[1](18150/18387): Loss: 0.0673
Allocated: 117.93 MB
Cached:    15.78 GB
>> Searching for hard negatives...
==> Epoch[1](18200/18387): Loss: 0.0660
Allocated: 117.93 MB
Cached:    18.09 GB
>> Searching for hard negatives...
==> Epoch[1](18250/18387): Loss: 0.0904
Allocated: 117.93 MB
Cached:    15.77 GB
>> Searching for hard negatives...
==> Epoch[1](18300/18387): Loss: 0.0688
Allocated: 117.93 MB
Cached:    15.77 GB
>> Searching for hard negatives...
==> Epoch[1](18350/18387): Loss: 0.0799
Allocated: 117.93 MB
Cached:    18.08 GB
>> Searching for hard negatives...
>> Searching for hard negatives...
==> Epoch[1](18400/18387): Loss: 0.0600
Allocated: 117.93 MB
Cached:    18.09 GB
>> Searching for hard negatives...
==> Epoch[1](18450/18387): Loss: 0.0827
Allocated: 117.93 MB
Cached:    18.10 GB
>> Searching for hard negatives...
==> Epoch[1](18500/18387): Loss: 0.0476
Allocated: 117.93 MB
Cached:    15.76 GB
>> Searching for hard negatives...
==> Epoch[1](18550/18387): Loss: 0.0742
Allocated: 117.93 MB
Cached:    18.10 GB
===> Epoch 1 Complete: Avg. Loss: 0.1187
====> Extracting Features
