Thu Feb 29 16:22:12 EST 2024
/home/m.maqboolbhutta/usman_ws/codes/patchnetvlad
/home/m.maqboolbhutta/.conda/envs/patchnetvlad/bin/python
Host: c1110a-s35
Other nodes: 
Starting  process(es) on each node...
==========Starting Training=============
Saving checkpoints at /home/m.maqboolbhutta/usman_ws/models/patchnetvlad/29-Feb-netvlad-triplet-b24c100-lr001
========================================
Namespace(cache_path='/home/m.maqboolbhutta/usman_ws/datasets/netvlad-official/', cluster_path='/home/m.maqboolbhutta/usman_ws/datasets/netvlad-official/centroids/vgg16_mapillary_16_desc_cen.hdf5', config_path='patchnetvlad/configs/train.ini', dataset_root_dir='/home/m.maqboolbhutta/usman_ws/datasets/mapillary_sls/', identifier='mapillary_nopanos', loss='triplet', method='netvlad', nEpochs=30, nocuda=False, resume_path='', save_every_epoch=True, save_path='/home/m.maqboolbhutta/usman_ws/models/patchnetvlad/29-Feb-netvlad-triplet-b24c100-lr001', start_epoch=0, threads=6)
===> Building model
===> Loading model
Creating model embednet
===> Loading dataset(s)
Exclude panoramas: True
=====> trondheim
=====> london
=====> boston
=====> melbourne
=====> amsterdam
=====> helsinki
=====> tokyo
=====> toronto
=====> saopaulo
=====> moscow
=====> zurich
=====> paris
=====> bangkok
=====> budapest
=====> austin
=====> berlin
=====> ottawa
=====> phoenix
=====> goa
=====> amman
=====> nairobi
=====> manila
#Sideways [21262/441280]; #Night; [4666/441280]
Forward and Day weighted with 1.0000
Forward and Night weighted with 95.5735
Sideways and Day weighted with 21.7544
Sideways and Night weighted with 116.3279
Exclude panoramas: True
=====> cph
=====> sf
===> Training query set: 441280
===> Evaluating on val set, query count: 740
===> Training model
>> Searching for hard negatives...
==> Epoch[1](50/441280): Loss: 0.2522
Allocated: 111.65 MB
Cached:    4.74 GB
==> Epoch[1](100/441280): Loss: 0.0645
Allocated: 111.65 MB
Cached:    4.74 GB
==> Epoch[1](150/441280): Loss: 0.0000
Allocated: 111.65 MB
Cached:    4.74 GB
==> Epoch[1](200/441280): Loss: 0.2465
Allocated: 111.65 MB
Cached:    4.74 GB
==> Epoch[1](250/441280): Loss: 0.1055
Allocated: 111.65 MB
Cached:    4.74 GB
==> Epoch[1](300/441280): Loss: 0.1696
Allocated: 111.65 MB
Cached:    4.74 GB
==> Epoch[1](350/441280): Loss: 0.2953
Allocated: 111.65 MB
Cached:    4.74 GB
==> Epoch[1](400/441280): Loss: 0.5206
Allocated: 111.65 MB
Cached:    4.74 GB
==> Epoch[1](450/441280): Loss: 0.1788
Allocated: 111.65 MB
Cached:    4.74 GB
==> Epoch[1](500/441280): Loss: 0.0000
Allocated: 111.65 MB
Cached:    4.74 GB
==> Epoch[1](550/441280): Loss: 0.1295
Allocated: 111.65 MB
Cached:    4.74 GB
==> Epoch[1](600/441280): Loss: 0.0435
Allocated: 111.65 MB
Cached:    4.74 GB
==> Epoch[1](650/441280): Loss: 0.1870
Allocated: 111.65 MB
Cached:    4.74 GB
==> Epoch[1](700/441280): Loss: 0.0746
Allocated: 111.65 MB
Cached:    4.74 GB
==> Epoch[1](750/441280): Loss: 0.1628
Allocated: 111.65 MB
Cached:    4.74 GB
==> Epoch[1](800/441280): Loss: 0.3001
Allocated: 111.65 MB
Cached:    4.74 GB
==> Epoch[1](850/441280): Loss: 0.3799
Allocated: 111.65 MB
Cached:    4.74 GB
==> Epoch[1](900/441280): Loss: 0.0000
Allocated: 111.65 MB
Cached:    4.74 GB
==> Epoch[1](950/441280): Loss: 0.0247
Allocated: 111.65 MB
Cached:    4.74 GB
>> Searching for hard negatives...
==> Epoch[1](1000/441280): Loss: 0.0000
Allocated: 111.65 MB
Cached:    4.84 GB
==> Epoch[1](1050/441280): Loss: 0.0000
Allocated: 111.65 MB
Cached:    4.84 GB
==> Epoch[1](1100/441280): Loss: 0.1695
Allocated: 111.65 MB
Cached:    4.84 GB
==> Epoch[1](1150/441280): Loss: 0.0374
Allocated: 111.65 MB
Cached:    4.84 GB
==> Epoch[1](1200/441280): Loss: 0.0191
Allocated: 111.65 MB
Cached:    4.84 GB
==> Epoch[1](1250/441280): Loss: 0.2698
Allocated: 111.65 MB
Cached:    4.84 GB
==> Epoch[1](1300/441280): Loss: 0.1169
Allocated: 111.65 MB
Cached:    4.84 GB
==> Epoch[1](1350/441280): Loss: 0.1891
Allocated: 111.65 MB
Cached:    4.84 GB
==> Epoch[1](1400/441280): Loss: 0.2608
Allocated: 111.65 MB
Cached:    4.84 GB
==> Epoch[1](1450/441280): Loss: 0.4370
Allocated: 111.65 MB
Cached:    4.84 GB
==> Epoch[1](1500/441280): Loss: 0.2081
Allocated: 111.65 MB
Cached:    4.84 GB
==> Epoch[1](1550/441280): Loss: 0.0748
Allocated: 111.65 MB
Cached:    4.84 GB
==> Epoch[1](1600/441280): Loss: 0.1700
Allocated: 111.65 MB
Cached:    4.84 GB
==> Epoch[1](1650/441280): Loss: 0.0832
Allocated: 111.65 MB
Cached:    4.84 GB
==> Epoch[1](1700/441280): Loss: 0.0856
Allocated: 111.65 MB
Cached:    4.84 GB
==> Epoch[1](1750/441280): Loss: 0.0960
Allocated: 111.65 MB
Cached:    4.84 GB
==> Epoch[1](1800/441280): Loss: 0.3050
Allocated: 111.65 MB
Cached:    4.84 GB
==> Epoch[1](1850/441280): Loss: 0.0913
Allocated: 111.65 MB
Cached:    4.84 GB
==> Epoch[1](1900/441280): Loss: 0.2368
Allocated: 111.65 MB
Cached:    4.84 GB
==> Epoch[1](1950/441280): Loss: 0.1849
Allocated: 111.65 MB
Cached:    4.84 GB
>> Searching for hard negatives...
==> Epoch[1](2000/441280): Loss: 0.1528
Allocated: 111.65 MB
Cached:    4.83 GB
==> Epoch[1](2050/441280): Loss: 0.1543
Allocated: 111.65 MB
Cached:    4.83 GB
==> Epoch[1](2100/441280): Loss: 0.2934
Allocated: 111.65 MB
Cached:    4.83 GB
==> Epoch[1](2150/441280): Loss: 0.1614
Allocated: 111.65 MB
Cached:    4.83 GB
==> Epoch[1](2200/441280): Loss: 0.0260
Allocated: 111.65 MB
Cached:    4.83 GB
==> Epoch[1](2250/441280): Loss: 0.4164
Allocated: 111.65 MB
Cached:    4.83 GB
==> Epoch[1](2300/441280): Loss: 0.1813
Allocated: 111.65 MB
Cached:    4.83 GB
==> Epoch[1](2350/441280): Loss: 0.1492
Allocated: 111.65 MB
Cached:    4.83 GB
==> Epoch[1](2400/441280): Loss: 0.2127
Allocated: 111.65 MB
Cached:    4.83 GB
==> Epoch[1](2450/441280): Loss: 0.1974
Allocated: 111.65 MB
Cached:    4.83 GB
==> Epoch[1](2500/441280): Loss: 0.1734
Allocated: 111.65 MB
Cached:    4.83 GB
==> Epoch[1](2550/441280): Loss: 0.2171
Allocated: 111.65 MB
Cached:    4.83 GB
==> Epoch[1](2600/441280): Loss: 0.2793
Allocated: 111.65 MB
Cached:    4.83 GB
==> Epoch[1](2650/441280): Loss: 0.0326
Allocated: 111.65 MB
Cached:    4.83 GB
==> Epoch[1](2700/441280): Loss: 0.0520
Allocated: 111.65 MB
Cached:    4.83 GB
==> Epoch[1](2750/441280): Loss: 0.0000
Allocated: 111.65 MB
Cached:    4.83 GB
==> Epoch[1](2800/441280): Loss: 0.0112
Allocated: 111.65 MB
Cached:    4.83 GB
==> Epoch[1](2850/441280): Loss: 0.2381
Allocated: 111.65 MB
Cached:    4.83 GB
==> Epoch[1](2900/441280): Loss: 0.0000
Allocated: 111.65 MB
Cached:    4.83 GB
==> Epoch[1](2950/441280): Loss: 0.2463
Allocated: 111.65 MB
Cached:    4.83 GB
>> Searching for hard negatives...
==> Epoch[1](3000/441280): Loss: 0.0686
Allocated: 111.65 MB
Cached:    4.85 GB
==> Epoch[1](3050/441280): Loss: 0.1287
Allocated: 111.65 MB
Cached:    4.85 GB
==> Epoch[1](3100/441280): Loss: 0.0770
Allocated: 111.65 MB
Cached:    4.85 GB
==> Epoch[1](3150/441280): Loss: 0.0076
Allocated: 111.65 MB
Cached:    4.85 GB
==> Epoch[1](3200/441280): Loss: 0.1915
Allocated: 111.65 MB
Cached:    4.85 GB
==> Epoch[1](3250/441280): Loss: 0.1734
Allocated: 111.65 MB
Cached:    4.85 GB
==> Epoch[1](3300/441280): Loss: 0.0667
Allocated: 111.65 MB
Cached:    4.85 GB
==> Epoch[1](3350/441280): Loss: 0.0543
Allocated: 111.65 MB
Cached:    4.85 GB
==> Epoch[1](3400/441280): Loss: 0.2074
Allocated: 111.65 MB
Cached:    4.85 GB
==> Epoch[1](3450/441280): Loss: 0.0000
Allocated: 111.65 MB
Cached:    4.85 GB
==> Epoch[1](3500/441280): Loss: 0.1982
Allocated: 111.65 MB
Cached:    4.85 GB
==> Epoch[1](3550/441280): Loss: 0.1958
Allocated: 111.65 MB
Cached:    4.85 GB
==> Epoch[1](3600/441280): Loss: 0.1122
Allocated: 111.65 MB
Cached:    4.85 GB
==> Epoch[1](3650/441280): Loss: 0.0314
Allocated: 111.65 MB
Cached:    4.85 GB
==> Epoch[1](3700/441280): Loss: 0.2350
Allocated: 111.65 MB
Cached:    4.85 GB
==> Epoch[1](3750/441280): Loss: 0.1584
Allocated: 111.65 MB
Cached:    4.85 GB
==> Epoch[1](3800/441280): Loss: 0.0852
Allocated: 111.65 MB
Cached:    4.85 GB
==> Epoch[1](3850/441280): Loss: 0.1224
Allocated: 111.65 MB
Cached:    4.85 GB
==> Epoch[1](3900/441280): Loss: 0.0000
Allocated: 111.65 MB
Cached:    4.85 GB
==> Epoch[1](3950/441280): Loss: 0.1066
Allocated: 111.65 MB
Cached:    4.85 GB
>> Searching for hard negatives...
==> Epoch[1](4000/441280): Loss: 0.3213
Allocated: 111.65 MB
Cached:    4.84 GB
==> Epoch[1](4050/441280): Loss: 0.0045
Allocated: 111.65 MB
Cached:    4.84 GB
==> Epoch[1](4100/441280): Loss: 0.3374
Allocated: 111.65 MB
Cached:    4.84 GB
==> Epoch[1](4150/441280): Loss: 0.0000
Allocated: 111.65 MB
Cached:    4.84 GB
==> Epoch[1](4200/441280): Loss: 0.0000
Allocated: 111.65 MB
Cached:    4.84 GB
==> Epoch[1](4250/441280): Loss: 0.0186
Allocated: 111.65 MB
Cached:    4.84 GB
==> Epoch[1](4300/441280): Loss: 0.1893
Allocated: 111.65 MB
Cached:    4.84 GB
==> Epoch[1](4350/441280): Loss: 0.0000
Allocated: 111.65 MB
Cached:    4.84 GB
==> Epoch[1](4400/441280): Loss: 0.2326
Allocated: 111.65 MB
Cached:    4.84 GB
==> Epoch[1](4450/441280): Loss: 0.3176
Allocated: 111.65 MB
Cached:    4.84 GB
==> Epoch[1](4500/441280): Loss: 0.2447
Allocated: 111.65 MB
Cached:    4.84 GB
==> Epoch[1](4550/441280): Loss: 0.2694
Allocated: 111.65 MB
Cached:    4.84 GB
==> Epoch[1](4600/441280): Loss: 0.2872
Allocated: 111.65 MB
Cached:    4.84 GB
==> Epoch[1](4650/441280): Loss: 0.0279
Allocated: 111.65 MB
Cached:    4.84 GB
==> Epoch[1](4700/441280): Loss: 0.4005
Allocated: 111.65 MB
Cached:    4.84 GB
==> Epoch[1](4750/441280): Loss: 0.1567
Allocated: 111.65 MB
Cached:    4.84 GB
==> Epoch[1](4800/441280): Loss: 0.0855
Allocated: 111.65 MB
Cached:    4.84 GB
==> Epoch[1](4850/441280): Loss: 0.0985
Allocated: 111.65 MB
Cached:    4.84 GB
==> Epoch[1](4900/441280): Loss: 0.0363
Allocated: 111.65 MB
Cached:    4.84 GB
==> Epoch[1](4950/441280): Loss: 0.1103
Allocated: 111.65 MB
Cached:    4.84 GB
>> Searching for hard negatives...
