/home/leo/usman_ws/models/patchnetvlad/hipergator/vgg16-graphvlad-triplet-07-Aug-lr-0_001/Aug07_11-19-12_mapillary_nopanos/checkpoints/checkpoint_epoch1.pth.tar
/home/leo/usman_ws/models/patchnetvlad/hipergator/vgg16-graphvlad-triplet-07-Aug-lr-0_001/Aug07_11-19-12_mapillary_nopanos/checkpoints/checkpoint_epoch2.pth.tar
Building PCA Model of /home/leo/usman_ws/models/patchnetvlad/hipergator/vgg16-graphvlad-triplet-07-Aug-lr-0_001/Aug07_11-19-12_mapillary_nopanos/checkpoints/checkpoint_epoch1.pth.tar file...
filename: checkpoint_epoch1
PCA_Resume Path: /home/leo/usman_ws/models/patchnetvlad/hipergator/vgg16-graphvlad-triplet-07-Aug-lr-0_001/Aug07_11-19-12_mapillary_nopanos/checkpoints/checkpoint_epoch1_WPCA4096.pth.tar
checkpoint_epoch1
Skipping the addition of the PCA layer as /home/leo/usman_ws/models/patchnetvlad/hipergator/vgg16-graphvlad-triplet-07-Aug-lr-0_001/Aug07_11-19-12_mapillary_nopanos/checkpoints/checkpoint_epoch1_WPCA4096.pth.tar already exists.
Extracting Features of mapillarysf Index Images
Namespace(config_path='patchnetvlad/configs/performance.ini', dataset_file_path='mapillarysf_imageNames_index.txt', dataset_root_dir='/home/leo/usman_ws/datasets/', fast_scnn='/home/leo/usman_ws/datasets/official/fast-scnn/fast_scnn_citys.pth', method='graphvlad', nocuda=False, output_features_dir='/home/leo/usman_ws/models/patchnetvlad/features/mapillarysf_index', resume_path='/home/leo/usman_ws/models/patchnetvlad/hipergator/vgg16-graphvlad-triplet-07-Aug-lr-0_001/Aug07_11-19-12_mapillary_nopanos/checkpoints/checkpoint_epoch1_WPCA4096.pth.tar')
Parsing dataset...
Done! Found 6315 images
=> loading checkpoint '/home/leo/usman_ws/models/patchnetvlad/hipergator/vgg16-graphvlad-triplet-07-Aug-lr-0_001/Aug07_11-19-12_mapillary_nopanos/checkpoints/checkpoint_epoch1_WPCA4096.pth.tar'
===> Loading segmentation model
Creating model graphvladpca
=> loaded checkpoint '/home/leo/usman_ws/models/patchnetvlad/hipergator/vgg16-graphvlad-triplet-07-Aug-lr-0_001/Aug07_11-19-12_mapillary_nopanos/checkpoints/checkpoint_epoch1_WPCA4096.pth.tar'
====> Extracting Features


Done. Finished extracting and saving features
Extracting Features of mapillarysf Query Images
Namespace(config_path='patchnetvlad/configs/performance.ini', dataset_file_path='mapillarysf_imageNames_query.txt', dataset_root_dir='/home/leo/usman_ws/datasets/', fast_scnn='/home/leo/usman_ws/datasets/official/fast-scnn/fast_scnn_citys.pth', method='graphvlad', nocuda=False, output_features_dir='/home/leo/usman_ws/models/patchnetvlad/features/mapillarysf_query', resume_path='/home/leo/usman_ws/models/patchnetvlad/hipergator/vgg16-graphvlad-triplet-07-Aug-lr-0_001/Aug07_11-19-12_mapillary_nopanos/checkpoints/checkpoint_epoch1_WPCA4096.pth.tar')
Parsing dataset...
Done! Found 242 images
=> loading checkpoint '/home/leo/usman_ws/models/patchnetvlad/hipergator/vgg16-graphvlad-triplet-07-Aug-lr-0_001/Aug07_11-19-12_mapillary_nopanos/checkpoints/checkpoint_epoch1_WPCA4096.pth.tar'
===> Loading segmentation model
Creating model graphvladpca
=> loaded checkpoint '/home/leo/usman_ws/models/patchnetvlad/hipergator/vgg16-graphvlad-triplet-07-Aug-lr-0_001/Aug07_11-19-12_mapillary_nopanos/checkpoints/checkpoint_epoch1_WPCA4096.pth.tar'
====> Extracting Features


Done. Finished extracting and saving features
Performing Features Matching and Recall Result of mapillarysf
Namespace(config_path='patchnetvlad/configs/performance.ini', dataset_root_dir='/home/leo/usman_ws/datasets/', ground_truth_path=None, index_file_path='mapillarysf_imageNames_index.txt', index_input_features_dir='/home/leo/usman_ws/models/patchnetvlad/features/mapillarysf_index', nocuda=False, posDistThr=None, query_file_path='mapillarysf_imageNames_query.txt', query_input_features_dir='/home/leo/usman_ws/models/patchnetvlad/features/mapillarysf_query', result_save_folder='./patchnetvlad/results/mapillarysf')
Parsing dataset...
Done! Found 242 images
Parsing dataset...
Done! Found 6315 images
====> Building faiss index
Writing results to ./patchnetvlad/results/mapillarysf/NetVLAD_predictions.txt
Finished matching features.
No ground truth was provided; not calculating recalls.
Done
Extracting Features of mapillarycph Index Images
Namespace(config_path='patchnetvlad/configs/performance.ini', dataset_file_path='mapillarycph_imageNames_index.txt', dataset_root_dir='/home/leo/usman_ws/datasets/', fast_scnn='/home/leo/usman_ws/datasets/official/fast-scnn/fast_scnn_citys.pth', method='graphvlad', nocuda=False, output_features_dir='/home/leo/usman_ws/models/patchnetvlad/features/mapillarycph_index', resume_path='/home/leo/usman_ws/models/patchnetvlad/hipergator/vgg16-graphvlad-triplet-07-Aug-lr-0_001/Aug07_11-19-12_mapillary_nopanos/checkpoints/checkpoint_epoch1_WPCA4096.pth.tar')
Parsing dataset...
Done! Found 12556 images
=> loading checkpoint '/home/leo/usman_ws/models/patchnetvlad/hipergator/vgg16-graphvlad-triplet-07-Aug-lr-0_001/Aug07_11-19-12_mapillary_nopanos/checkpoints/checkpoint_epoch1_WPCA4096.pth.tar'
===> Loading segmentation model
Creating model graphvladpca
=> loaded checkpoint '/home/leo/usman_ws/models/patchnetvlad/hipergator/vgg16-graphvlad-triplet-07-Aug-lr-0_001/Aug07_11-19-12_mapillary_nopanos/checkpoints/checkpoint_epoch1_WPCA4096.pth.tar'
====> Extracting Features


Done. Finished extracting and saving features
Extracting Features of mapillarycph Query Images
Namespace(config_path='patchnetvlad/configs/performance.ini', dataset_file_path='mapillarycph_imageNames_query.txt', dataset_root_dir='/home/leo/usman_ws/datasets/', fast_scnn='/home/leo/usman_ws/datasets/official/fast-scnn/fast_scnn_citys.pth', method='graphvlad', nocuda=False, output_features_dir='/home/leo/usman_ws/models/patchnetvlad/features/mapillarycph_query', resume_path='/home/leo/usman_ws/models/patchnetvlad/hipergator/vgg16-graphvlad-triplet-07-Aug-lr-0_001/Aug07_11-19-12_mapillary_nopanos/checkpoints/checkpoint_epoch1_WPCA4096.pth.tar')
Parsing dataset...
Done! Found 498 images
=> loading checkpoint '/home/leo/usman_ws/models/patchnetvlad/hipergator/vgg16-graphvlad-triplet-07-Aug-lr-0_001/Aug07_11-19-12_mapillary_nopanos/checkpoints/checkpoint_epoch1_WPCA4096.pth.tar'
===> Loading segmentation model
Creating model graphvladpca
=> loaded checkpoint '/home/leo/usman_ws/models/patchnetvlad/hipergator/vgg16-graphvlad-triplet-07-Aug-lr-0_001/Aug07_11-19-12_mapillary_nopanos/checkpoints/checkpoint_epoch1_WPCA4096.pth.tar'
====> Extracting Features


Done. Finished extracting and saving features
Performing Features Matching and Recall Result of mapillarycph
Namespace(config_path='patchnetvlad/configs/performance.ini', dataset_root_dir='/home/leo/usman_ws/datasets/', ground_truth_path=None, index_file_path='mapillarycph_imageNames_index.txt', index_input_features_dir='/home/leo/usman_ws/models/patchnetvlad/features/mapillarycph_index', nocuda=False, posDistThr=None, query_file_path='mapillarycph_imageNames_query.txt', query_input_features_dir='/home/leo/usman_ws/models/patchnetvlad/features/mapillarycph_query', result_save_folder='./patchnetvlad/results/mapillarycph')
Parsing dataset...
Done! Found 498 images
Parsing dataset...
Done! Found 12556 images
====> Building faiss index
Writing results to ./patchnetvlad/results/mapillarycph/NetVLAD_predictions.txt
Finished matching features.
No ground truth was provided; not calculating recalls.
Done
Recall Results of /home/leo/usman_ws/models/patchnetvlad/hipergator/vgg16-graphvlad-triplet-07-Aug-lr-0_001/Aug07_11-19-12_mapillary_nopanos/checkpoints/checkpoint_epoch1_WPCA4096.pth.tar file...
Ignoring sequence length 3 for the im2im task. (Setting to 1)
=====> cph
=====> sf
all_recall@1: 0.658
all_recall@5: 0.774
all_recall@10: 0.814
all_recall@20: 0.841
all_map@1: 0.658
all_map@5: 0.456
all_map@10: 0.400
all_map@20: 0.386
Building PCA Model of /home/leo/usman_ws/models/patchnetvlad/hipergator/vgg16-graphvlad-triplet-07-Aug-lr-0_001/Aug07_11-19-12_mapillary_nopanos/checkpoints/checkpoint_epoch2.pth.tar file...
filename: checkpoint_epoch2
PCA_Resume Path: /home/leo/usman_ws/models/patchnetvlad/hipergator/vgg16-graphvlad-triplet-07-Aug-lr-0_001/Aug07_11-19-12_mapillary_nopanos/checkpoints/checkpoint_epoch2_WPCA4096.pth.tar
checkpoint_epoch2
Adding PCA Layer
Namespace(config_path='patchnetvlad/configs/train.ini', dataset_choice='mapillary', dataset_root_dir='/home/leo/usman_ws/datasets/Mapillary_Street_Level_Sequences/', fast_scnn='/home/leo/usman_ws/datasets/official/fast-scnn/fast_scnn_citys.pth', method='graphvlad', nocuda=False, resume_path='/home/leo/usman_ws/models/patchnetvlad/hipergator/vgg16-graphvlad-triplet-07-Aug-lr-0_001/Aug07_11-19-12_mapillary_nopanos/checkpoints/checkpoint_epoch2.pth.tar', threads=6, vd16_offtheshelf_path=None)
===> Building model
=> loading checkpoint '/home/leo/usman_ws/models/patchnetvlad/hipergator/vgg16-graphvlad-triplet-07-Aug-lr-0_001/Aug07_11-19-12_mapillary_nopanos/checkpoints/checkpoint_epoch2.pth.tar'
===> Loading segmentation model
Creating model graphvlad
=> loaded checkpoint '/home/leo/usman_ws/models/patchnetvlad/hipergator/vgg16-graphvlad-triplet-07-Aug-lr-0_001/Aug07_11-19-12_mapillary_nopanos/checkpoints/checkpoint_epoch2.pth.tar'
===> Loading PCA dataset(s)
Exclude panoramas: True
=====> trondheim
=====> london
=====> boston
=====> melbourne
=====> amsterdam
=====> helsinki
=====> tokyo
=====> toronto
=====> saopaulo
=====> moscow
=====> zurich
=====> paris
=====> bangkok
=====> budapest
=====> austin
=====> berlin
=====> ottawa
=====> phoenix
=====> goa
=====> amman
=====> nairobi
=====> manila
===> Do inference to extract features and save them.
====> Extracting Features
Compute 10000 features
===> Compute PCA, takes a while
PCA for 10000 points of dimension 8192 to PCA dimension 4096
Compute 4096 eigenvectors
===> Add PCA Whiten
Done
Extracting Features of mapillarysf Index Images
Namespace(config_path='patchnetvlad/configs/performance.ini', dataset_file_path='mapillarysf_imageNames_index.txt', dataset_root_dir='/home/leo/usman_ws/datasets/', fast_scnn='/home/leo/usman_ws/datasets/official/fast-scnn/fast_scnn_citys.pth', method='graphvlad', nocuda=False, output_features_dir='/home/leo/usman_ws/models/patchnetvlad/features/mapillarysf_index', resume_path='/home/leo/usman_ws/models/patchnetvlad/hipergator/vgg16-graphvlad-triplet-07-Aug-lr-0_001/Aug07_11-19-12_mapillary_nopanos/checkpoints/checkpoint_epoch2_WPCA4096.pth.tar')
Parsing dataset...
Done! Found 6315 images
=> loading checkpoint '/home/leo/usman_ws/models/patchnetvlad/hipergator/vgg16-graphvlad-triplet-07-Aug-lr-0_001/Aug07_11-19-12_mapillary_nopanos/checkpoints/checkpoint_epoch2_WPCA4096.pth.tar'
===> Loading segmentation model
Creating model graphvladpca
=> loaded checkpoint '/home/leo/usman_ws/models/patchnetvlad/hipergator/vgg16-graphvlad-triplet-07-Aug-lr-0_001/Aug07_11-19-12_mapillary_nopanos/checkpoints/checkpoint_epoch2_WPCA4096.pth.tar'
====> Extracting Features


Done. Finished extracting and saving features
Extracting Features of mapillarysf Query Images
Namespace(config_path='patchnetvlad/configs/performance.ini', dataset_file_path='mapillarysf_imageNames_query.txt', dataset_root_dir='/home/leo/usman_ws/datasets/', fast_scnn='/home/leo/usman_ws/datasets/official/fast-scnn/fast_scnn_citys.pth', method='graphvlad', nocuda=False, output_features_dir='/home/leo/usman_ws/models/patchnetvlad/features/mapillarysf_query', resume_path='/home/leo/usman_ws/models/patchnetvlad/hipergator/vgg16-graphvlad-triplet-07-Aug-lr-0_001/Aug07_11-19-12_mapillary_nopanos/checkpoints/checkpoint_epoch2_WPCA4096.pth.tar')
Parsing dataset...
Done! Found 242 images
=> loading checkpoint '/home/leo/usman_ws/models/patchnetvlad/hipergator/vgg16-graphvlad-triplet-07-Aug-lr-0_001/Aug07_11-19-12_mapillary_nopanos/checkpoints/checkpoint_epoch2_WPCA4096.pth.tar'
===> Loading segmentation model
Creating model graphvladpca
=> loaded checkpoint '/home/leo/usman_ws/models/patchnetvlad/hipergator/vgg16-graphvlad-triplet-07-Aug-lr-0_001/Aug07_11-19-12_mapillary_nopanos/checkpoints/checkpoint_epoch2_WPCA4096.pth.tar'
====> Extracting Features


Done. Finished extracting and saving features
Performing Features Matching and Recall Result of mapillarysf
Namespace(config_path='patchnetvlad/configs/performance.ini', dataset_root_dir='/home/leo/usman_ws/datasets/', ground_truth_path=None, index_file_path='mapillarysf_imageNames_index.txt', index_input_features_dir='/home/leo/usman_ws/models/patchnetvlad/features/mapillarysf_index', nocuda=False, posDistThr=None, query_file_path='mapillarysf_imageNames_query.txt', query_input_features_dir='/home/leo/usman_ws/models/patchnetvlad/features/mapillarysf_query', result_save_folder='./patchnetvlad/results/mapillarysf')
Parsing dataset...
Done! Found 242 images
Parsing dataset...
Done! Found 6315 images
====> Building faiss index
Writing results to ./patchnetvlad/results/mapillarysf/NetVLAD_predictions.txt
Finished matching features.
No ground truth was provided; not calculating recalls.
Done
Extracting Features of mapillarycph Index Images
Namespace(config_path='patchnetvlad/configs/performance.ini', dataset_file_path='mapillarycph_imageNames_index.txt', dataset_root_dir='/home/leo/usman_ws/datasets/', fast_scnn='/home/leo/usman_ws/datasets/official/fast-scnn/fast_scnn_citys.pth', method='graphvlad', nocuda=False, output_features_dir='/home/leo/usman_ws/models/patchnetvlad/features/mapillarycph_index', resume_path='/home/leo/usman_ws/models/patchnetvlad/hipergator/vgg16-graphvlad-triplet-07-Aug-lr-0_001/Aug07_11-19-12_mapillary_nopanos/checkpoints/checkpoint_epoch2_WPCA4096.pth.tar')
Parsing dataset...
Done! Found 12556 images
=> loading checkpoint '/home/leo/usman_ws/models/patchnetvlad/hipergator/vgg16-graphvlad-triplet-07-Aug-lr-0_001/Aug07_11-19-12_mapillary_nopanos/checkpoints/checkpoint_epoch2_WPCA4096.pth.tar'
===> Loading segmentation model
Creating model graphvladpca
=> loaded checkpoint '/home/leo/usman_ws/models/patchnetvlad/hipergator/vgg16-graphvlad-triplet-07-Aug-lr-0_001/Aug07_11-19-12_mapillary_nopanos/checkpoints/checkpoint_epoch2_WPCA4096.pth.tar'
====> Extracting Features


Done. Finished extracting and saving features
Extracting Features of mapillarycph Query Images
Namespace(config_path='patchnetvlad/configs/performance.ini', dataset_file_path='mapillarycph_imageNames_query.txt', dataset_root_dir='/home/leo/usman_ws/datasets/', fast_scnn='/home/leo/usman_ws/datasets/official/fast-scnn/fast_scnn_citys.pth', method='graphvlad', nocuda=False, output_features_dir='/home/leo/usman_ws/models/patchnetvlad/features/mapillarycph_query', resume_path='/home/leo/usman_ws/models/patchnetvlad/hipergator/vgg16-graphvlad-triplet-07-Aug-lr-0_001/Aug07_11-19-12_mapillary_nopanos/checkpoints/checkpoint_epoch2_WPCA4096.pth.tar')
Parsing dataset...
Done! Found 498 images
=> loading checkpoint '/home/leo/usman_ws/models/patchnetvlad/hipergator/vgg16-graphvlad-triplet-07-Aug-lr-0_001/Aug07_11-19-12_mapillary_nopanos/checkpoints/checkpoint_epoch2_WPCA4096.pth.tar'
===> Loading segmentation model
Creating model graphvladpca
=> loaded checkpoint '/home/leo/usman_ws/models/patchnetvlad/hipergator/vgg16-graphvlad-triplet-07-Aug-lr-0_001/Aug07_11-19-12_mapillary_nopanos/checkpoints/checkpoint_epoch2_WPCA4096.pth.tar'
====> Extracting Features


Done. Finished extracting and saving features
Performing Features Matching and Recall Result of mapillarycph
Namespace(config_path='patchnetvlad/configs/performance.ini', dataset_root_dir='/home/leo/usman_ws/datasets/', ground_truth_path=None, index_file_path='mapillarycph_imageNames_index.txt', index_input_features_dir='/home/leo/usman_ws/models/patchnetvlad/features/mapillarycph_index', nocuda=False, posDistThr=None, query_file_path='mapillarycph_imageNames_query.txt', query_input_features_dir='/home/leo/usman_ws/models/patchnetvlad/features/mapillarycph_query', result_save_folder='./patchnetvlad/results/mapillarycph')
Parsing dataset...
Done! Found 498 images
Parsing dataset...
Done! Found 12556 images
====> Building faiss index
Writing results to ./patchnetvlad/results/mapillarycph/NetVLAD_predictions.txt
Finished matching features.
No ground truth was provided; not calculating recalls.
Done
Recall Results of /home/leo/usman_ws/models/patchnetvlad/hipergator/vgg16-graphvlad-triplet-07-Aug-lr-0_001/Aug07_11-19-12_mapillary_nopanos/checkpoints/checkpoint_epoch2_WPCA4096.pth.tar file...
Ignoring sequence length 3 for the im2im task. (Setting to 1)
=====> cph
=====> sf
all_recall@1: 0.692
all_recall@5: 0.792
all_recall@10: 0.820
all_recall@20: 0.842
all_map@1: 0.692
all_map@5: 0.478
all_map@10: 0.422
all_map@20: 0.407
